<?xml version="1.0" encoding="UTF-8"?>
<coverage generated="1752374172232" clover="3.2.0">
  <project timestamp="1752374172232" name="All files">
    <metrics statements="542" coveredstatements="448" conditionals="432" coveredconditionals="281" methods="141" coveredmethods="115" elements="1115" coveredelements="844" complexity="0" loc="542" ncloc="542" packages="4" files="10" classes="10"/>
    <package name="src">
      <metrics statements="23" coveredstatements="12" conditionals="18" coveredconditionals="7" methods="7" coveredmethods="3"/>
      <file name="App.js" path="/Users/danieldong/Documents/GitHub/gougegaoshu/frontend/src/App.js">
        <metrics statements="23" coveredstatements="12" conditionals="18" coveredconditionals="7" methods="7" coveredmethods="3"/>
        <line num="11" count="1" type="stmt"/>
        <line num="12" count="0" type="stmt"/>
        <line num="14" count="0" type="cond" truecount="0" falsecount="2"/>
        <line num="15" count="0" type="stmt"/>
        <line num="25" count="0" type="cond" truecount="0" falsecount="2"/>
        <line num="29" count="1" type="stmt"/>
        <line num="30" count="4" type="stmt"/>
        <line num="32" count="4" type="cond" truecount="1" falsecount="1"/>
        <line num="33" count="0" type="stmt"/>
        <line num="44" count="4" type="cond" truecount="2" falsecount="2"/>
        <line num="45" count="0" type="stmt"/>
        <line num="48" count="4" type="stmt"/>
        <line num="79" count="1" type="stmt"/>
        <line num="80" count="4" type="stmt"/>
        <line num="81" count="4" type="stmt"/>
        <line num="83" count="4" type="stmt"/>
        <line num="84" count="0" type="stmt"/>
        <line num="86" count="0" type="stmt"/>
        <line num="87" count="0" type="stmt"/>
        <line num="90" count="4" type="stmt"/>
        <line num="96" count="0" type="stmt"/>
        <line num="104" count="0" type="stmt"/>
        <line num="126" count="4" type="stmt"/>
      </file>
    </package>
    <package name="src.components">
      <metrics statements="405" coveredstatements="336" conditionals="381" coveredconditionals="255" methods="103" coveredmethods="84"/>
      <file name="AdminDashboard.js" path="/Users/danieldong/Documents/GitHub/gougegaoshu/frontend/src/components/AdminDashboard.js">
        <metrics statements="99" coveredstatements="90" conditionals="76" coveredconditionals="48" methods="20" coveredmethods="19"/>
        <line num="4" count="2" type="stmt"/>
        <line num="5" count="135" type="stmt"/>
        <line num="6" count="134" type="stmt"/>
        <line num="7" count="134" type="stmt"/>
        <line num="8" count="134" type="stmt"/>
        <line num="9" count="134" type="stmt"/>
        <line num="10" count="134" type="stmt"/>
        <line num="11" count="134" type="stmt"/>
        <line num="12" count="134" type="stmt"/>
        <line num="13" count="134" type="stmt"/>
        <line num="14" count="134" type="stmt"/>
        <line num="15" count="134" type="stmt"/>
        <line num="18" count="134" type="stmt"/>
        <line num="19" count="27" type="stmt"/>
        <line num="20" count="27" type="stmt"/>
        <line num="21" count="27" type="stmt"/>
        <line num="23" count="27" type="stmt"/>
        <line num="25" count="26" type="cond" truecount="1" falsecount="1"/>
        <line num="26" count="26" type="cond" truecount="1" falsecount="1"/>
        <line num="28" count="0" type="cond" truecount="0" falsecount="2"/>
        <line num="31" count="1" type="cond" truecount="1" falsecount="1"/>
        <line num="33" count="27" type="stmt"/>
        <line num="38" count="134" type="stmt"/>
        <line num="39" count="2" type="stmt"/>
        <line num="40" count="2" type="stmt"/>
        <line num="42" count="2" type="cond" truecount="1" falsecount="1"/>
        <line num="43" count="2" type="stmt"/>
        <line num="45" count="0" type="cond" truecount="0" falsecount="2"/>
        <line num="48" count="0" type="cond" truecount="0" falsecount="2"/>
        <line num="53" count="134" type="stmt"/>
        <line num="54" count="3" type="cond" truecount="2" falsecount="0"/>
        <line num="55" count="1" type="stmt"/>
        <line num="56" count="1" type="stmt"/>
        <line num="59" count="2" type="stmt"/>
        <line num="60" count="2" type="stmt"/>
        <line num="62" count="2" type="stmt"/>
        <line num="64" count="2" type="cond" truecount="2" falsecount="0"/>
        <line num="65" count="1" type="stmt"/>
        <line num="66" count="1" type="stmt"/>
        <line num="67" count="1" type="stmt"/>
        <line num="68" count="1" type="stmt"/>
        <line num="70" count="1" type="cond" truecount="1" falsecount="1"/>
        <line num="73" count="0" type="cond" truecount="0" falsecount="2"/>
        <line num="78" count="134" type="stmt"/>
        <line num="79" count="3" type="cond" truecount="2" falsecount="0"/>
        <line num="80" count="1" type="stmt"/>
        <line num="83" count="2" type="stmt"/>
        <line num="84" count="2" type="stmt"/>
        <line num="86" count="2" type="stmt"/>
        <line num="88" count="1" type="cond" truecount="1" falsecount="1"/>
        <line num="89" count="1" type="stmt"/>
        <line num="91" count="0" type="cond" truecount="0" falsecount="2"/>
        <line num="94" count="1" type="cond" truecount="1" falsecount="1"/>
        <line num="99" count="134" type="stmt"/>
        <line num="100" count="3" type="cond" truecount="2" falsecount="0"/>
        <line num="101" count="1" type="stmt"/>
        <line num="102" count="1" type="stmt"/>
        <line num="105" count="2" type="stmt"/>
        <line num="106" count="2" type="stmt"/>
        <line num="108" count="2" type="stmt"/>
        <line num="110" count="1" type="cond" truecount="1" falsecount="1"/>
        <line num="111" count="1" type="stmt"/>
        <line num="112" count="1" type="stmt"/>
        <line num="113" count="1" type="stmt"/>
        <line num="115" count="0" type="cond" truecount="0" falsecount="2"/>
        <line num="118" count="1" type="cond" truecount="1" falsecount="1"/>
        <line num="123" count="134" type="stmt"/>
        <line num="124" count="2" type="stmt"/>
        <line num="125" count="2" type="stmt"/>
        <line num="127" count="2" type="stmt"/>
        <line num="129" count="1" type="cond" truecount="1" falsecount="1"/>
        <line num="130" count="1" type="stmt"/>
        <line num="132" count="0" type="cond" truecount="0" falsecount="2"/>
        <line num="135" count="1" type="cond" truecount="1" falsecount="1"/>
        <line num="140" count="134" type="stmt"/>
        <line num="141" count="2" type="stmt"/>
        <line num="142" count="2" type="stmt"/>
        <line num="145" count="134" type="stmt"/>
        <line num="146" count="25" type="stmt"/>
        <line num="149" count="134" type="cond" truecount="2" falsecount="0"/>
        <line num="150" count="26" type="stmt"/>
        <line num="160" count="108" type="stmt"/>
        <line num="180" count="5" type="stmt"/>
        <line num="190" count="212" type="stmt"/>
        <line num="197" count="2" type="stmt"/>
        <line num="217" count="3" type="stmt"/>
        <line num="218" count="3" type="stmt"/>
        <line num="291" count="4" type="stmt"/>
        <line num="347" count="212" type="stmt"/>
        <line num="354" count="212" type="cond" truecount="2" falsecount="0"/>
        <line num="355" count="107" type="stmt"/>
        <line num="356" count="107" type="stmt"/>
        <line num="357" count="107" type="stmt"/>
        <line num="380" count="10" type="stmt"/>
        <line num="395" count="1" type="stmt"/>
        <line num="396" count="1" type="stmt"/>
        <line num="421" count="42" type="stmt"/>
        <line num="440" count="0" type="stmt"/>
        <line num="441" count="0" type="stmt"/>
      </file>
      <file name="ChangePassword.js" path="/Users/danieldong/Documents/GitHub/gougegaoshu/frontend/src/components/ChangePassword.js">
        <metrics statements="24" coveredstatements="24" conditionals="10" coveredconditionals="10" methods="4" coveredmethods="4"/>
        <line num="4" count="2" type="stmt"/>
        <line num="5" count="206" type="stmt"/>
        <line num="6" count="206" type="stmt"/>
        <line num="10" count="205" type="stmt"/>
        <line num="11" count="205" type="stmt"/>
        <line num="13" count="205" type="stmt"/>
        <line num="14" count="184" type="stmt"/>
        <line num="15" count="184" type="stmt"/>
        <line num="19" count="184" type="stmt"/>
        <line num="22" count="205" type="stmt"/>
        <line num="23" count="7" type="stmt"/>
        <line num="24" count="7" type="stmt"/>
        <line num="26" count="7" type="cond" truecount="2" falsecount="0"/>
        <line num="27" count="2" type="stmt"/>
        <line num="28" count="2" type="stmt"/>
        <line num="31" count="5" type="cond" truecount="2" falsecount="0"/>
        <line num="32" count="1" type="stmt"/>
        <line num="33" count="1" type="stmt"/>
        <line num="36" count="4" type="stmt"/>
        <line num="37" count="4" type="stmt"/>
        <line num="38" count="4" type="stmt"/>
        <line num="40" count="4" type="cond" truecount="2" falsecount="0"/>
        <line num="41" count="1" type="stmt"/>
        <line num="45" count="205" type="stmt"/>
      </file>
      <file name="Login.js" path="/Users/danieldong/Documents/GitHub/gougegaoshu/frontend/src/components/Login.js">
        <metrics statements="24" coveredstatements="21" conditionals="17" coveredconditionals="14" methods="6" coveredmethods="5"/>
        <line num="4" count="2" type="stmt"/>
        <line num="5" count="93" type="stmt"/>
        <line num="6" count="93" type="stmt"/>
        <line num="11" count="92" type="stmt"/>
        <line num="14" count="92" type="stmt"/>
        <line num="15" count="9" type="stmt"/>
        <line num="16" count="9" type="stmt"/>
        <line num="17" count="9" type="cond" truecount="1" falsecount="1"/>
        <line num="18" count="0" type="stmt"/>
        <line num="19" count="0" type="stmt"/>
        <line num="27" count="0" type="stmt"/>
        <line num="31" count="92" type="stmt"/>
        <line num="32" count="77" type="stmt"/>
        <line num="33" count="77" type="stmt"/>
        <line num="39" count="92" type="stmt"/>
        <line num="40" count="5" type="stmt"/>
        <line num="41" count="5" type="stmt"/>
        <line num="43" count="5" type="cond" truecount="4" falsecount="0"/>
        <line num="44" count="2" type="stmt"/>
        <line num="45" count="2" type="stmt"/>
        <line num="48" count="3" type="stmt"/>
        <line num="54" count="3" type="cond" truecount="2" falsecount="0"/>
        <line num="55" count="1" type="stmt"/>
        <line num="59" count="92" type="stmt"/>
      </file>
      <file name="MonthScreen.js" path="/Users/danieldong/Documents/GitHub/gougegaoshu/frontend/src/components/MonthScreen.js">
        <metrics statements="85" coveredstatements="85" conditionals="68" coveredconditionals="61" methods="27" coveredmethods="27"/>
        <line num="5" count="2" type="stmt"/>
        <line num="6" count="55" type="stmt"/>
        <line num="7" count="55" type="stmt"/>
        <line num="8" count="54" type="stmt"/>
        <line num="9" count="54" type="stmt"/>
        <line num="10" count="54" type="stmt"/>
        <line num="11" count="54" type="stmt"/>
        <line num="14" count="54" type="stmt"/>
        <line num="15" count="7283" type="stmt"/>
        <line num="19" count="54" type="stmt"/>
        <line num="20" count="26" type="stmt"/>
        <line num="21" count="26" type="stmt"/>
        <line num="22" count="26" type="stmt"/>
        <line num="24" count="26" type="stmt"/>
        <line num="25" count="26" type="stmt"/>
        <line num="27" count="26" type="stmt"/>
        <line num="32" count="25" type="cond" truecount="2" falsecount="0"/>
        <line num="33" count="24" type="cond" truecount="1" falsecount="1"/>
        <line num="35" count="1" type="cond" truecount="1" falsecount="1"/>
        <line num="38" count="1" type="cond" truecount="1" falsecount="1"/>
        <line num="40" count="26" type="stmt"/>
        <line num="45" count="54" type="stmt"/>
        <line num="46" count="2275" type="stmt"/>
        <line num="47" count="5110" type="stmt"/>
        <line num="51" count="54" type="stmt"/>
        <line num="52" count="54" type="stmt"/>
        <line num="53" count="54" type="stmt"/>
        <line num="55" count="54" type="stmt"/>
        <line num="56" count="54" type="stmt"/>
        <line num="57" count="54" type="stmt"/>
        <line num="58" count="54" type="stmt"/>
        <line num="60" count="54" type="stmt"/>
        <line num="61" count="54" type="stmt"/>
        <line num="64" count="54" type="stmt"/>
        <line num="65" count="2268" type="stmt"/>
        <line num="66" count="2268" type="stmt"/>
        <line num="67" count="2268" type="stmt"/>
        <line num="69" count="2268" type="stmt"/>
        <line num="80" count="2268" type="stmt"/>
        <line num="83" count="54" type="stmt"/>
        <line num="87" count="54" type="stmt"/>
        <line num="88" count="1" type="stmt"/>
        <line num="92" count="54" type="stmt"/>
        <line num="93" count="3" type="stmt"/>
        <line num="97" count="54" type="stmt"/>
        <line num="98" count="3" type="stmt"/>
        <line num="102" count="54" type="stmt"/>
        <line num="103" count="54" type="stmt"/>
        <line num="104" count="121" type="stmt"/>
        <line num="105" count="121" type="cond" truecount="2" falsecount="0"/>
        <line num="109" count="81" type="stmt"/>
        <line num="110" count="54" type="stmt"/>
        <line num="111" count="54" type="cond" truecount="2" falsecount="0"/>
        <line num="113" count="54" type="stmt"/>
        <line num="114" count="81" type="cond" truecount="2" falsecount="0"/>
        <line num="115" count="80" type="stmt"/>
        <line num="117" count="1" type="stmt"/>
        <line num="120" count="54" type="stmt"/>
        <line num="128" count="54" type="stmt"/>
        <line num="129" count="26" type="stmt"/>
        <line num="132" count="54" type="stmt"/>
        <line num="133" count="54" type="stmt"/>
        <line num="134" count="54" type="stmt"/>
        <line num="136" count="54" type="cond" truecount="2" falsecount="0"/>
        <line num="137" count="20" type="stmt"/>
        <line num="147" count="34" type="stmt"/>
        <line num="188" count="238" type="stmt"/>
        <line num="197" count="1428" type="stmt"/>
        <line num="256" count="4" type="stmt"/>
        <line num="292" count="1" type="stmt"/>
        <line num="293" count="1" type="stmt"/>
        <line num="300" count="1" type="stmt"/>
        <line num="314" count="2" type="stmt"/>
        <line num="315" count="1176" type="stmt"/>
        <line num="316" count="1176" type="cond" truecount="2" falsecount="0"/>
        <line num="317" count="58" type="cond" truecount="2" falsecount="0"/>
        <line num="318" count="38" type="cond" truecount="2" falsecount="0"/>
        <line num="319" count="19" type="stmt"/>
        <line num="322" count="1176" type="stmt"/>
        <line num="323" count="1176" type="cond" truecount="2" falsecount="0"/>
        <line num="324" count="1172" type="cond" truecount="2" falsecount="0"/>
        <line num="325" count="1150" type="stmt"/>
        <line num="328" count="1176" type="stmt"/>
        <line num="330" count="3" type="stmt"/>
        <line num="368" count="77" type="stmt"/>
      </file>
      <file name="ProfileScreen.js" path="/Users/danieldong/Documents/GitHub/gougegaoshu/frontend/src/components/ProfileScreen.js">
        <metrics statements="66" coveredstatements="47" conditionals="92" coveredconditionals="60" methods="13" coveredmethods="10"/>
        <line num="5" count="2" type="stmt"/>
        <line num="6" count="89" type="stmt"/>
        <line num="7" count="89" type="stmt"/>
        <line num="8" count="88" type="stmt"/>
        <line num="9" count="88" type="stmt"/>
        <line num="10" count="88" type="stmt"/>
        <line num="11" count="88" type="stmt"/>
        <line num="12" count="88" type="stmt"/>
        <line num="22" count="88" type="stmt"/>
        <line num="29" count="88" type="stmt"/>
        <line num="30" count="18" type="stmt"/>
        <line num="31" count="18" type="stmt"/>
        <line num="32" count="18" type="stmt"/>
        <line num="34" count="18" type="stmt"/>
        <line num="36" count="17" type="cond" truecount="1" falsecount="1"/>
        <line num="37" count="17" type="cond" truecount="1" falsecount="1"/>
        <line num="38" count="17" type="stmt"/>
        <line num="39" count="17" type="stmt"/>
        <line num="50" count="0" type="cond" truecount="0" falsecount="2"/>
        <line num="53" count="1" type="cond" truecount="1" falsecount="1"/>
        <line num="55" count="18" type="stmt"/>
        <line num="60" count="88" type="stmt"/>
        <line num="61" count="2" type="stmt"/>
        <line num="62" count="2" type="stmt"/>
        <line num="64" count="2" type="stmt"/>
        <line num="66" count="2" type="cond" truecount="2" falsecount="0"/>
        <line num="67" count="1" type="stmt"/>
        <line num="68" count="1" type="stmt"/>
        <line num="69" count="1" type="stmt"/>
        <line num="71" count="1" type="cond" truecount="1" falsecount="1"/>
        <line num="74" count="0" type="cond" truecount="0" falsecount="2"/>
        <line num="79" count="88" type="stmt"/>
        <line num="80" count="0" type="stmt"/>
        <line num="81" count="0" type="stmt"/>
        <line num="83" count="0" type="cond" truecount="0" falsecount="2"/>
        <line num="84" count="0" type="stmt"/>
        <line num="85" count="0" type="stmt"/>
        <line num="88" count="0" type="cond" truecount="0" falsecount="2"/>
        <line num="89" count="0" type="stmt"/>
        <line num="90" count="0" type="stmt"/>
        <line num="93" count="0" type="stmt"/>
        <line num="98" count="0" type="cond" truecount="0" falsecount="2"/>
        <line num="99" count="0" type="stmt"/>
        <line num="100" count="0" type="stmt"/>
        <line num="101" count="0" type="stmt"/>
        <line num="103" count="0" type="cond" truecount="0" falsecount="2"/>
        <line num="106" count="0" type="cond" truecount="0" falsecount="2"/>
        <line num="110" count="88" type="stmt"/>
        <line num="111" count="35" type="stmt"/>
        <line num="112" count="35" type="stmt"/>
        <line num="115" count="88" type="stmt"/>
        <line num="116" count="0" type="stmt"/>
        <line num="117" count="0" type="stmt"/>
        <line num="120" count="88" type="stmt"/>
        <line num="121" count="1" type="stmt"/>
        <line num="122" count="1" type="cond" truecount="1" falsecount="1"/>
        <line num="123" count="1" type="stmt"/>
        <line num="136" count="88" type="stmt"/>
        <line num="137" count="18" type="stmt"/>
        <line num="140" count="88" type="cond" truecount="2" falsecount="0"/>
        <line num="141" count="18" type="stmt"/>
        <line num="151" count="70" type="stmt"/>
        <line num="172" count="6" type="stmt"/>
        <line num="390" count="6" type="stmt"/>
        <line num="442" count="1" type="stmt"/>
        <line num="443" count="1" type="stmt"/>
      </file>
      <file name="StudentApp.js" path="/Users/danieldong/Documents/GitHub/gougegaoshu/frontend/src/components/StudentApp.js">
        <metrics statements="20" coveredstatements="19" conditionals="16" coveredconditionals="15" methods="7" coveredmethods="7"/>
        <line num="7" count="2" type="stmt"/>
        <line num="8" count="24" type="stmt"/>
        <line num="9" count="24" type="stmt"/>
        <line num="10" count="23" type="stmt"/>
        <line num="11" count="23" type="stmt"/>
        <line num="14" count="23" type="stmt"/>
        <line num="15" count="18" type="cond" truecount="4" falsecount="0"/>
        <line num="17" count="9" type="stmt"/>
        <line num="18" count="9" type="stmt"/>
        <line num="22" count="23" type="stmt"/>
        <line num="23" count="9" type="cond" truecount="1" falsecount="1"/>
        <line num="24" count="0" type="stmt"/>
        <line num="28" count="23" type="stmt"/>
        <line num="29" count="69" type="stmt"/>
        <line num="30" count="4" type="stmt"/>
        <line num="40" count="23" type="stmt"/>
        <line num="41" count="23" type="cond" truecount="2" falsecount="0"/>
        <line num="43" count="13" type="stmt"/>
        <line num="61" count="23" type="stmt"/>
        <line num="65" count="1" type="stmt"/>
      </file>
      <file name="TodayScreen.js" path="/Users/danieldong/Documents/GitHub/gougegaoshu/frontend/src/components/TodayScreen.js">
        <metrics statements="87" coveredstatements="50" conditionals="102" coveredconditionals="47" methods="26" coveredmethods="12"/>
        <line num="5" count="2" type="stmt"/>
        <line num="6" count="15" type="stmt"/>
        <line num="7" count="15" type="stmt"/>
        <line num="8" count="14" type="stmt"/>
        <line num="9" count="14" type="stmt"/>
        <line num="10" count="14" type="stmt"/>
        <line num="13" count="14" type="stmt"/>
        <line num="14" count="18" type="stmt"/>
        <line num="18" count="14" type="stmt"/>
        <line num="19" count="14" type="stmt"/>
        <line num="20" count="14" type="stmt"/>
        <line num="21" count="14" type="stmt"/>
        <line num="23" count="14" type="stmt"/>
        <line num="24" count="14" type="stmt"/>
        <line num="26" count="13" type="cond" truecount="1" falsecount="1"/>
        <line num="27" count="13" type="cond" truecount="1" falsecount="1"/>
        <line num="29" count="0" type="cond" truecount="0" falsecount="2"/>
        <line num="32" count="1" type="cond" truecount="1" falsecount="1"/>
        <line num="34" count="14" type="stmt"/>
        <line num="39" count="14" type="stmt"/>
        <line num="40" count="14" type="stmt"/>
        <line num="41" count="14" type="stmt"/>
        <line num="42" count="14" type="cond" truecount="1" falsecount="1"/>
        <line num="43" count="14" type="cond" truecount="1" falsecount="1"/>
        <line num="46" count="0" type="stmt"/>
        <line num="51" count="14" type="stmt"/>
        <line num="52" count="0" type="stmt"/>
        <line num="53" count="0" type="stmt"/>
        <line num="58" count="0" type="cond" truecount="0" falsecount="2"/>
        <line num="59" count="0" type="stmt"/>
        <line num="60" count="0" type="stmt"/>
        <line num="61" count="0" type="cond" truecount="0" falsecount="2"/>
        <line num="67" count="0" type="cond" truecount="0" falsecount="2"/>
        <line num="70" count="0" type="cond" truecount="0" falsecount="2"/>
        <line num="75" count="14" type="stmt"/>
        <line num="76" count="0" type="stmt"/>
        <line num="77" count="0" type="stmt"/>
        <line num="79" count="0" type="cond" truecount="0" falsecount="2"/>
        <line num="80" count="0" type="stmt"/>
        <line num="81" count="0" type="stmt"/>
        <line num="82" count="0" type="cond" truecount="0" falsecount="2"/>
        <line num="86" count="0" type="cond" truecount="0" falsecount="2"/>
        <line num="89" count="0" type="cond" truecount="0" falsecount="2"/>
        <line num="94" count="14" type="stmt"/>
        <line num="95" count="0" type="stmt"/>
        <line num="96" count="0" type="stmt"/>
        <line num="97" count="0" type="stmt"/>
        <line num="99" count="0" type="cond" truecount="0" falsecount="2"/>
        <line num="100" count="0" type="stmt"/>
        <line num="101" count="0" type="stmt"/>
        <line num="102" count="0" type="stmt"/>
        <line num="104" count="0" type="cond" truecount="0" falsecount="2"/>
        <line num="107" count="0" type="cond" truecount="0" falsecount="2"/>
        <line num="111" count="14" type="stmt"/>
        <line num="112" count="14" type="stmt"/>
        <line num="113" count="14" type="stmt"/>
        <line num="117" count="14" type="stmt"/>
        <line num="118" count="4" type="stmt"/>
        <line num="119" count="4" type="stmt"/>
        <line num="120" count="0" type="cond" truecount="0" falsecount="2"/>
        <line num="125" count="14" type="stmt"/>
        <line num="126" count="1" type="cond" truecount="1" falsecount="1"/>
        <line num="127" count="2" type="stmt"/>
        <line num="128" count="1" type="stmt"/>
        <line num="131" count="14" type="cond" truecount="2" falsecount="0"/>
        <line num="132" count="13" type="stmt"/>
        <line num="142" count="1" type="stmt"/>
        <line num="153" count="2" type="stmt"/>
        <line num="190" count="2" type="stmt"/>
        <line num="205" count="2" type="stmt"/>
        <line num="206" count="2" type="stmt"/>
        <line num="210" count="2" type="stmt"/>
        <line num="212" count="2" type="stmt"/>
        <line num="213" count="0" type="cond" truecount="0" falsecount="2"/>
        <line num="214" count="0" type="stmt"/>
        <line num="217" count="2" type="stmt"/>
        <line num="218" count="0" type="stmt"/>
        <line num="219" count="0" type="stmt"/>
        <line num="222" count="2" type="stmt"/>
        <line num="223" count="2" type="cond" truecount="3" falsecount="2"/>
        <line num="224" count="0" type="stmt"/>
        <line num="226" count="2" type="stmt"/>
        <line num="229" count="2" type="stmt"/>
        <line num="296" count="0" type="cond" truecount="0" falsecount="2"/>
        <line num="306" count="0" type="cond" truecount="0" falsecount="2"/>
        <line num="318" count="0" type="stmt"/>
        <line num="331" count="0" type="stmt"/>
      </file>
    </package>
    <package name="src.contexts">
      <metrics statements="77" coveredstatements="75" conditionals="21" coveredconditionals="16" methods="11" coveredmethods="11"/>
      <file name="AppContext.js" path="/Users/danieldong/Documents/GitHub/gougegaoshu/frontend/src/contexts/AppContext.js">
        <metrics statements="77" coveredstatements="75" conditionals="21" coveredconditionals="16" methods="11" coveredmethods="11"/>
        <line num="4" count="1" type="stmt"/>
        <line num="7" count="1" type="stmt"/>
        <line num="16" count="1" type="stmt"/>
        <line num="26" count="29" type="cond" truecount="5" falsecount="1"/>
        <line num="28" count="13" type="stmt"/>
        <line num="31" count="6" type="stmt"/>
        <line num="40" count="5" type="stmt"/>
        <line num="43" count="3" type="stmt"/>
        <line num="51" count="2" type="stmt"/>
        <line num="54" count="0" type="stmt"/>
        <line num="59" count="1" type="stmt"/>
        <line num="60" count="38" type="stmt"/>
        <line num="63" count="38" type="stmt"/>
        <line num="64" count="13" type="stmt"/>
        <line num="65" count="13" type="stmt"/>
        <line num="66" count="13" type="stmt"/>
        <line num="68" count="13" type="cond" truecount="4" falsecount="0"/>
        <line num="69" count="4" type="stmt"/>
        <line num="71" count="4" type="stmt"/>
        <line num="72" count="3" type="cond" truecount="2" falsecount="0"/>
        <line num="73" count="2" type="stmt"/>
        <line num="79" count="1" type="stmt"/>
        <line num="80" count="1" type="stmt"/>
        <line num="81" count="1" type="stmt"/>
        <line num="84" count="1" type="stmt"/>
        <line num="85" count="1" type="stmt"/>
        <line num="86" count="1" type="stmt"/>
        <line num="87" count="1" type="stmt"/>
        <line num="90" count="9" type="stmt"/>
        <line num="94" count="13" type="stmt"/>
        <line num="98" count="38" type="cond" truecount="0" falsecount="1"/>
        <line num="99" count="4" type="stmt"/>
        <line num="100" count="4" type="stmt"/>
        <line num="101" count="4" type="stmt"/>
        <line num="103" count="4" type="stmt"/>
        <line num="105" count="3" type="cond" truecount="1" falsecount="1"/>
        <line num="106" count="3" type="stmt"/>
        <line num="109" count="3" type="stmt"/>
        <line num="110" count="3" type="stmt"/>
        <line num="112" count="3" type="cond" truecount="2" falsecount="0"/>
        <line num="113" count="1" type="stmt"/>
        <line num="118" count="2" type="stmt"/>
        <line num="121" count="3" type="stmt"/>
        <line num="122" count="3" type="stmt"/>
        <line num="125" count="1" type="stmt"/>
        <line num="126" count="1" type="stmt"/>
        <line num="131" count="38" type="stmt"/>
        <line num="132" count="1" type="stmt"/>
        <line num="133" count="1" type="stmt"/>
        <line num="134" count="1" type="stmt"/>
        <line num="138" count="38" type="stmt"/>
        <line num="139" count="2" type="stmt"/>
        <line num="140" count="2" type="stmt"/>
        <line num="141" count="1" type="cond" truecount="1" falsecount="1"/>
        <line num="143" count="1" type="stmt"/>
        <line num="144" count="1" type="stmt"/>
        <line num="145" count="1" type="stmt"/>
        <line num="146" count="1" type="stmt"/>
        <line num="149" count="1" type="stmt"/>
        <line num="154" count="38" type="stmt"/>
        <line num="155" count="2" type="stmt"/>
        <line num="156" count="2" type="stmt"/>
        <line num="157" count="1" type="stmt"/>
        <line num="159" count="1" type="stmt"/>
        <line num="164" count="38" type="stmt"/>
        <line num="165" count="2" type="stmt"/>
        <line num="169" count="38" type="stmt"/>
        <line num="170" count="1" type="stmt"/>
        <line num="171" count="1" type="stmt"/>
        <line num="172" count="1" type="stmt"/>
        <line num="175" count="38" type="stmt"/>
        <line num="185" count="38" type="stmt"/>
        <line num="193" count="1" type="stmt"/>
        <line num="194" count="38" type="stmt"/>
        <line num="195" count="38" type="cond" truecount="1" falsecount="1"/>
        <line num="196" count="0" type="stmt"/>
        <line num="198" count="38" type="stmt"/>
      </file>
    </package>
    <package name="src.services">
      <metrics statements="37" coveredstatements="25" conditionals="12" coveredconditionals="3" methods="20" coveredmethods="17"/>
      <file name="api.js" path="/Users/danieldong/Documents/GitHub/gougegaoshu/frontend/src/services/api.js">
        <metrics statements="37" coveredstatements="25" conditionals="12" coveredconditionals="3" methods="20" coveredmethods="17"/>
        <line num="4" count="20" type="stmt"/>
        <line num="13" count="20" type="stmt"/>
        <line num="15" count="0" type="stmt"/>
        <line num="16" count="0" type="cond" truecount="0" falsecount="2"/>
        <line num="17" count="0" type="stmt"/>
        <line num="19" count="0" type="stmt"/>
        <line num="22" count="0" type="stmt"/>
        <line num="27" count="20" type="stmt"/>
        <line num="29" count="1" type="stmt"/>
        <line num="32" count="1" type="cond" truecount="1" falsecount="1"/>
        <line num="33" count="0" type="stmt"/>
        <line num="36" count="0" type="cond" truecount="0" falsecount="4"/>
        <line num="37" count="0" type="stmt"/>
        <line num="38" count="0" type="stmt"/>
        <line num="39" count="0" type="stmt"/>
        <line num="42" count="0" type="cond" truecount="0" falsecount="2"/>
        <line num="45" count="1" type="stmt"/>
        <line num="50" count="20" type="stmt"/>
        <line num="53" count="1" type="stmt"/>
        <line num="57" count="1" type="stmt"/>
        <line num="61" count="1" type="stmt"/>
        <line num="65" count="1" type="stmt"/>
        <line num="69" count="20" type="stmt"/>
        <line num="72" count="1" type="stmt"/>
        <line num="76" count="1" type="stmt"/>
        <line num="80" count="1" type="stmt"/>
        <line num="84" count="1" type="stmt"/>
        <line num="88" count="20" type="stmt"/>
        <line num="91" count="1" type="stmt"/>
        <line num="95" count="1" type="stmt"/>
        <line num="99" count="20" type="stmt"/>
        <line num="102" count="1" type="stmt"/>
        <line num="106" count="1" type="stmt"/>
        <line num="110" count="1" type="stmt"/>
        <line num="114" count="1" type="stmt"/>
        <line num="118" count="1" type="stmt"/>
        <line num="122" count="0" type="stmt"/>
      </file>
    </package>
  </project>
</coverage>
