{"/Users/danieldong/Documents/GitHub/gougegaoshu/frontend/src/App.js": {"path":"/Users/danieldong/Documents/GitHub/gougegaoshu/frontend/src/App.js","statementMap":{"0":{"start":{"line":11,"column":23},"end":{"line":26,"column":1}},"1":{"start":{"line":12,"column":39},"end":{"line":12,"column":47}},"2":{"start":{"line":14,"column":2},"end":{"line":23,"column":3}},"3":{"start":{"line":15,"column":4},"end":{"line":22,"column":6}},"4":{"start":{"line":25,"column":2},"end":{"line":25,"column":71}},"5":{"start":{"line":29,"column":19},"end":{"line":76,"column":1}},"6":{"start":{"line":30,"column":45},"end":{"line":30,"column":53}},"7":{"start":{"line":32,"column":2},"end":{"line":41,"column":3}},"8":{"start":{"line":33,"column":4},"end":{"line":40,"column":6}},"9":{"start":{"line":44,"column":2},"end":{"line":46,"column":3}},"10":{"start":{"line":45,"column":4},"end":{"line":45,"column":30}},"11":{"start":{"line":48,"column":2},"end":{"line":75,"column":4}},"12":{"start":{"line":79,"column":20},"end":{"line":123,"column":1}},"13":{"start":{"line":80,"column":26},"end":{"line":80,"column":51}},"14":{"start":{"line":81,"column":21},"end":{"line":81,"column":29}},"15":{"start":{"line":83,"column":21},"end":{"line":88,"column":3}},"16":{"start":{"line":84,"column":4},"end":{"line":84,"column":13}},"17":{"start":{"line":86,"column":4},"end":{"line":86,"column":25}},"18":{"start":{"line":87,"column":4},"end":{"line":87,"column":29}},"19":{"start":{"line":90,"column":2},"end":{"line":122,"column":4}},"20":{"start":{"line":96,"column":27},"end":{"line":96,"column":45}},"21":{"start":{"line":104,"column":27},"end":{"line":104,"column":43}},"22":{"start":{"line":126,"column":2},"end":{"line":132,"column":4}}},"fnMap":{"0":{"name":"(anonymous_0)","decl":{"start":{"line":11,"column":23},"end":{"line":11,"column":24}},"loc":{"start":{"line":11,"column":41},"end":{"line":26,"column":1}},"line":11},"1":{"name":"(anonymous_1)","decl":{"start":{"line":29,"column":19},"end":{"line":29,"column":20}},"loc":{"start":{"line":29,"column":25},"end":{"line":76,"column":1}},"line":29},"2":{"name":"(anonymous_2)","decl":{"start":{"line":79,"column":20},"end":{"line":79,"column":21}},"loc":{"start":{"line":79,"column":26},"end":{"line":123,"column":1}},"line":79},"3":{"name":"(anonymous_3)","decl":{"start":{"line":83,"column":21},"end":{"line":83,"column":22}},"loc":{"start":{"line":83,"column":27},"end":{"line":88,"column":3}},"line":83},"4":{"name":"(anonymous_4)","decl":{"start":{"line":96,"column":21},"end":{"line":96,"column":22}},"loc":{"start":{"line":96,"column":27},"end":{"line":96,"column":45}},"line":96},"5":{"name":"(anonymous_5)","decl":{"start":{"line":104,"column":21},"end":{"line":104,"column":22}},"loc":{"start":{"line":104,"column":27},"end":{"line":104,"column":43}},"line":104},"6":{"name":"App","decl":{"start":{"line":125,"column":9},"end":{"line":125,"column":12}},"loc":{"start":{"line":125,"column":15},"end":{"line":133,"column":1}},"line":125}},"branchMap":{"0":{"loc":{"start":{"line":14,"column":2},"end":{"line":23,"column":3}},"type":"if","locations":[{"start":{"line":14,"column":2},"end":{"line":23,"column":3}},{"start":{},"end":{}}],"line":14},"1":{"loc":{"start":{"line":25,"column":9},"end":{"line":25,"column":70}},"type":"cond-expr","locations":[{"start":{"line":25,"column":27},"end":{"line":25,"column":35}},{"start":{"line":25,"column":38},"end":{"line":25,"column":70}}],"line":25},"2":{"loc":{"start":{"line":32,"column":2},"end":{"line":41,"column":3}},"type":"if","locations":[{"start":{"line":32,"column":2},"end":{"line":41,"column":3}},{"start":{},"end":{}}],"line":32},"3":{"loc":{"start":{"line":44,"column":2},"end":{"line":46,"column":3}},"type":"if","locations":[{"start":{"line":44,"column":2},"end":{"line":46,"column":3}},{"start":{},"end":{}}],"line":44},"4":{"loc":{"start":{"line":44,"column":6},"end":{"line":44,"column":50}},"type":"binary-expr","locations":[{"start":{"line":44,"column":6},"end":{"line":44,"column":21}},{"start":{"line":44,"column":25},"end":{"line":44,"column":50}}],"line":44},"5":{"loc":{"start":{"line":52,"column":17},"end":{"line":52,"column":74}},"type":"cond-expr","locations":[{"start":{"line":52,"column":35},"end":{"line":52,"column":62}},{"start":{"line":52,"column":65},"end":{"line":52,"column":74}}],"line":52},"6":{"loc":{"start":{"line":98,"column":14},"end":{"line":98,"column":85}},"type":"cond-expr","locations":[{"start":{"line":98,"column":35},"end":{"line":98,"column":52}},{"start":{"line":98,"column":55},"end":{"line":98,"column":85}}],"line":98},"7":{"loc":{"start":{"line":106,"column":14},"end":{"line":106,"column":83}},"type":"cond-expr","locations":[{"start":{"line":106,"column":33},"end":{"line":106,"column":50}},{"start":{"line":106,"column":53},"end":{"line":106,"column":83}}],"line":106},"8":{"loc":{"start":{"line":120,"column":7},"end":{"line":120,"column":63}},"type":"cond-expr","locations":[{"start":{"line":120,"column":28},"end":{"line":120,"column":42}},{"start":{"line":120,"column":45},"end":{"line":120,"column":63}}],"line":120}},"s":{"0":1,"1":0,"2":0,"3":0,"4":0,"5":1,"6":4,"7":4,"8":0,"9":4,"10":0,"11":4,"12":1,"13":4,"14":4,"15":4,"16":0,"17":0,"18":0,"19":4,"20":0,"21":0,"22":4},"f":{"0":0,"1":4,"2":4,"3":0,"4":0,"5":0,"6":4},"b":{"0":[0,0],"1":[0,0],"2":[0,4],"3":[0,4],"4":[4,0],"5":[0,4],"6":[4,0],"7":[0,4],"8":[4,0]},"_coverageSchema":"1a1c01bbd47fc00a2c39e90264f33305004495a9","hash":"004dcd9ed7f61fe15b2e4f5cb9556ba7c109f899"}
,"/Users/danieldong/Documents/GitHub/gougegaoshu/frontend/src/components/AdminDashboard.js": {"path":"/Users/danieldong/Documents/GitHub/gougegaoshu/frontend/src/components/AdminDashboard.js","statementMap":{"0":{"start":{"line":4,"column":23},"end":{"line":454,"column":1}},"1":{"start":{"line":5,"column":34},"end":{"line":5,"column":46}},"2":{"start":{"line":6,"column":48},"end":{"line":6,"column":62}},"3":{"start":{"line":7,"column":46},"end":{"line":7,"column":60}},"4":{"start":{"line":8,"column":32},"end":{"line":8,"column":46}},"5":{"start":{"line":9,"column":28},"end":{"line":9,"column":42}},"6":{"start":{"line":10,"column":46},"end":{"line":10,"column":61}},"7":{"start":{"line":11,"column":46},"end":{"line":11,"column":58}},"8":{"start":{"line":12,"column":46},"end":{"line":12,"column":61}},"9":{"start":{"line":13,"column":32},"end":{"line":13,"column":44}},"10":{"start":{"line":14,"column":38},"end":{"line":14,"column":52}},"11":{"start":{"line":15,"column":38},"end":{"line":15,"column":86}},"12":{"start":{"line":18,"column":24},"end":{"line":35,"column":3}},"13":{"start":{"line":19,"column":4},"end":{"line":34,"column":5}},"14":{"start":{"line":20,"column":6},"end":{"line":20,"column":23}},"15":{"start":{"line":21,"column":6},"end":{"line":21,"column":21}},"16":{"start":{"line":23,"column":23},"end":{"line":23,"column":51}},"17":{"start":{"line":25,"column":6},"end":{"line":29,"column":7}},"18":{"start":{"line":26,"column":8},"end":{"line":26,"column":41}},"19":{"start":{"line":28,"column":8},"end":{"line":28,"column":49}},"20":{"start":{"line":31,"column":6},"end":{"line":31,"column":38}},"21":{"start":{"line":33,"column":6},"end":{"line":33,"column":24}},"22":{"start":{"line":38,"column":30},"end":{"line":50,"column":3}},"23":{"start":{"line":39,"column":4},"end":{"line":49,"column":5}},"24":{"start":{"line":40,"column":23},"end":{"line":40,"column":66}},"25":{"start":{"line":42,"column":6},"end":{"line":46,"column":7}},"26":{"start":{"line":43,"column":8},"end":{"line":43,"column":41}},"27":{"start":{"line":45,"column":8},"end":{"line":45,"column":49}},"28":{"start":{"line":48,"column":6},"end":{"line":48,"column":42}},"29":{"start":{"line":53,"column":24},"end":{"line":75,"column":3}},"30":{"start":{"line":54,"column":4},"end":{"line":57,"column":5}},"31":{"start":{"line":55,"column":6},"end":{"line":55,"column":26}},"32":{"start":{"line":56,"column":6},"end":{"line":56,"column":13}},"33":{"start":{"line":59,"column":4},"end":{"line":74,"column":5}},"34":{"start":{"line":60,"column":6},"end":{"line":60,"column":21}},"35":{"start":{"line":62,"column":23},"end":{"line":62,"column":67}},"36":{"start":{"line":64,"column":6},"end":{"line":71,"column":7}},"37":{"start":{"line":65,"column":8},"end":{"line":65,"column":30}},"38":{"start":{"line":66,"column":8},"end":{"line":66,"column":33}},"39":{"start":{"line":67,"column":8},"end":{"line":67,"column":30}},"40":{"start":{"line":68,"column":8},"end":{"line":68,"column":24}},"41":{"start":{"line":70,"column":8},"end":{"line":70,"column":47}},"42":{"start":{"line":73,"column":6},"end":{"line":73,"column":40}},"43":{"start":{"line":78,"column":24},"end":{"line":96,"column":3}},"44":{"start":{"line":79,"column":4},"end":{"line":81,"column":5}},"45":{"start":{"line":80,"column":6},"end":{"line":80,"column":13}},"46":{"start":{"line":83,"column":4},"end":{"line":95,"column":5}},"47":{"start":{"line":84,"column":6},"end":{"line":84,"column":21}},"48":{"start":{"line":86,"column":23},"end":{"line":86,"column":62}},"49":{"start":{"line":88,"column":6},"end":{"line":92,"column":7}},"50":{"start":{"line":89,"column":8},"end":{"line":89,"column":57}},"51":{"start":{"line":91,"column":8},"end":{"line":91,"column":47}},"52":{"start":{"line":94,"column":6},"end":{"line":94,"column":40}},"53":{"start":{"line":99,"column":26},"end":{"line":120,"column":3}},"54":{"start":{"line":100,"column":4},"end":{"line":103,"column":5}},"55":{"start":{"line":101,"column":6},"end":{"line":101,"column":27}},"56":{"start":{"line":102,"column":6},"end":{"line":102,"column":13}},"57":{"start":{"line":105,"column":4},"end":{"line":119,"column":5}},"58":{"start":{"line":106,"column":6},"end":{"line":106,"column":21}},"59":{"start":{"line":108,"column":23},"end":{"line":108,"column":62}},"60":{"start":{"line":110,"column":6},"end":{"line":116,"column":7}},"61":{"start":{"line":111,"column":8},"end":{"line":111,"column":23}},"62":{"start":{"line":112,"column":8},"end":{"line":112,"column":33}},"63":{"start":{"line":113,"column":8},"end":{"line":113,"column":52}},"64":{"start":{"line":115,"column":8},"end":{"line":115,"column":47}},"65":{"start":{"line":118,"column":6},"end":{"line":118,"column":40}},"66":{"start":{"line":123,"column":26},"end":{"line":137,"column":3}},"67":{"start":{"line":124,"column":4},"end":{"line":136,"column":5}},"68":{"start":{"line":125,"column":6},"end":{"line":125,"column":21}},"69":{"start":{"line":127,"column":23},"end":{"line":127,"column":63}},"70":{"start":{"line":129,"column":6},"end":{"line":133,"column":7}},"71":{"start":{"line":130,"column":8},"end":{"line":130,"column":37}},"72":{"start":{"line":132,"column":8},"end":{"line":132,"column":47}},"73":{"start":{"line":135,"column":6},"end":{"line":135,"column":40}},"74":{"start":{"line":140,"column":24},"end":{"line":143,"column":3}},"75":{"start":{"line":141,"column":4},"end":{"line":141,"column":32}},"76":{"start":{"line":142,"column":4},"end":{"line":142,"column":42}},"77":{"start":{"line":145,"column":2},"end":{"line":147,"column":9}},"78":{"start":{"line":146,"column":4},"end":{"line":146,"column":20}},"79":{"start":{"line":149,"column":2},"end":{"line":158,"column":3}},"80":{"start":{"line":150,"column":4},"end":{"line":157,"column":6}},"81":{"start":{"line":160,"column":2},"end":{"line":453,"column":4}},"82":{"start":{"line":180,"column":31},"end":{"line":180,"column":54}},"83":{"start":{"line":190,"column":16},"end":{"line":226,"column":22}},"84":{"start":{"line":197,"column":33},"end":{"line":197,"column":55}},"85":{"start":{"line":217,"column":26},"end":{"line":217,"column":46}},"86":{"start":{"line":218,"column":26},"end":{"line":218,"column":52}},"87":{"start":{"line":291,"column":31},"end":{"line":291,"column":54}},"88":{"start":{"line":347,"column":40},"end":{"line":347,"column":61}},"89":{"start":{"line":354,"column":20},"end":{"line":354,"column":53}},"90":{"start":{"line":354,"column":40},"end":{"line":354,"column":53}},"91":{"start":{"line":355,"column":34},"end":{"line":355,"column":59}},"92":{"start":{"line":356,"column":38},"end":{"line":356,"column":76}},"93":{"start":{"line":357,"column":20},"end":{"line":357,"column":47}},"94":{"start":{"line":380,"column":35},"end":{"line":380,"column":68}},"95":{"start":{"line":395,"column":20},"end":{"line":395,"column":45}},"96":{"start":{"line":396,"column":20},"end":{"line":396,"column":42}},"97":{"start":{"line":421,"column":35},"end":{"line":421,"column":61}},"98":{"start":{"line":440,"column":20},"end":{"line":440,"column":45}},"99":{"start":{"line":441,"column":20},"end":{"line":441,"column":35}}},"fnMap":{"0":{"name":"(anonymous_0)","decl":{"start":{"line":4,"column":23},"end":{"line":4,"column":24}},"loc":{"start":{"line":4,"column":29},"end":{"line":454,"column":1}},"line":4},"1":{"name":"(anonymous_1)","decl":{"start":{"line":18,"column":24},"end":{"line":18,"column":25}},"loc":{"start":{"line":18,"column":36},"end":{"line":35,"column":3}},"line":18},"2":{"name":"(anonymous_2)","decl":{"start":{"line":38,"column":30},"end":{"line":38,"column":31}},"loc":{"start":{"line":38,"column":51},"end":{"line":50,"column":3}},"line":38},"3":{"name":"(anonymous_3)","decl":{"start":{"line":53,"column":24},"end":{"line":53,"column":25}},"loc":{"start":{"line":53,"column":36},"end":{"line":75,"column":3}},"line":53},"4":{"name":"(anonymous_4)","decl":{"start":{"line":78,"column":24},"end":{"line":78,"column":25}},"loc":{"start":{"line":78,"column":45},"end":{"line":96,"column":3}},"line":78},"5":{"name":"(anonymous_5)","decl":{"start":{"line":99,"column":26},"end":{"line":99,"column":27}},"loc":{"start":{"line":99,"column":38},"end":{"line":120,"column":3}},"line":99},"6":{"name":"(anonymous_6)","decl":{"start":{"line":123,"column":26},"end":{"line":123,"column":27}},"loc":{"start":{"line":123,"column":38},"end":{"line":137,"column":3}},"line":123},"7":{"name":"(anonymous_7)","decl":{"start":{"line":140,"column":24},"end":{"line":140,"column":25}},"loc":{"start":{"line":140,"column":43},"end":{"line":143,"column":3}},"line":140},"8":{"name":"(anonymous_8)","decl":{"start":{"line":145,"column":12},"end":{"line":145,"column":13}},"loc":{"start":{"line":145,"column":18},"end":{"line":147,"column":3}},"line":145},"9":{"name":"(anonymous_9)","decl":{"start":{"line":180,"column":25},"end":{"line":180,"column":26}},"loc":{"start":{"line":180,"column":31},"end":{"line":180,"column":54}},"line":180},"10":{"name":"(anonymous_10)","decl":{"start":{"line":189,"column":28},"end":{"line":189,"column":29}},"loc":{"start":{"line":190,"column":16},"end":{"line":226,"column":22}},"line":190},"11":{"name":"(anonymous_11)","decl":{"start":{"line":197,"column":27},"end":{"line":197,"column":28}},"loc":{"start":{"line":197,"column":33},"end":{"line":197,"column":55}},"line":197},"12":{"name":"(anonymous_12)","decl":{"start":{"line":216,"column":33},"end":{"line":216,"column":34}},"loc":{"start":{"line":216,"column":40},"end":{"line":219,"column":25}},"line":216},"13":{"name":"(anonymous_13)","decl":{"start":{"line":291,"column":25},"end":{"line":291,"column":26}},"loc":{"start":{"line":291,"column":31},"end":{"line":291,"column":54}},"line":291},"14":{"name":"(anonymous_14)","decl":{"start":{"line":347,"column":35},"end":{"line":347,"column":36}},"loc":{"start":{"line":347,"column":40},"end":{"line":347,"column":61}},"line":347},"15":{"name":"(anonymous_15)","decl":{"start":{"line":353,"column":35},"end":{"line":353,"column":36}},"loc":{"start":{"line":353,"column":40},"end":{"line":358,"column":19}},"line":353},"16":{"name":"(anonymous_16)","decl":{"start":{"line":380,"column":28},"end":{"line":380,"column":29}},"loc":{"start":{"line":380,"column":35},"end":{"line":380,"column":68}},"line":380},"17":{"name":"(anonymous_17)","decl":{"start":{"line":394,"column":27},"end":{"line":394,"column":28}},"loc":{"start":{"line":394,"column":33},"end":{"line":397,"column":19}},"line":394},"18":{"name":"(anonymous_18)","decl":{"start":{"line":421,"column":28},"end":{"line":421,"column":29}},"loc":{"start":{"line":421,"column":35},"end":{"line":421,"column":61}},"line":421},"19":{"name":"(anonymous_19)","decl":{"start":{"line":439,"column":27},"end":{"line":439,"column":28}},"loc":{"start":{"line":439,"column":33},"end":{"line":442,"column":19}},"line":439}},"branchMap":{"0":{"loc":{"start":{"line":25,"column":6},"end":{"line":29,"column":7}},"type":"if","locations":[{"start":{"line":25,"column":6},"end":{"line":29,"column":7}},{"start":{"line":27,"column":13},"end":{"line":29,"column":7}}],"line":25},"1":{"loc":{"start":{"line":26,"column":20},"end":{"line":26,"column":39}},"type":"binary-expr","locations":[{"start":{"line":26,"column":20},"end":{"line":26,"column":33}},{"start":{"line":26,"column":37},"end":{"line":26,"column":39}}],"line":26},"2":{"loc":{"start":{"line":28,"column":17},"end":{"line":28,"column":47}},"type":"binary-expr","locations":[{"start":{"line":28,"column":17},"end":{"line":28,"column":33}},{"start":{"line":28,"column":37},"end":{"line":28,"column":47}}],"line":28},"3":{"loc":{"start":{"line":31,"column":15},"end":{"line":31,"column":36}},"type":"binary-expr","locations":[{"start":{"line":31,"column":15},"end":{"line":31,"column":26}},{"start":{"line":31,"column":30},"end":{"line":31,"column":36}}],"line":31},"4":{"loc":{"start":{"line":42,"column":6},"end":{"line":46,"column":7}},"type":"if","locations":[{"start":{"line":42,"column":6},"end":{"line":46,"column":7}},{"start":{"line":44,"column":13},"end":{"line":46,"column":7}}],"line":42},"5":{"loc":{"start":{"line":45,"column":17},"end":{"line":45,"column":47}},"type":"binary-expr","locations":[{"start":{"line":45,"column":17},"end":{"line":45,"column":33}},{"start":{"line":45,"column":37},"end":{"line":45,"column":47}}],"line":45},"6":{"loc":{"start":{"line":48,"column":15},"end":{"line":48,"column":40}},"type":"binary-expr","locations":[{"start":{"line":48,"column":15},"end":{"line":48,"column":26}},{"start":{"line":48,"column":30},"end":{"line":48,"column":40}}],"line":48},"7":{"loc":{"start":{"line":54,"column":4},"end":{"line":57,"column":5}},"type":"if","locations":[{"start":{"line":54,"column":4},"end":{"line":57,"column":5}},{"start":{},"end":{}}],"line":54},"8":{"loc":{"start":{"line":64,"column":6},"end":{"line":71,"column":7}},"type":"if","locations":[{"start":{"line":64,"column":6},"end":{"line":71,"column":7}},{"start":{"line":69,"column":13},"end":{"line":71,"column":7}}],"line":64},"9":{"loc":{"start":{"line":70,"column":17},"end":{"line":70,"column":45}},"type":"binary-expr","locations":[{"start":{"line":70,"column":17},"end":{"line":70,"column":33}},{"start":{"line":70,"column":37},"end":{"line":70,"column":45}}],"line":70},"10":{"loc":{"start":{"line":73,"column":15},"end":{"line":73,"column":38}},"type":"binary-expr","locations":[{"start":{"line":73,"column":15},"end":{"line":73,"column":26}},{"start":{"line":73,"column":30},"end":{"line":73,"column":38}}],"line":73},"11":{"loc":{"start":{"line":79,"column":4},"end":{"line":81,"column":5}},"type":"if","locations":[{"start":{"line":79,"column":4},"end":{"line":81,"column":5}},{"start":{},"end":{}}],"line":79},"12":{"loc":{"start":{"line":88,"column":6},"end":{"line":92,"column":7}},"type":"if","locations":[{"start":{"line":88,"column":6},"end":{"line":92,"column":7}},{"start":{"line":90,"column":13},"end":{"line":92,"column":7}}],"line":88},"13":{"loc":{"start":{"line":91,"column":17},"end":{"line":91,"column":45}},"type":"binary-expr","locations":[{"start":{"line":91,"column":17},"end":{"line":91,"column":33}},{"start":{"line":91,"column":37},"end":{"line":91,"column":45}}],"line":91},"14":{"loc":{"start":{"line":94,"column":15},"end":{"line":94,"column":38}},"type":"binary-expr","locations":[{"start":{"line":94,"column":15},"end":{"line":94,"column":26}},{"start":{"line":94,"column":30},"end":{"line":94,"column":38}}],"line":94},"15":{"loc":{"start":{"line":100,"column":4},"end":{"line":103,"column":5}},"type":"if","locations":[{"start":{"line":100,"column":4},"end":{"line":103,"column":5}},{"start":{},"end":{}}],"line":100},"16":{"loc":{"start":{"line":110,"column":6},"end":{"line":116,"column":7}},"type":"if","locations":[{"start":{"line":110,"column":6},"end":{"line":116,"column":7}},{"start":{"line":114,"column":13},"end":{"line":116,"column":7}}],"line":110},"17":{"loc":{"start":{"line":115,"column":17},"end":{"line":115,"column":45}},"type":"binary-expr","locations":[{"start":{"line":115,"column":17},"end":{"line":115,"column":33}},{"start":{"line":115,"column":37},"end":{"line":115,"column":45}}],"line":115},"18":{"loc":{"start":{"line":118,"column":15},"end":{"line":118,"column":38}},"type":"binary-expr","locations":[{"start":{"line":118,"column":15},"end":{"line":118,"column":26}},{"start":{"line":118,"column":30},"end":{"line":118,"column":38}}],"line":118},"19":{"loc":{"start":{"line":129,"column":6},"end":{"line":133,"column":7}},"type":"if","locations":[{"start":{"line":129,"column":6},"end":{"line":133,"column":7}},{"start":{"line":131,"column":13},"end":{"line":133,"column":7}}],"line":129},"20":{"loc":{"start":{"line":132,"column":17},"end":{"line":132,"column":45}},"type":"binary-expr","locations":[{"start":{"line":132,"column":17},"end":{"line":132,"column":33}},{"start":{"line":132,"column":37},"end":{"line":132,"column":45}}],"line":132},"21":{"loc":{"start":{"line":135,"column":15},"end":{"line":135,"column":38}},"type":"binary-expr","locations":[{"start":{"line":135,"column":15},"end":{"line":135,"column":26}},{"start":{"line":135,"column":30},"end":{"line":135,"column":38}}],"line":135},"22":{"loc":{"start":{"line":149,"column":2},"end":{"line":158,"column":3}},"type":"if","locations":[{"start":{"line":149,"column":2},"end":{"line":158,"column":3}},{"start":{},"end":{}}],"line":149},"23":{"loc":{"start":{"line":167,"column":7},"end":{"line":171,"column":7}},"type":"binary-expr","locations":[{"start":{"line":167,"column":7},"end":{"line":167,"column":12}},{"start":{"line":168,"column":8},"end":{"line":170,"column":14}}],"line":167},"24":{"loc":{"start":{"line":193,"column":20},"end":{"line":195,"column":63}},"type":"cond-expr","locations":[{"start":{"line":194,"column":24},"end":{"line":194,"column":52}},{"start":{"line":195,"column":24},"end":{"line":195,"column":63}}],"line":193},"25":{"loc":{"start":{"line":209,"column":24},"end":{"line":211,"column":55}},"type":"cond-expr","locations":[{"start":{"line":210,"column":28},"end":{"line":210,"column":57}},{"start":{"line":211,"column":28},"end":{"line":211,"column":55}}],"line":209},"26":{"loc":{"start":{"line":213,"column":25},"end":{"line":213,"column":67}},"type":"cond-expr","locations":[{"start":{"line":213,"column":55},"end":{"line":213,"column":59}},{"start":{"line":213,"column":62},"end":{"line":213,"column":67}}],"line":213},"27":{"loc":{"start":{"line":230,"column":13},"end":{"line":236,"column":13}},"type":"binary-expr","locations":[{"start":{"line":230,"column":13},"end":{"line":230,"column":34}},{"start":{"line":231,"column":14},"end":{"line":235,"column":20}}],"line":230},"28":{"loc":{"start":{"line":243,"column":11},"end":{"line":284,"column":11}},"type":"binary-expr","locations":[{"start":{"line":243,"column":11},"end":{"line":243,"column":26}},{"start":{"line":244,"column":12},"end":{"line":283,"column":18}}],"line":243},"29":{"loc":{"start":{"line":259,"column":21},"end":{"line":261,"column":30}},"type":"cond-expr","locations":[{"start":{"line":260,"column":24},"end":{"line":260,"column":85}},{"start":{"line":261,"column":24},"end":{"line":261,"column":30}}],"line":259},"30":{"loc":{"start":{"line":266,"column":17},"end":{"line":281,"column":17}},"type":"binary-expr","locations":[{"start":{"line":266,"column":17},"end":{"line":266,"column":31}},{"start":{"line":267,"column":18},"end":{"line":280,"column":21}}],"line":266},"31":{"loc":{"start":{"line":270,"column":57},"end":{"line":270,"column":86}},"type":"binary-expr","locations":[{"start":{"line":270,"column":57},"end":{"line":270,"column":77}},{"start":{"line":270,"column":81},"end":{"line":270,"column":86}}],"line":270},"32":{"loc":{"start":{"line":274,"column":57},"end":{"line":274,"column":86}},"type":"binary-expr","locations":[{"start":{"line":274,"column":57},"end":{"line":274,"column":77}},{"start":{"line":274,"column":81},"end":{"line":274,"column":86}}],"line":274},"33":{"loc":{"start":{"line":278,"column":57},"end":{"line":278,"column":93}},"type":"binary-expr","locations":[{"start":{"line":278,"column":57},"end":{"line":278,"column":84}},{"start":{"line":278,"column":88},"end":{"line":278,"column":93}}],"line":278},"34":{"loc":{"start":{"line":312,"column":11},"end":{"line":334,"column":11}},"type":"binary-expr","locations":[{"start":{"line":312,"column":11},"end":{"line":312,"column":21}},{"start":{"line":313,"column":12},"end":{"line":333,"column":18}}],"line":312},"35":{"loc":{"start":{"line":354,"column":20},"end":{"line":354,"column":53}},"type":"if","locations":[{"start":{"line":354,"column":20},"end":{"line":354,"column":53}},{"start":{},"end":{}}],"line":354},"36":{"loc":{"start":{"line":367,"column":7},"end":{"line":406,"column":7}},"type":"binary-expr","locations":[{"start":{"line":367,"column":7},"end":{"line":367,"column":21}},{"start":{"line":368,"column":8},"end":{"line":405,"column":14}}],"line":367},"37":{"loc":{"start":{"line":409,"column":7},"end":{"line":451,"column":7}},"type":"binary-expr","locations":[{"start":{"line":409,"column":7},"end":{"line":409,"column":21}},{"start":{"line":410,"column":8},"end":{"line":450,"column":14}}],"line":409}},"s":{"0":2,"1":135,"2":134,"3":134,"4":134,"5":134,"6":134,"7":134,"8":134,"9":134,"10":134,"11":134,"12":134,"13":27,"14":27,"15":27,"16":27,"17":26,"18":26,"19":0,"20":1,"21":27,"22":134,"23":2,"24":2,"25":2,"26":2,"27":0,"28":0,"29":134,"30":3,"31":1,"32":1,"33":2,"34":2,"35":2,"36":2,"37":1,"38":1,"39":1,"40":1,"41":1,"42":0,"43":134,"44":3,"45":1,"46":2,"47":2,"48":2,"49":1,"50":1,"51":0,"52":1,"53":134,"54":3,"55":1,"56":1,"57":2,"58":2,"59":2,"60":1,"61":1,"62":1,"63":1,"64":0,"65":1,"66":134,"67":2,"68":2,"69":2,"70":1,"71":1,"72":0,"73":1,"74":134,"75":2,"76":2,"77":134,"78":25,"79":134,"80":26,"81":108,"82":5,"83":212,"84":2,"85":3,"86":3,"87":4,"88":212,"89":212,"90":105,"91":107,"92":107,"93":107,"94":10,"95":1,"96":1,"97":42,"98":0,"99":0},"f":{"0":135,"1":27,"2":2,"3":3,"4":3,"5":3,"6":2,"7":2,"8":25,"9":5,"10":212,"11":2,"12":3,"13":4,"14":212,"15":212,"16":10,"17":1,"18":42,"19":0},"b":{"0":[26,0],"1":[26,0],"2":[0,0],"3":[1,0],"4":[2,0],"5":[0,0],"6":[0,0],"7":[1,2],"8":[1,1],"9":[1,0],"10":[0,0],"11":[1,2],"12":[1,0],"13":[0,0],"14":[1,0],"15":[1,2],"16":[1,0],"17":[0,0],"18":[1,0],"19":[1,0],"20":[0,0],"21":[1,0],"22":[26,108],"23":[108,7],"24":[4,208],"25":[106,106],"26":[106,106],"27":[108,2],"28":[108,4],"29":[2,2],"30":[4,2],"31":[2,0],"32":[2,0],"33":[2,0],"34":[108,1],"35":[105,107],"36":[108,19],"37":[108,50]},"_coverageSchema":"1a1c01bbd47fc00a2c39e90264f33305004495a9","hash":"73ad509ac8156c6de9abb8858da53b088e77b3dc"}
,"/Users/danieldong/Documents/GitHub/gougegaoshu/frontend/src/components/ChangePassword.js": {"path":"/Users/danieldong/Documents/GitHub/gougegaoshu/frontend/src/components/ChangePassword.js","statementMap":{"0":{"start":{"line":4,"column":23},"end":{"line":109,"column":1}},"1":{"start":{"line":5,"column":42},"end":{"line":5,"column":50}},"2":{"start":{"line":6,"column":34},"end":{"line":9,"column":4}},"3":{"start":{"line":10,"column":28},"end":{"line":10,"column":40}},"4":{"start":{"line":11,"column":32},"end":{"line":11,"column":47}},"5":{"start":{"line":13,"column":23},"end":{"line":20,"column":3}},"6":{"start":{"line":14,"column":28},"end":{"line":14,"column":36}},"7":{"start":{"line":15,"column":4},"end":{"line":18,"column":8}},"8":{"start":{"line":15,"column":25},"end":{"line":18,"column":5}},"9":{"start":{"line":19,"column":4},"end":{"line":19,"column":17}},"10":{"start":{"line":22,"column":23},"end":{"line":43,"column":3}},"11":{"start":{"line":23,"column":4},"end":{"line":23,"column":23}},"12":{"start":{"line":24,"column":4},"end":{"line":24,"column":17}},"13":{"start":{"line":26,"column":4},"end":{"line":29,"column":5}},"14":{"start":{"line":27,"column":6},"end":{"line":27,"column":29}},"15":{"start":{"line":28,"column":6},"end":{"line":28,"column":13}},"16":{"start":{"line":31,"column":4},"end":{"line":34,"column":5}},"17":{"start":{"line":32,"column":6},"end":{"line":32,"column":29}},"18":{"start":{"line":33,"column":6},"end":{"line":33,"column":13}},"19":{"start":{"line":36,"column":4},"end":{"line":36,"column":21}},"20":{"start":{"line":37,"column":19},"end":{"line":37,"column":66}},"21":{"start":{"line":38,"column":4},"end":{"line":38,"column":22}},"22":{"start":{"line":40,"column":4},"end":{"line":42,"column":5}},"23":{"start":{"line":41,"column":6},"end":{"line":41,"column":31}},"24":{"start":{"line":45,"column":2},"end":{"line":108,"column":4}}},"fnMap":{"0":{"name":"(anonymous_0)","decl":{"start":{"line":4,"column":23},"end":{"line":4,"column":24}},"loc":{"start":{"line":4,"column":29},"end":{"line":109,"column":1}},"line":4},"1":{"name":"(anonymous_1)","decl":{"start":{"line":13,"column":23},"end":{"line":13,"column":24}},"loc":{"start":{"line":13,"column":30},"end":{"line":20,"column":3}},"line":13},"2":{"name":"(anonymous_2)","decl":{"start":{"line":15,"column":16},"end":{"line":15,"column":17}},"loc":{"start":{"line":15,"column":25},"end":{"line":18,"column":5}},"line":15},"3":{"name":"(anonymous_3)","decl":{"start":{"line":22,"column":23},"end":{"line":22,"column":24}},"loc":{"start":{"line":22,"column":36},"end":{"line":43,"column":3}},"line":22}},"branchMap":{"0":{"loc":{"start":{"line":26,"column":4},"end":{"line":29,"column":5}},"type":"if","locations":[{"start":{"line":26,"column":4},"end":{"line":29,"column":5}},{"start":{},"end":{}}],"line":26},"1":{"loc":{"start":{"line":31,"column":4},"end":{"line":34,"column":5}},"type":"if","locations":[{"start":{"line":31,"column":4},"end":{"line":34,"column":5}},{"start":{},"end":{}}],"line":31},"2":{"loc":{"start":{"line":40,"column":4},"end":{"line":42,"column":5}},"type":"if","locations":[{"start":{"line":40,"column":4},"end":{"line":42,"column":5}},{"start":{},"end":{}}],"line":40},"3":{"loc":{"start":{"line":83,"column":11},"end":{"line":87,"column":11}},"type":"binary-expr","locations":[{"start":{"line":83,"column":11},"end":{"line":83,"column":16}},{"start":{"line":84,"column":12},"end":{"line":86,"column":18}}],"line":83},"4":{"loc":{"start":{"line":94,"column":13},"end":{"line":94,"column":40}},"type":"cond-expr","locations":[{"start":{"line":94,"column":23},"end":{"line":94,"column":31}},{"start":{"line":94,"column":34},"end":{"line":94,"column":40}}],"line":94}},"s":{"0":2,"1":206,"2":206,"3":205,"4":205,"5":205,"6":184,"7":184,"8":184,"9":184,"10":205,"11":7,"12":7,"13":7,"14":2,"15":2,"16":5,"17":1,"18":1,"19":4,"20":4,"21":4,"22":4,"23":1,"24":205},"f":{"0":206,"1":184,"2":184,"3":7},"b":{"0":[2,5],"1":[1,4],"2":[1,3],"3":[205,4],"4":[4,201]},"_coverageSchema":"1a1c01bbd47fc00a2c39e90264f33305004495a9","hash":"5b914c17fcc7cd856dd5626003d9e74b6c87bccc"}
,"/Users/danieldong/Documents/GitHub/gougegaoshu/frontend/src/components/Login.js": {"path":"/Users/danieldong/Documents/GitHub/gougegaoshu/frontend/src/components/Login.js","statementMap":{"0":{"start":{"line":4,"column":14},"end":{"line":133,"column":1}},"1":{"start":{"line":5,"column":36},"end":{"line":5,"column":44}},"2":{"start":{"line":6,"column":34},"end":{"line":10,"column":4}},"3":{"start":{"line":11,"column":38},"end":{"line":11,"column":50}},"4":{"start":{"line":14,"column":2},"end":{"line":29,"column":9}},"5":{"start":{"line":15,"column":4},"end":{"line":28,"column":5}},"6":{"start":{"line":16,"column":31},"end":{"line":16,"column":71}},"7":{"start":{"line":17,"column":6},"end":{"line":25,"column":7}},"8":{"start":{"line":18,"column":40},"end":{"line":18,"column":68}},"9":{"start":{"line":19,"column":8},"end":{"line":24,"column":12}},"10":{"start":{"line":19,"column":29},"end":{"line":24,"column":9}},"11":{"start":{"line":27,"column":6},"end":{"line":27,"column":43}},"12":{"start":{"line":31,"column":23},"end":{"line":37,"column":3}},"13":{"start":{"line":32,"column":43},"end":{"line":32,"column":51}},"14":{"start":{"line":33,"column":4},"end":{"line":36,"column":8}},"15":{"start":{"line":33,"column":25},"end":{"line":36,"column":5}},"16":{"start":{"line":39,"column":23},"end":{"line":57,"column":3}},"17":{"start":{"line":40,"column":4},"end":{"line":40,"column":23}},"18":{"start":{"line":41,"column":4},"end":{"line":41,"column":22}},"19":{"start":{"line":43,"column":4},"end":{"line":46,"column":5}},"20":{"start":{"line":44,"column":6},"end":{"line":44,"column":34}},"21":{"start":{"line":45,"column":6},"end":{"line":45,"column":13}},"22":{"start":{"line":48,"column":19},"end":{"line":52,"column":5}},"23":{"start":{"line":54,"column":4},"end":{"line":56,"column":5}},"24":{"start":{"line":55,"column":6},"end":{"line":55,"column":36}},"25":{"start":{"line":59,"column":2},"end":{"line":132,"column":4}}},"fnMap":{"0":{"name":"(anonymous_0)","decl":{"start":{"line":4,"column":14},"end":{"line":4,"column":15}},"loc":{"start":{"line":4,"column":20},"end":{"line":133,"column":1}},"line":4},"1":{"name":"(anonymous_1)","decl":{"start":{"line":14,"column":12},"end":{"line":14,"column":13}},"loc":{"start":{"line":14,"column":18},"end":{"line":29,"column":3}},"line":14},"2":{"name":"(anonymous_2)","decl":{"start":{"line":19,"column":20},"end":{"line":19,"column":21}},"loc":{"start":{"line":19,"column":29},"end":{"line":24,"column":9}},"line":19},"3":{"name":"(anonymous_3)","decl":{"start":{"line":31,"column":23},"end":{"line":31,"column":24}},"loc":{"start":{"line":31,"column":30},"end":{"line":37,"column":3}},"line":31},"4":{"name":"(anonymous_4)","decl":{"start":{"line":33,"column":16},"end":{"line":33,"column":17}},"loc":{"start":{"line":33,"column":25},"end":{"line":36,"column":5}},"line":33},"5":{"name":"(anonymous_5)","decl":{"start":{"line":39,"column":23},"end":{"line":39,"column":24}},"loc":{"start":{"line":39,"column":36},"end":{"line":57,"column":3}},"line":39}},"branchMap":{"0":{"loc":{"start":{"line":17,"column":6},"end":{"line":25,"column":7}},"type":"if","locations":[{"start":{"line":17,"column":6},"end":{"line":25,"column":7}},{"start":{},"end":{}}],"line":17},"1":{"loc":{"start":{"line":35,"column":14},"end":{"line":35,"column":51}},"type":"cond-expr","locations":[{"start":{"line":35,"column":36},"end":{"line":35,"column":43}},{"start":{"line":35,"column":46},"end":{"line":35,"column":51}}],"line":35},"2":{"loc":{"start":{"line":43,"column":4},"end":{"line":46,"column":5}},"type":"if","locations":[{"start":{"line":43,"column":4},"end":{"line":46,"column":5}},{"start":{},"end":{}}],"line":43},"3":{"loc":{"start":{"line":43,"column":8},"end":{"line":43,"column":63}},"type":"binary-expr","locations":[{"start":{"line":43,"column":8},"end":{"line":43,"column":34}},{"start":{"line":43,"column":38},"end":{"line":43,"column":63}}],"line":43},"4":{"loc":{"start":{"line":54,"column":4},"end":{"line":56,"column":5}},"type":"if","locations":[{"start":{"line":54,"column":4},"end":{"line":56,"column":5}},{"start":{},"end":{}}],"line":54},"5":{"loc":{"start":{"line":111,"column":11},"end":{"line":115,"column":11}},"type":"binary-expr","locations":[{"start":{"line":111,"column":12},"end":{"line":111,"column":22}},{"start":{"line":111,"column":26},"end":{"line":111,"column":31}},{"start":{"line":112,"column":12},"end":{"line":114,"column":18}}],"line":111},"6":{"loc":{"start":{"line":113,"column":15},"end":{"line":113,"column":34}},"type":"binary-expr","locations":[{"start":{"line":113,"column":15},"end":{"line":113,"column":25}},{"start":{"line":113,"column":29},"end":{"line":113,"column":34}}],"line":113},"7":{"loc":{"start":{"line":122,"column":13},"end":{"line":122,"column":38}},"type":"cond-expr","locations":[{"start":{"line":122,"column":23},"end":{"line":122,"column":31}},{"start":{"line":122,"column":34},"end":{"line":122,"column":38}}],"line":122}},"s":{"0":2,"1":93,"2":93,"3":92,"4":92,"5":9,"6":9,"7":9,"8":0,"9":0,"10":0,"11":0,"12":92,"13":77,"14":77,"15":77,"16":92,"17":5,"18":5,"19":5,"20":2,"21":2,"22":3,"23":3,"24":1,"25":92},"f":{"0":93,"1":9,"2":0,"3":77,"4":77,"5":5},"b":{"0":[0,9],"1":[2,75],"2":[2,3],"3":[5,4],"4":[1,2],"5":[92,89,3],"6":[3,0],"7":[0,92]},"_coverageSchema":"1a1c01bbd47fc00a2c39e90264f33305004495a9","hash":"977e9371ee10f5e0872cbe97ded5e2eb0b8ce90f"}
,"/Users/danieldong/Documents/GitHub/gougegaoshu/frontend/src/components/MonthScreen.js": {"path":"/Users/danieldong/Documents/GitHub/gougegaoshu/frontend/src/components/MonthScreen.js","statementMap":{"0":{"start":{"line":5,"column":20},"end":{"line":311,"column":1}},"1":{"start":{"line":6,"column":25},"end":{"line":6,"column":33}},"2":{"start":{"line":7,"column":28},"end":{"line":7,"column":40}},"3":{"start":{"line":8,"column":32},"end":{"line":8,"column":46}},"4":{"start":{"line":9,"column":28},"end":{"line":9,"column":42}},"5":{"start":{"line":10,"column":42},"end":{"line":10,"column":56}},"6":{"start":{"line":11,"column":42},"end":{"line":11,"column":72}},"7":{"start":{"line":14,"column":21},"end":{"line":16,"column":3}},"8":{"start":{"line":15,"column":4},"end":{"line":15,"column":44}},"9":{"start":{"line":19,"column":26},"end":{"line":42,"column":3}},"10":{"start":{"line":20,"column":4},"end":{"line":41,"column":5}},"11":{"start":{"line":21,"column":6},"end":{"line":21,"column":23}},"12":{"start":{"line":22,"column":6},"end":{"line":22,"column":21}},"13":{"start":{"line":24,"column":24},"end":{"line":24,"column":74}},"14":{"start":{"line":25,"column":22},"end":{"line":25,"column":76}},"15":{"start":{"line":27,"column":23},"end":{"line":30,"column":7}},"16":{"start":{"line":32,"column":6},"end":{"line":36,"column":7}},"17":{"start":{"line":33,"column":8},"end":{"line":33,"column":38}},"18":{"start":{"line":35,"column":8},"end":{"line":35,"column":47}},"19":{"start":{"line":38,"column":6},"end":{"line":38,"column":38}},"20":{"start":{"line":40,"column":6},"end":{"line":40,"column":24}},"21":{"start":{"line":45,"column":26},"end":{"line":48,"column":3}},"22":{"start":{"line":46,"column":20},"end":{"line":46,"column":36}},"23":{"start":{"line":47,"column":4},"end":{"line":47,"column":55}},"24":{"start":{"line":47,"column":32},"end":{"line":47,"column":53}},"25":{"start":{"line":51,"column":31},"end":{"line":84,"column":3}},"26":{"start":{"line":52,"column":17},"end":{"line":52,"column":43}},"27":{"start":{"line":53,"column":18},"end":{"line":53,"column":41}},"28":{"start":{"line":55,"column":21},"end":{"line":55,"column":45}},"29":{"start":{"line":56,"column":20},"end":{"line":56,"column":48}},"30":{"start":{"line":57,"column":22},"end":{"line":57,"column":40}},"31":{"start":{"line":58,"column":4},"end":{"line":58,"column":63}},"32":{"start":{"line":60,"column":17},"end":{"line":60,"column":19}},"33":{"start":{"line":61,"column":20},"end":{"line":61,"column":39}},"34":{"start":{"line":64,"column":4},"end":{"line":81,"column":5}},"35":{"start":{"line":64,"column":17},"end":{"line":64,"column":18}},"36":{"start":{"line":65,"column":23},"end":{"line":65,"column":47}},"37":{"start":{"line":66,"column":29},"end":{"line":66,"column":75}},"38":{"start":{"line":66,"column":53},"end":{"line":66,"column":67}},"39":{"start":{"line":67,"column":25},"end":{"line":67,"column":40}},"40":{"start":{"line":69,"column":6},"end":{"line":78,"column":9}},"41":{"start":{"line":80,"column":6},"end":{"line":80,"column":45}},"42":{"start":{"line":83,"column":4},"end":{"line":83,"column":16}},"43":{"start":{"line":87,"column":24},"end":{"line":89,"column":3}},"44":{"start":{"line":88,"column":4},"end":{"line":88,"column":82}},"45":{"start":{"line":88,"column":28},"end":{"line":88,"column":80}},"46":{"start":{"line":92,"column":20},"end":{"line":94,"column":3}},"47":{"start":{"line":93,"column":4},"end":{"line":93,"column":82}},"48":{"start":{"line":93,"column":28},"end":{"line":93,"column":80}},"49":{"start":{"line":97,"column":21},"end":{"line":99,"column":3}},"50":{"start":{"line":98,"column":4},"end":{"line":98,"column":26}},"51":{"start":{"line":102,"column":24},"end":{"line":126,"column":3}},"52":{"start":{"line":103,"column":23},"end":{"line":107,"column":6}},"53":{"start":{"line":104,"column":23},"end":{"line":104,"column":42}},"54":{"start":{"line":105,"column":6},"end":{"line":106,"column":67}},"55":{"start":{"line":109,"column":22},"end":{"line":109,"column":70}},"56":{"start":{"line":109,"column":48},"end":{"line":109,"column":62}},"57":{"start":{"line":110,"column":18},"end":{"line":110,"column":35}},"58":{"start":{"line":111,"column":27},"end":{"line":111,"column":80}},"59":{"start":{"line":113,"column":27},"end":{"line":118,"column":9}},"60":{"start":{"line":114,"column":6},"end":{"line":116,"column":7}},"61":{"start":{"line":115,"column":8},"end":{"line":115,"column":70}},"62":{"start":{"line":117,"column":6},"end":{"line":117,"column":17}},"63":{"start":{"line":120,"column":4},"end":{"line":125,"column":6}},"64":{"start":{"line":128,"column":2},"end":{"line":130,"column":21}},"65":{"start":{"line":129,"column":4},"end":{"line":129,"column":34}},"66":{"start":{"line":132,"column":23},"end":{"line":132,"column":45}},"67":{"start":{"line":133,"column":21},"end":{"line":133,"column":36}},"68":{"start":{"line":134,"column":19},"end":{"line":134,"column":54}},"69":{"start":{"line":136,"column":2},"end":{"line":145,"column":3}},"70":{"start":{"line":137,"column":4},"end":{"line":144,"column":6}},"71":{"start":{"line":147,"column":2},"end":{"line":310,"column":4}},"72":{"start":{"line":188,"column":16},"end":{"line":190,"column":22}},"73":{"start":{"line":197,"column":16},"end":{"line":202,"column":18}},"74":{"start":{"line":256,"column":20},"end":{"line":279,"column":26}},"75":{"start":{"line":292,"column":18},"end":{"line":292,"column":56}},"76":{"start":{"line":293,"column":18},"end":{"line":293,"column":46}},"77":{"start":{"line":300,"column":31},"end":{"line":300,"column":58}},"78":{"start":{"line":314,"column":20},"end":{"line":383,"column":1}},"79":{"start":{"line":315,"column":29},"end":{"line":320,"column":3}},"80":{"start":{"line":316,"column":4},"end":{"line":316,"column":50}},"81":{"start":{"line":316,"column":30},"end":{"line":316,"column":50}},"82":{"start":{"line":317,"column":4},"end":{"line":317,"column":58}},"83":{"start":{"line":317,"column":36},"end":{"line":317,"column":58}},"84":{"start":{"line":318,"column":4},"end":{"line":318,"column":57}},"85":{"start":{"line":318,"column":34},"end":{"line":318,"column":57}},"86":{"start":{"line":319,"column":4},"end":{"line":319,"column":24}},"87":{"start":{"line":322,"column":25},"end":{"line":326,"column":3}},"88":{"start":{"line":323,"column":4},"end":{"line":323,"column":54}},"89":{"start":{"line":323,"column":20},"end":{"line":323,"column":54}},"90":{"start":{"line":324,"column":4},"end":{"line":324,"column":55}},"91":{"start":{"line":324,"column":21},"end":{"line":324,"column":55}},"92":{"start":{"line":325,"column":4},"end":{"line":325,"column":29}},"93":{"start":{"line":328,"column":2},"end":{"line":382,"column":4}},"94":{"start":{"line":330,"column":21},"end":{"line":330,"column":39}},"95":{"start":{"line":368,"column":14},"end":{"line":373,"column":16}}},"fnMap":{"0":{"name":"(anonymous_0)","decl":{"start":{"line":5,"column":20},"end":{"line":5,"column":21}},"loc":{"start":{"line":5,"column":26},"end":{"line":311,"column":1}},"line":5},"1":{"name":"(anonymous_1)","decl":{"start":{"line":14,"column":21},"end":{"line":14,"column":22}},"loc":{"start":{"line":14,"column":31},"end":{"line":16,"column":3}},"line":14},"2":{"name":"(anonymous_2)","decl":{"start":{"line":19,"column":26},"end":{"line":19,"column":27}},"loc":{"start":{"line":19,"column":43},"end":{"line":42,"column":3}},"line":19},"3":{"name":"(anonymous_3)","decl":{"start":{"line":45,"column":26},"end":{"line":45,"column":27}},"loc":{"start":{"line":45,"column":36},"end":{"line":48,"column":3}},"line":45},"4":{"name":"(anonymous_4)","decl":{"start":{"line":47,"column":24},"end":{"line":47,"column":25}},"loc":{"start":{"line":47,"column":32},"end":{"line":47,"column":53}},"line":47},"5":{"name":"(anonymous_5)","decl":{"start":{"line":51,"column":31},"end":{"line":51,"column":32}},"loc":{"start":{"line":51,"column":37},"end":{"line":84,"column":3}},"line":51},"6":{"name":"(anonymous_6)","decl":{"start":{"line":66,"column":45},"end":{"line":66,"column":46}},"loc":{"start":{"line":66,"column":53},"end":{"line":66,"column":67}},"line":66},"7":{"name":"(anonymous_7)","decl":{"start":{"line":87,"column":24},"end":{"line":87,"column":25}},"loc":{"start":{"line":87,"column":30},"end":{"line":89,"column":3}},"line":87},"8":{"name":"(anonymous_8)","decl":{"start":{"line":88,"column":20},"end":{"line":88,"column":21}},"loc":{"start":{"line":88,"column":28},"end":{"line":88,"column":80}},"line":88},"9":{"name":"(anonymous_9)","decl":{"start":{"line":92,"column":20},"end":{"line":92,"column":21}},"loc":{"start":{"line":92,"column":26},"end":{"line":94,"column":3}},"line":92},"10":{"name":"(anonymous_10)","decl":{"start":{"line":93,"column":20},"end":{"line":93,"column":21}},"loc":{"start":{"line":93,"column":28},"end":{"line":93,"column":80}},"line":93},"11":{"name":"(anonymous_11)","decl":{"start":{"line":97,"column":21},"end":{"line":97,"column":22}},"loc":{"start":{"line":97,"column":31},"end":{"line":99,"column":3}},"line":97},"12":{"name":"(anonymous_12)","decl":{"start":{"line":102,"column":24},"end":{"line":102,"column":25}},"loc":{"start":{"line":102,"column":30},"end":{"line":126,"column":3}},"line":102},"13":{"name":"(anonymous_13)","decl":{"start":{"line":103,"column":36},"end":{"line":103,"column":37}},"loc":{"start":{"line":103,"column":44},"end":{"line":107,"column":5}},"line":103},"14":{"name":"(anonymous_14)","decl":{"start":{"line":109,"column":40},"end":{"line":109,"column":41}},"loc":{"start":{"line":109,"column":48},"end":{"line":109,"column":62}},"line":109},"15":{"name":"(anonymous_15)","decl":{"start":{"line":113,"column":45},"end":{"line":113,"column":46}},"loc":{"start":{"line":113,"column":60},"end":{"line":118,"column":5}},"line":113},"16":{"name":"(anonymous_16)","decl":{"start":{"line":128,"column":12},"end":{"line":128,"column":13}},"loc":{"start":{"line":128,"column":18},"end":{"line":130,"column":3}},"line":128},"17":{"name":"(anonymous_17)","decl":{"start":{"line":187,"column":28},"end":{"line":187,"column":29}},"loc":{"start":{"line":188,"column":16},"end":{"line":190,"column":22}},"line":188},"18":{"name":"(anonymous_18)","decl":{"start":{"line":196,"column":32},"end":{"line":196,"column":33}},"loc":{"start":{"line":197,"column":16},"end":{"line":202,"column":18}},"line":197},"19":{"name":"(anonymous_19)","decl":{"start":{"line":255,"column":53},"end":{"line":255,"column":54}},"loc":{"start":{"line":256,"column":20},"end":{"line":279,"column":26}},"line":256},"20":{"name":"(anonymous_20)","decl":{"start":{"line":291,"column":25},"end":{"line":291,"column":26}},"loc":{"start":{"line":291,"column":31},"end":{"line":294,"column":17}},"line":291},"21":{"name":"(anonymous_21)","decl":{"start":{"line":300,"column":25},"end":{"line":300,"column":26}},"loc":{"start":{"line":300,"column":31},"end":{"line":300,"column":58}},"line":300},"22":{"name":"(anonymous_22)","decl":{"start":{"line":314,"column":20},"end":{"line":314,"column":21}},"loc":{"start":{"line":314,"column":55},"end":{"line":383,"column":1}},"line":314},"23":{"name":"(anonymous_23)","decl":{"start":{"line":315,"column":29},"end":{"line":315,"column":30}},"loc":{"start":{"line":315,"column":35},"end":{"line":320,"column":3}},"line":315},"24":{"name":"(anonymous_24)","decl":{"start":{"line":322,"column":25},"end":{"line":322,"column":26}},"loc":{"start":{"line":322,"column":31},"end":{"line":326,"column":3}},"line":322},"25":{"name":"(anonymous_25)","decl":{"start":{"line":330,"column":15},"end":{"line":330,"column":16}},"loc":{"start":{"line":330,"column":21},"end":{"line":330,"column":39}},"line":330},"26":{"name":"(anonymous_26)","decl":{"start":{"line":367,"column":69},"end":{"line":367,"column":70}},"loc":{"start":{"line":368,"column":14},"end":{"line":373,"column":16}},"line":368}},"branchMap":{"0":{"loc":{"start":{"line":32,"column":6},"end":{"line":36,"column":7}},"type":"if","locations":[{"start":{"line":32,"column":6},"end":{"line":36,"column":7}},{"start":{"line":34,"column":13},"end":{"line":36,"column":7}}],"line":32},"1":{"loc":{"start":{"line":33,"column":17},"end":{"line":33,"column":36}},"type":"binary-expr","locations":[{"start":{"line":33,"column":17},"end":{"line":33,"column":30}},{"start":{"line":33,"column":34},"end":{"line":33,"column":36}}],"line":33},"2":{"loc":{"start":{"line":35,"column":17},"end":{"line":35,"column":45}},"type":"binary-expr","locations":[{"start":{"line":35,"column":17},"end":{"line":35,"column":33}},{"start":{"line":35,"column":37},"end":{"line":35,"column":45}}],"line":35},"3":{"loc":{"start":{"line":38,"column":15},"end":{"line":38,"column":36}},"type":"binary-expr","locations":[{"start":{"line":38,"column":15},"end":{"line":38,"column":26}},{"start":{"line":38,"column":30},"end":{"line":38,"column":36}}],"line":38},"4":{"loc":{"start":{"line":77,"column":24},"end":{"line":77,"column":92}},"type":"cond-expr","locations":[{"start":{"line":77,"column":41},"end":{"line":77,"column":88}},{"start":{"line":77,"column":91},"end":{"line":77,"column":92}}],"line":77},"5":{"loc":{"start":{"line":105,"column":13},"end":{"line":106,"column":66}},"type":"binary-expr","locations":[{"start":{"line":105,"column":13},"end":{"line":105,"column":60}},{"start":{"line":106,"column":13},"end":{"line":106,"column":66}}],"line":105},"6":{"loc":{"start":{"line":111,"column":27},"end":{"line":111,"column":80}},"type":"cond-expr","locations":[{"start":{"line":111,"column":39},"end":{"line":111,"column":76}},{"start":{"line":111,"column":79},"end":{"line":111,"column":80}}],"line":111},"7":{"loc":{"start":{"line":114,"column":6},"end":{"line":116,"column":7}},"type":"if","locations":[{"start":{"line":114,"column":6},"end":{"line":116,"column":7}},{"start":{},"end":{}}],"line":114},"8":{"loc":{"start":{"line":136,"column":2},"end":{"line":145,"column":3}},"type":"if","locations":[{"start":{"line":136,"column":2},"end":{"line":145,"column":3}},{"start":{},"end":{}}],"line":136},"9":{"loc":{"start":{"line":154,"column":7},"end":{"line":158,"column":7}},"type":"binary-expr","locations":[{"start":{"line":154,"column":7},"end":{"line":154,"column":12}},{"start":{"line":155,"column":8},"end":{"line":157,"column":14}}],"line":154},"10":{"loc":{"start":{"line":201,"column":30},"end":{"line":201,"column":95}},"type":"binary-expr","locations":[{"start":{"line":201,"column":30},"end":{"line":201,"column":42}},{"start":{"line":201,"column":46},"end":{"line":201,"column":95}}],"line":201},"11":{"loc":{"start":{"line":245,"column":11},"end":{"line":284,"column":11}},"type":"binary-expr","locations":[{"start":{"line":245,"column":11},"end":{"line":245,"column":23}},{"start":{"line":246,"column":12},"end":{"line":283,"column":18}}],"line":245},"12":{"loc":{"start":{"line":251,"column":15},"end":{"line":282,"column":15}},"type":"cond-expr","locations":[{"start":{"line":252,"column":16},"end":{"line":252,"column":62}},{"start":{"line":254,"column":16},"end":{"line":281,"column":22}}],"line":251},"13":{"loc":{"start":{"line":259,"column":24},"end":{"line":261,"column":56}},"type":"cond-expr","locations":[{"start":{"line":260,"column":28},"end":{"line":260,"column":58}},{"start":{"line":261,"column":28},"end":{"line":261,"column":56}}],"line":259},"14":{"loc":{"start":{"line":266,"column":26},"end":{"line":266,"column":73}},"type":"cond-expr","locations":[{"start":{"line":266,"column":43},"end":{"line":266,"column":57}},{"start":{"line":266,"column":60},"end":{"line":266,"column":73}}],"line":266},"15":{"loc":{"start":{"line":269,"column":26},"end":{"line":269,"column":77}},"type":"cond-expr","locations":[{"start":{"line":269,"column":43},"end":{"line":269,"column":59}},{"start":{"line":269,"column":62},"end":{"line":269,"column":77}}],"line":269},"16":{"loc":{"start":{"line":271,"column":27},"end":{"line":271,"column":47}},"type":"binary-expr","locations":[{"start":{"line":271,"column":27},"end":{"line":271,"column":37}},{"start":{"line":271,"column":41},"end":{"line":271,"column":47}}],"line":271},"17":{"loc":{"start":{"line":274,"column":23},"end":{"line":278,"column":23}},"type":"binary-expr","locations":[{"start":{"line":274,"column":23},"end":{"line":274,"column":36}},{"start":{"line":274,"column":41},"end":{"line":274,"column":63}},{"start":{"line":274,"column":67},"end":{"line":274,"column":91}},{"start":{"line":275,"column":24},"end":{"line":277,"column":30}}],"line":274},"18":{"loc":{"start":{"line":316,"column":4},"end":{"line":316,"column":50}},"type":"if","locations":[{"start":{"line":316,"column":4},"end":{"line":316,"column":50}},{"start":{},"end":{}}],"line":316},"19":{"loc":{"start":{"line":317,"column":4},"end":{"line":317,"column":58}},"type":"if","locations":[{"start":{"line":317,"column":4},"end":{"line":317,"column":58}},{"start":{},"end":{}}],"line":317},"20":{"loc":{"start":{"line":318,"column":4},"end":{"line":318,"column":57}},"type":"if","locations":[{"start":{"line":318,"column":4},"end":{"line":318,"column":57}},{"start":{},"end":{}}],"line":318},"21":{"loc":{"start":{"line":323,"column":4},"end":{"line":323,"column":54}},"type":"if","locations":[{"start":{"line":323,"column":4},"end":{"line":323,"column":54}},{"start":{},"end":{}}],"line":323},"22":{"loc":{"start":{"line":324,"column":4},"end":{"line":324,"column":55}},"type":"if","locations":[{"start":{"line":324,"column":4},"end":{"line":324,"column":55}},{"start":{},"end":{}}],"line":324},"23":{"loc":{"start":{"line":335,"column":10},"end":{"line":335,"column":49}},"type":"cond-expr","locations":[{"start":{"line":335,"column":32},"end":{"line":335,"column":44}},{"start":{"line":335,"column":47},"end":{"line":335,"column":49}}],"line":335},"24":{"loc":{"start":{"line":340,"column":10},"end":{"line":341,"column":64}},"type":"cond-expr","locations":[{"start":{"line":340,"column":24},"end":{"line":340,"column":39}},{"start":{"line":341,"column":10},"end":{"line":341,"column":64}}],"line":340},"25":{"loc":{"start":{"line":341,"column":10},"end":{"line":341,"column":64}},"type":"cond-expr","locations":[{"start":{"line":341,"column":31},"end":{"line":341,"column":46}},{"start":{"line":341,"column":49},"end":{"line":341,"column":64}}],"line":341},"26":{"loc":{"start":{"line":346,"column":9},"end":{"line":360,"column":9}},"type":"binary-expr","locations":[{"start":{"line":346,"column":9},"end":{"line":346,"column":27}},{"start":{"line":347,"column":10},"end":{"line":359,"column":16}}],"line":346},"27":{"loc":{"start":{"line":351,"column":13},"end":{"line":358,"column":13}},"type":"binary-expr","locations":[{"start":{"line":351,"column":13},"end":{"line":351,"column":35}},{"start":{"line":352,"column":14},"end":{"line":357,"column":20}}],"line":351},"28":{"loc":{"start":{"line":353,"column":16},"end":{"line":354,"column":77}},"type":"cond-expr","locations":[{"start":{"line":353,"column":45},"end":{"line":353,"column":61}},{"start":{"line":354,"column":16},"end":{"line":354,"column":77}}],"line":353},"29":{"loc":{"start":{"line":354,"column":16},"end":{"line":354,"column":77}},"type":"cond-expr","locations":[{"start":{"line":354,"column":43},"end":{"line":354,"column":60}},{"start":{"line":354,"column":63},"end":{"line":354,"column":77}}],"line":354},"30":{"loc":{"start":{"line":364,"column":7},"end":{"line":380,"column":7}},"type":"binary-expr","locations":[{"start":{"line":364,"column":7},"end":{"line":364,"column":25}},{"start":{"line":365,"column":8},"end":{"line":379,"column":14}}],"line":364},"31":{"loc":{"start":{"line":371,"column":18},"end":{"line":371,"column":77}},"type":"cond-expr","locations":[{"start":{"line":371,"column":47},"end":{"line":371,"column":61}},{"start":{"line":371,"column":64},"end":{"line":371,"column":77}}],"line":371},"32":{"loc":{"start":{"line":375,"column":13},"end":{"line":377,"column":13}},"type":"binary-expr","locations":[{"start":{"line":375,"column":13},"end":{"line":375,"column":31}},{"start":{"line":376,"column":14},"end":{"line":376,"column":62}}],"line":375}},"s":{"0":2,"1":55,"2":55,"3":54,"4":54,"5":54,"6":54,"7":54,"8":7283,"9":54,"10":26,"11":26,"12":26,"13":26,"14":26,"15":26,"16":25,"17":24,"18":1,"19":1,"20":26,"21":54,"22":2275,"23":2275,"24":5110,"25":54,"26":54,"27":54,"28":54,"29":54,"30":54,"31":54,"32":54,"33":54,"34":54,"35":54,"36":2268,"37":2268,"38":81,"39":2268,"40":2268,"41":2268,"42":54,"43":54,"44":1,"45":1,"46":54,"47":3,"48":3,"49":54,"50":3,"51":54,"52":54,"53":121,"54":121,"55":54,"56":81,"57":54,"58":54,"59":54,"60":81,"61":80,"62":1,"63":54,"64":54,"65":26,"66":54,"67":54,"68":54,"69":54,"70":20,"71":34,"72":238,"73":1428,"74":4,"75":1,"76":1,"77":1,"78":2,"79":1176,"80":1176,"81":1118,"82":58,"83":20,"84":38,"85":19,"86":19,"87":1176,"88":1176,"89":4,"90":1172,"91":22,"92":1150,"93":1176,"94":3,"95":77},"f":{"0":55,"1":7283,"2":26,"3":2275,"4":5110,"5":54,"6":81,"7":1,"8":1,"9":3,"10":3,"11":3,"12":54,"13":121,"14":81,"15":81,"16":26,"17":238,"18":1428,"19":4,"20":1,"21":1,"22":1176,"23":1176,"24":1176,"25":3,"26":77},"b":{"0":[24,1],"1":[24,0],"2":[1,0],"3":[1,0],"4":[61,2207],"5":[121,81],"6":[21,33],"7":[80,1],"8":[20,34],"9":[34,2],"10":[1428,210],"11":[34,5],"12":[3,2],"13":[2,2],"14":[2,2],"15":[2,2],"16":[4,0],"17":[4,4,0,4],"18":[1118,58],"19":[20,38],"20":[19,19],"21":[4,1172],"22":[22,1150],"23":[316,860],"24":[23,1153],"25":[837,316],"26":[1176,58],"27":[58,39],"28":[20,19],"29":[19,0],"30":[1176,58],"31":[39,38],"32":[58,0]},"_coverageSchema":"1a1c01bbd47fc00a2c39e90264f33305004495a9","hash":"212080dd3c39d4365b48d22ab81b44dba224957c"}
,"/Users/danieldong/Documents/GitHub/gougegaoshu/frontend/src/components/ProfileScreen.js": {"path":"/Users/danieldong/Documents/GitHub/gougegaoshu/frontend/src/components/ProfileScreen.js","statementMap":{"0":{"start":{"line":5,"column":22},"end":{"line":480,"column":1}},"1":{"start":{"line":6,"column":19},"end":{"line":6,"column":27}},"2":{"start":{"line":7,"column":32},"end":{"line":7,"column":46}},"3":{"start":{"line":8,"column":32},"end":{"line":8,"column":46}},"4":{"start":{"line":9,"column":28},"end":{"line":9,"column":42}},"5":{"start":{"line":10,"column":36},"end":{"line":10,"column":51}},"6":{"start":{"line":11,"column":54},"end":{"line":11,"column":69}},"7":{"start":{"line":12,"column":34},"end":{"line":21,"column":4}},"8":{"start":{"line":22,"column":42},"end":{"line":26,"column":4}},"9":{"start":{"line":29,"column":23},"end":{"line":57,"column":3}},"10":{"start":{"line":30,"column":4},"end":{"line":56,"column":5}},"11":{"start":{"line":31,"column":6},"end":{"line":31,"column":23}},"12":{"start":{"line":32,"column":6},"end":{"line":32,"column":21}},"13":{"start":{"line":34,"column":23},"end":{"line":34,"column":52}},"14":{"start":{"line":36,"column":6},"end":{"line":51,"column":7}},"15":{"start":{"line":37,"column":28},"end":{"line":37,"column":47}},"16":{"start":{"line":38,"column":8},"end":{"line":38,"column":32}},"17":{"start":{"line":39,"column":8},"end":{"line":48,"column":11}},"18":{"start":{"line":50,"column":8},"end":{"line":50,"column":47}},"19":{"start":{"line":53,"column":6},"end":{"line":53,"column":38}},"20":{"start":{"line":55,"column":6},"end":{"line":55,"column":24}},"21":{"start":{"line":60,"column":24},"end":{"line":76,"column":3}},"22":{"start":{"line":61,"column":4},"end":{"line":75,"column":5}},"23":{"start":{"line":62,"column":6},"end":{"line":62,"column":21}},"24":{"start":{"line":64,"column":23},"end":{"line":64,"column":63}},"25":{"start":{"line":66,"column":6},"end":{"line":72,"column":7}},"26":{"start":{"line":67,"column":8},"end":{"line":67,"column":48}},"27":{"start":{"line":68,"column":8},"end":{"line":68,"column":28}},"28":{"start":{"line":69,"column":8},"end":{"line":69,"column":24}},"29":{"start":{"line":71,"column":8},"end":{"line":71,"column":47}},"30":{"start":{"line":74,"column":6},"end":{"line":74,"column":40}},"31":{"start":{"line":79,"column":25},"end":{"line":108,"column":3}},"32":{"start":{"line":80,"column":4},"end":{"line":107,"column":5}},"33":{"start":{"line":81,"column":6},"end":{"line":81,"column":21}},"34":{"start":{"line":83,"column":6},"end":{"line":86,"column":7}},"35":{"start":{"line":84,"column":8},"end":{"line":84,"column":32}},"36":{"start":{"line":85,"column":8},"end":{"line":85,"column":15}},"37":{"start":{"line":88,"column":6},"end":{"line":91,"column":7}},"38":{"start":{"line":89,"column":8},"end":{"line":89,"column":32}},"39":{"start":{"line":90,"column":8},"end":{"line":90,"column":15}},"40":{"start":{"line":93,"column":23},"end":{"line":96,"column":7}},"41":{"start":{"line":98,"column":6},"end":{"line":104,"column":7}},"42":{"start":{"line":99,"column":8},"end":{"line":99,"column":37}},"43":{"start":{"line":100,"column":8},"end":{"line":100,"column":83}},"44":{"start":{"line":101,"column":8},"end":{"line":101,"column":24}},"45":{"start":{"line":103,"column":8},"end":{"line":103,"column":47}},"46":{"start":{"line":106,"column":6},"end":{"line":106,"column":40}},"47":{"start":{"line":110,"column":28},"end":{"line":113,"column":3}},"48":{"start":{"line":111,"column":28},"end":{"line":111,"column":36}},"49":{"start":{"line":112,"column":4},"end":{"line":112,"column":54}},"50":{"start":{"line":112,"column":25},"end":{"line":112,"column":51}},"51":{"start":{"line":115,"column":31},"end":{"line":118,"column":3}},"52":{"start":{"line":116,"column":28},"end":{"line":116,"column":36}},"53":{"start":{"line":117,"column":4},"end":{"line":117,"column":58}},"54":{"start":{"line":117,"column":29},"end":{"line":117,"column":55}},"55":{"start":{"line":120,"column":21},"end":{"line":134,"column":3}},"56":{"start":{"line":121,"column":4},"end":{"line":121,"column":24}},"57":{"start":{"line":122,"column":4},"end":{"line":133,"column":5}},"58":{"start":{"line":123,"column":6},"end":{"line":132,"column":9}},"59":{"start":{"line":136,"column":2},"end":{"line":138,"column":9}},"60":{"start":{"line":137,"column":4},"end":{"line":137,"column":19}},"61":{"start":{"line":140,"column":2},"end":{"line":149,"column":3}},"62":{"start":{"line":141,"column":4},"end":{"line":148,"column":6}},"63":{"start":{"line":151,"column":2},"end":{"line":479,"column":4}},"64":{"start":{"line":172,"column":33},"end":{"line":172,"column":51}},"65":{"start":{"line":390,"column":31},"end":{"line":390,"column":58}},"66":{"start":{"line":442,"column":22},"end":{"line":442,"column":51}},"67":{"start":{"line":443,"column":22},"end":{"line":443,"column":97}}},"fnMap":{"0":{"name":"(anonymous_0)","decl":{"start":{"line":5,"column":22},"end":{"line":5,"column":23}},"loc":{"start":{"line":5,"column":28},"end":{"line":480,"column":1}},"line":5},"1":{"name":"(anonymous_1)","decl":{"start":{"line":29,"column":23},"end":{"line":29,"column":24}},"loc":{"start":{"line":29,"column":35},"end":{"line":57,"column":3}},"line":29},"2":{"name":"(anonymous_2)","decl":{"start":{"line":60,"column":24},"end":{"line":60,"column":25}},"loc":{"start":{"line":60,"column":36},"end":{"line":76,"column":3}},"line":60},"3":{"name":"(anonymous_3)","decl":{"start":{"line":79,"column":25},"end":{"line":79,"column":26}},"loc":{"start":{"line":79,"column":37},"end":{"line":108,"column":3}},"line":79},"4":{"name":"(anonymous_4)","decl":{"start":{"line":110,"column":28},"end":{"line":110,"column":29}},"loc":{"start":{"line":110,"column":35},"end":{"line":113,"column":3}},"line":110},"5":{"name":"(anonymous_5)","decl":{"start":{"line":112,"column":16},"end":{"line":112,"column":17}},"loc":{"start":{"line":112,"column":25},"end":{"line":112,"column":51}},"line":112},"6":{"name":"(anonymous_6)","decl":{"start":{"line":115,"column":31},"end":{"line":115,"column":32}},"loc":{"start":{"line":115,"column":38},"end":{"line":118,"column":3}},"line":115},"7":{"name":"(anonymous_7)","decl":{"start":{"line":117,"column":20},"end":{"line":117,"column":21}},"loc":{"start":{"line":117,"column":29},"end":{"line":117,"column":55}},"line":117},"8":{"name":"(anonymous_8)","decl":{"start":{"line":120,"column":21},"end":{"line":120,"column":22}},"loc":{"start":{"line":120,"column":27},"end":{"line":134,"column":3}},"line":120},"9":{"name":"(anonymous_9)","decl":{"start":{"line":136,"column":12},"end":{"line":136,"column":13}},"loc":{"start":{"line":136,"column":18},"end":{"line":138,"column":3}},"line":136},"10":{"name":"(anonymous_10)","decl":{"start":{"line":172,"column":27},"end":{"line":172,"column":28}},"loc":{"start":{"line":172,"column":33},"end":{"line":172,"column":51}},"line":172},"11":{"name":"(anonymous_11)","decl":{"start":{"line":390,"column":25},"end":{"line":390,"column":26}},"loc":{"start":{"line":390,"column":31},"end":{"line":390,"column":58}},"line":390},"12":{"name":"(anonymous_12)","decl":{"start":{"line":441,"column":29},"end":{"line":441,"column":30}},"loc":{"start":{"line":441,"column":35},"end":{"line":444,"column":21}},"line":441}},"branchMap":{"0":{"loc":{"start":{"line":36,"column":6},"end":{"line":51,"column":7}},"type":"if","locations":[{"start":{"line":36,"column":6},"end":{"line":51,"column":7}},{"start":{"line":49,"column":13},"end":{"line":51,"column":7}}],"line":36},"1":{"loc":{"start":{"line":37,"column":28},"end":{"line":37,"column":47}},"type":"binary-expr","locations":[{"start":{"line":37,"column":28},"end":{"line":37,"column":41}},{"start":{"line":37,"column":45},"end":{"line":37,"column":47}}],"line":37},"2":{"loc":{"start":{"line":40,"column":16},"end":{"line":40,"column":52}},"type":"binary-expr","locations":[{"start":{"line":40,"column":16},"end":{"line":40,"column":32}},{"start":{"line":40,"column":36},"end":{"line":40,"column":46}},{"start":{"line":40,"column":50},"end":{"line":40,"column":52}}],"line":40},"3":{"loc":{"start":{"line":41,"column":17},"end":{"line":41,"column":40}},"type":"binary-expr","locations":[{"start":{"line":41,"column":17},"end":{"line":41,"column":34}},{"start":{"line":41,"column":38},"end":{"line":41,"column":40}}],"line":41},"4":{"loc":{"start":{"line":42,"column":17},"end":{"line":42,"column":40}},"type":"binary-expr","locations":[{"start":{"line":42,"column":17},"end":{"line":42,"column":34}},{"start":{"line":42,"column":38},"end":{"line":42,"column":40}}],"line":42},"5":{"loc":{"start":{"line":43,"column":17},"end":{"line":43,"column":40}},"type":"binary-expr","locations":[{"start":{"line":43,"column":17},"end":{"line":43,"column":34}},{"start":{"line":43,"column":38},"end":{"line":43,"column":40}}],"line":43},"6":{"loc":{"start":{"line":44,"column":17},"end":{"line":44,"column":40}},"type":"binary-expr","locations":[{"start":{"line":44,"column":17},"end":{"line":44,"column":34}},{"start":{"line":44,"column":38},"end":{"line":44,"column":40}}],"line":44},"7":{"loc":{"start":{"line":45,"column":24},"end":{"line":45,"column":54}},"type":"binary-expr","locations":[{"start":{"line":45,"column":24},"end":{"line":45,"column":48}},{"start":{"line":45,"column":52},"end":{"line":45,"column":54}}],"line":45},"8":{"loc":{"start":{"line":46,"column":21},"end":{"line":46,"column":48}},"type":"binary-expr","locations":[{"start":{"line":46,"column":21},"end":{"line":46,"column":42}},{"start":{"line":46,"column":46},"end":{"line":46,"column":48}}],"line":46},"9":{"loc":{"start":{"line":47,"column":15},"end":{"line":47,"column":36}},"type":"binary-expr","locations":[{"start":{"line":47,"column":15},"end":{"line":47,"column":30}},{"start":{"line":47,"column":34},"end":{"line":47,"column":36}}],"line":47},"10":{"loc":{"start":{"line":50,"column":17},"end":{"line":50,"column":45}},"type":"binary-expr","locations":[{"start":{"line":50,"column":17},"end":{"line":50,"column":33}},{"start":{"line":50,"column":37},"end":{"line":50,"column":45}}],"line":50},"11":{"loc":{"start":{"line":53,"column":15},"end":{"line":53,"column":36}},"type":"binary-expr","locations":[{"start":{"line":53,"column":15},"end":{"line":53,"column":26}},{"start":{"line":53,"column":30},"end":{"line":53,"column":36}}],"line":53},"12":{"loc":{"start":{"line":66,"column":6},"end":{"line":72,"column":7}},"type":"if","locations":[{"start":{"line":66,"column":6},"end":{"line":72,"column":7}},{"start":{"line":70,"column":13},"end":{"line":72,"column":7}}],"line":66},"13":{"loc":{"start":{"line":71,"column":17},"end":{"line":71,"column":45}},"type":"binary-expr","locations":[{"start":{"line":71,"column":17},"end":{"line":71,"column":33}},{"start":{"line":71,"column":37},"end":{"line":71,"column":45}}],"line":71},"14":{"loc":{"start":{"line":74,"column":15},"end":{"line":74,"column":38}},"type":"binary-expr","locations":[{"start":{"line":74,"column":15},"end":{"line":74,"column":26}},{"start":{"line":74,"column":30},"end":{"line":74,"column":38}}],"line":74},"15":{"loc":{"start":{"line":83,"column":6},"end":{"line":86,"column":7}},"type":"if","locations":[{"start":{"line":83,"column":6},"end":{"line":86,"column":7}},{"start":{},"end":{}}],"line":83},"16":{"loc":{"start":{"line":88,"column":6},"end":{"line":91,"column":7}},"type":"if","locations":[{"start":{"line":88,"column":6},"end":{"line":91,"column":7}},{"start":{},"end":{}}],"line":88},"17":{"loc":{"start":{"line":98,"column":6},"end":{"line":104,"column":7}},"type":"if","locations":[{"start":{"line":98,"column":6},"end":{"line":104,"column":7}},{"start":{"line":102,"column":13},"end":{"line":104,"column":7}}],"line":98},"18":{"loc":{"start":{"line":103,"column":17},"end":{"line":103,"column":45}},"type":"binary-expr","locations":[{"start":{"line":103,"column":17},"end":{"line":103,"column":33}},{"start":{"line":103,"column":37},"end":{"line":103,"column":45}}],"line":103},"19":{"loc":{"start":{"line":106,"column":15},"end":{"line":106,"column":38}},"type":"binary-expr","locations":[{"start":{"line":106,"column":15},"end":{"line":106,"column":26}},{"start":{"line":106,"column":30},"end":{"line":106,"column":38}}],"line":106},"20":{"loc":{"start":{"line":122,"column":4},"end":{"line":133,"column":5}},"type":"if","locations":[{"start":{"line":122,"column":4},"end":{"line":133,"column":5}},{"start":{},"end":{}}],"line":122},"21":{"loc":{"start":{"line":124,"column":14},"end":{"line":124,"column":46}},"type":"binary-expr","locations":[{"start":{"line":124,"column":14},"end":{"line":124,"column":26}},{"start":{"line":124,"column":30},"end":{"line":124,"column":40}},{"start":{"line":124,"column":44},"end":{"line":124,"column":46}}],"line":124},"22":{"loc":{"start":{"line":125,"column":15},"end":{"line":125,"column":34}},"type":"binary-expr","locations":[{"start":{"line":125,"column":15},"end":{"line":125,"column":28}},{"start":{"line":125,"column":32},"end":{"line":125,"column":34}}],"line":125},"23":{"loc":{"start":{"line":126,"column":15},"end":{"line":126,"column":34}},"type":"binary-expr","locations":[{"start":{"line":126,"column":15},"end":{"line":126,"column":28}},{"start":{"line":126,"column":32},"end":{"line":126,"column":34}}],"line":126},"24":{"loc":{"start":{"line":127,"column":15},"end":{"line":127,"column":34}},"type":"binary-expr","locations":[{"start":{"line":127,"column":15},"end":{"line":127,"column":28}},{"start":{"line":127,"column":32},"end":{"line":127,"column":34}}],"line":127},"25":{"loc":{"start":{"line":128,"column":15},"end":{"line":128,"column":34}},"type":"binary-expr","locations":[{"start":{"line":128,"column":15},"end":{"line":128,"column":28}},{"start":{"line":128,"column":32},"end":{"line":128,"column":34}}],"line":128},"26":{"loc":{"start":{"line":129,"column":22},"end":{"line":129,"column":48}},"type":"binary-expr","locations":[{"start":{"line":129,"column":22},"end":{"line":129,"column":42}},{"start":{"line":129,"column":46},"end":{"line":129,"column":48}}],"line":129},"27":{"loc":{"start":{"line":130,"column":19},"end":{"line":130,"column":42}},"type":"binary-expr","locations":[{"start":{"line":130,"column":19},"end":{"line":130,"column":36}},{"start":{"line":130,"column":40},"end":{"line":130,"column":42}}],"line":130},"28":{"loc":{"start":{"line":131,"column":13},"end":{"line":131,"column":30}},"type":"binary-expr","locations":[{"start":{"line":131,"column":13},"end":{"line":131,"column":24}},{"start":{"line":131,"column":28},"end":{"line":131,"column":30}}],"line":131},"29":{"loc":{"start":{"line":140,"column":2},"end":{"line":149,"column":3}},"type":"if","locations":[{"start":{"line":140,"column":2},"end":{"line":149,"column":3}},{"start":{},"end":{}}],"line":140},"30":{"loc":{"start":{"line":158,"column":7},"end":{"line":162,"column":7}},"type":"binary-expr","locations":[{"start":{"line":158,"column":7},"end":{"line":158,"column":12}},{"start":{"line":159,"column":8},"end":{"line":161,"column":14}}],"line":158},"31":{"loc":{"start":{"line":170,"column":15},"end":{"line":177,"column":15}},"type":"binary-expr","locations":[{"start":{"line":170,"column":15},"end":{"line":170,"column":25}},{"start":{"line":171,"column":16},"end":{"line":176,"column":25}}],"line":170},"32":{"loc":{"start":{"line":180,"column":13},"end":{"line":349,"column":13}},"type":"cond-expr","locations":[{"start":{"line":181,"column":14},"end":{"line":309,"column":20}},{"start":{"line":311,"column":14},"end":{"line":348,"column":20}}],"line":180},"33":{"loc":{"start":{"line":315,"column":55},"end":{"line":315,"column":77}},"type":"binary-expr","locations":[{"start":{"line":315,"column":55},"end":{"line":315,"column":68}},{"start":{"line":315,"column":72},"end":{"line":315,"column":77}}],"line":315},"34":{"loc":{"start":{"line":319,"column":55},"end":{"line":319,"column":78}},"type":"binary-expr","locations":[{"start":{"line":319,"column":55},"end":{"line":319,"column":69}},{"start":{"line":319,"column":73},"end":{"line":319,"column":78}}],"line":319},"35":{"loc":{"start":{"line":323,"column":55},"end":{"line":323,"column":78}},"type":"binary-expr","locations":[{"start":{"line":323,"column":55},"end":{"line":323,"column":69}},{"start":{"line":323,"column":73},"end":{"line":323,"column":78}}],"line":323},"36":{"loc":{"start":{"line":327,"column":55},"end":{"line":327,"column":78}},"type":"binary-expr","locations":[{"start":{"line":327,"column":55},"end":{"line":327,"column":69}},{"start":{"line":327,"column":73},"end":{"line":327,"column":78}}],"line":327},"37":{"loc":{"start":{"line":331,"column":55},"end":{"line":331,"column":78}},"type":"binary-expr","locations":[{"start":{"line":331,"column":55},"end":{"line":331,"column":69}},{"start":{"line":331,"column":73},"end":{"line":331,"column":78}}],"line":331},"38":{"loc":{"start":{"line":335,"column":55},"end":{"line":335,"column":85}},"type":"binary-expr","locations":[{"start":{"line":335,"column":55},"end":{"line":335,"column":76}},{"start":{"line":335,"column":80},"end":{"line":335,"column":85}}],"line":335},"39":{"loc":{"start":{"line":341,"column":53},"end":{"line":341,"column":80}},"type":"binary-expr","locations":[{"start":{"line":341,"column":53},"end":{"line":341,"column":71}},{"start":{"line":341,"column":75},"end":{"line":341,"column":80}}],"line":341},"40":{"loc":{"start":{"line":346,"column":73},"end":{"line":346,"column":94}},"type":"binary-expr","locations":[{"start":{"line":346,"column":73},"end":{"line":346,"column":85}},{"start":{"line":346,"column":89},"end":{"line":346,"column":94}}],"line":346},"41":{"loc":{"start":{"line":361,"column":61},"end":{"line":361,"column":78}},"type":"binary-expr","locations":[{"start":{"line":361,"column":61},"end":{"line":361,"column":69}},{"start":{"line":361,"column":73},"end":{"line":361,"column":78}}],"line":361},"42":{"loc":{"start":{"line":366,"column":19},"end":{"line":368,"column":26}},"type":"cond-expr","locations":[{"start":{"line":367,"column":22},"end":{"line":367,"column":74}},{"start":{"line":368,"column":22},"end":{"line":368,"column":26}}],"line":366},"43":{"loc":{"start":{"line":375,"column":19},"end":{"line":377,"column":28}},"type":"cond-expr","locations":[{"start":{"line":376,"column":22},"end":{"line":376,"column":72}},{"start":{"line":377,"column":22},"end":{"line":377,"column":28}}],"line":375},"44":{"loc":{"start":{"line":388,"column":13},"end":{"line":451,"column":13}},"type":"cond-expr","locations":[{"start":{"line":389,"column":14},"end":{"line":394,"column":23}},{"start":{"line":396,"column":14},"end":{"line":450,"column":20}}],"line":388}},"s":{"0":2,"1":89,"2":89,"3":88,"4":88,"5":88,"6":88,"7":88,"8":88,"9":88,"10":18,"11":18,"12":18,"13":18,"14":17,"15":17,"16":17,"17":17,"18":0,"19":1,"20":18,"21":88,"22":2,"23":2,"24":2,"25":2,"26":1,"27":1,"28":1,"29":1,"30":0,"31":88,"32":0,"33":0,"34":0,"35":0,"36":0,"37":0,"38":0,"39":0,"40":0,"41":0,"42":0,"43":0,"44":0,"45":0,"46":0,"47":88,"48":35,"49":35,"50":35,"51":88,"52":0,"53":0,"54":0,"55":88,"56":1,"57":1,"58":1,"59":88,"60":18,"61":88,"62":18,"63":70,"64":6,"65":6,"66":1,"67":1},"f":{"0":89,"1":18,"2":2,"3":0,"4":35,"5":35,"6":0,"7":0,"8":1,"9":18,"10":6,"11":6,"12":1},"b":{"0":[17,0],"1":[17,0],"2":[17,1,0],"3":[17,1],"4":[17,1],"5":[17,1],"6":[17,1],"7":[17,1],"8":[17,1],"9":[17,1],"10":[0,0],"11":[1,0],"12":[1,1],"13":[1,0],"14":[0,0],"15":[0,0],"16":[0,0],"17":[0,0],"18":[0,0],"19":[0,0],"20":[1,0],"21":[1,0,0],"22":[1,0],"23":[1,0],"24":[1,0],"25":[1,0],"26":[1,0],"27":[1,0],"28":[1,0],"29":[18,70],"30":[70,2],"31":[70,26],"32":[44,26],"33":[26,1],"34":[26,2],"35":[26,2],"36":[26,2],"37":[26,2],"38":[26,2],"39":[26,2],"40":[26,2],"41":[70,0],"42":[70,0],"43":[70,0],"44":[64,6]},"_coverageSchema":"1a1c01bbd47fc00a2c39e90264f33305004495a9","hash":"ed343f5ad7bd02a31784f69b3752dd7ef8b9ccfd"}
,"/Users/danieldong/Documents/GitHub/gougegaoshu/frontend/src/components/StudentApp.js": {"path":"/Users/danieldong/Documents/GitHub/gougegaoshu/frontend/src/components/StudentApp.js","statementMap":{"0":{"start":{"line":7,"column":19},"end":{"line":85,"column":1}},"1":{"start":{"line":8,"column":31},"end":{"line":8,"column":39}},"2":{"start":{"line":9,"column":36},"end":{"line":9,"column":52}},"3":{"start":{"line":10,"column":44},"end":{"line":10,"column":59}},"4":{"start":{"line":11,"column":42},"end":{"line":11,"column":57}},"5":{"start":{"line":14,"column":2},"end":{"line":20,"column":28}},"6":{"start":{"line":15,"column":4},"end":{"line":19,"column":5}},"7":{"start":{"line":17,"column":6},"end":{"line":17,"column":28}},"8":{"start":{"line":18,"column":6},"end":{"line":18,"column":29}},"9":{"start":{"line":22,"column":2},"end":{"line":26,"column":13}},"10":{"start":{"line":23,"column":4},"end":{"line":25,"column":5}},"11":{"start":{"line":24,"column":6},"end":{"line":24,"column":30}},"12":{"start":{"line":28,"column":18},"end":{"line":38,"column":3}},"13":{"start":{"line":29,"column":4},"end":{"line":37,"column":13}},"14":{"start":{"line":30,"column":21},"end":{"line":30,"column":39}},"15":{"start":{"line":40,"column":28},"end":{"line":59,"column":3}},"16":{"start":{"line":41,"column":4},"end":{"line":41,"column":30}},"17":{"start":{"line":41,"column":18},"end":{"line":41,"column":30}},"18":{"start":{"line":43,"column":4},"end":{"line":58,"column":6}},"19":{"start":{"line":61,"column":2},"end":{"line":84,"column":4}},"20":{"start":{"line":65,"column":23},"end":{"line":65,"column":45}}},"fnMap":{"0":{"name":"(anonymous_0)","decl":{"start":{"line":7,"column":19},"end":{"line":7,"column":20}},"loc":{"start":{"line":7,"column":25},"end":{"line":85,"column":1}},"line":7},"1":{"name":"(anonymous_1)","decl":{"start":{"line":14,"column":12},"end":{"line":14,"column":13}},"loc":{"start":{"line":14,"column":18},"end":{"line":20,"column":3}},"line":14},"2":{"name":"(anonymous_2)","decl":{"start":{"line":22,"column":12},"end":{"line":22,"column":13}},"loc":{"start":{"line":22,"column":18},"end":{"line":26,"column":3}},"line":22},"3":{"name":"(anonymous_3)","decl"
[...]
,"/Users/danieldong/Documents/GitHub/gougegaoshu/frontend/src/contexts/AppContext.js": {"path":"/Users/danieldong/Documents/GitHub/gougegaoshu/frontend/src/contexts/AppContext.js","statementMap":{"0":{"start":{"line":4,"column":19},"end":{"line":4,"column":34}},"1":{"start":{"line":7,"column":21},"end":{"line":13,"column":1}},"2":{"start":{"line":16,"column":20},"end":{"line":22,"column":1}},"3":{"start":{"line":26,"column":2},"end":{"line":55,"column":3}},"4":{"start":{"line":28,"column":6},"end":{"line":28,"column":51}},"5":{"start":{"line":31,"column":6},"end":{"line":37,"column":8}},"6":{"start":{"line":40,"column":6},"end":{"line":40,"column":65}},"7":{"start":{"line":43,"column":6},"end":{"line":48,"column":8}},"8":{"start":{"line":51,"column":6},"end":{"line":51,"column":54}},"9":{"start":{"line":54,"column":6},"end":{"line":54,"column":19}},"10":{"start":{"line":59,"column":27},"end":{"line":190,"column":1}},"11":{"start":{"line":60,"column":28},"end":{"line":60,"column":64}},"12":{"start":{"line":63,"column":2},"end":{"line":95,"column":9}},"13":{"start":{"line":64,"column":21},"end":{"line":92,"column":5}},"14":{"start":{"line":65,"column":20},"end":{"line":65,"column":49}},"15":{"start":{"line":66,"column":24},"end":{"line":66,"column":52}},"16":{"start":{"line":68,"column":6},"end":{"line":91,"column":7}},"17":{"start":{"line":69,"column":8},"end":{"line":88,"column":9}},"18":{"start":{"line":71,"column":27},"end":{"line":71,"column":49}},"19":{"start":{"line":72,"column":10},"end":{"line":82,"column":11}},"20":{"start":{"line":73,"column":12},"end":{"line":76,"column":15}},"21":{"start":{"line":79,"column":12},"end":{"line":79,"column":45}},"22":{"start":{"line":80,"column":12},"end":{"line":80,"column":44}},"23":{"start":{"line":81,"column":12},"end":{"line":81,"column":51}},"24":{"start":{"line":84,"column":10},"end":{"line":84,"column":45}},"25":{"start":{"line":85,"column":10},"end":{"line":85,"column":43}},"26":{"start":{"line":86,"column":10},"end":{"line":86,"column":42}},"27":{"start":{"line":87,"column":10},"end":{"line":87,"column":49}},"28":{"start":{"line":90,"column":8},"end":{"line":90,"column":68}},"29":{"start":{"line":94,"column":4},"end":{"line":94,"column":15}},"30":{"start":{"line":98,"column":16},"end":{"line":128,"column":3}},"31":{"start":{"line":99,"column":4},"end":{"line":127,"column":5}},"32":{"start":{"line":100,"column":6},"end":{"line":100,"column":65}},"33":{"start":{"line":101,"column":6},"end":{"line":101,"column":63}},"34":{"start":{"line":103,"column":23},"end":{"line":103,"column":63}},"35":{"start":{"line":105,"column":6},"end":{"line":123,"column":7}},"36":{"start":{"line":106,"column":35},"end":{"line":106,"column":48}},"37":{"start":{"line":109,"column":8},"end":{"line":109,"column":45}},"38":{"start":{"line":110,"column":8},"end":{"line":110,"column":62}},"39":{"start":{"line":112,"column":8},"end":{"line":119,"column":9}},"40":{"start":{"line":113,"column":10},"end":{"line":116,"column":14}},"41":{"start":{"line":118,"column":10},"end":{"line":118,"column":54}},"42":{"start":{"line":121,"column":8},"end":{"line":121,"column":67}},"43":{"start":{"line":122,"column":8},"end":{"line":122,"column":33}},"44":{"start":{"line":125,"column":6},"end":{"line":125,"column":72}},"45":{"start":{"line":126,"column":6},"end":{"line":126,"column":56}},"46":{"start":{"line":131,"column":17},"end":{"line":135,"column":3}},"47":{"start":{"line":132,"column":4},"end":{"line":132,"column":37}},"48":{"start":{"line":133,"column":4},"end":{"line":133,"column":36}},"49":{"start":{"line":134,"column":4},"end":{"line":134,"column":43}},"50":{"start":{"line":138,"column":30},"end":{"line":151,"column":3}},"51":{"start":{"line":139,"column":4},"end":{"line":150,"column":5}},"52":{"start":{"line":140,"column":23},"end":{"line":140,"column":69}},"53":{"start":{"line":141,"column":6},"end":{"line":147,"column":7}},"54":{"start":{"line":143,"column":28},"end":{"line":143,"column":73}},"55":{"start":{"line":144,"column":8},"end":{"line":144,"column":66}},"56":{"start":{"line":145,"column":8},"end":{"line":145,"column":71}},"57":{"start":{"line":146,"column":8},"end":{"line":146,"column":33}},"58":{"start":{"line":149,"column":6},"end":{"line":149,"column":56}},"59":{"start":{"line":154,"column":25},"end":{"line":161,"column":3}},"60":{"start":{"line":155,"column":4},"end":{"line":160,"column":5}},"61":{"start":{"line":156,"column":23},"end":{"line":156,"column":77}},"62":{"start":{"line":157,"column":6},"end":{"line":157,"column":22}},"63":{"start":{"line":159,"column":6},"end":{"line":159,"column":56}},"64":{"start":{"line":164,"column":24},"end":{"line":166,"column":3}},"65":{"start":{"line":165,"column":4},"end":{"line":165,"column":67}},"66":{"start":{"line":169,"column":21},"end":{"line":173,"column":3}},"67":{"start":{"line":170,"column":20},"end":{"line":170,"column":46}},"68":{"start":{"line":171,"column":4},"end":{"line":171,"column":43}},"69":{"start":{"line":172,"column":4},"end":{"line":172,"column":27}},"70":{"start":{"line":175,"column":16},"end":{"line":183,"column":3}},"71":{"start":{"line":185,"column":2},"end":{"line":189,"column":4}},"72":{"start":{"line":193,"column":22},"end":{"line":199,"column":1}},"73":{"start":{"line":194,"column":18},"end":{"line":194,"column":40}},"74":{"start":{"line":195,"column":2},"end":{"line":197,"column":3}},"75":{"start":{"line":196,"column":4},"end":{"line":196,"column":65}},"76":{"start":{"line":198,"column":2},"end":{"line":198,"column":17}}},"fnMap":{"0":{"name":"appReducer","decl":{"start":{"line":25,"column":9},"end":{"line":25,"column":19}},"loc":{"start":{"line":25,"column":35},"end":{"line":56,"column":1}},"line":25},"1":{"name":"(anonymous_1)","decl":{"start":{"line":59,"column":27},"end":{"line":59,"column":28}},"loc":{"start":{"line":59,"column":45},"end":{"line":190,"column":1}},"line":59},"2":{"name":"(anonymous_2)","decl":{"start":{"line":63,"column":12},"end":{"line":63,"column":13}},"loc":{"start":{"line":63,"column":18},"end":{"line":95,"column":3}},"line":63},"3":{"name":"(anonymous_3)","decl":{"start":{"line":64,"column":21},"end":{"line":64,"column":22}},"loc":{"start":{"line":64,"column":33},"end":{"line":92,"column":5}},"line":64},"4":{"name":"(anonymous_4)","decl":{"start":{"line":98,"column":16},"end":{"line":98,"column":17}},"loc":{"start":{"line":98,"column":67},"end":{"line":128,"column":3}},"line":98},"5":{"name":"(anonymous_5)","decl":{"start":{"line":131,"column":17},"end":{"line":131,"column":18}},"loc":{"start":{"line":131,"column":23},"end":{"line":135,"column":3}},"line":131},"6":{"name":"(anonymous_6)","decl":{"start":{"line":138,"column":30},"end":{"line":138,"column":31}},"loc":{"start":{"line":138,"column":53},"end":{"line":151,"column":3}},"line":138},"7":{"name":"(anonymous_7)","decl":{"start":{"line":154,"column":25},"end":{"line":154,"column":26}},"loc":{"start":{"line":154,"column":61},"end":{"line":161,"column":3}},"line":154},"8":{"name":"(anonymous_8)","decl":{"start":{"line":164,"column":24},"end":{"line":164,"column":25}},"loc":{"start":{"line":164,"column":34},"end":{"line":166,"column":3}},"line":164},"9":{"name":"(anonymous_9)","decl":{"start":{"line":169,"column":21},"end":{"line":169,"column":22}},"loc":{"start":{"line":169,"column":27},"end":{"line":173,"column":3}},"line":169},"10":{"name":"(anonymous_10)","decl":{"start":{"line":193,"column":22},"end":{"line":193,"column":23}},"loc":{"start":{"line":193,"column":28},"end":{"line":199,"column":1}},"line":193}},"branchMap":{"0":{"loc":{"start":{"line":26,"column":2},"end":{"line":55,"column":3}},"type":"switch","locations":[{"start":{"line":27,"column":4},"end":{"line":28,"column":51}},{"start":{"line":30,"column":4},"end":{"line":37,"column":8}},{"start":{"line":39,"column":4},"end":{"line":40,"column":65}},{"start":{"line":42,"column":4},"end":{"line":48,"column":8}},{"start":{"line":50,"column":4},"end":{"line":51,"column":54}},{"start":{"line":53,"column":4},"end":{"line":54,"column":19}}],"line":26},"1":{"loc":{"start":{"line":68,"column":6},"end":{"line":91,"column":7}},"type":"if","locations":[{"start":{"line":68,"column":6},"end":{"line":91,"column":7}},{"start":{"line":89,"column":13},"end":{"line":91,"column":7}}],"line":68},"2":{"loc":{"start":{"line":68,"column":10},"end":{"line":68,"column":28}},"type":"binary-expr","locations":[{"start":{"line":68,"column":10},"end":{"line":68,"column":15}},{"start":{"line":68,"column":19},"end":{"line":68,"column":28}}],"line":68},"3":{"loc":{"start":{"line":72,"column":10},"end":{"line":82,"column":11}},"type":"if","locations":[{"start":{"line":72,"column":10},"end":{"line":82,"column":11}},{"start":{"line":77,"column":17},"end":{"line":82,"column":11}}],"line":72},"4":{"loc":{"start":{"line":98,"column":44},"end":{"line":98,"column":62}},"type":"default-arg","locations":[{"start":{"line":98,"column":57},"end":{"line":98,"column":62}}],"line":98},"5":{"loc":{"start":{"line":105,"column":6},"end":{"line":123,"column":7}},"type":"if","locations":[{"start":{"line":105,"column":6},"end":{"line":123,"column":7}},{"start":{},"end":{}}],"line":105},"6":{"loc":{"start":{"line":112,"column":8},"end":{"line":119,"column":9}},"type":"if","locations":[{"start":{"line":112,"column":8},"end":{"line":119,"column":9}},{"start":{"line":117,"column":15},"end":{"line":119,"column":9}}],"line":112},"7":{"loc":{"start":{"line":141,"column":6},"end":{"line":147,"column":7}},"type":"if","locations":[{"start":{"line":141,"column":6},"end":{"line":147,"column":7}},{"start":{},"end":{}}],"line":141},"8":{"loc":{"start":{"line":195,"column":2},"end":{"line":197,"column":3}},"type":"if","locations":[{"start":{"line":195,"column":2},"end":{"line":197,"column":3}},{"start":{},"end":{}}],"line":195}},"s":{"0":1,"1":1,"2":1,"3":29,"4":13,"5":6,"6":5,"7":3,"8":2,"9":0,"10":1,"11":38,"12":38,"13":13,"14":13,"15":13,"16":13,"17":4,"18":4,"19":3,"20":2,"21":1,"22":1,"23":1,"24":1,"25":1,"26":1,"27":1,"28":9,"29":13,"30":38,"31":4,"32":4,"33":4,"34":4,"35":3,"36":3,"37":3,"38":3,"39":3,"40":1,"41":2,"42":3,"43":3,"44":1,"45":1,"46":38,"47":1,"48":1,"49":1,"50":38,"51":2,"52":2,"53":1,"54":1,"55":1,"56":1,"57":1,"58":1,"59":38,"60":2,"61":2,"62":1,"63":1,"64":38,"65":2,"66":38,"67":1,"68":1,"69":1,"70":38,"71":38,"72":1,"73":38,"74":38,"75":0,"76":38},"f":{"0":29,"1":38,"2":13,"3":13,"4":4,"5":1,"6":2,"7":2,"8":2,"9":1,"10":38},"b":{"0":[13,6,5,3,2,0],"1":[4,9],"2":[13,4],"3":[2,1],"4":[0],"5":[3,0],"6":[1,2],"7":[1,0],"8":[0,38]},"_coverageSchema":"1a1c01bbd47fc00a2c39e90264f33305004495a9","hash":"15a1430a602a8be5fafc945a93db12c920f209eb"}
,"/Users/danieldong/Documents/GitHub/gougegaoshu/frontend/src/services/api.js": {"path":"/Users/danieldong/Documents/GitHub/gougegaoshu/frontend/src/services/api.js","statementMap":{"0":{"start":{"line":4,"column":12},"end":{"line":10,"column":2}},"1":{"start":{"line":13,"column":0},"end":{"line":24,"column":2}},"2":{"start":{"line":15,"column":18},"end":{"line":15,"column":47}},"3":{"start":{"line":16,"column":4},"end":{"line":18,"column":5}},"4":{"start":{"line":17,"column":6},"end":{"line":17,"column":55}},"5":{"start":{"line":19,"column":4},"end":{"line":19,"column":18}},"6":{"start":{"line":22,"column":4},"end":{"line":22,"column":33}},"7":{"start":{"line":27,"column":0},"end":{"line":47,"column":2}},"8":{"start":{"line":29,"column":4},"end":{"line":29,"column":25}},"9":{"start":{"line":32,"column":4},"end":{"line":43,"column":5}},"10":{"start":{"line":33,"column":31},"end":{"line":33,"column":45}},"11":{"start":{"line":36,"column":6},"end":{"line":40,"column":7}},"12":{"start":{"line":37,"column":8},"end":{"line":37,"column":41}},"13":{"start":{"line":38,"column":8},"end":{"line":38,"column":40}},"14":{"start":{"line":39,"column":8},"end":{"line":39,"column":40}},"15":{"start":{"line":42,"column":6},"end":{"line":42,"column":57}},"16":{"start":{"line":45,"column":4},"end":{"line":45,"column":55}},"17":{"start":{"line":50,"column":23},"end":{"line":66,"column":1}},"18":{"start":{"line":53,"column":4},"end":{"line":53,"column":52}},"19":{"start":{"line":57,"column":4},"end":{"line":57,"column":60}},"20":{"start":{"line":61,"column":4},"end":{"line":61,"column":67}},"21":{"start":{"line":65,"column":4},"end":{"line":65,"column":27}},"22":{"start":{"line":69,"column":23},"end":{"line":85,"column":1}},"23":{"start":{"line":72,"column":4},"end":{"line":72,"column":57}},"24":{"start":{"line":76,"column":4},"end":{"line":76,"column":40}},"25":{"start":{"line":80,"column":4},"end":{"line":80,"column":38}},"26":{"start":{"line":84,"column":4},"end":{"line":84,"column":35}},"27":{"start":{"line":88,"column":26},"end":{"line":96,"column":1}},"28":{"start":{"line":91,"column":4},"end":{"line":91,"column":24}},"29":{"start":{"line":95,"column":4},"end":{"line":95,"column":37}},"30":{"start":{"line":99,"column":24},"end":{"line":123,"column":1}},"31":{"start":{"line":102,"column":4},"end":{"line":102,"column":30}},"32":{"start":{"line":106,"column":4},"end":{"line":106,"column":41}},"33":{"start":{"line":110,"column":4},"end":{"line":110,"column":59}},"34":{"start":{"line":114,"column":4},"end":{"line":114,"column":51}},"35":{"start":{"line":118,"column":4},"end":{"line":118,"column":53}},"36":{"start":{"line":122,"column":4},"end":{"line":122,"column":57}}},"fnMap":{"0":{"name":"(anonymous_0)","decl":{"start":{"line":14,"column":2},"end":{"line":14,"column":3}},"loc":{"start":{"line":14,"column":14},"end":{"line":20,"column":3}},"line":14},"1":{"name":"(anonymous_1)","decl":{"start":{"line":21,"column":2},"end":{"line":21,"column":3}},"loc":{"start":{"line":21,"column":13},"end":{"line":23,"column":3}},"line":21},"2":{"name":"(anonymous_2)","decl":{"start":{"line":28,"column":2},"end":{"line":28,"column":3}},"loc":{"start":{"line":28,"column":16},"end":{"line":30,"column":3}},"line":28},"3":{"name":"(anonymous_3)","decl":{"start":{"line":31,"column":2},"end":{"line":31,"column":3}},"loc":{"start":{"line":31,"column":13},"end":{"line":46,"column":3}},"line":31},"4":{"name":"(anonymous_4)","decl":{"start":{"line":52,"column":9},"end":{"line":52,"column":10}},"loc":{"start":{"line":53,"column":4},"end":{"line":53,"column":52}},"line":53},"5":{"name":"(anonymous_5)","decl":{"start":{"line":56,"column":23},"end":{"line":56,"column":24}},"loc":{"start":{"line":57,"column":4},"end":{"line":57,"column":60}},"line":57},"6":{"name":"(anonymous_6)","decl":{"start":{"line":60,"column":18},"end":{"line":60,"column":19}},"loc":{"start":{"line":61,"column":4},"end":{"line":61,"column":67}},"line":61},"7":{"name":"(anonymous_7)","decl":{"start":{"line":64,"column":10},"end":{"line":64,"column":11}},"loc":{"start":{"line":65,"column":4},"end":{"line":65,"column":27}},"line":65},"8":{"name":"(anonymous_8)","decl":{"start":{"line":71,"column":12},"end":{"line":71,"column":13}},"loc":{"start":{"line":72,"column":4},"end":{"line":72,"column":57}},"line":72},"9":{"name":"(anonymous_9)","decl":{"start":{"line":75,"column":14},"end":{"line":75,"column":15}},"loc":{"start":{"line":76,"column":4},"end":{"line":76,"column":40}},"line":76},"10":{"name":"(anonymous_10)","decl":{"start":{"line":79,"column":16},"end":{"line":79,"column":17}},"loc":{"start":{"line":80,"column":4},"end":{"line":80,"column":38}},"line":80},"11":{"name":"(anonymous_11)","decl":{"start":{"line":83,"column":19},"end":{"line":83,"column":20}},"loc":{"start":{"line":84,"column":4},"end":{"line":84,"column":35}},"line":84},"12":{"name":"(anonymous_12)","decl":{"start":{"line":90,"column":14},"end":{"line":90,"column":15}},"loc":{"start":{"line":91,"column":4},"end":{"line":91,"column":24}},"line":91},"13":{"name":"(anonymous_13)","decl":{"start":{"line":94,"column":17},"end":{"line":94,"column":18}},"loc":{"start":{"line":95,"column":4},"end":{"line":95,"column":37}},"line":95},"14":{"name":"(anonymous_14)","decl":{"start":{"line":101,"column":15},"end":{"line":101,"column":16}},"loc":{"start":{"line":102,"column":4},"end":{"line":102,"column":30}},"line":102},"15":{"name":"(anonymous_15)","decl":{"start":{"line":105,"column":17},"end":{"line":105,"column":18}},"loc":{"start":{"line":106,"column":4},"end":{"line":106,"column":41}},"line":106},"16":{"name":"(anonymous_16)","decl":{"start":{"line":109,"column":17},"end":{"line":109,"column":18}},"loc":{"start":{"line":110,"column":4},"end":{"line":110,"column":59}},"line":110},"17":{"name":"(anonymous_17)","decl":{"start":{"line":113,"column":21},"end":{"line":113,"column":22}},"loc":{"start":{"line":114,"column":4},"end":{"line":114,"column":51}},"line":114},"18":{"name":"(anonymous_18)","decl":{"start":{"line":117,"column":19},"end":{"line":117,"column":20}},"loc":{"start":{"line":118,"column":4},"end":{"line":118,"column":53}},"line":118},"19":{"name":"(anonymous_19)","decl":{"start":{"line":121,"column":17},"end":{"line":121,"column":18}},"loc":{"start":{"line":122,"column":4},"end":{"line":122,"column":57}},"line":122}},"branchMap":{"0":{"loc":{"start":{"line":5,"column":11},"end":{"line":5,"column":71}},"type":"binary-expr","locations":[{"start":{"line":5,"column":11},"end":{"line":5,"column":40}},{"start":{"line":5,"column":44},"end":{"line":5,"column":71}}],"line":5},"1":{"loc":{"start":{"line":16,"column":4},"end":{"line":18,"column":5}},"type":"if","locations":[{"start":{"line":16,"column":4},"end":{"line":18,"column":5}},{"start":{},"end":{}}],"line":16},"2":{"loc":{"start":{"line":32,"column":4},"end":{"line":43,"column":5}},"type":"if","locations":[{"start":{"line":32,"column":4},"end":{"line":43,"column":5}},{"start":{},"end":{}}],"line":32},"3":{"loc":{"start":{"line":36,"column":6},"end":{"line":40,"column":7}},"type":"if","locations":[{"start":{"line":36,"column":6},"end":{"line":40,"column":7}},{"start":{},"end":{}}],"line":36},"4":{"loc":{"start":{"line":36,"column":10},"end":{"line":36,"column":42}},"type":"binary-expr","locations":[{"start":{"line":36,"column":10},"end":{"line":36,"column":24}},{"start":{"line":36,"column":28},"end":{"line":36,"column":42}}],"line":36},"5":{"loc":{"start":{"line":42,"column":28},"end":{"line":42,"column":55}},"type":"binary-expr","locations":[{"start":{"line":42,"column":28},"end":{"line":42,"column":32}},{"start":{"line":42,"column":36},"end":{"line":42,"column":55}}],"line":42}},"s":{"0":20,"1":20,"2":0,"3":0,"4":0,"5":0,"6":0,"7":20,"8":1,"9":1,"10":0,"11":0,"12":0,"13":0,"14":0,"15":0,"16":1,"17":20,"18":1,"19":1,"20":1,"21":1,"22":20,"23":1,"24":1,"25":1,"26":1,"27":20,"28":1,"29":1,"30":20,"31":1,"32":1,"33":1,"34":1,"35":1,"36":0},"f":{"0":0,"1":0,"2":1,"3":1,"4":1,"5":1,"6":1,"7":1,"8":1,"9":1,"10":1,"11":1,"12":1,"13":1,"14":1,"15":1,"16":1,"17":1,"18":1,"19":0},"b":{"0":[20,20],"1":[0,0],"2":[0,1],"3":[0,0],"4":[0,0],"5":[0,0]},"_coverageSchema":"1a1c01bbd47fc00a2c39e90264f33305004495a9","hash":"b3b5c94d88a05f289ccb75f72da16779ae8fd7eb"}
}
