TN:
SF:src/App.js
FN:11,(anonymous_0)
FN:29,(anonymous_1)
FN:79,(anonymous_2)
FN:83,(anonymous_3)
FN:96,(anonymous_4)
FN:104,(anonymous_5)
FN:125,App
FNF:7
FNH:3
FNDA:0,(anonymous_0)
FNDA:4,(anonymous_1)
FNDA:4,(anonymous_2)
FNDA:0,(anonymous_3)
FNDA:0,(anonymous_4)
FNDA:0,(anonymous_5)
FNDA:4,App
DA:11,1
DA:12,0
DA:14,0
DA:15,0
DA:25,0
DA:29,1
DA:30,4
DA:32,4
DA:33,0
DA:44,4
DA:45,0
DA:48,4
DA:79,1
DA:80,4
DA:81,4
DA:83,4
DA:84,0
DA:86,0
DA:87,0
DA:90,4
DA:96,0
DA:104,0
DA:126,4
LF:23
LH:12
BRDA:14,0,0,0
BRDA:14,0,1,0
BRDA:25,1,0,0
BRDA:25,1,1,0
BRDA:32,2,0,0
BRDA:32,2,1,4
BRDA:44,3,0,0
BRDA:44,3,1,4
BRDA:44,4,0,4
BRDA:44,4,1,0
BRDA:52,5,0,0
BRDA:52,5,1,4
BRDA:98,6,0,4
BRDA:98,6,1,0
BRDA:106,7,0,0
BRDA:106,7,1,4
BRDA:120,8,0,4
BRDA:120,8,1,0
BRF:18
BRH:7
end_of_record
TN:
SF:src/components/AdminDashboard.js
FN:4,(anonymous_0)
FN:18,(anonymous_1)
FN:38,(anonymous_2)
FN:53,(anonymous_3)
FN:78,(anonymous_4)
FN:99,(anonymous_5)
FN:123,(anonymous_6)
FN:140,(anonymous_7)
FN:145,(anonymous_8)
FN:180,(anonymous_9)
FN:189,(anonymous_10)
FN:197,(anonymous_11)
FN:216,(anonymous_12)
FN:291,(anonymous_13)
FN:347,(anonymous_14)
FN:353,(anonymous_15)
FN:380,(anonymous_16)
FN:394,(anonymous_17)
FN:421,(anonymous_18)
FN:439,(anonymous_19)
FNF:20
FNH:19
FNDA:135,(anonymous_0)
FNDA:27,(anonymous_1)
FNDA:2,(anonymous_2)
FNDA:3,(anonymous_3)
FNDA:3,(anonymous_4)
FNDA:3,(anonymous_5)
FNDA:2,(anonymous_6)
FNDA:2,(anonymous_7)
FNDA:25,(anonymous_8)
FNDA:5,(anonymous_9)
FNDA:212,(anonymous_10)
FNDA:2,(anonymous_11)
FNDA:3,(anonymous_12)
FNDA:4,(anonymous_13)
FNDA:212,(anonymous_14)
FNDA:212,(anonymous_15)
FNDA:10,(anonymous_16)
FNDA:1,(anonymous_17)
FNDA:42,(anonymous_18)
FNDA:0,(anonymous_19)
DA:4,2
DA:5,135
DA:6,134
DA:7,134
DA:8,134
DA:9,134
DA:10,134
DA:11,134
DA:12,134
DA:13,134
DA:14,134
DA:15,134
DA:18,134
DA:19,27
DA:20,27
DA:21,27
DA:23,27
DA:25,26
DA:26,26
DA:28,0
DA:31,1
DA:33,27
DA:38,134
DA:39,2
DA:40,2
DA:42,2
DA:43,2
DA:45,0
DA:48,0
DA:53,134
DA:54,3
DA:55,1
DA:56,1
DA:59,2
DA:60,2
DA:62,2
DA:64,2
DA:65,1
DA:66,1
DA:67,1
DA:68,1
DA:70,1
DA:73,0
DA:78,134
DA:79,3
DA:80,1
DA:83,2
DA:84,2
DA:86,2
DA:88,1
DA:89,1
DA:91,0
DA:94,1
DA:99,134
DA:100,3
DA:101,1
DA:102,1
DA:105,2
DA:106,2
DA:108,2
DA:110,1
DA:111,1
DA:112,1
DA:113,1
DA:115,0
DA:118,1
DA:123,134
DA:124,2
DA:125,2
DA:127,2
DA:129,1
DA:130,1
DA:132,0
DA:135,1
DA:140,134
DA:141,2
DA:142,2
DA:145,134
DA:146,25
DA:149,134
DA:150,26
DA:160,108
DA:180,5
DA:190,212
DA:197,2
DA:217,3
DA:218,3
DA:291,4
DA:347,212
DA:354,212
DA:355,107
DA:356,107
DA:357,107
DA:380,10
DA:395,1
DA:396,1
DA:421,42
DA:440,0
DA:441,0
LF:99
LH:90
BRDA:25,0,0,26
BRDA:25,0,1,0
BRDA:26,1,0,26
BRDA:26,1,1,0
BRDA:28,2,0,0
BRDA:28,2,1,0
BRDA:31,3,0,1
BRDA:31,3,1,0
BRDA:42,4,0,2
BRDA:42,4,1,0
BRDA:45,5,0,0
BRDA:45,5,1,0
BRDA:48,6,0,0
BRDA:48,6,1,0
BRDA:54,7,0,1
BRDA:54,7,1,2
BRDA:64,8,0,1
BRDA:64,8,1,1
BRDA:70,9,0,1
BRDA:70,9,1,0
BRDA:73,10,0,0
BRDA:73,10,1,0
BRDA:79,11,0,1
BRDA:79,11,1,2
BRDA:88,12,0,1
BRDA:88,12,1,0
BRDA:91,13,0,0
BRDA:91,13,1,0
BRDA:94,14,0,1
BRDA:94,14,1,0
BRDA:100,15,0,1
BRDA:100,15,1,2
BRDA:110,16,0,1
BRDA:110,16,1,0
BRDA:115,17,0,0
BRDA:115,17,1,0
BRDA:118,18,0,1
BRDA:118,18,1,0
BRDA:129,19,0,1
BRDA:129,19,1,0
BRDA:132,20,0,0
BRDA:132,20,1,0
BRDA:135,21,0,1
BRDA:135,21,1,0
BRDA:149,22,0,26
BRDA:149,22,1,108
BRDA:167,23,0,108
BRDA:167,23,1,7
BRDA:193,24,0,4
BRDA:193,24,1,208
BRDA:209,25,0,106
BRDA:209,25,1,106
BRDA:213,26,0,106
BRDA:213,26,1,106
BRDA:230,27,0,108
BRDA:230,27,1,2
BRDA:243,28,0,108
BRDA:243,28,1,4
BRDA:259,29,0,2
BRDA:259,29,1,2
BRDA:266,30,0,4
BRDA:266,30,1,2
BRDA:270,31,0,2
BRDA:270,31,1,0
BRDA:274,32,0,2
BRDA:274,32,1,0
BRDA:278,33,0,2
BRDA:278,33,1,0
BRDA:312,34,0,108
BRDA:312,34,1,1
BRDA:354,35,0,105
BRDA:354,35,1,107
BRDA:367,36,0,108
BRDA:367,36,1,19
BRDA:409,37,0,108
BRDA:409,37,1,50
BRF:76
BRH:48
end_of_record
TN:
SF:src/components/ChangePassword.js
FN:4,(anonymous_0)
FN:13,(anonymous_1)
FN:15,(anonymous_2)
FN:22,(anonymous_3)
FNF:4
FNH:4
FNDA:206,(anonymous_0)
FNDA:184,(anonymous_1)
FNDA:184,(anonymous_2)
FNDA:7,(anonymous_3)
DA:4,2
DA:5,206
DA:6,206
DA:10,205
DA:11,205
DA:13,205
DA:14,184
DA:15,184
DA:19,184
DA:22,205
DA:23,7
DA:24,7
DA:26,7
DA:27,2
DA:28,2
DA:31,5
DA:32,1
DA:33,1
DA:36,4
DA:37,4
DA:38,4
DA:40,4
DA:41,1
DA:45,205
LF:24
LH:24
BRDA:26,0,0,2
BRDA:26,0,1,5
BRDA:31,1,0,1
BRDA:31,1,1,4
BRDA:40,2,0,1
BRDA:40,2,1,3
BRDA:83,3,0,205
BRDA:83,3,1,4
BRDA:94,4,0,4
BRDA:94,4,1,201
BRF:10
BRH:10
end_of_record
TN:
SF:src/components/Login.js
FN:4,(anonymous_0)
FN:14,(anonymous_1)
FN:19,(anonymous_2)
FN:31,(anonymous_3)
FN:33,(anonymous_4)
FN:39,(anonymous_5)
FNF:6
FNH:5
FNDA:93,(anonymous_0)
FNDA:9,(anonymous_1)
FNDA:0,(anonymous_2)
FNDA:77,(anonymous_3)
FNDA:77,(anonymous_4)
FNDA:5,(anonymous_5)
DA:4,2
DA:5,93
DA:6,93
DA:11,92
DA:14,92
DA:15,9
DA:16,9
DA:17,9
DA:18,0
DA:19,0
DA:27,0
DA:31,92
DA:32,77
DA:33,77
DA:39,92
DA:40,5
DA:41,5
DA:43,5
DA:44,2
DA:45,2
DA:48,3
DA:54,3
DA:55,1
DA:59,92
LF:24
LH:21
BRDA:17,0,0,0
BRDA:17,0,1,9
BRDA:35,1,0,2
BRDA:35,1,1,75
BRDA:43,2,0,2
BRDA:43,2,1,3
BRDA:43,3,0,5
BRDA:43,3,1,4
BRDA:54,4,0,1
BRDA:54,4,1,2
BRDA:111,5,0,92
BRDA:111,5,1,89
BRDA:111,5,2,3
BRDA:113,6,0,3
BRDA:113,6,1,0
BRDA:122,7,0,0
BRDA:122,7,1,92
BRF:17
BRH:14
end_of_record
TN:
SF:src/components/MonthScreen.js
FN:5,(anonymous_0)
FN:14,(anonymous_1)
FN:19,(anonymous_2)
FN:45,(anonymous_3)
FN:47,(anonymous_4)
FN:51,(anonymous_5)
FN:66,(anonymous_6)
FN:87,(anonymous_7)
FN:88,(anonymous_8)
FN:92,(anonymous_9)
FN:93,(anonymous_10)
FN:97,(anonymous_11)
FN:102,(anonymous_12)
FN:103,(anonymous_13)
FN:109,(anonymous_14)
FN:113,(anonymous_15)
FN:128,(anonymous_16)
FN:187,(anonymous_17)
FN:196,(anonymous_18)
FN:255,(anonymous_19)
FN:291,(anonymous_20)
FN:300,(anonymous_21)
FN:314,(anonymous_22)
FN:315,(anonymous_23)
FN:322,(anonymous_24)
FN:330,(anonymous_25)
FN:367,(anonymous_26)
FNF:27
FNH:27
FNDA:55,(anonymous_0)
FNDA:7283,(anonymous_1)
FNDA:26,(anonymous_2)
FNDA:2275,(anonymous_3)
FNDA:5110,(anonymous_4)
FNDA:54,(anonymous_5)
FNDA:81,(anonymous_6)
FNDA:1,(anonymous_7)
FNDA:1,(anonymous_8)
FNDA:3,(anonymous_9)
FNDA:3,(anonymous_10)
FNDA:3,(anonymous_11)
FNDA:54,(anonymous_12)
FNDA:121,(anonymous_13)
FNDA:81,(anonymous_14)
FNDA:81,(anonymous_15)
FNDA:26,(anonymous_16)
FNDA:238,(anonymous_17)
FNDA:1428,(anonymous_18)
FNDA:4,(anonymous_19)
FNDA:1,(anonymous_20)
FNDA:1,(anonymous_21)
FNDA:1176,(anonymous_22)
FNDA:1176,(anonymous_23)
FNDA:1176,(anonymous_24)
FNDA:3,(anonymous_25)
FNDA:77,(anonymous_26)
DA:5,2
DA:6,55
DA:7,55
DA:8,54
DA:9,54
DA:10,54
DA:11,54
DA:14,54
DA:15,7283
DA:19,54
DA:20,26
DA:21,26
DA:22,26
DA:24,26
DA:25,26
DA:27,26
DA:32,25
DA:33,24
DA:35,1
DA:38,1
DA:40,26
DA:45,54
DA:46,2275
DA:47,5110
DA:51,54
DA:52,54
DA:53,54
DA:55,54
DA:56,54
DA:57,54
DA:58,54
DA:60,54
DA:61,54
DA:64,54
DA:65,2268
DA:66,2268
DA:67,2268
DA:69,2268
DA:80,2268
DA:83,54
DA:87,54
DA:88,1
DA:92,54
DA:93,3
DA:97,54
DA:98,3
DA:102,54
DA:103,54
DA:104,121
DA:105,121
DA:109,81
DA:110,54
DA:111,54
DA:113,54
DA:114,81
DA:115,80
DA:117,1
DA:120,54
DA:128,54
DA:129,26
DA:132,54
DA:133,54
DA:134,54
DA:136,54
DA:137,20
DA:147,34
DA:188,238
DA:197,1428
DA:256,4
DA:292,1
DA:293,1
DA:300,1
DA:314,2
DA:315,1176
DA:316,1176
DA:317,58
DA:318,38
DA:319,19
DA:322,1176
DA:323,1176
DA:324,1172
DA:325,1150
DA:328,1176
DA:330,3
DA:368,77
LF:85
LH:85
BRDA:32,0,0,24
BRDA:32,0,1,1
BRDA:33,1,0,24
BRDA:33,1,1,0
BRDA:35,2,0,1
BRDA:35,2,1,0
BRDA:38,3,0,1
BRDA:38,3,1,0
BRDA:77,4,0,61
BRDA:77,4,1,2207
BRDA:105,5,0,121
BRDA:105,5,1,81
BRDA:111,6,0,21
BRDA:111,6,1,33
BRDA:114,7,0,80
BRDA:114,7,1,1
BRDA:136,8,0,20
BRDA:136,8,1,34
BRDA:154,9,0,34
BRDA:154,9,1,2
BRDA:201,10,0,1428
BRDA:201,10,1,210
BRDA:245,11,0,34
BRDA:245,11,1,5
BRDA:251,12,0,3
BRDA:251,12,1,2
BRDA:259,13,0,2
BRDA:259,13,1,2
BRDA:266,14,0,2
BRDA:266,14,1,2
BRDA:269,15,0,2
BRDA:269,15,1,2
BRDA:271,16,0,4
BRDA:271,16,1,0
BRDA:274,17,0,4
BRDA:274,17,1,4
BRDA:274,17,2,0
BRDA:274,17,3,4
BRDA:316,18,0,1118
BRDA:316,18,1,58
BRDA:317,19,0,20
BRDA:317,19,1,38
BRDA:318,20,0,19
BRDA:318,20,1,19
BRDA:323,21,0,4
BRDA:323,21,1,1172
BRDA:324,22,0,22
BRDA:324,22,1,1150
BRDA:335,23,0,316
BRDA:335,23,1,860
BRDA:340,24,0,23
BRDA:340,24,1,1153
BRDA:341,25,0,837
BRDA:341,25,1,316
BRDA:346,26,0,1176
BRDA:346,26,1,58
BRDA:351,27,0,58
BRDA:351,27,1,39
BRDA:353,28,0,20
BRDA:353,28,1,19
BRDA:354,29,0,19
BRDA:354,29,1,0
BRDA:364,30,0,1176
BRDA:364,30,1,58
BRDA:371,31,0,39
BRDA:371,31,1,38
BRDA:375,32,0,58
BRDA:375,32,1,0
BRF:68
BRH:61
end_of_record
TN:
SF:src/components/ProfileScreen.js
FN:5,(anonymous_0)
FN:29,(anonymous_1)
FN:60,(anonymous_2)
FN:79,(anonymous_3)
FN:110,(anonymous_4)
FN:112,(anonymous_5)
FN:115,(anonymous_6)
FN:117,(anonymous_7)
FN:120,(anonymous_8)
FN:136,(anonymous_9)
FN:172,(anonymous_10)
FN:390,(anonymous_11)
FN:441,(anonymous_12)
FNF:13
FNH:10
FNDA:89,(anonymous_0)
FNDA:18,(anonymous_1)
FNDA:2,(anonymous_2)
FNDA:0,(anonymous_3)
FNDA:35,(anonymous_4)
FNDA:35,(anonymous_5)
FNDA:0,(anonymous_6)
FNDA:0,(anonymous_7)
FNDA:1,(anonymous_8)
FNDA:18,(anonymous_9)
FNDA:6,(anonymous_10)
FNDA:6,(anonymous_11)
FNDA:1,(anonymous_12)
DA:5,2
DA:6,89
DA:7,89
DA:8,88
DA:9,88
DA:10,88
DA:11,88
DA:12,88
DA:22,88
DA:29,88
DA:30,18
DA:31,18
DA:32,18
DA:34,18
DA:36,17
DA:37,17
DA:38,17
DA:39,17
DA:50,0
DA:53,1
DA:55,18
DA:60,88
DA:61,2
DA:62,2
DA:64,2
DA:66,2
DA:67,1
DA:68,1
DA:69,1
DA:71,1
DA:74,0
DA:79,88
DA:80,0
DA:81,0
DA:83,0
DA:84,0
DA:85,0
DA:88,0
DA:89,0
DA:90,0
DA:93,0
DA:98,0
DA:99,0
DA:100,0
DA:101,0
DA:103,0
DA:106,0
DA:110,88
DA:111,35
DA:112,35
DA:115,88
DA:116,0
DA:117,0
DA:120,88
DA:121,1
DA:122,1
DA:123,1
DA:136,88
DA:137,18
DA:140,88
DA:141,18
DA:151,70
DA:172,6
DA:390,6
DA:442,1
DA:443,1
LF:66
LH:47
BRDA:36,0,0,17
BRDA:36,0,1,0
BRDA:37,1,0,17
BRDA:37,1,1,0
BRDA:40,2,0,17
BRDA:40,2,1,1
BRDA:40,2,2,0
BRDA:41,3,0,17
BRDA:41,3,1,1
BRDA:42,4,0,17
BRDA:42,4,1,1
BRDA:43,5,0,17
BRDA:43,5,1,1
BRDA:44,6,0,17
BRDA:44,6,1,1
BRDA:45,7,0,17
BRDA:45,7,1,1
BRDA:46,8,0,17
BRDA:46,8,1,1
BRDA:47,9,0,17
BRDA:47,9,1,1
BRDA:50,10,0,0
BRDA:50,10,1,0
BRDA:53,11,0,1
BRDA:53,11,1,0
BRDA:66,12,0,1
BRDA:66,12,1,1
BRDA:71,13,0,1
BRDA:71,13,1,0
BRDA:74,14,0,0
BRDA:74,14,1,0
BRDA:83,15,0,0
BRDA:83,15,1,0
BRDA:88,16,0,0
BRDA:88,16,1,0
BRDA:98,17,0,0
BRDA:98,17,1,0
BRDA:103,18,0,0
BRDA:103,18,1,0
BRDA:106,19,0,0
BRDA:106,19,1,0
BRDA:122,20,0,1
BRDA:122,20,1,0
BRDA:124,21,0,1
BRDA:124,21,1,0
BRDA:124,21,2,0
BRDA:125,22,0,1
BRDA:125,22,1,0
BRDA:126,23,0,1
BRDA:126,23,1,0
BRDA:127,24,0,1
BRDA:127,24,1,0
BRDA:128,25,0,1
BRDA:128,25,1,0
BRDA:129,26,0,1
BRDA:129,26,1,0
BRDA:130,27,0,1
BRDA:130,27,1,0
BRDA:131,28,0,1
BRDA:131,28,1,0
BRDA:140,29,0,18
BRDA:140,29,1,70
BRDA:158,30,0,70
BRDA:158,30,1,2
BRDA:170,31,0,70
BRDA:170,31,1,26
BRDA:180,32,0,44
BRDA:180,32,1,26
BRDA:315,33,0,26
BRDA:315,33,1,1
BRDA:319,34,0,26
BRDA:319,34,1,2
BRDA:323,35,0,26
BRDA:323,35,1,2
BRDA:327,36,0,26
BRDA:327,36,1,2
BRDA:331,37,0,26
BRDA:331,37,1,2
BRDA:335,38,0,26
BRDA:335,38,1,2
BRDA:341,39,0,26
BRDA:341,39,1,2
BRDA:346,40,0,26
BRDA:346,40,1,2
BRDA:361,41,0,70
BRDA:361,41,1,0
BRDA:366,42,0,70
BRDA:366,42,1,0
BRDA:375,43,0,70
BRDA:375,43,1,0
BRDA:388,44,0,64
BRDA:388,44,1,6
BRF:92
BRH:60
end_of_record
TN:
SF:src/components/StudentApp.js
FN:7,(anonymous_0)
FN:14,(anonymous_1)
FN:22,(anonymous_2)
FN:28,(anonymous_3)
FN:30,(anonymous_4)
FN:40,(anonymous_5)
FN:65,(anonymous_6)
FNF:7
FNH:7
FNDA:24,(anonymous_0)
FNDA:18,(anonymous_1)
FNDA:9,(anonymous_2)
FNDA:69,(anonymous_3)
FNDA:4,(anonymous_4)
FNDA:23,(anonymous_5)
FNDA:1,(anonymous_6)
DA:7,2
DA:8,24
DA:9,24
DA:10,23
DA:11,23
DA:14,23
DA:15,18
DA:17,9
DA:18,9
DA:22,23
DA:23,9
DA:24,0
DA:28,23
DA:29,69
DA:30,4
DA:40,23
DA:41,23
DA:43,13
DA:61,23
DA:65,1
LF:20
LH:19
BRDA:15,0,0,9
BRDA:15,0,1,9
BRDA:15,1,0,18
BRDA:15,1,1,18
BRDA:23,2,0,0
BRDA:23,2,1,9
BRDA:32,3,0,23
BRDA:32,3,1,46
BRDA:41,4,0,10
BRDA:41,4,1,13
BRDA:72,5,0,23
BRDA:72,5,1,20
BRDA:73,6,0,23
BRDA:73,6,1,2
BRDA:74,7,0,23
BRDA:74,7,1,1
BRF:16
BRH:15
end_of_record
TN:
SF:src/components/TodayScreen.js
FN:5,(anonymous_0)
FN:13,(anonymous_1)
FN:18,(anonymous_2)
FN:39,(anonymous_3)
FN:51,(anonymous_4)
FN:59,(anonymous_5)
FN:60,(anonymous_6)
FN:75,(anonymous_7)
FN:80,(anonymous_8)
FN:81,(anonymous_9)
FN:94,(anonymous_10)
FN:111,(anonymous_11)
FN:117,(anonymous_12)
FN:119,(anonymous_13)
FN:125,(anonymous_14)
FN:127,(anonymous_15)
FN:153,(anonymous_16)
FN:189,(anonymous_17)
FN:205,(anonymous_18)
FN:212,(anonymous_19)
FN:217,(anonymous_20)
FN:222,(anonymous_21)
FN:296,(anonymous_22)
FN:306,(anonymous_23)
FN:318,(anonymous_24)
FN:331,(anonymous_25)
FNF:26
FNH:12
FNDA:15,(anonymous_0)
FNDA:18,(anonymous_1)
FNDA:14,(anonymous_2)
FNDA:14,(anonymous_3)
FNDA:0,(anonymous_4)
FNDA:0,(anonymous_5)
FNDA:0,(anonymous_6)
FNDA:0,(anonymous_7)
FNDA:0,(anonymous_8)
FNDA:0,(anonymous_9)
FNDA:0,(anonymous_10)
FNDA:14,(anonymous_11)
FNDA:4,(anonymous_12)
FNDA:0,(anonymous_13)
FNDA:1,(anonymous_14)
FNDA:2,(anonymous_15)
FNDA:2,(anonymous_16)
FNDA:2,(anonymous_17)
FNDA:2,(anonymous_18)
FNDA:0,(anonymous_19)
FNDA:0,(anonymous_20)
FNDA:2,(anonymous_21)
FNDA:0,(anonymous_22)
FNDA:0,(anonymous_23)
FNDA:0,(anonymous_24)
FNDA:0,(anonymous_25)
DA:5,2
DA:6,15
DA:7,15
DA:8,14
DA:9,14
DA:10,14
DA:13,14
DA:14,18
DA:18,14
DA:19,14
DA:20,14
DA:21,14
DA:23,14
DA:24,14
DA:26,13
DA:27,13
DA:29,0
DA:32,1
DA:34,14
DA:39,14
DA:40,14
DA:41,14
DA:42,14
DA:43,14
DA:46,0
DA:51,14
DA:52,0
DA:53,0
DA:58,0
DA:59,0
DA:60,0
DA:61,0
DA:67,0
DA:70,0
DA:75,14
DA:76,0
DA:77,0
DA:79,0
DA:80,0
DA:81,0
DA:82,0
DA:86,0
DA:89,0
DA:94,14
DA:95,0
DA:96,0
DA:97,0
DA:99,0
DA:100,0
DA:101,0
DA:102,0
DA:104,0
DA:107,0
DA:111,14
DA:112,14
DA:113,14
DA:117,14
DA:118,4
DA:119,4
DA:120,0
DA:125,14
DA:126,1
DA:127,2
DA:128,1
DA:131,14
DA:132,13
DA:142,1
DA:153,2
DA:190,2
DA:205,2
DA:206,2
DA:210,2
DA:212,2
DA:213,0
DA:214,0
DA:217,2
DA:218,0
DA:219,0
DA:222,2
DA:223,2
DA:224,0
DA:226,2
DA:229,2
DA:296,0
DA:306,0
DA:318,0
DA:331,0
LF:87
LH:50
BRDA:26,0,0,13
BRDA:26,0,1,0
BRDA:27,1,0,13
BRDA:27,1,1,0
BRDA:29,2,0,0
BRDA:29,2,1,0
BRDA:32,3,0,1
BRDA:32,3,1,0
BRDA:42,4,0,14
BRDA:42,4,1,0
BRDA:43,5,0,14
BRDA:43,5,1,0
BRDA:55,6,0,0
BRDA:55,6,1,0
BRDA:58,7,0,0
BRDA:58,7,1,0
BRDA:61,8,0,0
BRDA:61,8,1,0
BRDA:62,9,0,0
BRDA:62,9,1,0
BRDA:67,10,0,0
BRDA:67,10,1,0
BRDA:70,11,0,0
BRDA:70,11,1,0
BRDA:79,12,0,0
BRDA:79,12,1,0
BRDA:82,13,0,0
BRDA:82,13,1,0
BRDA:86,14,0,0
BRDA:86,14,1,0
BRDA:89,15,0,0
BRDA:89,15,1,0
BRDA:99,16,0,0
BRDA:99,16,1,0
BRDA:104,17,0,0
BRDA:104,17,1,0
BRDA:107,18,0,0
BRDA:107,18,1,0
BRDA:120,19,0,0
BRDA:120,19,1,0
BRDA:126,20,0,0
BRDA:126,20,1,1
BRDA:131,21,0,13
BRDA:131,21,1,1
BRDA:151,22,0,1
BRDA:151,22,1,1
BRDA:157,23,0,1
BRDA:157,23,1,1
BRDA:168,24,0,1
BRDA:168,24,1,0
BRDA:174,25,0,1
BRDA:174,25,1,0
BRDA:181,26,0,0
BRDA:181,26,1,1
BRDA:207,27,0,2
BRDA:207,27,1,0
BRDA:208,28,0,2
BRDA:208,28,1,1
BRDA:213,29,0,0
BRDA:213,29,1,0
BRDA:223,30,0,0
BRDA:223,30,1,2
BRDA:223,31,0,2
BRDA:223,31,1,2
BRDA:223,31,2,0
BRDA:231,32,0,1
BRDA:231,32,1,1
BRDA:233,33,0,0
BRDA:233,33,1,1
BRDA:236,34,0,0
BRDA:236,34,1,2
BRDA:243,35,0,1
BRDA:243,35,1,1
BRDA:245,36,0,0
BRDA:245,36,1,1
BRDA:250,37,0,2
BRDA:250,37,1,1
BRDA:259,38,0,1
BRDA:259,38,1,1
BRDA:261,39,0,2
BRDA:261,39,1,0
BRDA:263,40,0,2
BRDA:263,40,1,2
BRDA:269,41,0,1
BRDA:269,41,1,1
BRDA:271,42,0,1
BRDA:271,42,1,0
BRDA:275,43,0,1
BRDA:275,43,1,1
BRDA:276,44,0,1
BRDA:276,44,1,0
BRDA:279,45,0,2
BRDA:279,45,1,1
BRDA:279,45,2,1
BRDA:289,46,0,0
BRDA:289,46,1,2
BRDA:296,47,0,0
BRDA:296,47,1,0
BRDA:306,48,0,0
BRDA:306,48,1,0
BRDA:329,49,0,2
BRDA:329,49,1,2
BRF:102
BRH:47
end_of_record
TN:
SF:src/contexts/AppContext.js
FN:25,appReducer
FN:59,(anonymous_1)
FN:63,(anonymous_2)
FN:64,(anonymous_3)
FN:98,(anonymous_4)
FN:131,(anonymous_5)
FN:138,(anonymous_6)
FN:154,(anonymous_7)
FN:164,(anonymous_8)
FN:169,(anonymous_9)
FN:193,(anonymous_10)
FNF:11
FNH:11
FNDA:29,appReducer
FNDA:38,(anonymous_1)
FNDA:13,(anonymous_2)
FNDA:13,(anonymous_3)
FNDA:4,(anonymous_4)
FNDA:1,(anonymous_5)
FNDA:2,(anonymous_6)
FNDA:2,(anonymous_7)
FNDA:2,(anonymous_8)
FNDA:1,(anonymous_9)
FNDA:38,(anonymous_10)
DA:4,1
DA:7,1
DA:16,1
DA:26,29
DA:28,13
DA:31,6
DA:40,5
DA:43,3
DA:51,2
DA:54,0
DA:59,1
DA:60,38
DA:63,38
DA:64,13
DA:65,13
DA:66,13
DA:68,13
DA:69,4
DA:71,4
DA:72,3
DA:73,2
DA:79,1
DA:80,1
DA:81,1
DA:84,1
DA:85,1
DA:86,1
DA:87,1
DA:90,9
DA:94,13
DA:98,38
DA:99,4
DA:100,4
DA:101,4
DA:103,4
DA:105,3
DA:106,3
DA:109,3
DA:110,3
DA:112,3
DA:113,1
DA:118,2
DA:121,3
DA:122,3
DA:125,1
DA:126,1
DA:131,38
DA:132,1
DA:133,1
DA:134,1
DA:138,38
DA:139,2
DA:140,2
DA:141,1
DA:143,1
DA:144,1
DA:145,1
DA:146,1
DA:149,1
DA:154,38
DA:155,2
DA:156,2
DA:157,1
DA:159,1
DA:164,38
DA:165,2
DA:169,38
DA:170,1
DA:171,1
DA:172,1
DA:175,38
DA:185,38
DA:193,1
DA:194,38
DA:195,38
DA:196,0
DA:198,38
LF:77
LH:75
BRDA:26,0,0,13
BRDA:26,0,1,6
BRDA:26,0,2,5
BRDA:26,0,3,3
BRDA:26,0,4,2
BRDA:26,0,5,0
BRDA:68,1,0,4
BRDA:68,1,1,9
BRDA:68,2,0,13
BRDA:68,2,1,4
BRDA:72,3,0,2
BRDA:72,3,1,1
BRDA:98,4,0,0
BRDA:105,5,0,3
BRDA:105,5,1,0
BRDA:112,6,0,1
BRDA:112,6,1,2
BRDA:141,7,0,1
BRDA:141,7,1,0
BRDA:195,8,0,0
BRDA:195,8,1,38
BRF:21
BRH:16
end_of_record
TN:
SF:src/services/api.js
FN:14,(anonymous_0)
FN:21,(anonymous_1)
FN:28,(anonymous_2)
FN:31,(anonymous_3)
FN:52,(anonymous_4)
FN:56,(anonymous_5)
FN:60,(anonymous_6)
FN:64,(anonymous_7)
FN:71,(anonymous_8)
FN:75,(anonymous_9)
FN:79,(anonymous_10)
FN:83,(anonymous_11)
FN:90,(anonymous_12)
FN:94,(anonymous_13)
FN:101,(anonymous_14)
FN:105,(anonymous_15)
FN:109,(anonymous_16)
FN:113,(anonymous_17)
FN:117,(anonymous_18)
FN:121,(anonymous_19)
FNF:20
FNH:17
FNDA:0,(anonymous_0)
FNDA:0,(anonymous_1)
FNDA:1,(anonymous_2)
FNDA:1,(anonymous_3)
FNDA:1,(anonymous_4)
FNDA:1,(anonymous_5)
FNDA:1,(anonymous_6)
FNDA:1,(anonymous_7)
FNDA:1,(anonymous_8)
FNDA:1,(anonymous_9)
FNDA:1,(anonymous_10)
FNDA:1,(anonymous_11)
FNDA:1,(anonymous_12)
FNDA:1,(anonymous_13)
FNDA:1,(anonymous_14)
FNDA:1,(anonymous_15)
FNDA:1,(anonymous_16)
FNDA:1,(anonymous_17)
FNDA:1,(anonymous_18)
FNDA:0,(anonymous_19)
DA:4,20
DA:13,20
DA:15,0
DA:16,0
DA:17,0
DA:19,0
DA:22,0
DA:27,20
DA:29,1
DA:32,1
DA:33,0
DA:36,0
DA:37,0
DA:38,0
DA:39,0
DA:42,0
DA:45,1
DA:50,20
DA:53,1
DA:57,1
DA:61,1
DA:65,1
DA:69,20
DA:72,1
DA:76,1
DA:80,1
DA:84,1
DA:88,20
DA:91,1
DA:95,1
DA:99,20
DA:102,1
DA:106,1
DA:110,1
DA:114,1
DA:118,1
DA:122,0
LF:37
LH:25
BRDA:5,0,0,20
BRDA:5,0,1,20
BRDA:16,1,0,0
BRDA:16,1,1,0
BRDA:32,2,0,0
BRDA:32,2,1,1
BRDA:36,3,0,0
BRDA:36,3,1,0
BRDA:36,4,0,0
BRDA:36,4,1,0
BRDA:42,5,0,0
BRDA:42,5,1,0
BRF:12
BRH:3
end_of_record
