{"/Users/danieldong/Documents/GitHub/gougegaoshu/backend/server.js": {"path":"/Users/danieldong/Documents/GitHub/gougegaoshu/backend/server.js","statementMap":{"0":{"start":{"line":1,"column":16},"end":{"line":1,"column":34}},"1":{"start":{"line":2,"column":13},"end":{"line":2,"column":28}},"2":{"start":{"line":3,"column":15},"end":{"line":3,"column":32}},"3":{"start":{"line":4,"column":18},"end":{"line":4,"column":47}},"4":{"start":{"line":5,"column":0},"end":{"line":5,"column":27}},"5":{"start":{"line":7,"column":27},"end":{"line":7,"column":55}},"6":{"start":{"line":8,"column":31},"end":{"line":8,"column":70}},"7":{"start":{"line":9,"column":44},"end":{"line":9,"column":77}},"8":{"start":{"line":12,"column":19},"end":{"line":12,"column":43}},"9":{"start":{"line":13,"column":19},"end":{"line":13,"column":44}},"10":{"start":{"line":14,"column":22},"end":{"line":14,"column":50}},"11":{"start":{"line":15,"column":20},"end":{"line":15,"column":45}},"12":{"start":{"line":17,"column":12},"end":{"line":17,"column":21}},"13":{"start":{"line":18,"column":13},"end":{"line":18,"column":37}},"14":{"start":{"line":21,"column":0},"end":{"line":21,"column":18}},"15":{"start":{"line":24,"column":0},"end":{"line":51,"column":4}},"16":{"start":{"line":54,"column":0},"end":{"line":67,"column":3}},"17":{"start":{"line":55,"column":2},"end":{"line":55,"column":71}},"18":{"start":{"line":56,"column":2},"end":{"line":56,"column":80}},"19":{"start":{"line":57,"column":2},"end":{"line":57,"column":110}},"20":{"start":{"line":58,"column":2},"end":{"line":58,"column":58}},"21":{"start":{"line":61,"column":2},"end":{"line":64,"column":3}},"22":{"start":{"line":62,"column":4},"end":{"line":62,"column":26}},"23":{"start":{"line":63,"column":4},"end":{"line":63,"column":11}},"24":{"start":{"line":66,"column":2},"end":{"line":66,"column":9}},"25":{"start":{"line":70,"column":16},"end":{"line":77,"column":2}},"26":{"start":{"line":78,"column":0},"end":{"line":78,"column":17}},"27":{"start":{"line":81,"column":0},"end":{"line":81,"column":41}},"28":{"start":{"line":82,"column":0},"end":{"line":82,"column":48}},"29":{"start":{"line":85,"column":0},"end":{"line":104,"column":3}},"30":{"start":{"line":86,"column":2},"end":{"line":103,"column":3}},"31":{"start":{"line":89,"column":4},"end":{"line":95,"column":7}},"32":{"start":{"line":97,"column":4},"end":{"line":102,"column":7}},"33":{"start":{"line":107,"column":0},"end":{"line":138,"column":3}},"34":{"start":{"line":108,"column":2},"end":{"line":137,"column":3}},"35":{"start":{"line":109,"column":22},"end":{"line":109,"column":50}},"36":{"start":{"line":112,"column":19},"end":{"line":117,"column":50}},"37":{"start":{"line":120,"column":25},"end":{"line":120,"column":78}},"38":{"start":{"line":122,"column":4},"end":{"line":130,"column":7}},"39":{"start":{"line":126,"column":32},"end":{"line":126,"column":44}},"40":{"start":{"line":132,"column":4},"end":{"line":136,"column":7}},"41":{"start":{"line":141,"column":0},"end":{"line":141,"column":33}},"42":{"start":{"line":142,"column":0},"end":{"line":142,"column":34}},"43":{"start":{"line":143,"column":0},"end":{"line":143,"column":40}},"44":{"start":{"line":144,"column":0},"end":{"line":144,"column":35}},"45":{"start":{"line":147,"column":0},"end":{"line":152,"column":3}},"46":{"start":{"line":148,"column":2},"end":{"line":151,"column":5}},"47":{"start":{"line":155,"column":0},"end":{"line":165,"column":3}},"48":{"start":{"line":156,"column":2},"end":{"line":156,"column":32}},"49":{"start":{"line":158,"column":2},"end":{"line":164,"column":5}},"50":{"start":{"line":169,"column":2},"end":{"line":198,"column":3}},"51":{"start":{"line":170,"column":4},"end":{"line":170,"column":40}},"52":{"start":{"line":173,"column":4},"end":{"line":173,"column":32}},"53":{"start":{"line":174,"column":4},"end":{"line":174,"column":31}},"54":{"start":{"line":177,"column":4},"end":{"line":177,"column":32}},"55":{"start":{"line":178,"column":4},"end":{"line":178,"column":20}},"56":{"start":{"line":179,"column":4},"end":{"line":179,"column":16}},"57":{"start":{"line":181,"column":4},"end":{"line":193,"column":7}},"58":{"start":{"line":182,"column":6},"end":{"line":182,"column":22}},"59":{"start":{"line":183,"column":6},"end":{"line":183,"column":38}},"60":{"start":{"line":184,"column":6},"end":{"line":184,"column":42}},"61":{"start":{"line":185,"column":6},"end":{"line":185,"column":69}},"62":{"start":{"line":186,"column":6},"end":{"line":186,"column":62}},"63":{"start":{"line":187,"column":6},"end":{"line":187,"column":60}},"64":{"start":{"line":188,"column":6},"end":{"line":188,"column":22}},"65":{"start":{"line":189,"column":6},"end":{"line":189,"column":32}},"66":{"start":{"line":190,"column":6},"end":{"line":190,"column":44}},"67":{"start":{"line":191,"column":6},"end":{"line":191,"column":37}},"68":{"start":{"line":192,"column":6},"end":{"line":192,"column":22}},"69":{"start":{"line":196,"column":4},"end":{"line":196,"column":39}},"70":{"start":{"line":197,"column":4},"end":{"line":197,"column":20}},"71":{"start":{"line":202,"column":0},"end":{"line":205,"column":3}},"72":{"start":{"line":203,"column":2},"end":{"line":203,"column":40}},"73":{"start":{"line":204,"column":2},"end":{"line":204,"column":18}},"74":{"start":{"line":207,"column":0},"end":{"line":210,"column":3}},"75":{"start":{"line":208,"column":2},"end":{"line":208,"column":39}},"76":{"start":{"line":209,"column":2},"end":{"line":209,"column":18}},"77":{"start":{"line":213,"column":0},"end":{"line":215,"column":1}},"78":{"start":{"line":214,"column":2},"end":{"line":214,"column":16}},"79":{"start":{"line":218,"column":0},"end":{"line":218,"column":21}}},"fnMap":{"0":{"name":"(anonymous_0)","decl":{"start":{"line":54,"column":8},"end":{"line":54,"column":9}},"loc":{"start":{"line":54,"column":28},"end":{"line":67,"column":1}},"line":54},"1":{"name":"(anonymous_1)","decl":{"start":{"line":85,"column":19},"end":{"line":85,"column":20}},"loc":{"start":{"line":85,"column":39},"end":{"line":104,"column":1}},"line":85},"2":{"name":"(anonymous_2)","decl":{"start":{"line":107,"column":26},"end":{"line":107,"column":27}},"loc":{"start":{"line":107,"column":46},"end":{"line":138,"column":1}},"line":107},"3":{"name":"(anonymous_3)","decl":{"start":{"line":126,"column":27},"end":{"line":126,"column":28}},"loc":{"start":{"line":126,"column":32},"end":{"line":126,"column":44}},"line":126},"4":{"name":"(anonymous_4)","decl":{"start":{"line":147,"column":13},"end":{"line":147,"column":14}},"loc":{"start":{"line":147,"column":27},"end":{"line":152,"column":1}},"line":147},"5":{"name":"(anonymous_5)","decl":{"start":{"line":155,"column":8},"end":{"line":155,"column":9}},"loc":{"start":{"line":155,"column":35},"end":{"line":165,"column":1}},"line":155},"6":{"name":"startServer","decl":{"start":{"line":168,"column":15},"end":{"line":168,"column":26}},"loc":{"start":{"line":168,"column":29},"end":{"line":199,"column":1}},"line":168},"7":{"name":"(anonymous_7)","decl":{"start":{"line":181,"column":21},"end":{"line":181,"column":22}},"loc":{"start":{"line":181,"column":27},"end":{"line":193,"column":5}},"line":181},"8":{"name":"(anonymous_8)","decl":{"start":{"line":202,"column":22},"end":{"line":202,"column":23}},"loc":{"start":{"line":202,"column":28},"end":{"line":205,"column":1}},"line":202},"9":{"name":"(anonymous_9)","decl":{"start":{"line":207,"column":21},"end":{"line":207,"column":22}},"loc":{"start":{"line":207,"column":27},"end":{"line":210,"column":1}},"line":207}},"branchMap":{"0":{"loc":{"start":{"line":18,"column":13},"end":{"line":18,"column":37}},"type":"binary-expr","locations":[{"start":{"line":18,"column":13},"end":{"line":18,"column":29}},{"start":{"line":18,"column":33},"end":{"line":18,"column":37}}],"line":18},"1":{"loc":{"start":{"line":25,"column":10},"end":{"line":46,"column":7}},"type":"cond-expr","locations":[{"start":{"line":26,"column":6},"end":{"line":33,"column":7}},{"start":{"line":34,"column":6},"end":{"line":46,"column":7}}],"line":25},"2":{"loc":{"start":{"line":32,"column":8},"end":{"line":32,"column":60}},"type":"binary-expr","locations":[{"start":{"line":32,"column":8},"end":{"line":32,"column":32}},{"start":{"line":32,"column":36},"end":{"line":32,"column":60}}],"line":32},"3":{"loc":{"start":{"line":55,"column":44},"end":{"line":55,"column":69}},"type":"binary-expr","locations":[{"start":{"line":55,"column":44},"end":{"line":55,"column":62}},{"start":{"line":55,"column":66},"end":{"line":55,"column":69}}],"line":55},"4":{"loc":{"start":{"line":61,"column":2},"end":{"line":64,"column":3}},"type":"if","locations":[{"start":{"line":61,"column":2},"end":{"line":64,"column":3}},{"start":{},"end":{}}],"line":61},"5":{"loc":{"start":{"line":72,"column":7},"end":{"line":72,"column":57}},"type":"cond-expr","locations":[{"start":{"line":72,"column":47},"end":{"line":72,"column":50}},{"start":{"line":72,"column":53},"end":{"line":72,"column":57}}],"line":72},"6":{"loc":{"start":{"line":94,"column":19},"end":{"line":94,"column":56}},"type":"binary-expr","locations":[{"start":{"line":94,"column":19},"end":{"line":94,"column":39}},{"start":{"line":94,"column":43},"end":{"line":94,"column":56}}],"line":94},"7":{"loc":{"start":{"line":117,"column":8},"end":{"line":117,"column":48}},"type":"binary-expr","locations":[{"start":{"line":117,"column":8},"end":{"line":117,"column":27}},{"start":{"line":117,"column":31},"end":{"line":117,"column":48}}],"line":117},"8":{"loc":{"start":{"line":125,"column":14},"end":{"line":125,"column":54}},"type":"binary-expr","locations":[{"start":{"line":125,"column":14},"end":{"line":125,"column":33}},{"start":{"line":125,"column":37},"end":{"line":125,"column":54}}],"line":125},"9":{"loc":{"start":{"line":158,"column":13},"end":{"line":158,"column":32}},"type":"binary-expr","locations":[{"start":{"line":158,"column":13},"end":{"line":158,"column":25}},{"start":{"line":158,"column":29},"end":{"line":158,"column":32}}],"line":158},"10":{"loc":{"start":{"line":160,"column":13},"end":{"line":162,"column":21}},"type":"cond-expr","locations":[{"start":{"line":161,"column":8},"end":{"line":161,"column":17}},{"start":{"line":162,"column":8},"end":{"line":162,"column":21}}],"line":160},"11":{"loc":{"start":{"line":163,"column":8},"end":{"line":163,"column":71}},"type":"binary-expr","locations":[{"start":{"line":163,"column":8},"end":{"line":163,"column":45}},{"start":{"line":163,"column":49},"end":{"line":163,"column":71}}],"line":163},"12":{"loc":{"start":{"line":185,"column":28},"end":{"line":185,"column":65}},"type":"binary-expr","locations":[{"start":{"line":185,"column":28},"end":{"line":185,"column":48}},{"start":{"line":185,"column":52},"end":{"line":185,"column":65}}],"line":185},"13":{"loc":{"start":{"line":213,"column":0},"end":{"line":215,"column":1}},"type":"if","locations":[{"start":{"line":213,"column":0},"end":{"line":215,"column":1}},{"start":{},"end":{}}],"line":213}},"s":{"0":1,"1":1,"2":1,"3":1,"4":1,"5":1,"6":1,"7":1,"8":1,"9":1,"10":1,"11":1,"12":1,"13":1,"14":1,"15":1,"16":1,"17":11,"18":11,"19":11,"20":11,"21":11,"22":0,"23":0,"24":11,"25":1,"26":1,"27":1,"28":1,"29":1,"30":8,"31":8,"32":0,"33":1,"34":3,"35":3,"36":3,"37":0,"38":0,"39":0,"40":3,"41":1,"42":1,"43":1,"44":1,"45":1,"46":0,"47":1,"48":0,"49":0,"50":0,"51":0,"52":0,"53":0,"54":0,"55":0,"56":0,"57":0,"58":0,"59":0,"60":0,"61":0,"62":0,"63":0,"64":0,"65":0,"66":0,"67":0,"68":0,"69":0,"70":0,"71":1,"72":0,"73":0,"74":1,"75":0,"76":0,"77":1,"78":0,"79":1},"f":{"0":11,"1":8,"2":3,"3":0,"4":0,"5":0,"6":0,"7":0,"8":0,"9":0},"b":{"0":[1,0],"1":[0,1],"2":[0,0],"3":[11,11],"4":[0,11],"5":[0,1],"6":[8,0],"7":[3,0],"8":[0,0],"9":[0,0],"10":[0,0],"11":[0,0],"12":[0,0],"13":[0,1]},"_coverageSchema":"1a1c01bbd47fc00a2c39e90264f33305004495a9","hash":"f4b464f01b9d4c993640d2151550e6c3b1c01794"}
,"/Users/danieldong/Documents/GitHub/gougegaoshu/backend/config/database.js": {"path":"/Users/danieldong/Documents/GitHub/gougegaoshu/backend/config/database.js","statementMap":{"0":{"start":{"line":1,"column":16},"end":{"line":1,"column":44}},"1":{"start":{"line":2,"column":13},"end":{"line":2,"column":28}},"2":{"start":{"line":3,"column":0},"end":{"line":3,"column":27}},"3":{"start":{"line":7,"column":17},"end":{"line":7,"column":48}},"4":{"start":{"line":8,"column":17},"end":{"line":8,"column":68}},"5":{"start":{"line":10,"column":2},"end":{"line":14,"column":4}},"6":{"start":{"line":18,"column":9},"end":{"line":18,"column":13}},"7":{"start":{"line":19,"column":16},"end":{"line":19,"column":21}},"8":{"start":{"line":22,"column":2},"end":{"line":47,"column":3}},"9":{"start":{"line":23,"column":21},"end":{"line":23,"column":34}},"10":{"start":{"line":26,"column":15},"end":{"line":26,"column":28}},"11":{"start":{"line":27,"column":20},"end":{"line":27,"column":51}},"12":{"start":{"line":28,"column":4},"end":{"line":30,"column":5}},"13":{"start":{"line":29,"column":6},"end":{"line":29,"column":49}},"14":{"start":{"line":33,"column":4},"end":{"line":36,"column":5}},"15":{"start":{"line":34,"column":6},"end":{"line":34,"column":58}},"16":{"start":{"line":35,"column":6},"end":{"line":35,"column":23}},"17":{"start":{"line":38,"column":4},"end":{"line":46,"column":7}},"18":{"start":{"line":39,"column":6},"end":{"line":45,"column":7}},"19":{"start":{"line":40,"column":8},"end":{"line":40,"column":55}},"20":{"start":{"line":42,"column":8},"end":{"line":42,"column":39}},"21":{"start":{"line":44,"column":8},"end":{"line":44,"column":43}},"22":{"start":{"line":48,"column":2},"end":{"line":48,"column":12}},"23":{"start":{"line":53,"column":2},"end":{"line":115,"column":5}},"24":{"start":{"line":54,"column":21},"end":{"line":54,"column":34}},"25":{"start":{"line":56,"column":25},"end":{"line":104,"column":5}},"26":{"start":{"line":106,"column":4},"end":{"line":114,"column":7}},"27":{"start":{"line":107,"column":6},"end":{"line":113,"column":7}},"28":{"start":{"line":108,"column":8},"end":{"line":108,"column":50}},"29":{"start":{"line":109,"column":8},"end":{"line":109,"column":20}},"30":{"start":{"line":111,"column":8},"end":{"line":111,"column":37}},"31":{"start":{"line":112,"column":8},"end":{"line":112,"column":22}},"32":{"start":{"line":120,"column":2},"end":{"line":139,"column":3}},"33":{"start":{"line":122,"column":4},"end":{"line":122,"column":29}},"34":{"start":{"line":124,"column":21},"end":{"line":124,"column":34}},"35":{"start":{"line":125,"column":4},"end":{"line":135,"column":7}},"36":{"start":{"line":126,"column":6},"end":{"line":134,"column":9}},"37":{"start":{"line":127,"column":8},"end":{"line":133,"column":9}},"38":{"start":{"line":128,"column":10},"end":{"line":128,"column":53}},"39":{"start":{"line":129,"column":10},"end":{"line":129,"column":25}},"40":{"start":{"line":131,"column":10},"end":{"line":131,"column":37}},"41":{"start":{"line":132,"column":10},"end":{"line":132,"column":24}},"42":{"start":{"line":137,"column":4},"end":{"line":137,"column":47}},"43":{"start":{"line":138,"column":4},"end":{"line":138,"column":17}},"44":{"start":{"line":144,"column":2},"end":{"line":172,"column":5}},"45":{"start":{"line":145,"column":21},"end":{"line":145,"column":34}},"46":{"start":{"line":148,"column":21},"end":{"line":148,"column":66}},"47":{"start":{"line":150,"column":4},"end":{"line":171,"column":5}},"48":{"start":{"line":151,"column":6},"end":{"line":158,"column":9}},"49":{"start":{"line":152,"column":8},"end":{"line":157,"column":9}},"50":{"start":{"line":153,"column":10},"end":{"line":153,"column":41}},"51":{"start":{"line":154,"column":10},"end":{"line":154,"column":22}},"52":{"start":{"line":156,"column":10},"end":{"line":156,"column":24}},"53":{"start":{"line":160,"column":6},"end":{"line":170,"column":9}},"54":{"start":{"line":161,"column":8},"end":{"line":169,"column":9}},"55":{"start":{"line":162,"column":10},"end":{"line":162,"column":41}},"56":{"start":{"line":163,"column":10},"end":{"line":163,"column":22}},"57":{"start":{"line":165,"column":10},"end":{"line":168,"column":13}},"58":{"start":{"line":177,"column":2},"end":{"line":233,"column":5}},"59":{"start":{"line":178,"column":21},"end":{"line":178,"column":34}},"60":{"start":{"line":180,"column":4},"end":{"line":232,"column":7}},"61":{"start":{"line":181,"column":6},"end":{"line":231,"column":9}},"62":{"start":{"line":182,"column":8},"end":{"line":185,"column":9}},"63":{"start":{"line":183,"column":10},"end":{"line":183,"column":22}},"64":{"start":{"line":184,"column":10},"end":{"line":184,"column":17}},"65":{"start":{"line":188,"column":35},"end":{"line":213,"column":9}},"66":{"start":{"line":190,"column":12},"end":{"line":195,"column":15}},"67":{"start":{"line":191,"column":14},"end":{"line":194,"column":17}},"68":{"start":{"line":192,"column":16},"end":{"line":193,"column":73}},"69":{"start":{"line":192,"column":25},"end":{"line":192,"column":34}},"70":{"start":{"line":193,"column":21},"end":{"line":193,"column":73}},"71":{"start":{"line":198,"column":12},"end":{"line":203,"column":15}},"72":{"start":{"line":199,"column":14},"end":{"line":202,"column":17}},"73":{"start":{"line":200,"column":16},"end":{"line":201,"column":30}},"74":{"start":{"line":200,"column":25},"end":{"line":200,"column":34}},"75":{"start":{"line":201,"column":21},"end":{"line":201,"column":30}},"76":{"start":{"line":206,"column":12},"end":{"line":211,"column":15}},"77":{"start":{"line":207,"column":14},"end":{"line":210,"column":17}},"78":{"start":{"line":208,"column":16},"end":{"line":209,"column":31}},"79":{"start":{"line":208,"column":25},"end":{"line":208,"column":34}},"80":{"start":{"line":209,"column":21},"end":{"line":209,"column":31}},"81":{"start":{"line":215,"column":8},"end":{"line":230,"column":13}},"82":{"start":{"line":217,"column":12},"end":{"line":224,"column":15}},"83":{"start":{"line":218,"column":14},"end":{"line":223,"column":15}},"84":{"start":{"line":219,"column":16},"end":{"line":219,"column":41}},"85":{"start":{"line":220,"column":16},"end":{"line":220,"column":28}},"86":{"start":{"line":222,"column":16},"end":{"line":222,"column":32}},"87":{"start":{"line":227,"column":12},"end":{"line":229,"column":15}},"88":{"start":{"line":228,"column":14},"end":{"line":228,"column":28}},"89":{"start":{"line":238,"column":2},"end":{"line":246,"column":3}},"90":{"start":{"line":239,"column":4},"end":{"line":243,"column":7}},"91":{"start":{"line":240,"column":6},"end":{"line":242,"column":7}},"92":{"start":{"line":241,"column":8},"end":{"line":241,"column":50}},"93":{"start":{"line":244,"column":4},"end":{"line":244,"column":14}},"94":{"start":{"line":245,"column":4},"end":{"line":245,"column":22}},"95":{"start":{"line":251,"column":2},"end":{"line":266,"column":5}},"96":{"start":{"line":252,"column":4},"end":{"line":265,"column":5}},"97":{"start":{"line":253,"column":6},"end":{"line":262,"column":9}},"98":{"start":{"line":254,"column":8},"end":{"line":258,"column":9}},"99":{"start":{"line":255,"column":10},"end":{"line":255,"column":52}},"100":{"start":{"line":257,"column":10},"end":{"line":257,"column":36}},"101":{"start":{"line":259,"column":8},"end":{"line":259,"column":18}},"102":{"start":{"line":260,"column":8},"end":{"line":260,"column":26}},"103":{"start":{"line":261,"column":8},"end":{"line":261,"column":18}},"104":{"start":{"line":264,"column":6},"end":{"line":264,"column":16}},"105":{"start":{"line":269,"column":0},"end":{"line":278,"column":2}},"106":{"start":{"line":270,"column":19},"end":{"line":270,"column":40}}},"fnMap":{"0":{"name":"getDbConfig","decl":{"start":{"line":6,"column":9},"end":{"line":6,"column":20}},"loc":{"start":{"line":6,"column":23},"end":{"line":15,"column":1}},"line":6},"1":{"name":"getDatabase","decl":{"start":{"line":21,"column":9},"end":{"line":21,"column":20}},"loc":{"start":{"line":21,"column":23},"end":{"line":49,"column":1}},"line":21},"2":{"name":"(anonymous_2)","decl":{"start":{"line":38,"column":64},"end":{"line":38,"column":65}},"loc":{"start":{"line":38,"column":73},"end":{"line":46,"column":5}},"line":38},"3":{"name":"initializeTables","decl":{"start":{"line":52,"column":15},"end":{"line":52,"column":31}},"loc":{"start":{"line":52,"column":34},"end":{"line":116,"column":1}},"line":52},"4":{"name":"(anonymous_4)","decl":{"start":{"line":53,"column":21},"end":{"line":53,"column":22}},"loc":{"start":{"line":53,"column":42},"end":{"line":115,"column":3}},"line":53},"5":{"name":"(anonymous_5)","decl":{"start":{"line":106,"column":32},"end":{"line":106,"column":33}},"loc":{"start":{"line":106,"column":41},"end":{"line":114,"column":5}},"line":106},"6":{"name":"testConnection","decl":{"start":{"line":119,"column":15},"end":{"line":119,"column":29}},"loc":{"start":{"line":119,"column":32},"end":{"line":140,"column":1}},"line":119},"7":{"name":"(anonymous_7)","decl":{"start":{"line":125,"column":23},"end":{"line":125,"column":24}},"loc":{"start":{"line":125,"column":36},"end":{"line":135,"column":5}},"line":125},"8":{"name":"(anonymous_8)","decl":{"start":{"line":126,"column":39},"end":{"line":126,"column":40}},"loc":{"start":{"line":126,"column":53},"end":{"line":134,"column":7}},"line":126},"9":{"name":"query","decl":{"start":{"line":143,"column":15},"end":{"line":143,"column":20}},"loc":{"start":{"line":143,"column":39},"end":{"line":173,"column":1}},"line":143},"10":{"name":"(anonymous_10)","decl":{"start":{"line":144,"column":21},"end":{"line":144,"column":22}},"loc":{"start":{"line":144,"column":42},"end":{"line":172,"column":3}},"line":144},"11":{"name":"(anonymous_11)","decl":{"start":{"line":151,"column":32},"end":{"line":151,"column":33}},"loc":{"start":{"line":151,"column":47},"end":{"line":158,"column":7}},"line":151},"12":{"name":"(anonymous_12)","decl":{"start":{"line":160,"column":32},"end":{"line":160,"column":33}},"loc":{"start":{"line":160,"column":46},"end":{"line":170,"column":7}},"line":160},"13":{"name":"transaction","decl":{"start":{"line":176,"column":15},"end":{"line":176,"column":26}},"loc":{"start":{"line":176,"column":37},"end":{"line":234,"column":1}},"line":176},"14":{"name":"(anonymous_14)","decl":{"start":{"line":177,"column":21},"end":{"line":177,"column":22}},"loc":{"start":{"line":177,"column":42},"end":{"line":233,"column":3}},"line":177},"15":{"name":"(anonymous_15)","decl":{"start":{"line":180,"column":23},"end":{"line":180,"column":24}},"loc":{"start":{"line":180,"column":29},"end":{"line":232,"column":5}},"line":180},"16":{"name":"(anonymous_16)","decl":{"start":{"line":181,"column":40},"end":{"line":181,"column":41}},"loc":{"start":{"line":181,"column":49},"end":{"line":231,"column":7}},"line":181},"17":{"name":"(anonymous_17)","decl":{"start":{"line":189,"column":15},"end":{"line":189,"column":16}},"loc":{"start":{"line":189,"column":37},"end":{"line":196,"column":11}},"line":189},"18":{"name":"(anonymous_18)","decl":{"start":{"line":190,"column":31},"end":{"line":190,"column":32}},"loc":{"start":{"line":190,"column":45},"end":{"line":195,"column":13}},"line":190},"19":{"name":"(anonymous_19)","decl":{"start":{"line":191,"column":40},"end":{"line":191,"column":41}},"loc":{"start":{"line":191,"column":54},"end":{"line":194,"column":15}},"line":191},"20":{"name":"(anonymous_20)","decl":{"start":{"line":197,"column":15},"end":{"line":197,"column":16}},"loc":{"start":{"line":197,"column":37},"end":{"line":204,"column":11}},"line":197},"21":{"name":"(anonymous_21)","decl":{"start":{"line":198,"column":31},"end":{"line":198,"column":32}},"loc":{"start":{"line":198,"column":45},"end":{"line":203,"column":13}},"line":198},"22":{"name":"(anonymous_22)","decl":{"start":{"line":199,"column":40},"end":{"line":199,"column":41}},"loc":{"start":{"line":199,"column":54},"end":{"line":202,"column":15}},"line":199},"23":{"name":"(anonymous_23)","decl":{"start":{"line":205,"column":15},"end":{"line":205,"column":16}},"loc":{"start":{"line":205,"column":37},"end":{"line":212,"column":11}},"line":205},"24":{"name":"(anonymous_24)","decl":{"start":{"line":206,"column":31},"end":{"line":206,"column":32}},"loc":{"start":{"line":206,"column":45},"end":{"line":211,"column":13}},"line":206},"25":{"name":"(anonymous_25)","decl":{"start":{"line":207,"column":40},"end":{"line":207,"column":41}},"loc":{"start":{"line":207,"column":55},"end":{"line":210,"column":15}},"line":207},"26":{"name":"(anonymous_26)","decl":{"start":{"line":216,"column":16},"end":{"line":216,"column":17}},"loc":{"start":{"line":216,"column":26},"end":{"line":225,"column":11}},"line":216},"27":{"name":"(anonymous_27)","decl":{"start":{"line":217,"column":35},"end":{"line":217,"column":36}},"loc":{"start":{"line":217,"column":44},"end":{"line":224,"column":13}},"line":217},"28":{"name":"(anonymous_28)","decl":{"start":{"line":226,"column":17},"end":{"line":226,"column":18}},"loc":{"start":{"line":226,"column":26},"end":{"line":230,"column":11}},"line":226},"29":{"name":"(anonymous_29)","decl":{"start":{"line":227,"column":37},"end":{"line":227,"column":38}},"loc":{"start":{"line":227,"column":43},"end":{"line":229,"column":13}},"line":227},"30":{"name":"resetDatabase","decl":{"start":{"line":237,"column":9},"end":{"line":237,"column":22}},"loc":{"start":{"line":237,"column":25},"end":{"line":247,"column":1}},"line":237},"31":{"name":"(anonymous_31)","decl":{"start":{"line":239,"column":13},"end":{"line":239,"column":14}},"loc":{"start":{"line":239,"column":22},"end":{"line":243,"column":5}},"line":239},"32":{"name":"closeDatabase","decl":{"start":{"line":250,"column":15},"end":{"line":250,"column":28}},"loc":{"start":{"line":250,"column":31},"end":{"line":267,"column":1}},"line":250},"33":{"name":"(anonymous_33)","decl":{"start":{"line":251,"column":21},"end":{"line":251,"column":22}},"loc":{"start":{"line":251,"column":34},"end":{"line":266,"column":3}},"line":251},"34":{"name":"(anonymous_34)","decl":{"start":{"line":253,"column":15},"end":{"line":253,"column":16}},"loc":{"start":{"line":253,"column":24},"end":{"line":262,"column":7}},"line":253},"35":{"name":"(anonymous_35)","decl":{"start":{"line":270,"column":2},"end":{"line":270,"column":3}},"loc":{"start":{"line":270,"column":17},"end":{"line":270,"column":42}},"line":270}},"branchMap":{"0":{"loc":{"start":{"line":8,"column":17},"end":{"line":8,"column":68}},"type":"cond-expr","locations":[{"start":{"line":8,"column":26},"end":{"line":8,"column":48}},{"start":{"line":8,"column":51},"end":{"line":8,"column":68}}],"line":8},"1":{"loc":{"start":{"line":22,"column":2},"end":{"line":47,"column":3}},"type":"if","locations":[{"start":{"line":22,"column":2},"end":{"line":47,"column":3}},{"start":{},"end":{}}],"line":22},"2":{"loc":{"start":{"line":28,"column":4},"end":{"line":30,"column":5}},"type":"if","locations":[{"start":{"line":28,"column":4},"end":{"line":30,"column":5}},{"start":{},"end":{}}],"line":28},"3":{"loc":{"start":{"line":33,"column":4},"end":{"line":36,"column":5}},"type":"if","locations":[{"start":{"line":33,"column":4},"end":{"line":36,"column":5}},{"start":{},"end":{}}],"line":33},"4":{"loc":{"start":{"line":39,"column":6},"end":{"line":45,"column":7}},"type":"if","locations":[{"start":{"line":39,"column":6},"end":{"line":45,"column":7}},{"start":{"line":41,"column":13},"end":{"line":45,"column":7}}],"line":39},"5":{"loc":{"start":{"line":107,"column":6},"end":{"line":113,"column":7}},"type":"if","locations":[{"start":{"line":107,"column":6},"end":{"line":113,"column":7}},{"start":{"line":110,"column":13},"end":{"line":113,"column":7}}],"line":107},"6":{"loc":{"start":{"line":127,"column":8},"end":{"line":133,"column":9}},"type":"if","locations":[{"start":{"line":127,"column":8},"end":{"line":133,"column":9}},{"start":{"line":130,"column":15},"end":{"line":133,"column":9}}],"line":127},"7":{"loc":{"start":{"line":143,"column":26},"end":{"line":143,"column":37}},"type":"default-arg","locations":[{"start":{"line":143,"column":35},"end":{"line":143,"column":37}}],"line":143},"8":{"loc":{"start":{"line":150,"column":4},"end":{"line":171,"column":5}},"type":"if","locations":[{"start":{"line":150,"column":4},"end":{"line":171,"column":5}},{"start":{"line":159,"column":11},"end":{"line":171,"column":5}}],"line":150},"9":{"loc":{"start":{"line":152,"column":8},"end":{"line":157,"column":9}},"type":"if","locations":[{"start":{"line":152,"column":8},"end":{"line":157,"column":9}},{"start":{"line":155,"column":15},"end":{"line":157,"column":9}}],"line":152},"10":{"loc":{"start":{"line":161,"column":8},"end":{"line":169,"column":9}},"type":"if","locations":[{"start":{"line":161,"column":8},"end":{"line":169,"column":9}},{"start":{"line":164,"column":15},"end":{"line":169,"column":9}}],"line":161},"11":{"loc":{"start":{"line":182,"column":8},"end":{"line":185,"column":9}},"type":"if","locations":[{"start":{"line":182,"column":8},"end":{"line":185,"column":9}},{"start":{},"end":{}}],"line":182},"12":{"loc":{"start":{"line":189,"column":21},"end":{"line":189,"column":32}},"type":"default-arg","locations":[{"start":{"line":189,"column":30},"end":{"line":189,"column":32}}],"line":189},"13":{"loc":{"start":{"line":192,"column":16},"end":{"line":193,"column":73}},"type":"if","locations":[{"start":{"line":192,"column":16},"end":{"line":193,"column":73}},{"start":{"line":193,"column":21},"end":{"line":193,"column":73}}],"line":192},"14":{"loc":{"start":{"line":197,"column":21},"end":{"line":197,"column":32}},"type":"default-arg","locations":[{"start":{"line":197,"column":30},"end":{"line":197,"column":32}}],"line":197},"15":{"loc":{"start":{"line":200,"column":16},"end":{"line":201,"column":30}},"type":"if","locations":[{"start":{"line":200,"column":16},"end":{"line":201,"column":30}},{"start":{"line":201,"column":21},"end":{"line":201,"column":30}}],"line":200},"16":{"loc":{"start":{"line":205,"column":21},"end":{"line":205,"column":32}},"type":"default-arg","locations":[{"start":{"line":205,"column":30},"end":{"line":205,"column":32}}],"line":205},"17":{"loc":{"start":{"line":208,"column":16},"end":{"line":209,"column":31}},"type":"if","locations":[{"start":{"line":208,"column":16},"end":{"line":209,"column":31}},{"start":{"line":209,"column":21},"end":{"line":209,"column":31}}],"line":208},"18":{"loc":{"start":{"line":218,"column":14},"end":{"line":223,"column":15}},"type":"if","locations":[{"start":{"line":218,"column":14},"end":{"line":223,"column":15}},{"start":{"line":221,"column":21},"end":{"line":223,"column":15}}],"line":218},"19":{"loc":{"start":{"line":238,"column":2},"end":{"line":246,"column":3}},"type":"if","locations":[{"start":{"line":238,"column":2},"end":{"line":246,"column":3}},{"start":{},"end":{}}],"line":238},"20":{"loc":{"start":{"line":240,"column":6},"end":{"line":242,"column":7}},"type":"if","locations":[{"start":{"line":240,"column":6},"end":{"line":242,"column":7}},{"start":{},"end":{}}],"line":240},"21":{"loc":{"start":{"line":252,"column":4},"end":{"line":265,"column":5}},"type":"if","locations":[{"start":{"line":252,"column":4},"end":{"line":265,"column":5}},{"start":{"line":263,"column":11},"end":{"line":265,"column":5}}],"line":252},"22":{"loc":{"start":{"line":254,"column":8},"end":{"line":258,"column":9}},"type":"if","locations":[{"start":{"line":254,"column":8},"end":{"line":258,"column":9}},{"start":{"line":256,"column":15},"end":{"line":258,"column":9}}],"line":254}},"s":{"0":1,"1":1,"2":1,"3":1,"4":1,"5":1,"6":1,"7":1,"8":305,"9":1,"10":1,"11":1,"12":1,"13":0,"14":1,"15":1,"16":1,"17":1,"18":1,"19":0,"20":1,"21":1,"22":305,"23":4,"24":4,"25":4,"26":4,"27":4,"28":0,"29":0,"30":4,"31":4,"32":4,"33":4,"34":4,"35":4,"36":4,"37":4,"38":0,"39":0,"40":4,"41":4,"42":0,"43":0,"44":296,"45":296,"46":296,"47":296,"48":43,"49":43,"50":25,"51":25,"52":18,"53":253,"54":253,"55":5,"56":5,"57":248,"58":1,"59":1,"60":1,"61":1,"62":1,"63":0,"64":0,"65":1,"66":0,"67":0,"68":0,"69":0,"70":0,"71":0,"72":0,"73":0,"74":0,"75":0,"76":0,"77":0,"78":0,"79":0,"80":0,"81":1,"82":0,"83":0,"84":0,"85":0,"86":0,"87":1,"88":1,"89":1,"90":0,"91":0,"92":0,"93":0,"94":0,"95":0,"96":0,"97":0,"98":0,"99":0,"100":0,"101":0,"102":0,"103":0,"104":0,"105":1,"106":0},"f":{"0":1,"1":305,"2":1,"3":4,"4":4,"5":4,"6":4,"7":4,"8":4,"9":296,"10":296,"11":43,"12":253,"13":1,"14":1,"15":1,"16":1,"17":0,"18":0,"19":0,"20":0,"21":0,"22":0,"23":0,"24":0,"25":0,"26":0,"27":0,"28":1,"29":1,"30":1,"31":0,"32":0,"33":0,"34":0,"35":0},"b":{"0":[1,0],"1":[1,304],"2":[0,1],"3":[1,0],"4":[0,1],"5":[0,4],"6":[0,4],"7":[158],"8":[43,253],"9":[25,18],"10":[5,248],"11":[0,1],"12":[0],"13":[0,0],"14":[0],"15":[0,0],"16":[0],"17":[0,0],"18":[0,0],"19":[0,1],"20":[0,0],"21":[0,0],"22":[0,0]},"_coverageSchema":"1a1c01bbd47fc00a2c39e90264f33305004495a9","hash":"4b13df6e549dfda6cac2f5e5d5527adbb98507f7"}
,"/Users/danieldong/Documents/GitHub/gougegaoshu/backend/middleware/auth.js": {"path":"/Users/danieldong/Documents/GitHub/gougegaoshu/backend/middleware/auth.js","statementMap":{"0":{"start":{"line":1,"column":12},"end":{"line":1,"column":35}},"1":{"start":{"line":2,"column":18},"end":{"line":2,"column":47}},"2":{"start":{"line":5,"column":26},"end":{"line":96,"column":1}},"3":{"start":{"line":6,"column":21},"end":{"line":6,"column":49}},"4":{"start":{"line":9,"column":2},"end":{"line":14,"column":3}},"5":{"start":{"line":10,"column":4},"end":{"line":13,"column":7}},"6":{"start":{"line":17,"column":2},"end":{"line":22,"column":3}},"7":{"start":{"line":18,"column":4},"end":{"line":21,"column":7}},"8":{"start":{"line":25,"column":2},"end":{"line":30,"column":3}},"9":{"start":{"line":26,"column":4},"end":{"line":29,"column":7}},"10":{"start":{"line":32,"column":16},"end":{"line":32,"column":39}},"11":{"start":{"line":35,"column":2},"end":{"line":40,"column":3}},"12":{"start":{"line":36,"column":4},"end":{"line":39,"column":7}},"13":{"start":{"line":42,"column":2},"end":{"line":95,"column":3}},"14":{"start":{"line":43,"column":20},"end":{"line":43,"column":61}},"15":{"start":{"line":46,"column":4},"end":{"line":86,"column":5}},"16":{"start":{"line":48,"column":21},"end":{"line":51,"column":7}},"17":{"start":{"line":53,"column":6},"end":{"line":58,"column":7}},"18":{"start":{"line":54,"column":8},"end":{"line":57,"column":11}},"19":{"start":{"line":60,"column":6},"end":{"line":66,"column":8}},"20":{"start":{"line":69,"column":20},"end":{"line":72,"column":7}},"21":{"start":{"line":74,"column":6},"end":{"line":79,"column":7}},"22":{"start":{"line":75,"column":8},"end":{"line":78,"column":11}},"23":{"start":{"line":81,"column":6},"end":{"line":85,"column":8}},"24":{"start":{"line":88,"column":4},"end":{"line":88,"column":11}},"25":{"start":{"line":90,"column":4},"end":{"line":90,"column":39}},"26":{"start":{"line":91,"column":4},"end":{"line":94,"column":7}},"27":{"start":{"line":99,"column":21},"end":{"line":109,"column":1}},"28":{"start":{"line":101,"column":2},"end":{"line":106,"column":3}},"29":{"start":{"line":102,"column":4},"end":{"line":105,"column":7}},"30":{"start":{"line":108,"column":2},"end":{"line":108,"column":9}},"31":{"start":{"line":113,"column":0},"end":{"line":116,"column":2}}},"fnMap":{"0":{"name":"(anonymous_0)","decl":{"start":{"line":5,"column":26},"end":{"line":5,"column":27}},"loc":{"start":{"line":5,"column":52},"end":{"line":96,"column":1}},"line":5},"1":{"name":"(anonymous_1)","decl":{"start":{"line":99,"column":21},"end":{"line":99,"column":22}},"loc":{"start":{"line":99,"column":41},"end":{"line":109,"column":1}},"line":99}},"branchMap":{"0":{"loc":{"start":{"line":9,"column":2},"end":{"line":14,"column":3}},"type":"if","locations":[{"start":{"line":9,"column":2},"end":{"line":14,"column":3}},{"start":{},"end":{}}],"line":9},"1":{"loc":{"start":{"line":17,"column":2},"end":{"line":22,"column":3}},"type":"if","locations":[{"start":{"line":17,"column":2},"end":{"line":22,"column":3}},{"start":{},"end":{}}],"line":17},"2":{"loc":{"start":{"line":25,"column":2},"end":{"line":30,"column":3}},"type":"if","locations":[{"start":{"line":25,"column":2},"end":{"line":30,"column":3}},{"start":{},"end":{}}],"line":25},"3":{"loc":{"start":{"line":35,"column":2},"end":{"line":40,"column":3}},"type":"if","locations":[{"start":{"line":35,"column":2},"end":{"line":40,"column":3}},{"start":{},"end":{}}],"line":35},"4":{"loc":{"start":{"line":35,"column":6},"end":{"line":35,"column":35}},"type":"binary-expr","locations":[{"start":{"line":35,"column":6},"end":{"line":35,"column":12}},{"start":{"line":35,"column":16},"end":{"line":35,"column":35}}],"line":35},"5":{"loc":{"start":{"line":46,"column":4},"end":{"line":86,"column":5}},"type":"if","locations":[{"start":{"line":46,"column":4},"end":{"line":86,"column":5}},{"start":{"line":67,"column":11},"end":{"line":86,"column":5}}],"line":46},"6":{"loc":{"start":{"line":53,"column":6},"end":{"line":58,"column":7}},"type":"if","locations":[{"start":{"line":53,"column":6},"end":{"line":58,"column":7}},{"start":{},"end":{}}],"line":53},"7":{"loc":{"start":{"line":74,"column":6},"end":{"line":79,"column":7}},"type":"if","locations":[{"start":{"line":74,"column":6},"end":{"line":79,"column":7}},{"start":{},"end":{}}],"line":74},"8":{"loc":{"start":{"line":101,"column":2},"end":{"line":106,"column":3}},"type":"if","locations":[{"start":{"line":101,"column":2},"end":{"line":106,"column":3}},{"start":{},"end":{}}],"line":101}},"s":{"0":1,"1":1,"2":1,"3":0,"4":0,"5":0,"6":0,"7":0,"8":0,"9":0,"10":0,"11":0,"12":0,"13":0,"14":0,"15":0,"16":0,"17":0,"18":0,"19":0,"20":0,"21":0,"22":0,"23":0,"24":0,"25":0,"26":0,"27":1,"28":0,"29":0,"30":0,"31":1},"f":{"0":0,"1":0},"b":{"0":[0,0],"1":[0,0],"2":[0,0],"3":[0,0],"4":[0,0],"5":[0,0],"6":[0,0],"7":[0,0],"8":[0,0]},"_coverageSchema":"1a1c01bbd47fc00a2c39e90264f33305004495a9","hash":"bc25dc7e32802027fc70356a9933c8d15a608251"}
,"/Users/danieldong/Documents/GitHub/gougegaoshu/backend/routes/admin.js": {"path":"/Users/danieldong/Documents/GitHub/gougegaoshu/backend/routes/admin.js","statementMap":{"0":{"start":{"line":1,"column":16},"end":{"line":1,"column":34}},"1":{"start":{"line":2,"column":15},"end":{"line":2,"column":34}},"2":{"start":{"line":3,"column":12},"end":{"line":3,"column":26}},"3":{"start":{"line":4,"column":15},"end":{"line":4,"column":32}},"4":{"start":{"line":5,"column":31},"end":{"line":5,"column":60}},"5":{"start":{"line":6,"column":44},"end":{"line":6,"column":73}},"6":{"start":{"line":7,"column":40},"end":{"line":7,"column":74}},"7":{"start":{"line":9,"column":15},"end":{"line":9,"column":31}},"8":{"start":{"line":12,"column":0},"end":{"line":12,"column":30}},"9":{"start":{"line":13,"column":0},"end":{"line":13,"column":25}},"10":{"start":{"line":16,"column":0},"end":{"line":34,"column":3}},"11":{"start":{"line":17,"column":2},"end":{"line":33,"column":3}},"12":{"start":{"line":18,"column":21},"end":{"line":20,"column":5}},"13":{"start":{"line":22,"column":4},"end":{"line":25,"column":7}},"14":{"start":{"line":28,"column":4},"end":{"line":28,"column":38}},"15":{"start":{"line":29,"column":4},"end":{"line":32,"column":7}},"16":{"start":{"line":37,"column":0},"end":{"line":79,"column":3}},"17":{"start":{"line":38,"column":2},"end":{"line":78,"column":3}},"18":{"start":{"line":39,"column":21},"end":{"line":39,"column":29}},"19":{"start":{"line":41,"column":4},"end":{"line":46,"column":5}},"20":{"start":{"line":42,"column":6},"end":{"line":45,"column":9}},"21":{"start":{"line":49,"column":29},"end":{"line":49,"column":82}},"22":{"start":{"line":50,"column":25},"end":{"line":50,"column":50}},"23":{"start":{"line":51,"column":25},"end":{"line":51,"column":73}},"24":{"start":{"line":54,"column":28},"end":{"line":54,"column":70}},"25":{"start":{"line":55,"column":27},"end":{"line":55,"column":65}},"26":{"start":{"line":57,"column":4},"end":{"line":60,"column":6}},"27":{"start":{"line":62,"column":4},"end":{"line":70,"column":7}},"28":{"start":{"line":73,"column":4},"end":{"line":73,"column":36}},"29":{"start":{"line":74,"column":4},"end":{"line":77,"column":7}},"30":{"start":{"line":82,"column":0},"end":{"line":119,"column":3}},"31":{"start":{"line":83,"column":2},"end":{"line":118,"column":3}},"32":{"start":{"line":84,"column":26},"end":{"line":84,"column":36}},"33":{"start":{"line":87,"column":21},"end":{"line":87,"column":91}},"34":{"start":{"line":88,"column":4},"end":{"line":93,"column":5}},"35":{"start":{"line":89,"column":6},"end":{"line":92,"column":9}},"36":{"start":{"line":96,"column":28},"end":{"line":96,"column":70}},"37":{"start":{"line":97,"column":27},"end":{"line":97,"column":65}},"38":{"start":{"line":99,"column":4},"end":{"line":102,"column":6}},"39":{"start":{"line":104,"column":4},"end":{"line":110,"column":7}},"40":{"start":{"line":113,"column":4},"end":{"line":113,"column":36}},"41":{"start":{"line":114,"column":4},"end":{"line":117,"column":7}},"42":{"start":{"line":122,"column":0},"end":{"line":184,"column":3}},"43":{"start":{"line":123,"column":2},"end":{"line":183,"column":3}},"44":{"start":{"line":124,"column":26},"end":{"line":124,"column":36}},"45":{"start":{"line":127,"column":21},"end":{"line":127,"column":84}},"46":{"start":{"line":128,"column":4},"end":{"line":133,"column":5}},"47":{"start":{"line":129,"column":6},"end":{"line":132,"column":9}},"48":{"start":{"line":136,"column":21},"end":{"line":136,"column":100}},"49":{"start":{"line":138,"column":20},"end":{"line":138,"column":31}},"50":{"start":{"line":139,"column":20},"end":{"line":139,"column":60}},"51":{"start":{"line":141,"column":4},"end":{"line":175,"column":7}},"52":{"start":{"line":178,"column":4},"end":{"line":178,"column":38}},"53":{"start":{"line":179,"column":4},"end":{"line":182,"column":7}},"54":{"start":{"line":187,"column":0},"end":{"line":281,"column":3}},"55":{"start":{"line":188,"column":2},"end":{"line":280,"column":3}},"56":{"start":{"line":189,"column":24},"end":{"line":189,"column":32}},"57":{"start":{"line":191,"column":4},"end":{"line":196,"column":5}},"58":{"start":{"line":192,"column":6},"end":{"line":195,"column":9}},"59":{"start":{"line":198,"column":18},"end":{"line":198,"column":53}},"60":{"start":{"line":199,"column":18},"end":{"line":199,"column":20}},"61":{"start":{"line":201,"column":4},"end":{"line":234,"column":5}},"62":{"start":{"line":202,"column":6},"end":{"line":202,"column":33}},"63":{"start":{"line":202,"column":24},"end":{"line":202,"column":33}},"64":{"start":{"line":204,"column":20},"end":{"line":204,"column":35}},"65":{"start":{"line":205,"column":6},"end":{"line":205,"column":37}},"66":{"start":{"line":205,"column":28},"end":{"line":205,"column":37}},"67":{"start":{"line":207,"column":62},"end":{"line":207,"column":92}},"68":{"start":{"line":207,"column":80},"end":{"line":207,"column":91}},"69":{"start":{"line":208,"column":22},"end":{"line":208,"column":44}},"70":{"start":{"line":210,"column":6},"end":{"line":210,"column":55}},"71":{"start":{"line":210,"column":46},"end":{"line":210,"column":55}},"72":{"start":{"line":213,"column":24},"end":{"line":213,"column":45}},"73":{"start":{"line":214,"column":6},"end":{"line":217,"column":7}},"74":{"start":{"line":215,"column":8},"end":{"line":215,"column":44}},"75":{"start":{"line":216,"column":8},"end":{"line":216,"column":17}},"76":{"start":{"line":220,"column":23},"end":{"line":220,"column":87}},"77":{"start":{"line":221,"column":6},"end":{"line":224,"column":7}},"78":{"start":{"line":222,"column":8},"end":{"line":222,"column":43}},"79":{"start":{"line":223,"column":8},"end":{"line":223,"column":17}},"80":{"start":{"line":226,"column":6},"end":{"line":233,"column":9}},"81":{"start":{"line":236,"column":4},"end":{"line":241,"column":5}},"82":{"start":{"line":237,"column":6},"end":{"line":240,"column":9}},"83":{"start":{"line":244,"column":19},"end":{"line":244,"column":20}},"84":{"start":{"line":245,"column":4},"end":{"line":262,"column":7}},"85":{"start":{"line":246,"column":6},"end":{"line":261,"column":7}},"86":{"start":{"line":248,"column":32},"end":{"line":251,"column":9}},"87":{"start":{"line":254,"column":8},"end":{"line":260,"column":9}},"88":{"start":{"line":255,"column":10},"end":{"line":258,"column":12}},"89":{"start":{"line":259,"column":10},"end":{"line":259,"column":21}},"90":{"start":{"line":264,"column":4},"end":{"line":272,"column":7}},"91":{"start":{"line":275,"column":4},"end":{"line":275,"column":38}},"92":{"start":{"line":276,"column":4},"end":{"line":279,"column":7}},"93":{"start":{"line":284,"column":0},"end":{"line":391,"column":3}},"94":{"start":{"line":285,"column":2},"end":{"line":390,"column":3}},"95":{"start":{"line":286,"column":41},"end":{"line":286,"column":50}},"96":{"start":{"line":288,"column":22},"end":{"line":288,"column":24}},"97":{"start":{"line":289,"column":17},"end":{"line":289,"column":19}},"98":{"start":{"line":291,"column":4},"end":{"line":309,"column":5}},"99":{"start":{"line":293,"column":6},"end":{"line":293,"column":87}},"100":{"start":{"line":294,"column":6},"end":{"line":294,"column":22}},"101":{"start":{"line":295,"column":11},"end":{"line":309,"column":5}},"102":{"start":{"line":297,"column":6},"end":{"line":297,"column":99}},"103":{"start":{"line":298,"column":6},"end":{"line":298,"column":36}},"104":{"start":{"line":299,"column":11},"end":{"line":309,"column":5}},"105":{"start":{"line":301,"column":25},"end":{"line":301,"column":50}},"106":{"start":{"line":302,"column":6},"end":{"line":302,"column":90}},"107":{"start":{"line":303,"column":6},"end":{"line":303,"column":34}},"108":{"start":{"line":306,"column":20},"end":{"line":306,"column":58}},"109":{"start":{"line":307,"column":6},"end":{"line":307,"column":87}},"110":{"start":{"line":308,"column":6},"end":{"line":308,"column":23}},"111":{"start":{"line":312,"column":18},"end":{"line":320,"column":14}},"112":{"start":{"line":323,"column":23},"end":{"line":323,"column":35}},"113":{"start":{"line":324,"column":27},"end":{"line":324,"column":70}},"114":{"start":{"line":324,"column":48},"end":{"line":324,"column":62}},"115":{"start":{"line":325,"column":27},"end":{"line":325,"column":95}},"116":{"start":{"line":328,"column":27},"end":{"line":328,"column":75}},"117":{"start":{"line":328,"column":53},"end":{"line":328,"column":68}},"118":{"start":{"line":331,"column":25},"end":{"line":331,"column":27}},"119":{"start":{"line":332,"column":4},"end":{"line":345,"column":7}},"120":{"start":{"line":333,"column":6},"end":{"line":340,"column":7}},"121":{"start":{"line":334,"column":8},"end":{"line":339,"column":10}},"122":{"start":{"line":341,"column":6},"end":{"line":341,"column":49}},"123":{"start":{"line":342,"column":6},"end":{"line":344,"column":7}},"124":{"start":{"line":343,"column":8},"end":{"line":343,"column":55}},"125":{"start":{"line":348,"column":4},"end":{"line":352,"column":7}},"126":{"start":{"line":349,"column":6},"end":{"line":351,"column":12}},"127":{"start":{"line":354,"column":4},"end":{"line":382,"column":7}},"128":{"start":{"line":367,"column":34},"end":{"line":380,"column":9}},"129":{"start":{"line":385,"column":4},"end":{"line":385,"column":38}},"130":{"start":{"line":386,"column":4},"end":{"line":389,"column":7}},"131":{"start":{"line":394,"column":0},"end":{"line":420,"column":3}},"132":{"start":{"line":395,"column":2},"end":{"line":419,"column":3}},"133":{"start":{"line":396,"column":38},"end":{"line":396,"column":46}},"134":{"start":{"line":398,"column":4},"end":{"line":403,"column":5}},"135":{"start":{"line":399,"column":6},"end":{"line":402,"column":9}},"136":{"start":{"line":405,"column":19},"end":{"line":405,"column":64}},"137":{"start":{"line":407,"column":4},"end":{"line":411,"column":7}},"138":{"start":{"line":414,"column":4},"end":{"line":414,"column":40}},"139":{"start":{"line":415,"column":4},"end":{"line":418,"column":7}},"140":{"start":{"line":423,"column":0},"end":{"line":469,"column":3}},"141":{"start":{"line":424,"column":2},"end":{"line":468,"column":3}},"142":{"start":{"line":425,"column":4},"end":{"line":425,"column":59}},"143":{"start":{"line":427,"column":4},"end":{"line":450,"column":7}},"144":{"start":{"line":429,"column":28},"end":{"line":429,"column":81}},"145":{"start":{"line":432,"column":26},"end":{"line":432,"column":45}},"146":{"start":{"line":433,"column":6},"end":{"line":441,"column":7}},"147":{"start":{"line":434,"column":8},"end":{"line":434,"column":88}},"148":{"start":{"line":436,"column":8},"end":{"line":440,"column":9}},"149":{"start":{"line":437,"column":10},"end":{"line":437,"column":62}},"150":{"start":{"line":439,"column":10},"end":{"line":439,"column":22}},"151":{"start":{"line":444,"column":28},"end":{"line":444,"column":73}},"152":{"start":{"line":446,"column":6},"end":{"line":446,"column":35}},"153":{"start":{"line":447,"column":6},"end":{"line":447,"column":64}},"154":{"start":{"line":448,"column":6},"end":{"line":448,"column":68}},"155":{"start":{"line":449,"column":6},"end":{"line":449,"column":62}},"156":{"start":{"line":452,"column":4},"end":{"line":460,"column":7}},"157":{"start":{"line":463,"column":4},"end":{"line":463,"column":42}},"158":{"start":{"line":464,"column":4},"end":{"line":467,"column":7}},"159":{"start":{"line":472,"column":0},"end":{"line":488,"column":3}},"160":{"start":{"line":473,"column":2},"end":{"line":487,"column":3}},"161":{"start":{"line":474,"column":19},"end":{"line":474,"column":30}},"162":{"start":{"line":476,"column":4},"end":{"line":479,"column":7}},"163":{"start":{"line":482,"column":4},"end":{"line":482,"column":40}},"164":{"start":{"line":483,"column":4},"end":{"line":486,"column":7}},"165":{"start":{"line":491,"column":0},"end":{"line":586,"column":3}},"166":{"start":{"line":492,"column":2},"end":{"line":585,"column":3}},"167":{"start":{"line":493,"column":4},"end":{"line":493,"column":34}},"168":{"start":{"line":496,"column":4},"end":{"line":504,"column":5}},"169":{"start":{"line":497,"column":6},"end":{"line":497,"column":94}},"170":{"start":{"line":498,"column":6},"end":{"line":498,"column":45}},"171":{"start":{"line":500,"column":6},"end":{"line":502,"column":7}},"172":{"start":{"line":501,"column":8},"end":{"line":501,"column":20}},"173":{"start":{"line":503,"column":6},"end":{"line":503,"column":44}},"174":{"start":{"line":507,"column":4},"end":{"line":515,"column":5}},"175":{"start":{"line":508,"column":6},"end":{"line":508,"column":83}},"176":{"start":{"line":509,"column":6},"end":{"line":509,"column":45}},"177":{"start":{"line":511,"column":6},"end":{"line":513,"column":7}},"178":{"start":{"line":512,"column":8},"end":{"line":512,"column":20}},"179":{"start":{"line":514,"column":6},"end":{"line":514,"column":44}},"180":{"start":{"line":518,"column":4},"end":{"line":536,"column":7}},"181":{"start":{"line":537,"column":4},"end":{"line":537,"column":33}},"182":{"start":{"line":540,"column":4},"end":{"line":554,"column":7}},"183":{"start":{"line":555,"column":4},"end":{"line":555,"column":33}},"184":{"start":{"line":558,"column":4},"end":{"line":565,"column":7}},"185":{"start":{"line":566,"column":4},"end":{"line":566,"column":30}},"186":{"start":{"line":569,"column":4},"end":{"line":569,"column":90}},"187":{"start":{"line":570,"column":4},"end":{"line":570,"column":46}},"188":{"start":{"line":572,"column":4},"end":{"line":572,"column":31}},"189":{"start":{"line":574,"column":4},"end":{"line":577,"column":7}},"190":{"start":{"line":580,"column":4},"end":{"line":580,"column":39}},"191":{"start":{"line":581,"column":4},"end":{"line":584,"column":7}},"192":{"start":{"line":588,"column":0},"end":{"line":588,"column":24}}},"fnMap":{"0":{"name":"(anonymous_0)","decl":{"start":{"line":16,"column":24},"end":{"line":16,"column":25}},"loc":{"start":{"line":16,"column":44},"end":{"line":34,"column":1}},"line":16},"1":{"name":"(anonymous_1)","decl":{"start":{"line":37,"column":25},"end":{"line":37,"column":26}},"loc":{"start":{"line":37,"column":45},"end":{"line":79,"column":1}},"line":37},"2":{"name":"(anonymous_2)","decl":{"start":{"line":82,"column":51},"end":{"line":82,"column":52}},"loc":{"start":{"line":82,"column":71},"end":{"line":119,"column":1}},"line":82},"3":{"name":"(anonymous_3)","decl":{"start":{"line":122,"column":43},"end":{"line":122,"column":44}},"loc":{"start":{"line":122,"column":63},"end":{"line":184,"column":1}},"line":122},"4":{"name":"(anonymous_4)","decl":{"start":{"line":187,"column":34},"end":{"line":187,"column":35}},"loc":{"start":{"line":187,"column":54},"end":{"line":281,"column":1}},"line":187},"5":{"name":"(anonymous_5)","decl":{"start":{"line":207,"column":72},"end":{"line":207,"column":73}},"loc":{"start":{"line":207,"column":80},"end":{"line":207,"column":91}},"line":207},"6":{"name":"(anonymous_6)","decl":{"start":{"line":245,"column":22},"end":{"line":245,"column":23}},"loc":{"start":{"line":245,"column":44},"end":{"line":262,"column":5}},"line":245},"7":{"name":"(anonymous_7)","decl":{"start":{"line":284,"column":29},"end":{"line":284,"column":30}},"loc":{"start":{"line":284,"column":49},"end":{"line":391,"column":1}},"line":284},"8":{"name":"(anonymous_8)","decl":{"start":{"line":324,"column":40},"end":{"line":324,"column":41}},"loc":{"start":{"line":324,"column":48},"end":{"line":324,"column":62}},"line":324},"9":{"name":"(anonymous_9)","decl":{"start":{"line":328,"column":45},"end":{"line":328,"column":46}},"loc":{"start":{"line":328,"column":53},"end":{"line":328,"column":68}},"line":328},"10":{"name":"(anonymous_10)","decl":{"start":{"line":332,"column":18},"end":{"line":332,"column":19}},"loc":{"start":{"line":332,"column":26},"end":{"line":345,"column":5}},"line":332},"11":{"name":"(anonymous_11)","decl":{"start":{"line":348,"column":40},"end":{"line":348,"column":41}},"loc":{"start":{"line":348,"column":51},"end":{"line":352,"column":5}},"line":348},"12":{"name":"(anonymous_12)","decl":{"start":{"line":367,"column":25},"end":{"line":367,"column":26}},"loc":{"start":{"line":367,"column":34},"end":{"line":380,"column":9}},"line":367},"13":{"name":"(anonymous_13)","decl":{"start":{"line":394,"column":33},"end":{"line":394,"column":34}},"loc":{"start":{"line":394,"column":53},"end":{"line":420,"column":1}},"line":394},"14":{"name":"(anonymous_14)","decl":{"start":{"line":423,"column":32},"end":{"line":423,"column":33}},"loc":{"start":{"line":423,"column":52},"end":{"line":469,"column":1}},"line":423},"15":{"name":"(anonymous_15)","decl":{"start":{"line":427,"column":22},"end":{"line":427,"column":23}},"loc":{"start":{"line":427,"column":44},"end":{"line":450,"column":5}},"line":427},"16":{"name":"(anonymous_16)","decl":{"start":{"line":472,"column":27},"end":{"line":472,"column":28}},"loc":{"start":{"line":472,"column":47},"end":{"line":488,"column":1}},"line":472},"17":{"name":"(anonymous_17)","decl":{"start":{"line":491,"column":29},"end":{"line":491,"column":30}},"loc":{"start":{"line":491,"column":49},"end":{"line":586,"column":1}},"line":491}},"branchMap":{"0":{"loc":{"start":{"line":41,"column":4},"end":{"line":46,"column":5}},"type":"if","locations":[{"start":{"line":41,"column":4},"end":{"line":46,"column":5}},{"start":{},"end":{}}],"line":41},"1":{"loc":{"start":{"line":41,"column":8},"end":{"line":41,"column":41}},"type":"binary-expr","locations":[{"start":{"line":41,"column":8},"end":{"line":41,"column":13}},{"start":{"line":41,"column":17},"end":{"line":41,"column":41}}],"line":41},"2":{"loc":{"start":{"line":54,"column":28},"end":{"line":54,"column":70}},"type":"binary-expr","locations":[{"start":{"line":54,"column":28},"end":{"line":54,"column":56}},{"start":{"line":54,"column":60},"end":{"line":54,"column":70}}],"line":54},"3":{"loc":{"start":{"line":88,"column":4},"end":{"line":93,"column":5}},"type":"if","locations":[{"start":{"line":88,"column":4},"end":{"line":93,"column":5}},{"start":{},"end":{}}],"line":88},"4":{"loc":{"start":{"line":96,"column":28},"end":{"line":96,"column":70}},"type":"binary-expr","locations":[{"start":{"line":96,"column":28},"end":{"line":96,"column":56}},{"start":{"line":96,"column":60},"end":{"line":96,"column":70}}],"line":96},"5":{"loc":{"start":{"line":128,"column":4},"end":{"line":133,"column":5}},"type":"if","locations":[{"start":{"line":128,"column":4},"end":{"line":133,"column":5}},{"start":{},"end":{}}],"line":128},"6":{"loc":{"start":{"line":139,"column":20},"end":{"line":139,"column":60}},"type":"cond-expr","locations":[{"start":{"line":139,"column":42},"end":{"line":139,"column":53}},{"start":{"line":139,"column":56},"end":{"line":139,"column":60}}],"line":139},"7":{"loc":{"start":{"line":150,"column":17},"end":{"line":173,"column":16}},"type":"cond-expr","locations":[{"start":{"line":150,"column":27},"end":{"line":173,"column":9}},{"start":{"line":173,"column":12},"end":{"line":173,"column":16}}],"line":150},"8":{"loc":{"start":{"line":191,"column":4},"end":{"line":196,"column":5}},"type":"if","locations":[{"start":{"line":191,"column":4},"end":{"line":196,"column":5}},{"start":{},"end":{}}],"line":191},"9":{"loc":{"start":{"line":191,"column":8},"end":{"line":191,"column":47}},"type":"binary-expr","locations":[{"start":{"line":191,"column":8},"end":{"line":191,"column":16}},{"start":{"line":191,"column":20},"end":{"line":191,"column":47}}],"line":191},"10":{"loc":{"start":{"line":202,"column":6},"end":{"line":202,"column":33}},"type":"if","locations":[{"start":{"line":202,"column":6},"end":{"line":202,"column":33}},{"start":{},"end":{}}],"line":202},"11":{"loc":{"start":{"line":205,"column":6},"end":{"line":205,"column":37}},"type":"if","locations":[{"start":{"line":205,"column":6},"end":{"line":205,"column":37}},{"start":{},"end":{}}],"line":205},"12":{"loc":{"start":{"line":210,"column":6},"end":{"line":210,"column":55}},"type":"if","locations":[{"start":{"line":210,"column":6},"end":{"line":210,"column":55}},{"start":{},"end":{}}],"line":210},"13":{"loc":{"start":{"line":210,"column":10},"end":{"line":210,"column":44}},"type":"binary-expr","locations":[{"start":{"line":210,"column":10},"end":{"line":210,"column":20}},{"start":{"line":210,"column":24},"end":{"line":210,"column":32}},{"start":{"line":210,"column":36},"end":{"line":210,"column":44}}],"line":210},"14":{"loc":{"start":{"line":214,"column":6},"end":{"line":217,"column":7}},"type":"if","locations":[{"start":{"line":214,"column":6},"end":{"line":217,"column":7}},{"start":{},"end":{}}],"line":214},"15":{"loc":{"start":{"line":221,"column":6},"end":{"line":224,"column":7}},"type":"if","locations":[{"start":{"line":221,"column":6},"end":{"line":224,"column":7}},{"start":{},"end":{}}],"line":221},"16":{"loc":{"start":{"line":236,"column":4},"end":{"line":241,"column":5}},"type":"if","locations":[{"start":{"line":236,"column":4},"end":{"line":241,"column":5}},{"start":{},"end":{}}],"line":236},"17":{"loc":{"start":{"line":254,"column":8},"end":{"line":260,"column":9}},"type":"if","locations":[{"start":{"line":254,"column":8},"end":{"line":260,"column":9}},{"start":{},"end":{}}],"line":254},"18":{"loc":{"start":{"line":291,"column":4},"end":{"line":309,"column":5}},"type":"if","locations":[{"start":{"line":291,"column":4},"end":{"line":309,"column":5}},{"start":{"line":295,"column":11},"end":{"line":309,"column":5}}],"line":291},"19":{"loc":{"start":{"line":295,"column":11},"end":{"line":309,"column":5}},"type":"if","locations":[{"start":{"line":295,"column":11},"end":{"line":309,"column":5}},{"start":{"line":299,"column":11},"end":{"line":309,"column":5}}],"line":295},"20":{"loc":{"start":{"line":295,"column":15},"end":{"line":295,"column":35}},"type":"binary-expr","locations":[{"start":{"line":295,"column":15},"end":{"line":295,"column":24}},{"start":{"line":295,"column":28},"end":{"line":295,"column":35}}],"line":295},"21":{"loc":{"start":{"line":299,"column":11},"end":{"line":309,"column":5}},"type":"if","locations":[{"start":{"line":299,"column":11},"end":{"line":309,"column":5}},{"start":{"line":304,"column":11},"end":{"line":309,"column":5}}],"line":299},"22":{"loc":{"start":{"line":325,"column":27},"end":{"line":325,"column":95}},"type":"cond-expr","locations":[{"start":{"line":325,"column":44},"end":{"line":325,"column":91}},{"start":{"line":325,"column":94},"end":{"line":325,"column":95}}],"line":325},"23":{"loc":{"start":{"line":333,"column":6},"end":{"line":340,"column":7}},"type":"if","locations":[{"start":{"line":333,"column":6},"end":{"line":340,"column":7}},{"start":{},"end":{}}],"line":333},"24":{"loc":{"start":{"line":342,"column":6},"end":{"line":344,"column":7}},"type":"if","locations":[{"start":{"line":342,"column":6},"end":{"line":344,"column":7}},{"start":{},"end":{}}],"line":342},"25":{"loc":{"start":{"line":349,"column":31},"end":{"line":351,"column":11}},"type":"cond-expr","locations":[{"start":{"line":350,"column":10},"end":{"line":350,"column":73}},{"start":{"line":351,"column":10},"end":{"line":351,"column":11}}],"line":349},"26":{"loc":{"start":{"line":373,"column":16},"end":{"line":373,"column":108}},"type":"cond-expr","locations":[{"start":{"line":373,"column":49},"end":{"line":373,"column":91}},{"start":{"line":373,"column":94},"end":{"line":373,"column":108}}],"line":373},"27":{"loc":{"start":{"line":375,"column":20},"end":{"line":378,"column":18}},"type":"cond-expr","locations":[{"start":{"line":375,"column":65},"end":{"line":378,"column":11}},{"start":{"line":378,"column":14},"end":{"line":378,"column":18}}],"line":375},"28":{"loc":{"start":{"line":375,"column":20},"end":{"line":375,"column":62}},"type":"binary-expr","locations":[{"start":{"line":375,"column":20},"end":{"line":375,"column":38}},{"start":{"line":375,"column":42},"end":{"line":375,"column":62}}],"line":375},"29":{"loc":{"start":{"line":376,"column":18},"end":{"line":376,"column":41}},"type":"binary-expr","locations":[{"start":{"line":376,"column":18},"end":{"line":376,"column":36}},{"start":{"line":376,"column":40},"end":{"line":376,"column":41}}],"line":376},"30":{"loc":{"start":{"line":377,"column":20},"end":{"line":377,"column":45}},"type":"binary-expr","locations":[{"start":{"line":377,"column":20},"end":{"line":377,"column":40}},{"start":{"line":377,"column":44},"end":{"line":377,"column":45}}],"line":377},"31":{"loc":{"start":{"line":398,"column":4},"end":{"line":403,"column":5}},"type":"if","locations":[{"start":{"line":398,"column":4},"end":{"line":403,"column":5}},{"start":{},"end":{}}],"line":398},"32":{"loc":{"start":{"line":398,"column":8},"end":{"line":398,"column":33}},"type":"binary-expr","locations":[{"start":{"line":398,"column":8},"end":{"line":398,"column":18}},{"start":{"line":398,"column":22},"end":{"line":398,"column":33}}],"line":398},"33":{"loc":{"start":{"line":409,"column":15},"end":{"line":409,"column":55}},"type":"cond-expr","locations":[{"start":{"line":409,"column":32},"end":{"line":409,"column":42}},{"start":{"line":409,"column":45},"end":{"line":409,"column":55}}],"line":409},"34":{"loc":{"start":{"line":436,"column":8},"end":{"line":440,"column":9}},"type":"if","locations":[{"start":{"line":436,"column":8},"end":{"line":440,"column":9}},{"start":{"line":438,"column":15},"end":{"line":440,"column":9}}],"line":436},"35":{"loc":{"start":{"line":466,"column":15},"end":{"line":466,"column":41}},"type":"binary-expr","locations":[{"start":{"line":466,"column":15},"end":{"line":466,"column":28}},{"start":{"line":466,"column":32},"end":{"line":466,"column":41}}],"line":466},"36":{"loc":{"start":{"line":500,"column":6},"end":{"line":502,"column":7}},"type":"if","locations":[{"start":{"line":500,"column":6},"end":{"line":502,"column":7}},{"start":{},"end":{}}],"line":500},"37":{"loc":{"start":{"line":511,"column":6},"end":{"line":513,"column":7}},"type":"if","locations":[{"start":{"line":511,"column":6},"end":{"line":513,"column":7}},{"start":{},"end":{}}],"line":511}},"s":{"0":1,"1":1,"2":1,"3":1,"4":1,"5":1,"6":1,"7":1,"8":1,"9":1,"10":1,"11":0,"12":0,"13":0,"14":0,"15":0,"16":1,"17":0,"18":0,"19":0,"20":0,"21":0,"22":0,"23":0,"24":0,"25":0,"26":0,"27":0,"28":0,"29":0,"30":1,"31":0,"32":0,"33":0,"34":0,"35":0,"36":0,"37":0,"38":0,"39":0,"40":0,"41":0,"42":1,"43":0,"44":0,"45":0,"46":0,"47":0,"48":0,"49":0,"50":0,"51":0,"52":0,"53":0,"54":1,"55":0,"56":0,"57":0,"58":0,"59":0,"60":0,"61":0,"62":0,"63":0,"64":0,"65":0,"66":0,"67":0,"68":0,"69":0,"70":0,"71":0,"72":0,"73":0,"74":0,"75":0,"76":0,"77":0,"78":0,"79":0,"80":0,"81":0,"82":0,"83":0,"84":0,"85":0,"86":0,"87":0,"88":0,"89":0,"90":0,"91":0,"92":0,"93":1,"94":0,"95":0,"96":0,"97":0,"98":0,"99":0,"100":0,"101":0,"102":0,"103":0,"104":0,"105":0,"106":0,"107":0,"108":0,"109":0,"110":0,"111":0,"112":0,"113":0,"114":0,"115":0,"116":0,"117":0,"118":0,"119":0,"120":0,"121":0,"122":0,"123":0,"124":0,"125":0,"126":0,"127":0,"128":0,"129":0,"130":0,"131":1,"132":0,"133":0,"134":0,"135":0,"136":0,"137":0,"138":0,"139":0,"140":1,"141":0,"142":0,"143":0,"144":0,"145":0,"146":0,"147":0,"148":0,"149":0,"150":0,"151":0,"152":0,"153":0,"154":0,"155":0,"156":0,"157":0,"158":0,"159":1,"160":0,"161":0,"162":0,"163":0,"164":0,"165":1,"166":0,"167":0,"168":0,"169":0,"170":0,"171":0,"172":0,"173":0,"174":0,"175":0,"176":0,"177":0,"178":0,"179":0,"180":0,"181":0,"182":0,"183":0,"184":0,"185":0,"186":0,"187":0,"188":0,"189":0,"190":0,"191":0,"192":1},"f":{"0":0,"1":0,"2":0,"3":0,"4":0,"5":0,"6":0,"7":0,"8":0,"9":0,"10":0,"11":0,"12":0,"13":0,"14":0,"15":0,"16":0,"17":0},"b":{"0":[0,0],"1":[0,0],"2":[0,0],"3":[0,0],"4":[0,0],"5":[0,0],"6":[0,0],"7":[0,0],"8":[0,0],"9":[0,0],"10":[0,0],"11":[0,0],"12":[0,0],"13":[0,0,0],"14":[0,0],"15":[0,0],"16":[0,0],"17":[0,0],"18":[0,0],"19":[0,0],"20":[0,0],"21":[0,0],"22":[0,0],"23":[0,0],"24":[0,0],"25":[0,0],"26":[0,0],"27":[0,0],"28":[0,0],"29":[0,0],"30":[0,0],"31":[0,0],"32":[0,0],"33":[0,0],"34":[0,0],"35":[0,0],"36":[0,0],"37":[0,0]},"_coverageSchema":"1a1c01bbd47fc00a2c39e90264f33305004495a9","hash":"35155224471e5aa259525354f69d28392cf3cfb4"}
,"/Users/danieldong/Documents/GitHub/gougegaoshu/backend/routes/auth.js": {"path":"/Users/danieldong/Documents/GitHub/gougegaoshu/backend/routes/auth.js","statementMap":{"0":{"start":{"line":1,"column":16},"end":{"line":1,"column":34}},"1":{"start":{"line":2,"column":15},"end":{"line":2,"column":34}},"2":{"start":{"line":3,"column":12},"end":{"line":3,"column":35}},"3":{"start":{"line":4,"column":12},"end":{"line":4,"column":26}},"4":{"start":{"line":5,"column":18},"end":{"line":5,"column":47}},"5":{"start":{"line":6,"column":30},"end":{"line":6,"column":59}},"6":{"start":{"line":8,"column":15},"end":{"line":8,"column":31}},"7":{"start":{"line":11,"column":20},"end":{"line":30,"column":2}},"8":{"start":{"line":20,"column":2},"end":{"line":22,"column":3}},"9":{"start":{"line":21,"column":4},"end":{"line":21,"column":72}},"10":{"start":{"line":24,"column":2},"end":{"line":26,"column":3}},"11":{"start":{"line":25,"column":4},"end":{"line":25,"column":35}},"12":{"start":{"line":27,"column":2},"end":{"line":27,"column":15}},"13":{"start":{"line":33,"column":29},"end":{"line":38,"column":2}},"14":{"start":{"line":41,"column":34},"end":{"line":47,"column":2}},"15":{"start":{"line":50,"column":0},"end":{"line":152,"column":3}},"16":{"start":{"line":51,"column":2},"end":{"line":151,"column":3}},"17":{"start":{"line":52,"column":4},"end":{"line":52,"column":41}},"18":{"start":{"line":55,"column":29},"end":{"line":55,"column":59}},"19":{"start":{"line":56,"column":4},"end":{"line":62,"column":5}},"20":{"start":{"line":57,"column":6},"end":{"line":57,"column":57}},"21":{"start":{"line":58,"column":6},"end":{"line":61,"column":9}},"22":{"start":{"line":64,"column":42},"end":{"line":64,"column":47}},"23":{"start":{"line":65,"column":4},"end":{"line":65,"column":41}},"24":{"start":{"line":68,"column":19},"end":{"line":71,"column":5}},"25":{"start":{"line":73,"column":4},"end":{"line":77,"column":7}},"26":{"start":{"line":79,"column":4},"end":{"line":85,"column":5}},"27":{"start":{"line":80,"column":6},"end":{"line":80,"column":30}},"28":{"start":{"line":81,"column":6},"end":{"line":84,"column":9}},"29":{"start":{"line":87,"column":18},"end":{"line":87,"column":27}},"30":{"start":{"line":88,"column":4},"end":{"line":88,"column":83}},"31":{"start":{"line":91,"column":4},"end":{"line":91,"column":32}},"32":{"start":{"line":92,"column":28},"end":{"line":92,"column":74}},"33":{"start":{"line":93,"column":4},"end":{"line":93,"column":46}},"34":{"start":{"line":95,"column":4},"end":{"line":101,"column":5}},"35":{"start":{"line":96,"column":6},"end":{"line":96,"column":30}},"36":{"start":{"line":97,"column":6},"end":{"line":100,"column":9}},"37":{"start":{"line":103,"column":4},"end":{"line":103,"column":42}},"38":{"start":{"line":106,"column":4},"end":{"line":109,"column":5}},"39":{"start":{"line":107,"column":6},"end":{"line":107,"column":36}},"40":{"start":{"line":108,"column":6},"end":{"line":108,"column":13}},"41":{"start":{"line":112,"column":4},"end":{"line":112,"column":39}},"42":{"start":{"line":113,"column":4},"end":{"line":113,"column":62}},"43":{"start":{"line":115,"column":18},"end":{"line":124,"column":5}},"44":{"start":{"line":126,"column":4},"end":{"line":126,"column":68}},"45":{"start":{"line":129,"column":4},"end":{"line":129,"column":34}},"46":{"start":{"line":130,"column":4},"end":{"line":141,"column":7}},"47":{"start":{"line":143,"column":4},"end":{"line":143,"column":33}},"48":{"start":{"line":146,"column":4},"end":{"line":146,"column":39}},"49":{"start":{"line":147,"column":4},"end":{"line":150,"column":7}},"50":{"start":{"line":155,"column":0},"end":{"line":335,"column":3}},"51":{"start":{"line":156,"column":2},"end":{"line":334,"column":3}},"52":{"start":{"line":157,"column":4},"end":{"line":157,"column":38}},"53":{"start":{"line":160,"column":29},"end":{"line":160,"column":59}},"54":{"start":{"line":161,"column":4},"end":{"line":166,"column":5}},"55":{"start":{"line":162,"column":6},"end":{"line":165,"column":9}},"56":{"start":{"line":168,"column":33},"end":{"line":168,"column":38}},"57":{"start":{"line":169,"column":4},"end":{"line":169,"column":39}},"58":{"start":{"line":172,"column":4},"end":{"line":317,"column":5}},"59":{"start":{"line":173,"column":6},"end":{"line":173,"column":38}},"60":{"start":{"line":176,"column":21},"end":{"line":179,"column":7}},"61":{"start":{"line":181,"column":6},"end":{"line":185,"column":9}},"62":{"start":{"line":187,"column":6},"end":{"line":193,"column":7}},"63":{"start":{"line":188,"column":8},"end":{"line":188,"column":32}},"64":{"start":{"line":189,"column":8},"end":{"line":192,"column":11}},"65":{"start":{"line":195,"column":20},"end":{"line":195,"column":29}},"66":{"start":{"line":196,"column":6},"end":{"line":196,"column":85}},"67":{"start":{"line":199,"column":6},"end":{"line":199,"column":37}},"68":{"start":{"line":200,"column":30},"end":{"line":200,"column":76}},"69":{"start":{"line":201,"column":6},"end":{"line":201,"column":51}},"70":{"start":{"line":203,"column":6},"end":{"line":209,"column":7}},"71":{"start":{"line":204,"column":8},"end":{"line":204,"column":35}},"72":{"start":{"line":205,"column":8},"end":{"line":208,"column":11}},"73":{"start":{"line":211,"column":6},"end":{"line":211,"column":47}},"74":{"start":{"line":214,"column":20},"end":{"line":223,"column":7}},"75":{"start":{"line":225,"column":6},"end":{"line":225,"column":40}},"76":{"start":{"line":228,"column":6},"end":{"line":241,"column":9}},"77":{"start":{"line":243,"column":6},"end":{"line":243,"column":37}},"78":{"start":{"line":246,"column":23},"end":{"line":249,"column":7}},"79":{"start":{"line":251,"column":6},"end":{"line":255,"column":9}},"80":{"start":{"line":257,"column":6},"end":{"line":263,"column":7}},"81":{"start":{"line":258,"column":8},"end":{"line":258,"column":31}},"82":{"start":{"line":259,"column":8},"end":{"line":262,"column":11}},"83":{"start":{"line":265,"column":22},"end":{"line":265,"column":33}},"84":{"start":{"line":266,"column":6},"end":{"line":266,"column":70}},"85":{"start":{"line":269,"column":6},"end":{"line":269,"column":36}},"86":{"start":{"line":270,"column":30},"end":{"line":270,"column":78}},"87":{"start":{"line":271,"column":6},"end":{"line":271,"column":50}},"88":{"start":{"line":273,"column":6},"end":{"line":279,"column":7}},"89":{"start":{"line":274,"column":8},"end":{"line":274,"column":34}},"90":{"start":{"line":275,"column":8},"end":{"line":278,"column":11}},"91":{"start":{"line":281,"column":6},"end":{"line":281,"column":46}},"92":{"start":{"line":284,"column":6},"end":{"line":287,"column":8}},"93":{"start":{"line":290,"column":20},"end":{"line":299,"column":7}},"94":{"start":{"line":301,"column":6},"end":{"line":301,"column":39}},"95":{"start":{"line":304,"column":6},"end":{"line":316,"column":9}},"96":{"start":{"line":320,"column":4},"end":{"line":325,"column":7}},"97":{"start":{"line":328,"column":4},"end":{"line":333,"column":5}},"98":{"start":{"line":329,"column":6},"end":{"line":332,"column":9}},"99":{"start":{"line":338,"column":0},"end":{"line":372,"column":3}},"100":{"start":{"line":339,"column":2},"end":{"line":371,"column":3}},"101":{"start":{"line":340,"column":29},"end":{"line":340,"column":73}},"102":{"start":{"line":341,"column":4},"end":{"line":346,"column":5}},"103":{"start":{"line":342,"column":6},"end":{"line":345,"column":9}},"104":{"start":{"line":348,"column":28},"end":{"line":348,"column":33}},"105":{"start":{"line":349,"column":19},"end":{"line":349,"column":56}},"106":{"start":{"line":352,"column":27},"end":{"line":352,"column":61}},"107":{"start":{"line":355,"column":4},"end":{"line":358,"column":6}},"108":{"start":{"line":360,"column":4},"end":{"line":363,"column":7}},"109":{"start":{"line":366,"column":4},"end":{"line":366,"column":38}},"110":{"start":{"line":367,"column":4},"end":{"line":370,"column":7}},"111":{"start":{"line":375,"column":0},"end":{"line":430,"column":3}},"112":{"start":{"line":376,"column":2},"end":{"line":429,"column":3}},"113":{"start":{"line":377,"column":29},"end":{"line":377,"column":68}},"114":{"start":{"line":378,"column":4},"end":{"line":383,"column":5}},"115":{"start":{"line":379,"column":6},"end":{"line":382,"column":9}},"116":{"start":{"line":385,"column":41},"end":{"line":385,"column":46}},"117":{"start":{"line":388,"column":21},"end":{"line":391,"column":5}},"118":{"start":{"line":393,"column":4},"end":{"line":398,"column":5}},"119":{"start":{"line":394,"column":6},"end":{"line":397,"column":9}},"120":{"start":{"line":401,"column":31},"end":{"line":401,"column":86}},"121":{"start":{"line":402,"column":4},"end":{"line":407,"column":5}},"122":{"start":{"line":403,"column":6},"end":{"line":406,"column":9}},"123":{"start":{"line":410,"column":30},"end":{"line":410,"column":64}},"124":{"start":{"line":413,"column":4},"end":{"line":416,"column":6}},"125":{"start":{"line":418,"column":4},"end":{"line":421,"column":7}},"126":{"start":{"line":424,"column":4},"end":{"line":424,"column":36}},"127":{"start":{"line":425,"column":4},"end":{"line":428,"column":7}},"128":{"start":{"line":433,"column":0},"end":{"line":440,"column":3}},"129":{"start":{"line":434,"column":2},"end":{"line":439,"column":5}},"130":{"start":{"line":442,"column":0},"end":{"line":442,"column":24}}},"fnMap":{"0":{"name":"(anonymous_0)","decl":{"start":{"line":18,"column":10},"end":{"line":18,"column":11}},"loc":{"start":{"line":18,"column":30},"end":{"line":28,"column":1}},"line":18},"1":{"name":"(anonymous_1)","decl":{"start":{"line":50,"column":28},"end":{"line":50,"column":29}},"loc":{"start":{"line":50,"column":48},"end":{"line":152,"column":1}},"line":50},"2":{"name":"(anonymous_2)","decl":{"start":{"line":155,"column":22},"end":{"line":155,"column":23}},"loc":{"start":{"line":155,"column":42},"end":{"line":335,"column":1}},"line":155},"3":{"name":"(anonymous_3)","decl":{"start":{"line":338,"column":57},"end":{"line":338,"column":58}},"loc":{"start":{"line":338,"column":77},"end":{"line":372,"column":1}},"line":338},"4":{"name":"(anonymous_4)","decl":{"start":{"line":375,"column":51},"end":{"line":375,"column":52}},"loc":{"start":{"line":375,"column":71},"end":{"line":430,"column":1}},"line":375},"5":{"name":"(anonymous_5)","decl":{"start":{"line":433,"column":41},"end":{"line":433,"column":42}},"loc":{"start":{"line":433,"column":55},"end":{"line":440,"column":1}},"line":433}},"branchMap":{"0":{"loc":{"start":{"line":20,"column":2},"end":{"line":22,"column":3}},"type":"if","locations":[{"start":{"line":20,"column":2},"end":{"line":22,"column":3}},{"start":{},"end":{}}],"line":20},"1":{"loc":{"start":{"line":20,"column":6},"end":{"line":20,"column":39}},"type":"binary-expr","locations":[{"start":{"line":20,"column":6},"end":{"line":20,"column":19}},{"start":{"line":20,"column":23},"end":{"line":20,"column":39}}],"line":20},"2":{"loc":{"start":{"line":24,"column":2},"end":{"line":26,"column":3}},"type":"if","locations":[{"start":{"line":24,"column":2},"end":{"line":26,"column":3}},{"start":{},"end":{}}],"line":24},"3":{"loc":{"start":{"line":24,"column":6},"end":{"line":24,"column":38}},"type":"binary-expr","locations":[{"start":{"line":24,"column":6},"end":{"line":24,"column":21}},{"start":{"line":24,"column":25},"end":{"line":24,"column":38}}],"line":24},"4":{"loc":{"start":{"line":56,"column":4},"end":{"line":62,"column":5}},"type":"if","locations":[{"start":{"line":56,"column":4},"end":{"line":62,"column":5}},{"start":{},"end":{}}],"line":56},"5":{"loc":{"start":{"line":79,"column":4},"end":{"line":85,"column":5}},"type":"if","locations":[{"start":{"line":79,"column":4},"end":{"line":85,"column":5}},{"start":{},"end":{}}],"line":79},"6":{"loc":{"start":{"line":95,"column":4},"end":{"line":101,"column":5}},"type":"if","locations":[{"start":{"line":95,"column":4},"end":{"line":101,"column":5}},{"start":{},"end":{}}],"line":95},"7":{"loc":{"start":{"line":106,"column":4},"end":{"line":109,"column":5}},"type":"if","locations":[{"start":{"line":106,"column":4},"end":{"line":109,"column":5}},{"start":{},"end":{}}],"line":106},"8":{"loc":{"start":{"line":161,"column":4},"end":{"line":166,"column":5}},"type":"if","locations":[{"start":{"line":161,"column":4},"end":{"line":166,"column":5}},{"start":{},"end":{}}],"line":161},"9":{"loc":{"start":{"line":172,"column":4},"end":{"line":317,"column":5}},"type":"if","locations":[{"start":{"line":172,"column":4},"end":{"line":317,"column":5}},{"start":{"line":242,"column":11},"end":{"line":317,"column":5}}],"line":172},"10":{"loc":{"start":{"line":187,"column":6},"end":{"line":193,"column":7}},"type":"if","locations":[{"start":{"line":187,"column":6},"end":{"line":193,"column":7}},{"start":{},"end":{}}],"line":187},"11":{"loc":{"start":{"line":203,"column":6},"end":{"line":209,"column":7}},"type":"if","locations":[{"start":{"line":203,"column":6},"end":{"line":209,"column":7}},{"start":{},"end":{}}],"line":203},"12":{"loc":{"start":{"line":257,"column":6},"end":{"line":263,"column":7}},"type":"if","locations":[{"start":{"line":257,"column":6},"end":{"line":263,"column":7}},{"start":{},"end":{}}],"line":257},"13":{"loc":{"start":{"line":273,"column":6},"end":{"line":279,"column":7}},"type":"if","locations":[{"start":{"line":273,"column":6},"end":{"line":279,"column":7}},{"start":{},"end":{}}],"line":273},"14":{"loc":{"start":{"line":298,"column":21},"end":{"line":298,"column":55}},"type":"binary-expr","locations":[{"start":{"line":298,"column":21},"end":{"line":298,"column":47}},{"start":{"line":298,"column":51},"end":{"line":298,"column":55}}],"line":298},"15":{"loc":{"start":{"line":328,"column":4},"end":{"line":333,"column":5}},"type":"if","locations":[{"start":{"line":328,"column":4},"end":{"line":333,"column":5}},{"start":{},"end":{}}],"line":328},"16":{"loc":{"start":{"line":341,"column":4},"end":{"line":346,"column":5}},"type":"if","locations":[{"start":{"line":341,"column":4},"end":{"line":346,"column":5}},{"start":{},"end":{}}],"line":341},"17":{"loc":{"start":{"line":349,"column":19},"end":{"line":349,"column":56}},"type":"binary-expr","locations":[{"start":{"line":349,"column":19},"end":{"line":349,"column":34}},{"start":{"line":349,"column":38},"end":{"line":349,"column":56}}],"line":349},"18":{"loc":{"start":{"line":378,"column":4},"end":{"line":383,"column":5}},"type":"if","locations":[{"start":{"line":378,"column":4},"end":{"line":383,"column":5}},{"start":{},"end":{}}],"line":378},"19":{"loc":{"start":{"line":393,"column":4},"end":{"line":398,"column":5}},"type":"if",
[...]
:162,"column":31},"end":{"line":217,"column":1}},"line":162},"10":{"name":"(anonymous_10)","decl":{"start":{"line":177,"column":30},"end":{"line":177,"column":31}},"loc":{"start":{"line":177,"column":37},"end":{"line":181,"column":5}},"line":177},"11":{"name":"(anonymous_11)","decl":{"start":{"line":184,"column":49},"end":{"line":184,"column":50}},"loc":{"start":{"line":185,"column":6},"end":{"line":185,"column":69}},"line":185},"12":{"name":"(anonymous_12)","decl":{"start":{"line":190,"column":26},"end":{"line":190,"column":27}},"loc":{"start":{"line":190,"column":33},"end":{"line":193,"column":7}},"line":190},"13":{"name":"(anonymous_13)","decl":{"start":{"line":206,"column":43},"end":{"line":206,"column":44}},"loc":{"start":{"line":206,"column":48},"end":{"line":206,"column":52}},"line":206},"14":{"name":"(anonymous_14)","decl":{"start":{"line":222,"column":10},"end":{"line":222,"column":11}},"loc":{"start":{"line":222,"column":16},"end":{"line":225,"column":5}},"line":222},"15":{"name":"(anonymous_15)","decl":{"start":{"line":226,"column":11},"end":{"line":226,"column":12}},"loc":{"start":{"line":226,"column":20},"end":{"line":229,"column":5}},"line":226}},"branchMap":{"0":{"loc":{"start":{"line":149,"column":4},"end":{"line":154,"column":5}},"type":"if","locations":[{"start":{"line":149,"column":4},"end":{"line":154,"column":5}},{"start":{"line":152,"column":11},"end":{"line":154,"column":5}}],"line":149},"1":{"loc":{"start":{"line":188,"column":4},"end":{"line":196,"column":5}},"type":"if","locations":[{"start":{"line":188,"column":4},"end":{"line":196,"column":5}},{"start":{"line":194,"column":11},"end":{"line":196,"column":5}}],"line":188},"2":{"loc":{"start":{"line":207,"column":4},"end":{"line":211,"column":5}},"type":"if","locations":[{"start":{"line":207,"column":4},"end":{"line":211,"column":5}},{"start":{"line":209,"column":11},"end":{"line":211,"column":5}}],"line":207},"3":{"loc":{"start":{"line":220,"column":0},"end":{"line":230,"column":1}},"type":"if","locations":[{"start":{"line":220,"column":0},"end":{"line":230,"column":1}},{"start":{},"end":{}}],"line":220}},"s":{"0":0,"1":0,"2":0,"3":0,"4":0,"5":0,"6":0,"7":0,"8":0,"9":0,"10":0,"11":0,"12":0,"13":0,"14":0,"15":0,"16":0,"17":0,"18":0,"19":0,"20":0,"21":0,"22":0,"23":0,"24":0,"25":0,"26":0,"27":0,"28":0,"29":0,"30":0,"31":0,"32":0,"33":0,"34":0,"35":0,"36":0,"37":0,"38":0,"39":0,"40":0,"41":0,"42":0,"43":0,"44":0,"45":0,"46":0,"47":0,"48":0,"49":0,"50":0,"51":0,"52":0,"53":0,"54":0,"55":0,"56":0,"57":0,"58":0,"59":0,"60":0,"61":0,"62":0,"63":0,"64":0,"65":0,"66":0,"67":0,"68":0,"69":0,"70":0,"71":0,"72":0,"73":0,"74":0,"75":0,"76":0,"77":0,"78":0,"79":0,"80":0,"81":0,"82":0,"83":0,"84":0,"85":0,"86":0,"87":0,"88":0,"89":0,"90":0},"f":{"0":0,"1":0,"2":0,"3":0,"4":0,"5":0,"6":0,"7":0,"8":0,"9":0,"10":0,"11":0,"12":0,"13":0,"14":0,"15":0},"b":{"0":[0,0],"1":[0,0],"2":[0,0],"3":[0,0]}}
,"/Users/danieldong/Documents/GitHub/gougegaoshu/backend/scripts/test_schedule_logic.js": {"path":"/Users/danieldong/Documents/GitHub/gougegaoshu/backend/scripts/test_schedule_logic.js","statementMap":{"0":{"start":{"line":2,"column":18},"end":{"line":2,"column":47}},"1":{"start":{"line":5,"column":2},"end":{"line":25,"column":3}},"2":{"start":{"line":6,"column":4},"end":{"line":6,"column":38}},"3":{"start":{"line":9,"column":4},"end":{"line":9,"column":35}},"4":{"start":{"line":12,"column":4},"end":{"line":12,"column":30}},"5":{"start":{"line":15,"column":4},"end":{"line":15,"column":35}},"6":{"start":{"line":18,"column":4},"end":{"line":18,"column":35}},"7":{"start":{"line":20,"column":4},"end":{"line":20,"column":31}},"8":{"start":{"line":23,"column":4},"end":{"line":23,"column":34}},"9":{"start":{"line":24,"column":4},"end":{"line":24,"column":16}},"10":{"start":{"line":29,"column":2},"end":{"line":60,"column":3}},"11":{"start":{"line":30,"column":4},"end":{"line":30,"column":36}},"12":{"start":{"line":33,"column":20},"end":{"line":33,"column":91}},"13":{"start":{"line":34,"column":19},"end":{"line":34,"column":29}},"14":{"start":{"line":36,"column":4},"end":{"line":36,"column":94}},"15":{"start":{"line":39,"column":22},"end":{"line":44,"column":5}},"16":{"start":{"line":46,"column":4},"end":{"line":46,"column":34}},"17":{"start":{"line":47,"column":4},"end":{"line":55,"column":7}},"18":{"start":{"line":48,"column":39},"end":{"line":48,"column":47}},"19":{"start":{"line":49,"column":24},"end":{"line":49,"column":51}},"20":{"start":{"line":51,"column":25},"end":{"line":51,"column":73}},"21":{"start":{"line":52,"column":21},"end":{"line":52,"column":56}},"22":{"start":{"line":54,"column":6},"end":{"line":54,"column":68}},"23":{"start":{"line":58,"column":4},"end":{"line":58,"column":38}},"24":{"start":{"line":59,"column":4},"end":{"line":59,"column":16}},"25":{"start":{"line":64,"column":2},"end":{"line":115,"column":3}},"26":{"start":{"line":65,"column":4},"end":{"line":65,"column":38}},"27":{"start":{"line":68,"column":25},"end":{"line":68,"column":100}},"28":{"start":{"line":70,"column":4},"end":{"line":70,"column":27}},"29":{"start":{"line":71,"column":4},"end":{"line":74,"column":7}},"30":{"start":{"line":72,"column":19},"end":{"line":72,"column":64}},"31":{"start":{"line":73,"column":6},"end":{"line":73,"column":54}},"32":{"start":{"line":77,"column":4},"end":{"line":110,"column":5}},"33":{"start":{"line":78,"column":26},"end":{"line":78,"column":41}},"34":{"start":{"line":79,"column":24},"end":{"line":79,"column":74}},"35":{"start":{"line":81,"column":6},"end":{"line":81,"column":46}},"36":{"start":{"line":84,"column":28},"end":{"line":89,"column":45}},"37":{"start":{"line":91,"column":6},"end":{"line":93,"column":9}},"38":{"start":{"line":92,"column":8},"end":{"line":92,"column":72}},"39":{"start":{"line":96,"column":26},"end":{"line":103,"column":56}},"40":{"start":{"line":105,"column":6},"end":{"line":105,"column":32}},"41":{"start":{"line":106,"column":6},"end":{"line":109,"column":9}},"42":{"start":{"line":107,"column":21},"end":{"line":107,"column":62}},"43":{"start":{"line":108,"column":8},"end":{"line":108,"column":76}},"44":{"start":{"line":113,"column":4},"end":{"line":113,"column":38}},"45":{"start":{"line":114,"column":4},"end":{"line":114,"column":16}},"46":{"start":{"line":119,"column":2},"end":{"line":171,"column":3}},"47":{"start":{"line":120,"column":4},"end":{"line":120,"column":41}},"48":{"start":{"line":123,"column":28},"end":{"line":129,"column":6}},"49":{"start":{"line":131,"column":4},"end":{"line":139,"column":5}},"50":{"start":{"line":132,"column":6},"end":{"line":132,"column":35}},"51":{"start":{"line":133,"column":6},"end":{"line":136,"column":9}},"52":{"start":{"line":134,"column":21},"end":{"line":134,"column":70}},"53":{"start":{"line":135,"column":8},"end":{"line":135,"column":64}},"54":{"start":{"line":138,"column":6},"end":{"line":138,"column":33}},"55":{"start":{"line":142,"column":18},"end":{"line":142,"column":56}},"56":{"start":{"line":143,"column":4},"end":{"line":143,"column":43}},"57":{"start":{"line":145,"column":23},"end":{"line":151,"column":15}},"58":{"start":{"line":153,"column":4},"end":{"line":166,"column":5}},"59":{"start":{"line":154,"column":36},"end":{"line":154,"column":49}},"60":{"start":{"line":155,"column":24},"end":{"line":155,"column":25}},"61":{"start":{"line":157,"column":6},"end":{"line":157,"column":65}},"62":{"start":{"line":159,"column":6},"end":{"line":163,"column":7}},"63":{"start":{"line":160,"column":8},"end":{"line":160,"column":68}},"64":{"start":{"line":162,"column":8},"end":{"line":162,"column":72}},"65":{"start":{"line":165,"column":6},"end":{"line":165,"column":30}},"66":{"start":{"line":169,"column":4},"end":{"line":169,"column":41}},"67":{"start":{"line":170,"column":4},"end":{"line":170,"column":16}},"68":{"start":{"line":175,"column":2},"end":{"line":226,"column":3}},"69":{"start":{"line":176,"column":4},"end":{"line":176,"column":36}},"70":{"start":{"line":179,"column":22},"end":{"line":190,"column":6}},"71":{"start":{"line":192,"column":4},"end":{"line":201,"column":5}},"72":{"start":{"line":193,"column":20},"end":{"line":193,"column":32}},"73":{"start":{"line":194,"column":6},"end":{"line":194,"column":30}},"74":{"start":{"line":195,"column":6},"end":{"line":195,"column":50}},"75":{"start":{"line":196,"column":6},"end":{"line":196,"column":50}},"76":{"start":{"line":197,"column":6},"end":{"line":197,"column":51}},"77":{"start":{"line":198,"column":6},"end":{"line":198,"column":53}},"78":{"start":{"line":199,"column":6},"end":{"line":199,"column":53}},"79":{"start":{"line":200,"column":6},"end":{"line":200,"column":86}},"80":{"start":{"line":204,"column":24},"end":{"line":212,"column":6}},"81":{"start":{"line":214,"column":4},"end":{"line":221,"column":5}},"82":{"start":{"line":215,"column":20},"end":{"line":215,"column":34}},"83":{"start":{"line":216,"column":6},"end":{"line":216,"column":32}},"84":{"start":{"line":217,"column":6},"end":{"line":217,"column":50}},"85":{"start":{"line":218,"column":6},"end":{"line":218,"column":50}},"86":{"start":{"line":220,"column":6},"end":{"line":220,"column":35}},"87":{"start":{"line":224,"column":4},"end":{"line":224,"column":38}},"88":{"start":{"line":225,"column":4},"end":{"line":225,"column":16}},"89":{"start":{"line":230,"column":0},"end":{"line":240,"column":1}},"90":{"start":{"line":231,"column":2},"end":{"line":239,"column":7}},"91":{"start":{"line":233,"column":6},"end":{"line":233,"column":28}},"92":{"start":{"line":234,"column":6},"end":{"line":234,"column":22}},"93":{"start":{"line":237,"column":6},"end":{"line":237,"column":36}},"94":{"start":{"line":238,"column":6},"end":{"line":238,"column":22}},"95":{"start":{"line":242,"column":0},"end":{"line":242,"column":39}}},"fnMap":{"0":{"name":"testScheduleLogic","decl":{"start":{"line":4,"column":15},"end":{"line":4,"column":32}},"loc":{"start":{"line":4,"column":35},"end":{"line":26,"column":1}},"line":4},"1":{"name":"testCarryOverThreshold","decl":{"start":{"line":28,"column":15},"end":{"line":28,"column":37}},"loc":{"start":{"line":28,"column":40},"end":{"line":61,"column":1}},"line":28},"2":{"name":"(anonymous_2)","decl":{"start":{"line":47,"column":22},"end":{"line":47,"column":23}},"loc":{"start":{"line":47,"column":34},"end":{"line":55,"column":5}},"line":47},"3":{"name":"testLeaveHandling","decl":{"start":{"line":63,"column":15},"end":{"line":63,"column":32}},"loc":{"start":{"line":63,"column":35},"end":{"line":116,"column":1}},"line":63},"4":{"name":"(anonymous_4)","decl":{"start":{"line":71,"column":25},"end":{"line":71,"column":26}},"loc":{"start":{"line":71,"column":35},"end":{"line":74,"column":5}},"line":71},"5":{"name":"(anonymous_5)","decl":{"start":{"line":91,"column":28},"end":{"line":91,"column":29}},"loc":{"start":{"line":91,"column":35},"end":{"line":93,"column":7}},"line":91},"6":{"name":"(anonymous_6)","decl":{"start":{"line":106,"column":26},"end":{"line":106,"column":27}},"loc":{"start":{"line":106,"column":33},"end":{"line":109,"column":7}},"line":106},"7":{"name":"testMidnightProcessing","decl":{"start":{"line":118,"column":15},"end":{"line":118,"column":37}},"loc":{"start":{"line":118,"column":40},"end":{"line":172,"column":1}},"line":118},"8":{"name":"(anonymous_8)","decl":{"start":{"line":133,"column":30},"end":{"line":133,"column":31}},"loc":{"start":{"line":133,"column":40},"end":{"line":136,"column":7}},"line":133},"9":{"name":"verifyTaskDistribution","decl":{"start":{"line":174,"column":15},"end":{"line":174,"column":37}},"loc":{"start":{"line":174,"column":40},"end":{"line":227,"column":1}},"line":174},"10":{"name":"(anonymous_10)","decl":{"start":{"line":232,"column":10},"end":{"line":232,"column":11}},"loc":{"start":{"line":232,"column":16},"end":{"line":235,"column":5}},"line":232},"11":{"name":"(anonymous_11)","decl":{"start":{"line":236,"column":11},"end":{"line":236,"column":12}},"loc":{"start":{"line":236,"column":20},"end":{"line":239,"column":5}},"line":236}},"branchMap":{"0":{"loc":{"start":{"line":51,"column":25},"end":{"line":51,"column":73}},"type":"cond-expr","locations":[{"start":{"line":51,"column":51},"end":{"line":51,"column":58}},{"start":{"line":51,"column":61},"end":{"line":51,"column":73}}],"line":51},"1":{"loc":{"start":{"line":52,"column":21},"end":{"line":52,"column":56}},"type":"cond-expr","locations":[{"start":{"line":52,"column":47},"end":{"line":52,"column":50}},{"start":{"line":52,"column":53},"end":{"line":52,"column":56}}],"line":52},"2":{"loc":{"start":{"line":77,"column":4},"end":{"line":110,"column":5}},"type":"if","locations":[{"start":{"line":77,"column":4},"end":{"line":110,"column":5}},{"start":{},"end":{}}],"line":77},"3":{"loc":{"start":{"line":131,"column":4},"end":{"line":139,"column":5}},"type":"if","locations":[{"start":{"line":131,"column":4},"end":{"line":139,"column":5}},{"start":{"line":137,"column":11},"end":{"line":139,"column":5}}],"line":131},"4":{"loc":{"start":{"line":153,"column":4},"end":{"line":166,"column":5}},"type":"if","locations":[{"start":{"line":153,"column":4},"end":{"line":166,"column":5}},{"start":{"line":164,"column":11},"end":{"line":166,"column":5}}],"line":153},"5":{"loc":{"start":{"line":153,"column":8},"end":{"line":153,"column":56}},"type":"binary-expr","locations":[{"start":{"line":153,"column":8},"end":{"line":153,"column":29}},{"start":{"line":153,"column":33},"end":{"line":153,"column":56}}],"line":153},"6":{"loc":{"start":{"line":157,"column":45},"end":{"line":157,"column":60}},"type":"binary-expr","locations":[{"start":{"line":157,"column":45},"end":{"line":157,"column":55}},{"start":{"line":157,"column":59},"end":{"line":157,"column":60}}],"line":157},"7":{"loc":{"start":{"line":159,"column":6},"end":{"line":163,"column":7}},"type":"if","locations":[{"start":{"line":159,"column":6},"end":{"line":163,"column":7}},{"start":{"line":161,"column":13},"end":{"line":163,"column":7}}],"line":159},"8":{"loc":{"start":{"line":159,"column":11},"end":{"line":159,"column":26}},"type":"binary-expr","locations":[{"start":{"line":159,"column":11},"end":{"line":159,"column":21}},{"start":{"line":159,"column":25},"end":{"line":159,"column":26}}],"line":159},"9":{"loc":{"start":{"line":162,"column":37},"end":{"line":162,"column":52}},"type":"binary-expr","locations":[{"start":{"line":162,"column":37},"end":{"line":162,"column":47}},{"start":{"line":162,"column":51},"end":{"line":162,"column":52}}],"line":162},"10":{"loc":{"start":{"line":192,"column":4},"end":{"line":201,"column":5}},"type":"if","locations":[{"start":{"line":192,"column":4},"end":{"line":201,"column":5}},{"start":{},"end":{}}],"line":192},"11":{"loc":{"start":{"line":214,"column":4},"end":{"line":221,"column":5}},"type":"if","locations":[{"start":{"line":214,"column":4},"end":{"line":221,"column":5}},{"start":{"line":219,"column":11},"end":{"line":221,"column":5}}],"line":214},"12":{"loc":{"start":{"line":214,"column":8},"end":{"line":214,"column":64}},"type":"binary-expr","locations":[{"start":{"line":214,"column":8},"end":{"line":214,"column":30}},{"start":{"line":214,"column":34},"end":{"line":214,"column":64}}],"line":214},"13":{"loc":{"start":{"line":230,"column":0},"end":{"line":240,"column":1}},"type":"if","locations":[{"start":{"line":230,"column":0},"end":{"line":240,"column":1}},{"start":{},"end":{}}],"line":230}},"s":{"0":0,"1":0,"2":0,"3":0,"4":0,"5":0,"6":0,"7":0,"8":0,"9":0,"10":0,"11":0,"12":0,"13":0,"14":0,"15":0,"16":0,"17":0,"18":0,"19":0,"20":0,"21":0,"22":0,"23":0,"24":0,"25":0,"26":0,"27":0,"28":0,"29":0,"30":0,"31":0,"32":0,"33":0,"34":0,"35":0,"36":0,"37":0,"38":0,"39":0,"40":0,"41":0,"42":0,"43":0,"44":0,"45":0,"46":0,"47":0,"48":0,"49":0,"50":0,"51":0,"52":0,"53":0,"54":0,"55":0,"56":0,"57":0,"58":0,"59":0,"60":0,"61":0,"62":0,"63":0,"64":0,"65":0,"66":0,"67":0,"68":0,"69":0,"70":0,"71":0,"72":0,"73":0,"74":0,"75":0,"76":0,"77":0,"78":0,"79":0,"80":0,"81":0,"82":0,"83":0,"84":0,"85":0,"86":0,"87":0,"88":0,"89":0,"90":0,"91":0,"92":0,"93":0,"94":0,"95":0},"f":{"0":0,"1":0,"2":0,"3":0,"4":0,"5":0,"6":0,"7":0,"8":0,"9":0,"10":0,"11":0},"b":{"0":[0,0],"1":[0,0],"2":[0,0],"3":[0,0],"4":[0,0],"5":[0,0],"6":[0,0],"7":[0,0],"8":[0,0],"9":[0,0],"10":[0,0],"11":[0,0],"12":[0,0],"13":[0,0]}}
,"/Users/danieldong/Documents/GitHub/gougegaoshu/backend/scripts/upgradeDatabase.js": {"path":"/Users/danieldong/Documents/GitHub/gougegaoshu/backend/scripts/upgradeDatabase.js","statementMap":{"0":{"start":{"line":1,"column":18},"end":{"line":1,"column":47}},"1":{"start":{"line":4,"column":2},"end":{"line":95,"column":3}},"2":{"start":{"line":5,"column":4},"end":{"line":5,"column":32}},"3":{"start":{"line":8,"column":25},"end":{"line":14,"column":5}},"4":{"start":{"line":16,"column":4},"end":{"line":27,"column":5}},"5":{"start":{"line":17,"column":6},"end":{"line":26,"column":7}},"6":{"start":{"line":18,"column":8},"end":{"line":18,"column":54}},"7":{"start":{"line":19,"column":8},"end":{"line":19,"column":58}},"8":{"start":{"line":21,"column":8},"end":{"line":25,"column":9}},"9":{"start":{"line":22,"column":10},"end":{"line":22,"column":62}},"10":{"start":{"line":24,"column":10},"end":{"line":24,"column":22}},"11":{"start":{"line":28,"column":4},"end":{"line":28,"column":34}},"12":{"start":{"line":31,"column":33},"end":{"line":43,"column":5}},"13":{"start":{"line":45,"column":4},"end":{"line":45,"column":38}},"14":{"start":{"line":46,"column":4},"end":{"line":46,"column":33}},"15":{"start":{"line":49,"column":36},"end":{"line":62,"column":5}},"16":{"start":{"line":64,"column":4},"end":{"line":64,"column":41}},"17":{"start":{"line":65,"column":4},"end":{"line":65,"column":33}},"18":{"start":{"line":68,"column":35},"end":{"line":72,"column":5}},"19":{"start":{"line":74,"column":4},"end":{"line":74,"column":40}},"20":{"start":{"line":75,"column":4},"end":{"line":75,"column":32}},"21":{"start":{"line":78,"column":35},"end":{"line":85,"column":5}},"22":{"start":{"line":87,"column":4},"end":{"line":87,"column":40}},"23":{"start":{"line":88,"column":4},"end":{"line":88,"column":30}},"24":{"start":{"line":90,"column":4},"end":{"line":90,"column":31}},"25":{"start":{"line":93,"column":4},"end":{"line":93,"column":39}},"26":{"start":{"line":94,"column":4},"end":{"line":94,"column":16}},"27":{"start":{"line":99,"column":0},"end":{"line":109,"column":1}},"28":{"start":{"line":100,"column":2},"end":{"line":108,"column":7}},"29":{"start":{"line":102,"column":6},"end":{"line":102,"column":30}},"30":{"start":{"line":103,"column":6},"end":{"line":103,"column":22}},"31":{"start":{"line":106,"column":6},"end":{"line":106,"column":40}},"32":{"start":{"line":107,"column":6},"end":{"line":107,"column":22}},"33":{"start":{"line":111,"column":0},"end":{"line":111,"column":37}}},"fnMap":{"0":{"name":"upgradeDatabase","decl":{"start":{"line":3,"column":15},"end":{"line":3,"column":30}},"loc":{"start":{"line":3,"column":33},"end":{"line":96,"column":1}},"line":3},"1":{"name":"(anonymous_1)","decl":{"start":{"line":101,"column":10},"end":{"line":101,"column":11}},"loc":{"start":{"line":101,"column":16},"end":{"line":104,"column":5}},"line":101},"2":{"name":"(anonymous_2)","decl":{"start":{"line":105,"column":11},"end":{"line":105,"column":12}},"loc":{"start":{"line":105,"column":22},"end":{"line":108,"column":5}},"line":105}},"branchMap":{"0":{"loc":{"start":{"line":21,"column":8},"end":{"line":25,"column":9}},"type":"if","locations":[{"start":{"line":21,"column":8},"end":{"line":25,"column":9}},{"start":{"line":23,"column":15},"end":{"line":25,"column":9}}],"line":21},"1":{"loc":{"start":{"line":99,"column":0},"end":{"line":109,"column":1}},"type":"if","locations":[{"start":{"line":99,"column":0},"end":{"line":109,"column":1}},{"start":{},"end":{}}],"line":99}},"s":{"0":0,"1":0,"2":0,"3":0,"4":0,"5":0,"6":0,"7":0,"8":0,"9":0,"10":0,"11":0,"12":0,"13":0,"14":0,"15":0,"16":0,"17":0,"18":0,"19":0,"20":0,"21":0,"22":0,"23":0,"24":0,"25":0,"26":0,"27":0,"28":0,"29":0,"30":0,"31":0,"32":0,"33":0},"f":{"0":0,"1":0,"2":0},"b":{"0":[0,0],"1":[0,0]}}
}
