{"/Users/danieldong/Documents/GitHub/gougegaoshu/backend/server.js": {"path":"/Users/danieldong/Documents/GitHub/gougegaoshu/backend/server.js","statementMap":{"0":{"start":{"line":1,"column":16},"end":{"line":1,"column":34}},"1":{"start":{"line":2,"column":13},"end":{"line":2,"column":28}},"2":{"start":{"line":3,"column":15},"end":{"line":3,"column":32}},"3":{"start":{"line":4,"column":18},"end":{"line":4,"column":47}},"4":{"start":{"line":5,"column":0},"end":{"line":5,"column":27}},"5":{"start":{"line":7,"column":27},"end":{"line":7,"column":55}},"6":{"start":{"line":8,"column":31},"end":{"line":8,"column":64}},"7":{"start":{"line":9,"column":44},"end":{"line":9,"column":77}},"8":{"start":{"line":12,"column":19},"end":{"line":12,"column":43}},"9":{"start":{"line":13,"column":19},"end":{"line":13,"column":44}},"10":{"start":{"line":14,"column":22},"end":{"line":14,"column":50}},"11":{"start":{"line":15,"column":20},"end":{"line":15,"column":45}},"12":{"start":{"line":17,"column":12},"end":{"line":17,"column":21}},"13":{"start":{"line":18,"column":13},"end":{"line":18,"column":37}},"14":{"start":{"line":21,"column":0},"end":{"line":21,"column":18}},"15":{"start":{"line":24,"column":0},"end":{"line":29,"column":4}},"16":{"start":{"line":32,"column":16},"end":{"line":39,"column":2}},"17":{"start":{"line":40,"column":0},"end":{"line":40,"column":17}},"18":{"start":{"line":43,"column":0},"end":{"line":43,"column":41}},"19":{"start":{"line":44,"column":0},"end":{"line":44,"column":48}},"20":{"start":{"line":47,"column":0},"end":{"line":67,"column":3}},"21":{"start":{"line":48,"column":2},"end":{"line":66,"column":3}},"22":{"start":{"line":50,"column":19},"end":{"line":50,"column":41}},"23":{"start":{"line":52,"column":4},"end":{"line":58,"column":7}},"24":{"start":{"line":60,"column":4},"end":{"line":65,"column":7}},"25":{"start":{"line":70,"column":0},"end":{"line":101,"column":3}},"26":{"start":{"line":71,"column":2},"end":{"line":100,"column":3}},"27":{"start":{"line":72,"column":22},"end":{"line":72,"column":50}},"28":{"start":{"line":75,"column":19},"end":{"line":80,"column":50}},"29":{"start":{"line":83,"column":25},"end":{"line":83,"column":78}},"30":{"start":{"line":85,"column":4},"end":{"line":93,"column":7}},"31":{"start":{"line":89,"column":32},"end":{"line":89,"column":44}},"32":{"start":{"line":95,"column":4},"end":{"line":99,"column":7}},"33":{"start":{"line":104,"column":0},"end":{"line":104,"column":33}},"34":{"start":{"line":105,"column":0},"end":{"line":105,"column":34}},"35":{"start":{"line":106,"column":0},"end":{"line":106,"column":40}},"36":{"start":{"line":107,"column":0},"end":{"line":107,"column":35}},"37":{"start":{"line":110,"column":0},"end":{"line":115,"column":3}},"38":{"start":{"line":111,"column":2},"end":{"line":114,"column":5}},"39":{"start":{"line":118,"column":0},"end":{"line":128,"column":3}},"40":{"start":{"line":119,"column":2},"end":{"line":119,"column":32}},"41":{"start":{"line":121,"column":2},"end":{"line":127,"column":5}},"42":{"start":{"line":132,"column":2},"end":{"line":161,"column":3}},"43":{"start":{"line":133,"column":4},"end":{"line":133,"column":40}},"44":{"start":{"line":136,"column":4},"end":{"line":136,"column":32}},"45":{"start":{"line":137,"column":4},"end":{"line":137,"column":31}},"46":{"start":{"line":140,"column":4},"end":{"line":140,"column":32}},"47":{"start":{"line":141,"column":4},"end":{"line":141,"column":20}},"48":{"start":{"line":142,"column":4},"end":{"line":142,"column":16}},"49":{"start":{"line":144,"column":4},"end":{"line":156,"column":7}},"50":{"start":{"line":145,"column":6},"end":{"line":145,"column":22}},"51":{"start":{"line":146,"column":6},"end":{"line":146,"column":38}},"52":{"start":{"line":147,"column":6},"end":{"line":147,"column":42}},"53":{"start":{"line":148,"column":6},"end":{"line":148,"column":69}},"54":{"start":{"line":149,"column":6},"end":{"line":149,"column":62}},"55":{"start":{"line":150,"column":6},"end":{"line":150,"column":60}},"56":{"start":{"line":151,"column":6},"end":{"line":151,"column":22}},"57":{"start":{"line":152,"column":6},"end":{"line":152,"column":32}},"58":{"start":{"line":153,"column":6},"end":{"line":153,"column":44}},"59":{"start":{"line":154,"column":6},"end":{"line":154,"column":37}},"60":{"start":{"line":155,"column":6},"end":{"line":155,"column":22}},"61":{"start":{"line":159,"column":4},"end":{"line":159,"column":39}},"62":{"start":{"line":160,"column":4},"end":{"line":160,"column":20}},"63":{"start":{"line":165,"column":0},"end":{"line":168,"column":3}},"64":{"start":{"line":166,"column":2},"end":{"line":166,"column":40}},"65":{"start":{"line":167,"column":2},"end":{"line":167,"column":18}},"66":{"start":{"line":170,"column":0},"end":{"line":173,"column":3}},"67":{"start":{"line":171,"column":2},"end":{"line":171,"column":39}},"68":{"start":{"line":172,"column":2},"end":{"line":172,"column":18}},"69":{"start":{"line":176,"column":0},"end":{"line":178,"column":1}},"70":{"start":{"line":177,"column":2},"end":{"line":177,"column":16}},"71":{"start":{"line":181,"column":0},"end":{"line":181,"column":21}}},"fnMap":{"0":{"name":"(anonymous_0)","decl":{"start":{"line":47,"column":19},"end":{"line":47,"column":20}},"loc":{"start":{"line":47,"column":39},"end":{"line":67,"column":1}},"line":47},"1":{"name":"(anonymous_1)","decl":{"start":{"line":70,"column":26},"end":{"line":70,"column":27}},"loc":{"start":{"line":70,"column":46},"end":{"line":101,"column":1}},"line":70},"2":{"name":"(anonymous_2)","decl":{"start":{"line":89,"column":27},"end":{"line":89,"column":28}},"loc":{"start":{"line":89,"column":32},"end":{"line":89,"column":44}},"line":89},"3":{"name":"(anonymous_3)","decl":{"start":{"line":110,"column":13},"end":{"line":110,"column":14}},"loc":{"start":{"line":110,"column":27},"end":{"line":115,"column":1}},"line":110},"4":{"name":"(anonymous_4)","decl":{"start":{"line":118,"column":8},"end":{"line":118,"column":9}},"loc":{"start":{"line":118,"column":35},"end":{"line":128,"column":1}},"line":118},"5":{"name":"startServer","decl":{"start":{"line":131,"column":15},"end":{"line":131,"column":26}},"loc":{"start":{"line":131,"column":29},"end":{"line":162,"column":1}},"line":131},"6":{"name":"(anonymous_6)","decl":{"start":{"line":144,"column":21},"end":{"line":144,"column":22}},"loc":{"start":{"line":144,"column":27},"end":{"line":156,"column":5}},"line":144},"7":{"name":"(anonymous_7)","decl":{"start":{"line":165,"column":22},"end":{"line":165,"column":23}},"loc":{"start":{"line":165,"column":28},"end":{"line":168,"column":1}},"line":165},"8":{"name":"(anonymous_8)","decl":{"start":{"line":170,"column":21},"end":{"line":170,"column":22}},"loc":{"start":{"line":170,"column":27},"end":{"line":173,"column":1}},"line":170}},"branchMap":{"0":{"loc":{"start":{"line":18,"column":13},"end":{"line":18,"column":37}},"type":"binary-expr","locations":[{"start":{"line":18,"column":13},"end":{"line":18,"column":29}},{"start":{"line":18,"column":33},"end":{"line":18,"column":37}}],"line":18},"1":{"loc":{"start":{"line":25,"column":10},"end":{"line":27,"column":56}},"type":"cond-expr","locations":[{"start":{"line":26,"column":6},"end":{"line":26,"column":42}},{"start":{"line":27,"column":6},"end":{"line":27,"column":56}}],"line":25},"2":{"loc":{"start":{"line":34,"column":7},"end":{"line":34,"column":57}},"type":"cond-expr","locations":[{"start":{"line":34,"column":47},"end":{"line":34,"column":50}},{"start":{"line":34,"column":53},"end":{"line":34,"column":57}}],"line":34},"3":{"loc":{"start":{"line":55,"column":16},"end":{"line":55,"column":40}},"type":"cond-expr","locations":[{"start":{"line":55,"column":25},"end":{"line":55,"column":31}},{"start":{"line":55,"column":34},"end":{"line":55,"column":40}}],"line":55},"4":{"loc":{"start":{"line":57,"column":19},"end":{"line":57,"column":56}},"type":"binary-expr","locations":[{"start":{"line":57,"column":19},"end":{"line":57,"column":39}},{"start":{"line":57,"column":43},"end":{"line":57,"column":56}}],"line":57},"5":{"loc":{"start":{"line":80,"column":8},"end":{"line":80,"column":48}},"type":"binary-expr","locations":[{"start":{"line":80,"column":8},"end":{"line":80,"column":27}},{"start":{"line":80,"column":31},"end":{"line":80,"column":48}}],"line":80},"6":{"loc":{"start":{"line":88,"column":14},"end":{"line":88,"column":54}},"type":"binary-expr","locations":[{"start":{"line":88,"column":14},"end":{"line":88,"column":33}},{"start":{"line":88,"column":37},"end":{"line":88,"column":54}}],"line":88},"7":{"loc":{"start":{"line":121,"column":13},"end":{"line":121,"column":32}},"type":"binary-expr","locations":[{"start":{"line":121,"column":13},"end":{"line":121,"column":25}},{"start":{"line":121,"column":29},"end":{"line":121,"column":32}}],"line":121},"8":{"loc":{"start":{"line":123,"column":13},"end":{"line":125,"column":21}},"type":"cond-expr","locations":[{"start":{"line":124,"column":8},"end":{"line":124,"column":17}},{"start":{"line":125,"column":8},"end":{"line":125,"column":21}}],"line":123},"9":{"loc":{"start":{"line":126,"column":8},"end":{"line":126,"column":71}},"type":"binary-expr","locations":[{"start":{"line":126,"column":8},"end":{"line":126,"column":45}},{"start":{"line":126,"column":49},"end":{"line":126,"column":71}}],"line":126},"10":{"loc":{"start":{"line":148,"column":28},"end":{"line":148,"column":65}},"type":"binary-expr","locations":[{"start":{"line":148,"column":28},"end":{"line":148,"column":48}},{"start":{"line":148,"column":52},"end":{"line":148,"column":65}}],"line":148},"11":{"loc":{"start":{"line":176,"column":0},"end":{"line":178,"column":1}},"type":"if","locations":[{"start":{"line":176,"column":0},"end":{"line":178,"column":1}},{"start":{},"end":{}}],"line":176}},"s":{"0":6,"1":6,"2":6,"3":6,"4":6,"5":6,"6":6,"7":6,"8":6,"9":6,"10":6,"11":6,"12":6,"13":6,"14":6,"15":6,"16":6,"17":6,"18":6,"19":6,"20":6,"21":0,"22":0,"23":0,"24":0,"25":6,"26":0,"27":0,"28":0,"29":0,"30":0,"31":0,"32":0,"33":6,"34":6,"35":6,"36":6,"37":6,"38":0,"39":6,"40":0,"41":0,"42":0,"43":0,"44":0,"45":0,"46":0,"47":0,"48":0,"49":0,"50":0,"51":0,"52":0,"53":0,"54":0,"55":0,"56":0,"57":0,"58":0,"59":0,"60":0,"61":0,"62":0,"63":6,"64":0,"65":0,"66":6,"67":0,"68":0,"69":6,"70":0,"71":6},"f":{"0":0,"1":0,"2":0,"3":0,"4":0,"5":0,"6":0,"7":0,"8":0},"b":{"0":[6,0],"1":[0,6],"2":[0,6],"3":[0,0],"4":[0,0],"5":[0,0],"6":[0,0],"7":[0,0],"8":[0,0],"9":[0,0],"10":[0,0],"11":[0,6]},"_coverageSchema":"1a1c01bbd47fc00a2c39e90264f33305004495a9","hash":"26611afaa1353545f4f8b8988a45fa9a0869ae43"}
,"/Users/danieldong/Documents/GitHub/gougegaoshu/backend/config/database.js": {"path":"/Users/danieldong/Documents/GitHub/gougegaoshu/backend/config/database.js","statementMap":{"0":{"start":{"line":1,"column":14},"end":{"line":1,"column":39}},"1":{"start":{"line":2,"column":0},"end":{"line":2,"column":27}},"2":{"start":{"line":6,"column":2},"end":{"line":15,"column":4}},"3":{"start":{"line":19,"column":11},"end":{"line":19,"column":15}},"4":{"start":{"line":22,"column":2},"end":{"line":31,"column":3}},"5":{"start":{"line":23,"column":21},"end":{"line":23,"column":34}},"6":{"start":{"line":24,"column":4},"end":{"line":24,"column":59}},"7":{"start":{"line":25,"column":4},"end":{"line":30,"column":7}},"8":{"start":{"line":32,"column":2},"end":{"line":32,"column":14}},"9":{"start":{"line":37,"column":2},"end":{"line":51,"column":3}},"10":{"start":{"line":38,"column":21},"end":{"line":38,"column":34}},"11":{"start":{"line":39,"column":23},"end":{"line":39,"column":38}},"12":{"start":{"line":40,"column":4},"end":{"line":40,"column":31}},"13":{"start":{"line":42,"column":27},"end":{"line":42,"column":67}},"14":{"start":{"line":43,"column":4},"end":{"line":43,"column":140}},"15":{"start":{"line":44,"column":4},"end":{"line":44,"column":31}},"16":{"start":{"line":46,"column":4},"end":{"line":46,"column":52}},"17":{"start":{"line":47,"column":4},"end":{"line":47,"column":16}},"18":{"start":{"line":49,"column":4},"end":{"line":49,"column":47}},"19":{"start":{"line":50,"column":4},"end":{"line":50,"column":17}},"20":{"start":{"line":56,"column":2},"end":{"line":68,"column":3}},"21":{"start":{"line":58,"column":4},"end":{"line":58,"column":38}},"22":{"start":{"line":60,"column":24},"end":{"line":60,"column":33}},"23":{"start":{"line":61,"column":23},"end":{"line":61,"column":56}},"24":{"start":{"line":62,"column":4},"end":{"line":62,"column":29}},"25":{"start":{"line":63,"column":4},"end":{"line":63,"column":25}},"26":{"start":{"line":64,"column":4},"end":{"line":64,"column":16}},"27":{"start":{"line":66,"column":4},"end":{"line":66,"column":47}},"28":{"start":{"line":67,"column":4},"end":{"line":67,"column":17}},"29":{"start":{"line":73,"column":2},"end":{"line":80,"column":3}},"30":{"start":{"line":74,"column":24},"end":{"line":74,"column":33}},"31":{"start":{"line":75,"column":19},"end":{"line":75,"column":57}},"32":{"start":{"line":76,"column":4},"end":{"line":76,"column":16}},"33":{"start":{"line":78,"column":4},"end":{"line":78,"column":37}},"34":{"start":{"line":79,"column":4},"end":{"line":79,"column":16}},"35":{"start":{"line":85,"column":22},"end":{"line":85,"column":31}},"36":{"start":{"line":86,"column":21},"end":{"line":86,"column":54}},"37":{"start":{"line":87,"column":2},"end":{"line":87,"column":38}},"38":{"start":{"line":89,"column":2},"end":{"line":98,"column":3}},"39":{"start":{"line":90,"column":19},"end":{"line":90,"column":45}},"40":{"start":{"line":91,"column":4},"end":{"line":91,"column":30}},"41":{"start":{"line":92,"column":4},"end":{"line":92,"column":18}},"42":{"start":{"line":94,"column":4},"end":{"line":94,"column":32}},"43":{"start":{"line":95,"column":4},"end":{"line":95,"column":16}},"44":{"start":{"line":97,"column":4},"end":{"line":97,"column":25}},"45":{"start":{"line":103,"column":2},"end":{"line":106,"column":3}},"46":{"start":{"line":104,"column":4},"end":{"line":104,"column":15}},"47":{"start":{"line":105,"column":4},"end":{"line":105,"column":16}},"48":{"start":{"line":111,"column":2},"end":{"line":114,"column":3}},"49":{"start":{"line":112,"column":4},"end":{"line":112,"column":21}},"50":{"start":{"line":113,"column":4},"end":{"line":113,"column":16}},"51":{"start":{"line":117,"column":0},"end":{"line":126,"column":2}},"52":{"start":{"line":118,"column":15},"end":{"line":118,"column":32}}},"fnMap":{"0":{"name":"getDbConfig","decl":{"start":{"line":5,"column":9},"end":{"line":5,"column":20}},"loc":{"start":{"line":5,"column":23},"end":{"line":16,"column":1}},"line":5},"1":{"name":"getPool","decl":{"start":{"line":21,"column":9},"end":{"line":21,"column":16}},"loc":{"start":{"line":21,"column":19},"end":{"line":33,"column":1}},"line":21},"2":{"name":"createDatabaseIfNotExists","decl":{"start":{"line":36,"column":15},"end":{"line":36,"column":40}},"loc":{"start":{"line":36,"column":43},"end":{"line":52,"column":1}},"line":36},"3":{"name":"testConnection","decl":{"start":{"line":55,"column":15},"end":{"line":55,"column":29}},"loc":{"start":{"line":55,"column":32},"end":{"line":69,"column":1}},"line":55},"4":{"name":"query","decl":{"start":{"line":72,"column":15},"end":{"line":72,"column":20}},"loc":{"start":{"line":72,"column":39},"end":{"line":81,"column":1}},"line":72},"5":{"name":"transaction","decl":{"start":{"line":84,"column":15},"end":{"line":84,"column":26}},"loc":{"start":{"line":84,"column":37},"end":{"line":99,"column":1}},"line":84},"6":{"name":"resetPool","decl":{"start":{"line":102,"column":9},"end":{"line":102,"column":18}},"loc":{"start":{"line":102,"column":21},"end":{"line":107,"column":1}},"line":102},"7":{"name":"closePool","decl":{"start":{"line":110,"column":15},"end":{"line":110,"column":24}},"loc":{"start":{"line":110,"column":27},"end":{"line":115,"column":1}},"line":110},"8":{"name":"(anonymous_8)","decl":{"start":{"line":118,"column":2},"end":{"line":118,"column":3}},"loc":{"start":{"line":118,"column":13},"end":{"line":118,"column":34}},"line":118}},"branchMap":{"0":{"loc":{"start":{"line":7,"column":10},"end":{"line":7,"column":44}},"type":"binary-expr","locations":[{"start":{"line":7,"column":10},"end":{"line":7,"column":29}},{"start":{"line":7,"column":33},"end":{"line":7,"column":44}}],"line":7},"1":{"loc":{"start":{"line":8,"column":10},"end":{"line":8,"column":37}},"type":"binary-expr","locations":[{"start":{"line":8,"column":10},"end":{"line":8,"column":29}},{"start":{"line":8,"column":33},"end":{"line":8,"column":37}}],"line":8},"2":{"loc":{"start":{"line":9,"column":10},"end":{"line":9,"column":39}},"type":"binary-expr","locations":[{"start":{"line":9,"column":10},"end":{"line":9,"column":29}},{"start":{"line":9,"column":33},"end":{"line":9,"column":39}}],"line":9},"3":{"loc":{"start":{"line":10,"column":14},"end":{"line":10,"column":43}},"type":"binary-expr","locations":[{"start":{"line":10,"column":14},"end":{"line":10,"column":37}},{"start":{"line":10,"column":41},"end":{"line":10,"column":43}}],"line":10},"4":{"loc":{"start":{"line":11,"column":14},"end":{"line":11,"column":54}},"type":"binary-expr","locations":[{"start":{"line":11,"column":14},"end":{"line":11,"column":33}},{"start":{"line":11,"column":37},"end":{"line":11,"column":54}}],"line":11},"5":{"loc":{"start":{"line":22,"column":2},"end":{"line":31,"column":3}},"type":"if","locations":[{"start":{"line":22,"column":2},"end":{"line":31,"column":3}},{"start":{},"end":{}}],"line":22},"6":{"loc":{"start":{"line":72,"column":26},"end":{"line":72,"column":37}},"type":"default-arg","locations":[{"start":{"line":72,"column":35},"end":{"line":72,"column":37}}],"line":72},"7":{"loc":{"start":{"line":103,"column":2},"end":{"line":106,"column":3}},"type":"if","locations":[{"start":{"line":103,"column":2},"end":{"line":106,"column":3}},{"start":{},"end":{}}],"line":103},"8":{"loc":{"start":{"line":111,"column":2},"end":{"line":114,"column":3}},"type":"if","locations":[{"start":{"line":111,"column":2},"end":{"line":114,"column":3}},{"start":{},"end":{}}],"line":111}},"s":{"0":6,"1":6,"2":1,"3":6,"4":37,"5":1,"6":1,"7":1,"8":37,"9":0,"10":0,"11":0,"12":0,"13":0,"14":0,"15":0,"16":0,"17":0,"18":0,"19":0,"20":0,"21":0,"22":0,"23":0,"24":0,"25":0,"26":0,"27":0,"28":0,"29":34,"30":34,"31":34,"32":34,"33":0,"34":0,"35":2,"36":2,"37":2,"38":2,"39":2,"40":2,"41":2,"42":0,"43":0,"44":2,"45":6,"46":0,"47":0,"48":0,"49":0,"50":0,"51":6,"52":1},"f":{"0":1,"1":37,"2":0,"3":0,"4":34,"5":2,"6":6,"7":0,"8":1},"b":{"0":[1,0],"1":[1,0],"2":[1,0],"3":[1,1],"4":[1,0],"5":[1,36],"6":[23],"7":[0,6],"8":[0,0]},"_coverageSchema":"1a1c01bbd47fc00a2c39e90264f33305004495a9","hash":"4329f50eb99519983f283956f2d4ec9061c211bb"}
,"/Users/danieldong/Documents/GitHub/gougegaoshu/backend/middleware/auth.js": {"path":"/Users/danieldong/Documents/GitHub/gougegaoshu/backend/middleware/auth.js","statementMap":{"0":{"start":{"line":1,"column":12},"end":{"line":1,"column":35}},"1":{"start":{"line":2,"column":18},"end":{"line":2,"column":47}},"2":{"start":{"line":5,"column":26},"end":{"line":98,"column":1}},"3":{"start":{"line":6,"column":21},"end":{"line":6,"column":49}},"4":{"start":{"line":9,"column":2},"end":{"line":14,"column":3}},"5":{"start":{"line":10,"column":4},"end":{"line":13,"column":7}},"6":{"start":{"line":17,"column":2},"end":{"line":22,"column":3}},"7":{"start":{"line":18,"column":4},"end":{"line":21,"column":7}},"8":{"start":{"line":25,"column":2},"end":{"line":30,"column":3}},"9":{"start":{"line":26,"column":4},"end":{"line":29,"column":7}},"10":{"start":{"line":32,"column":16},"end":{"line":32,"column":39}},"11":{"start":{"line":35,"column":2},"end":{"line":40,"column":3}},"12":{"start":{"line":36,"column":4},"end":{"line":39,"column":7}},"13":{"start":{"line":42,"column":2},"end":{"line":97,"column":3}},"14":{"start":{"line":43,"column":20},"end":{"line":43,"column":61}},"15":{"start":{"line":46,"column":4},"end":{"line":88,"column":5}},"16":{"start":{"line":48,"column":21},"end":{"line":51,"column":7}},"17":{"start":{"line":53,"column":6},"end":{"line":58,"column":7}},"18":{"start":{"line":54,"column":8},"end":{"line":57,"column":11}},"19":{"start":{"line":60,"column":6},"end":{"line":67,"column":8}},"20":{"start":{"line":70,"column":20},"end":{"line":73,"column":7}},"21":{"start":{"line":75,"column":6},"end":{"line":80,"column":7}},"22":{"start":{"line":76,"column":8},"end":{"line":79,"column":11}},"23":{"start":{"line":82,"column":6},"end":{"line":87,"column":8}},"24":{"start":{"line":90,"column":4},"end":{"line":90,"column":11}},"25":{"start":{"line":92,"column":4},"end":{"line":92,"column":39}},"26":{"start":{"line":93,"column":4},"end":{"line":96,"column":7}},"27":{"start":{"line":101,"column":21},"end":{"line":113,"column":1}},"28":{"start":{"line":103,"column":19},"end":{"line":103,"column":43}},"29":{"start":{"line":105,"column":2},"end":{"line":110,"column":3}},"30":{"start":{"line":106,"column":4},"end":{"line":109,"column":7}},"31":{"start":{"line":112,"column":2},"end":{"line":112,"column":9}},"32":{"start":{"line":116,"column":28},"end":{"line":128,"column":1}},"33":{"start":{"line":117,"column":2},"end":{"line":125,"column":3}},"34":{"start":{"line":120,"column":4},"end":{"line":124,"column":7}},"35":{"start":{"line":127,"column":2},"end":{"line":127,"column":9}},"36":{"start":{"line":130,"column":0},"end":{"line":134,"column":2}}},"fnMap":{"0":{"name":"(anonymous_0)","decl":{"start":{"line":5,"column":26},"end":{"line":5,"column":27}},"loc":{"start":{"line":5,"column":52},"end":{"line":98,"column":1}},"line":5},"1":{"name":"(anonymous_1)","decl":{"start":{"line":101,"column":21},"end":{"line":101,"column":22}},"loc":{"start":{"line":101,"column":41},"end":{"line":113,"column":1}},"line":101},"2":{"name":"(anonymous_2)","decl":{"start":{"line":116,"column":28},"end":{"line":116,"column":29}},"loc":{"start":{"line":116,"column":48},"end":{"line":128,"column":1}},"line":116}},"branchMap":{"0":{"loc":{"start":{"line":9,"column":2},"end":{"line":14,"column":3}},"type":"if","locations":[{"start":{"line":9,"column":2},"end":{"line":14,"column":3}},{"start":{},"end":{}}],"line":9},"1":{"loc":{"start":{"line":17,"column":2},"end":{"line":22,"column":3}},"type":"if","locations":[{"start":{"line":17,"column":2},"end":{"line":22,"column":3}},{"start":{},"end":{}}],"line":17},"2":{"loc":{"start":{"line":25,"column":2},"end":{"line":30,"column":3}},"type":"if","locations":[{"start":{"line":25,"column":2},"end":{"line":30,"column":3}},{"start":{},"end":{}}],"line":25},"3":{"loc":{"start":{"line":35,"column":2},"end":{"line":40,"column":3}},"type":"if","locations":[{"start":{"line":35,"column":2},"end":{"line":40,"column":3}},{"start":{},"end":{}}],"line":35},"4":{"loc":{"start":{"line":35,"column":6},"end":{"line":35,"column":35}},"type":"binary-expr","locations":[{"start":{"line":35,"column":6},"end":{"line":35,"column":12}},{"start":{"line":35,"column":16},"end":{"line":35,"column":35}}],"line":35},"5":{"loc":{"start":{"line":46,"column":4},"end":{"line":88,"column":5}},"type":"if","locations":[{"start":{"line":46,"column":4},"end":{"line":88,"column":5}},{"start":{"line":68,"column":11},"end":{"line":88,"column":5}}],"line":46},"6":{"loc":{"start":{"line":53,"column":6},"end":{"line":58,"column":7}},"type":"if","locations":[{"start":{"line":53,"column":6},"end":{"line":58,"column":7}},{"start":{},"end":{}}],"line":53},"7":{"loc":{"start":{"line":66,"column":29},"end":{"line":66,"column":69}},"type":"binary-expr","locations":[{"start":{"line":66,"column":29},"end":{"line":66,"column":60}},{"start":{"line":66,"column":64},"end":{"line":66,"column":69}}],"line":66},"8":{"loc":{"start":{"line":75,"column":6},"end":{"line":80,"column":7}},"type":"if","locations":[{"start":{"line":75,"column":6},"end":{"line":80,"column":7}},{"start":{},"end":{}}],"line":75},"9":{"loc":{"start":{"line":105,"column":2},"end":{"line":110,"column":3}},"type":"if","locations":[{"start":{"line":105,"column":2},"end":{"line":110,"column":3}},{"start":{},"end":{}}],"line":105},"10":{"loc":{"start":{"line":117,"column":2},"end":{"line":125,"column":3}},"type":"if","locations":[{"start":{"line":117,"column":2},"end":{"line":125,"column":3}},{"start":{},"end":{}}],"line":117},"11":{"loc":{"start":{"line":117,"column":6},"end":{"line":119,"column":52}},"type":"binary-expr","locations":[{"start":{"line":117,"column":6},"end":{"line":117,"column":34}},{"start":{"line":118,"column":6},"end":{"line":118,"column":46}},{"start":{"line":119,"column":6},"end":{"line":119,"column":52}}],"line":117}},"s":{"0":6,"1":6,"2":6,"3":4,"4":4,"5":1,"6":3,"7":0,"8":3,"9":0,"10":3,"11":3,"12":0,"13":3,"14":3,"15":2,"16":0,"17":0,"18":0,"19":0,"20":2,"21":2,"22":0,"23":2,"24":2,"25":1,"26":1,"27":6,"28":0,"29":0,"30":0,"31":0,"32":6,"33":2,"34":0,"35":2,"36":6},"f":{"0":4,"1":0,"2":2},"b":{"0":[1,3],"1":[0,3],"2":[0,3],"3":[0,3],"4":[3,3],"5":[0,2],"6":[0,0],"7":[0,0],"8":[0,2],"9":[0,0],"10":[0,2],"11":[2,0,0]},"_coverageSchema":"1a1c01bbd47fc00a2c39e90264f33305004495a9","hash":"021f0f44624db1fb3846fb6908b8e736b4be5c3f"}
,"/Users/danieldong/Documents/GitHub/gougegaoshu/backend/routes/admin.js": {"path":"/Users/danieldong/Documents/GitHub/gougegaoshu/backend/routes/admin.js","statementMap":{"0":{"start":{"line":1,"column":16},"end":{"line":1,"column":34}},"1":{"start":{"line":2,"column":15},"end":{"line":2,"column":32}},"2":{"start":{"line":3,"column":12},"end":{"line":3,"column":26}},"3":{"start":{"line":4,"column":15},"end":{"line":4,"column":32}},"4":{"start":{"line":5,"column":31},"end":{"line":5,"column":60}},"5":{"start":{"line":6,"column":44},"end":{"line":6,"column":73}},"6":{"start":{"line":7,"column":40},"end":{"line":7,"column":74}},"7":{"start":{"line":9,"column":15},"end":{"line":9,"column":31}},"8":{"start":{"line":12,"column":0},"end":{"line":12,"column":30}},"9":{"start":{"line":13,"column":0},"end":{"line":13,"column":25}},"10":{"start":{"line":16,"column":0},"end":{"line":34,"column":3}},"11":{"start":{"line":17,"column":2},"end":{"line":33,"column":3}},"12":{"start":{"line":18,"column":21},"end":{"line":20,"column":5}},"13":{"start":{"line":22,"column":4},"end":{"line":25,"column":7}},"14":{"start":{"line":28,"column":4},"end":{"line":28,"column":38}},"15":{"start":{"line":29,"column":4},"end":{"line":32,"column":7}},"16":{"start":{"line":37,"column":0},"end":{"line":79,"column":3}},"17":{"start":{"line":38,"column":2},"end":{"line":78,"column":3}},"18":{"start":{"line":39,"column":21},"end":{"line":39,"column":29}},"19":{"start":{"line":41,"column":4},"end":{"line":46,"column":5}},"20":{"start":{"line":42,"column":6},"end":{"line":45,"column":9}},"21":{"start":{"line":49,"column":29},"end":{"line":49,"column":82}},"22":{"start":{"line":50,"column":25},"end":{"line":50,"column":50}},"23":{"start":{"line":51,"column":25},"end":{"line":51,"column":73}},"24":{"start":{"line":54,"column":28},"end":{"line":54,"column":70}},"25":{"start":{"line":55,"column":27},"end":{"line":55,"column":65}},"26":{"start":{"line":57,"column":4},"end":{"line":60,"column":6}},"27":{"start":{"line":62,"column":4},"end":{"line":70,"column":7}},"28":{"start":{"line":73,"column":4},"end":{"line":73,"column":36}},"29":{"start":{"line":74,"column":4},"end":{"line":77,"column":7}},"30":{"start":{"line":82,"column":0},"end":{"line":119,"column":3}},"31":{"start":{"line":83,"column":2},"end":{"line":118,"column":3}},"32":{"start":{"line":84,"column":26},"end":{"line":84,"column":36}},"33":{"start":{"line":87,"column":21},"end":{"line":87,"column":91}},"34":{"start":{"line":88,"column":4},"end":{"line":93,"column":5}},"35":{"start":{"line":89,"column":6},"end":{"line":92,"column":9}},"36":{"start":{"line":96,"column":28},"end":{"line":96,"column":70}},"37":{"start":{"line":97,"column":27},"end":{"line":97,"column":65}},"38":{"start":{"line":99,"column":4},"end":{"line":102,"column":6}},"39":{"start":{"line":104,"column":4},"end":{"line":110,"column":7}},"40":{"start":{"line":113,"column":4},"end":{"line":113,"column":36}},"41":{"start":{"line":114,"column":4},"end":{"line":117,"column":7}},"42":{"start":{"line":122,"column":0},"end":{"line":184,"column":3}},"43":{"start":{"line":123,"column":2},"end":{"line":183,"column":3}},"44":{"start":{"line":124,"column":26},"end":{"line":124,"column":36}},"45":{"start":{"line":127,"column":21},"end":{"line":127,"column":84}},"46":{"start":{"line":128,"column":4},"end":{"line":133,"column":5}},"47":{"start":{"line":129,"column":6},"end":{"line":132,"column":9}},"48":{"start":{"line":136,"column":21},"end":{"line":136,"column":100}},"49":{"start":{"line":138,"column":20},"end":{"line":138,"column":31}},"50":{"start":{"line":139,"column":20},"end":{"line":139,"column":60}},"51":{"start":{"line":141,"column":4},"end":{"line":175,"column":7}},"52":{"start":{"line":178,"column":4},"end":{"line":178,"column":38}},"53":{"start":{"line":179,"column":4},"end":{"line":182,"column":7}},"54":{"start":{"line":187,"column":0},"end":{"line":281,"column":3}},"55":{"start":{"line":188,"column":2},"end":{"line":280,"column":3}},"56":{"start":{"line":189,"column":24},"end":{"line":189,"column":32}},"57":{"start":{"line":191,"column":4},"end":{"line":196,"column":5}},"58":{"start":{"line":192,"column":6},"end":{"line":195,"column":9}},"59":{"start":{"line":198,"column":18},"end":{"line":198,"column":53}},"60":{"start":{"line":199,"column":18},"end":{"line":199,"column":20}},"61":{"start":{"line":201,"column":4},"end":{"line":234,"column":5}},"62":{"start":{"line":202,"column":6},"end":{"line":202,"column":33}},"63":{"start":{"line":202,"column":24},"end":{"line":202,"column":33}},"64":{"start":{"line":204,"column":20},"end":{"line":204,"column":35}},"65":{"start":{"line":205,"column":6},"end":{"line":205,"column":37}},"66":{"start":{"line":205,"column":28},"end":{"line":205,"column":37}},"67":{"start":{"line":207,"column":62},"end":{"line":207,"column":92}},"68":{"start":{"line":207,"column":80},"end":{"line":207,"column":91}},"69":{"start":{"line":208,"column":22},"end":{"line":208,"column":44}},"70":{"start":{"line":210,"column":6},"end":{"line":210,"column":55}},"71":{"start":{"line":210,"column":46},"end":{"line":210,"column":55}},"72":{"start":{"line":213,"column":23},"end":{"line":213,"column":38}},"73":{"start":{"line":214,"column":6},"end":{"line":217,"column":7}},"74":{"start":{"line":215,"column":8},"end":{"line":215,"column":44}},"75":{"start":{"line":216,"column":8},"end":{"line":216,"column":17}},"76":{"start":{"line":220,"column":23},"end":{"line":220,"column":87}},"77":{"start":{"line":221,"column":6},"end":{"line":224,"column":7}},"78":{"start":{"line":222,"column":8},"end":{"line":222,"column":43}},"79":{"start":{"line":223,"column":8},"end":{"line":223,"column":17}},"80":{"start":{"line":226,"column":6},"end":{"line":233,"column":9}},"81":{"start":{"line":236,"column":4},"end":{"line":241,"column":5}},"82":{"start":{"line":237,"column":6},"end":{"line":240,"column":9}},"83":{"start":{"line":244,"column":19},"end":{"line":244,"column":20}},"84":{"start":{"line":245,"column":4},"end":{"line":262,"column":7}},"85":{"start":{"line":246,"column":6},"end":{"line":261,"column":7}},"86":{"start":{"line":248,"column":32},"end":{"line":251,"column":9}},"87":{"start":{"line":254,"column":8},"end":{"line":260,"column":9}},"88":{"start":{"line":255,"column":10},"end":{"line":258,"column":12}},"89":{"start":{"line":259,"column":10},"end":{"line":259,"column":21}},"90":{"start":{"line":264,"column":4},"end":{"line":272,"column":7}},"91":{"start":{"line":275,"column":4},"end":{"line":275,"column":38}},"92":{"start":{"line":276,"column":4},"end":{"line":279,"column":7}},"93":{"start":{"line":284,"column":0},"end":{"line":329,"column":3}},"94":{"start":{"line":285,"column":2},"end":{"line":328,"column":3}},"95":{"start":{"line":286,"column":21},"end":{"line":286,"column":30}},"96":{"start":{"line":288,"column":4},"end":{"line":293,"column":5}},"97":{"start":{"line":289,"column":6},"end":{"line":292,"column":9}},"98":{"start":{"line":295,"column":18},"end":{"line":303,"column":14}},"99":{"start":{"line":305,"column":4},"end":{"line":320,"column":7}},"100":{"start":{"line":307,"column":31},"end":{"line":319,"column":7}},"101":{"start":{"line":323,"column":4},"end":{"line":323,"column":38}},"102":{"start":{"line":324,"column":4},"end":{"line":327,"column":7}},"103":{"start":{"line":332,"column":0},"end":{"line":358,"column":3}},"104":{"start":{"line":333,"column":2},"end":{"line":357,"column":3}},"105":{"start":{"line":334,"column":38},"end":{"line":334,"column":46}},"106":{"start":{"line":336,"column":4},"end":{"line":341,"column":5}},"107":{"start":{"line":337,"column":6},"end":{"line":340,"column":9}},"108":{"start":{"line":343,"column":19},"end":{"line":343,"column":64}},"109":{"start":{"line":345,"column":4},"end":{"line":349,"column":7}},"110":{"start":{"line":352,"column":4},"end":{"line":352,"column":40}},"111":{"start":{"line":353,"column":4},"end":{"line":356,"column":7}},"112":{"start":{"line":361,"column":0},"end":{"line":377,"column":3}},"113":{"start":{"line":362,"column":2},"end":{"line":376,"column":3}},"114":{"start":{"line":363,"column":19},"end":{"line":363,"column":30}},"115":{"start":{"line":365,"column":4},"end":{"line":368,"column":7}},"116":{"start":{"line":371,"column":4},"end":{"line":371,"column":40}},"117":{"start":{"line":372,"column":4},"end":{"line":375,"column":7}},"118":{"start":{"line":379,"column":0},"end":{"line":379,"column":24}}},"fnMap":{"0":{"name":"(anonymous_0)","decl":{"start":{"line":16,"column":24},"end":{"line":16,"column":25}},"loc":{"start":{"line":16,"column":44},"end":{"line":34,"column":1}},"line":16},"1":{"name":"(anonymous_1)","decl":{"start":{"line":37,"column":25},"end":{"line":37,"column":26}},"loc":{"start":{"line":37,"column":45},"end":{"line":79,"column":1}},"line":37},"2":{"name":"(anonymous_2)","decl":{"start":{"line":82,"column":51},"end":{"line":82,"column":52}},"loc":{"start":{"line":82,"column":71},"end":{"line":119,"column":1}},"line":82},"3":{"name":"(anonymous_3)","decl":{"start":{"line":122,"column":43},"end":{"line":122,"column":44}},"loc":{"start":{"line":122,"column":63},"end":{"line":184,"column":1}},"line":122},"4":{"name":"(anonymous_4)","decl":{"start":{"line":187,"column":34},"end":{"line":187,"column":35}},"loc":{"start":{"line":187,"column":54},"end":{"line":281,"column":1}},"line":187},"5":{"name":"(anonymous_5)","decl":{"start":{"line":207,"column":72},"end":{"line":207,"column":73}},"loc":{"start":{"line":207,"column":80},"end":{"line":207,"column":91}},"line":207},"6":{"name":"(anonymous_6)","decl":{"start":{"line":245,"column":22},"end":{"line":245,"column":23}},"loc":{"start":{"line":245,"column":44},"end":{"line":262,"column":5}},"line":245},"7":{"name":"(anonymous_7)","decl":{"start":{"line":284,"column":29},"end":{"line":284,"column":30}},"loc":{"start":{"line":284,"column":49},"end":{"line":329,"column":1}},"line":284},"8":{"name":"(anonymous_8)","decl":{"start":{"line":307,"column":22},"end":{"line":307,"column":23}},"loc":{"start":{"line":307,"column":31},"end":{"line":319,"column":7}},"line":307},"9":{"name":"(anonymous_9)","decl":{"start":{"line":332,"column":33},"end":{"line":332,"column":34}},"loc":{"start":{"line":332,"column":53},"end":{"line":358,"column":1}},"line":332},"10":{"name":"(anonymous_10)","decl":{"start":{"line":361,"column":27},"end":{"line":361,"column":28}},"loc":{"start":{"line":361,"column":47},"end":{"line":377,"column":1}},"line":361}},"branchMap":{"0":{"loc":{"start":{"line":41,"column":4},"end":{"line":46,"column":5}},"type":"if","locations":[{"start":{"line":41,"column":4},"end":{"line":46,"column":5}},{"start":{},"end":{}}],"line":41},"1":{"loc":{"start":{"line":41,"column":8},"end":{"line":41,"column":41}},"type":"binary-expr","locations":[{"start":{"line":41,"column":8},"end":{"line":41,"column":13}},{"start":{"line":41,"column":17},"end":{"line":41,"column":41}}],"line":41},"2":{"loc":{"start":{"line":54,"column":28},"end":{"line":54,"column":70}},"type":"binary-expr","locations":[{"start":{"line":54,"column":28},"end":{"line":54,"column":56}},{"start":{"line":54,"column":60},"end":{"line":54,"column":70}}],"line":54},"3":{"loc":{"start":{"line":88,"column":4},"end":{"line":93,"column":5}},"type":"if","locations":[{"start":{"line":88,"column":4},"end":{"line":93,"column":5}},{"start":{},"end":{}}],"line":88},"4":{"loc":{"start":{"line":96,"column":28},"end":{"line":96,"column":70}},"type":"binary-expr","locations":[{"start":{"line":96,"column":28},"end":{"line":96,"column":56}},{"start":{"line":96,"column":60},"end":{"line":96,"column":70}}],"line":96},"5":{"loc":{"start":{"line":128,"column":4},"end":{"line":133,"column":5}},"type":"if","locations":[{"start":{"line":128,"column":4},"end":{"line":133,"column":5}},{"start":{},"end":{}}],"line":128},"6":{"loc":{"start":{"line":139,"column":20},"end":{"line":139,"column":60}},"type":"cond-expr","locations":[{"start":{"line":139,"column":42},"end":{"line":139,"column":53}},{"start":{"line":139,"column":56},"end":{"line":139,"column":60}}],"line":139},"7":{"loc":{"start":{"line":150,"column":17},"end":{"line":173,"column":16}},"type":"cond-expr","locations":[{"start":{"line":150,"column":27},"end":{"line":173,"column":9}},{"start":{"line":173,"column":12},"end":{"line":173,"column":16}}],"line":150},"8":{"loc":{"start":{"line":191,"column":4},"end":{"line":196,"column":5}},"type":"if","locations":[{"start":{"line":191,"column":4},"end":{"line":196,"column":5}},{"start":{},"end":{}}],"line":191},"9":{"loc":{"start":{"line":191,"column":8},"end":{"line":191,"column":47}},"type":"binary-expr","locations":[{"start":{"line":191,"column":8},"end":{"line":191,"column":16}},{"start":{"line":191,"column":20},"end":{"line":191,"column":47}}],"line":191},"10":{"loc":{"start":{"line":202,"column":6},"end":{"line":202,"column":33}},"type":"if","locations":[{"start":{"line":202,"column":6},"end":{"line":202,"column":33}},{"start":{},"end":{}}],"line":202},"11":{"loc":{"start":{"line":205,"column":6},"end":{"line":205,"column":37}},"type":"if","locations":[{"start":{"line":205,"column":6},"end":{"line":205,"column":37}},{"start":{},"end":{}}],"line":205},"12":{"loc":{"start":{"line":210,"column":6},"end":{"line":210,"column":55}},"type":"if","locations":[{"start":{"line":210,"column":6},"end":{"line":210,"column":55}},{"start":{},"end":{}}],"line":210},"13":{"loc":{"start":{"line":210,"column":10},"end":{"line":210,"column":44}},"type":"binary-expr","locations":[{"start":{"line":210,"column":10},"end":{"line":210,"column":20}},{"start":{"line":210,"column":24},"end":{"line":210,"column":32}},{"start":{"line":210,"column":36},"end":{"line":210,"column":44}}],"line":210},"14":{"loc":{"start":{"line":214,"column":6},"end":{"line":217,"column":7}},"type":"if","locations":[{"start":{"line":214,"column":6},"end":{"line":217,"column":7}},{"start":{},"end":{}}],"line":214},"15":{"loc":{"start":{"line":221,"column":6},"end":{"line":224,"column":7}},"type":"if","locations":[{"start":{"line":221,"column":6},"end":{"line":224,"column":7}},{"start":{},"end":{}}],"line":221},"16":{"loc":{"start":{"line":236,"column":4},"end":{"line":241,"column":5}},"type":"if","locations":[{"start":{"line":236,"column":4},"end":{"line":241,"column":5}},{"start":{},"end":{}}],"line":236},"17":{"loc":{"start":{"line":254,"column":8},"end":{"line":260,"column":9}},"type":"if","locations":[{"start":{"line":254,"column":8},"end":{"line":260,"column":9}},{"start":{},"end":{}}],"line":254},"18":{"loc":{"start":{"line":288,"column":4},"end":{"line":293,"column":5}},"type":"if","locations":[{"start":{"line":288,"column":4},"end":{"line":293,"column":5}},{"start":{},"end":{}}],"line":288},"19":{"loc":{"start":{"line":314,"column":18},"end":{"line":317,"column":16}},"type":"cond-expr","locations":[{"start":{"line":314,"column":63},"end":{"line":317,"column":9}},{"start":{"line":317,"column":12},"end":{"line":317,"column":16}}],"line":314},"20":{"loc":{"start":{"line":314,"column":18},"end":{"line":314,"column":60}},"type":"binary-expr","locations":[{"start":{"line":314,"column":18},"end":{"line":314,"column":36}},{"start":{"line":314,"column":40},"end":{"line":314,"column":60}}],"line":314},"21":{"loc":{"start":{"line":315,"column":16},"end":{"line":315,"column":39}},"type":"binary-expr","locations":[{"start":{"line":315,"column":16},"end":{"line":315,"column":34}},{"start":{"line":315,"column":38},"end":{"line":315,"column":39}}],"line":315},"22":{"loc":{"start":{"line":316,"column":18},"end":{"line":316,"column":43}},"type":"binary-expr","locations":[{"start":{"line":316,"column":18},"end":{"line":316,"column":38}},{"start":{"line":316,"column":42},"end":{"line":316,"column":43}}],"line":316},"23":{"loc":{"start":{"line":336,"column":4},"end":{"line":341,"column":5}},"type":"if","locations":[{"start":{"line":336,"column":4},"end":{"line":341,"column":5}},{"start":{},"end":{}}],"line":336},"24":{"loc":{"start":{"line":336,"column":8},"end":{"line":336,"column":33}},"type":"binary-expr","locations":[{"start":{"line":336,"column":8},"end":{"line":336,"column":18}},{"start":{"line":336,"column":22},"end":{"line":336,"column":33}}],"line":336},"25":{"loc":{"start":{"line":347,"column":15},"end":{"line":347,"column":55}},"type":"cond-expr","locations":[{"start":{"line":347,"column":32},"end":{"line":347,"column":42}},{"start":{"line":347,"column":45},"end":{"line":347,"column":55}}],"line":347}},"s":{"0":6,"1":6,"2":6,"3":6,"4":6,"5":6,"6":6,"7":6,"8":6,"9":6,"10":6,"11":0,"12":0,"13":0,"14":0,"15":0,"16":6,"17":0,"18":0,"19":0,"20":0,"21":0,"22":0,"23":0,"24":0,"25":0,"26":0,"27":0,"28":0,"29":0,"30":6,"31":0,"32":0,"33":0,"34":0,"35":0,"36":0,"37":0,"38":0,"39":0,"40":0,"41":0,"42":6,"43":0,"44":0,"45":0,"46":0,"47":0,"48":0,"49":0,"50":0,"51":0,"52":0,"53":0,"54":6,"55":0,"56":0,"57":0,"58":0,"59":0,"60":0,"61":0,"62":0,"63":0,"64":0,"65":0,"66":0,"67":0,"68":0,"69":0,"70":0,"71":0,"72":0,"73":0,"74":0,"75":0,"76":0,"77":0,"78":0,"79":0,"80":0,"81":0,"82":0,"83":0,"84":0,"85":0,"86":0,"87":0,"88":0,"89":0,"90":0,"91":0,"92":0,"93":6,"94":0,"95":0,"96":0,"97":0,"98":0,"99":0,"100":0,"101":0,"102":0,"103":6,"104":0,"105":0,"106":0,"107":0,"108":0,"109":0,"110":0,"111":0,"112":6,"113":0,"114":0,"115":0,"116":0,"117":0,"118":6},"f":{"0":0,"1":0,"2":0,"3":0,"4":0,"5":0,"6":0,"7":0,"8":0,"9":0,"10":0},"b":{"0":[0,0],"1":[0,0],"2":[0,0],"3":[0,0],"4":[0,0],"5":[0,0],"6":[0,0],"7":[0,0],"8":[0,0],"9":[0,0],"10":[0,0],"11":[0,0],"12":[0,0],"13":[0,0,0],"14":[0,0],"15":[0,0],"16":[0,0],"17":[0,0],"18":[0,0],"19":[0,0],"20":[0,0],"21":[0,0],"22":[0,0],"23":[0,0],"24":[0,0],"25":[0,0]},"_coverageSchema":"1a1c01bbd47fc00a2c39e90264f33305004495a9","hash":"819d5c7da80236ac12da9099605ea074f4a4bfe6"}
,"/Users/danieldong/Documents/GitHub/gougegaoshu/backend/routes/auth.js": {"path":"/Users/danieldong/Documents/GitHub/gougegaoshu/backend/routes/auth.js","statementMap":{"0":{"start":{"line":1,"column":16},"end":{"line":1,"column":34}},"1":{"start":{"line":2,"column":15},"end":{"line":2,"column":32}},"2":{"start":{"line":3,"column":12},"end":{"line":3,"column":35}},"3":{"start":{"line":4,"column":12},"end":{"line":4,"column":26}},"4":{"start":{"line":5,"column":18},"end":{"line":5,"column":47}},"5":{"start":{"line":6,"column":30},"end":{"line":6,"column":59}},"6":{"start":{"line":8,"column":15},"end":{"line":8,"column":31}},"7":{"start":{"line":11,"column":20},"end":{"line":20,"column":2}},"8":{"start":{"line":23,"column":29},"end":{"line":28,"column":2}},"9":{"start":{"line":31,"column":0},"end":{"line":102,"column":3}},"10":{"start":{"line":32,"column":2},"end":{"line":101,"column":3}},"11":{"start":{"line":34,"column":29},"end":{"line":34,"column":59}},"12":{"start":{"line":35,"column":4},"end":{"line":40,"column":5}},"13":{"start":{"line":36,"column":6},"end":{"line":39,"column":9}},"14":{"start":{"line":42,"column":45},"end":{"line":42,"column":50}},"15":{"start":{"line":45,"column":19},"end":{"line":48,"column":5}},"16":{"start":{"line":50,"column":4},"end":{"line":55,"column":5}},"17":{"start":{"line":51,"column":6},"end":{"line":54,"column":9}},"18":{"start":{"line":57,"column":18},"end":{"line":57,"column":27}},"19":{"start":{"line":60,"column":28},"end":{"line":60,"column":74}},"20":{"start":{"line":61,"column":4},"end":{"line":66,"column":5}},"21":{"start":{"line":62,"column":6},"end":{"line":65,"column":9}},"22":{"start":{"line":69,"column":18},"end":{"line":78,"column":5}},"23":{"start":{"line":81,"column":4},"end":{"line":93,"column":7}},"24":{"start":{"line":96,"column":4},"end":{"line":96,"column":37}},"25":{"start":{"line":97,"column":4},"end":{"line":100,"column":7}},"26":{"start":{"line":105,"column":0},"end":{"line":182,"column":3}},"27":{"start":{"line":106,"column":2},"end":{"line":181,"column":3}},"28":{"start":{"line":108,"column":29},"end":{"line":108,"column":59}},"29":{"start":{"line":109,"column":4},"end":{"line":114,"column":5}},"30":{"start":{"line":110,"column":6},"end":{"line":113,"column":9}},"31":{"start":{"line":116,"column":36},"end":{"line":116,"column":41}},"32":{"start":{"line":119,"column":4},"end":{"line":124,"column":5}},"33":{"start":{"line":120,"column":6},"end":{"line":123,"column":9}},"34":{"start":{"line":127,"column":21},"end":{"line":130,"column":5}},"35":{"start":{"line":132,"column":4},"end":{"line":137,"column":5}},"36":{"start":{"line":133,"column":6},"end":{"line":136,"column":9}},"37":{"start":{"line":139,"column":20},"end":{"line":139,"column":31}},"38":{"start":{"line":142,"column":28},"end":{"line":142,"column":76}},"39":{"start":{"line":143,"column":4},"end":{"line":148,"column":5}},"40":{"start":{"line":144,"column":6},"end":{"line":147,"column":9}},"41":{"start":{"line":151,"column":18},"end":{"line":160,"column":5}},"42":{"start":{"line":162,"column":4},"end":{"line":173,"column":7}},"43":{"start":{"line":176,"column":4},"end":{"line":176,"column":34}},"44":{"start":{"line":177,"column":4},"end":{"line":180,"column":7}},"45":{"start":{"line":185,"column":0},"end":{"line":217,"column":3}},"46":{"start":{"line":186,"column":2},"end":{"line":216,"column":3}},"47":{"start":{"line":187,"column":28},"end":{"line":187,"column":36}},"48":{"start":{"line":189,"column":4},"end":{"line":194,"column":5}},"49":{"start":{"line":190,"column":6},"end":{"line":193,"column":9}},"50":{"start":{"line":197,"column":27},"end":{"line":197,"column":61}},"51":{"start":{"line":200,"column":4},"end":{"line":203,"column":6}},"52":{"start":{"line":205,"column":4},"end":{"line":208,"column":7}},"53":{"start":{"line":211,"column":4},"end":{"line":211,"column":36}},"54":{"start":{"line":212,"column":4},"end":{"line":215,"column":7}},"55":{"start":{"line":220,"column":0},"end":{"line":275,"column":3}},"56":{"start":{"line":221,"column":2},"end":{"line":274,"column":3}},"57":{"start":{"line":222,"column":29},"end":{"line":222,"column":68}},"58":{"start":{"line":223,"column":4},"end":{"line":228,"column":5}},"59":{"start":{"line":224,"column":6},"end":{"line":227,"column":9}},"60":{"start":{"line":230,"column":41},"end":{"line":230,"column":46}},"61":{"start":{"line":233,"column":21},"end":{"line":236,"column":5}},"62":{"start":{"line":238,"column":4},"end":{"line":243,"column":5}},"63":{"start":{"line":239,"column":6},"end":{"line":242,"column":9}},"64":{"start":{"line":246,"column":31},"end":{"line":246,"column":86}},"65":{"start":{"line":247,"column":4},"end":{"line":252,"column":5}},"66":{"start":{"line":248,"column":6},"end":{"line":251,"column":9}},"67":{"start":{"line":255,"column":30},"end":{"line":255,"column":64}},"68":{"start":{"line":258,"column":4},"end":{"line":261,"column":6}},"69":{"start":{"line":263,"column":4},"end":{"line":266,"column":7}},"70":{"start":{"line":269,"column":4},"end":{"line":269,"column":36}},"71":{"start":{"line":270,"column":4},"end":{"line":273,"column":7}},"72":{"start":{"line":278,"column":0},"end":{"line":285,"column":3}},"73":{"start":{"line":279,"column":2},"end":{"line":284,"column":5}},"74":{"start":{"line":287,"column":0},"end":{"line":287,"column":24}}},"fnMap":{"0":{"name":"(anonymous_0)","decl":{"start":{"line":31,"column":28},"end":{"line":31,"column":29}},"loc":{"start":{"line":31,"column":48},"end":{"line":102,"column":1}},"line":31},"1":{"name":"(anonymous_1)","decl":{"start":{"line":105,"column":22},"end":{"line":105,"column":23}},"loc":{"start":{"line":105,"column":42},"end":{"line":182,"column":1}},"line":105},"2":{"name":"(anonymous_2)","decl":{"start":{"line":185,"column":57},"end":{"line":185,"column":58}},"loc":{"start":{"line":185,"column":77},"end":{"line":217,"column":1}},"line":185},"3":{"name":"(anonymous_3)","decl":{"start":{"line":220,"column":51},"end":{"line":220,"column":52}},"loc":{"start":{"line":220,"column":71},"end":{"line":275,"column":1}},"line":220},"4":{"name":"(anonymous_4)","decl":{"start":{"line":278,"column":41},"end":{"line":278,"column":42}},"loc":{"start":{"line":278,"column":55},"end":{"line":285,"column":1}},"line":278}},"branchMap":{"0":{"loc":{"start":{"line":35,"column":4},"end":{"line":40,"column":5}},"type":"if","locations":[{"start":{"line":35,"column":4},"end":{"line":40,"column":5}},{"start":{},"end":{}}],"line":35},"1":{"loc":{"start":{"line":50,"column":4},"end":{"line":55,"column":5}},"type":"if","locations":[{"start":{"line":50,"column":4},"end":{"line":55,"column":5}},{"start":{},"end":{}}],"line":50},"2":{"loc":{"start":{"line":61,"column":4},"end":{"line":66,"column":5}},"type":"if","locations":[{"start":{"line":61,"column":4},"end":{"line":66,"column":5}},{"start":{},"end":{}}],"line":61},"3":{"loc":{"start":{"line":109,"column":4},"end":{"line":114,"column":5}},"type":"if","locations":[{"start":{"line":109,"column":4},"end":{"line":114,"column":5}},{"start":{},"end":{}}],"line":109},"4":{"loc":{"start":{"line":119,"column":4},"end":{"line":124,"column":5}},"type":"if","locations":[{"start":{"line":119,"column":4},"end":{"line":124,"column":5}},{"start":{},"end":{}}],"line":119},"5":{"loc":{"start":{"line":132,"column":4},"end":{"line":137,"column":5}},"type":"if","locations":[{"start":{"line":132,"column":4},"end":{"line":137,"column":5}},{"start":{},"end":{}}],"line":132},"6":{"loc":{"start":{"line":143,"column":4},"end":{"line":148,"column":5}},"type":"if","locations":[{"start":{"line":143,"column":4},"end":{"line":148,"column":5}},{"start":{},"end":{}}],"line":143},"7":{"loc":{"start":{"line":159,"column":19},"end":{"line":159,"column":53}},"type":"binary-expr","locations":[{"start":{"line":159,"column":19},"end":{"line":159,"column":45}},{"start":{"line":159,"column":49},"end":{"line":159,"column":53}}],"line":159},"8":{"loc":{"start":{"line":189,"column":4},"end":{"line":194,"column":5}},"type":"if","locations":[{"start":{"line":189,"column":4},"end":{"line":194,"column":5}},{"start":{},"end":{}}],"line":189},"9":{"loc":{"start":{"line":189,"column":8},"end":{"line":189,"column":46}},"type":"binary-expr","locations":[{"start":{"line":189,"column":8},"end":{"line":189,"column":20}},{"start":{"line":189,"column":24},"end":{"line":189,"column":46}}],"line":189},"10":{"loc":{"start":{"line":223,"column":4},"end":{"line":228,"column":5}},"type":"if","locations":[{"start":{"line":223,"column":4},"end":{"line":228,"column":5}},{"start":{},"end":{}}],"line":223},"11":{"loc":{"start":{"line":238,"column":4},"end":{"line":243,"column":5}},"type":"if","locations":[{"start":{"line":238,"column":4},"end":{"line":243,"column":5}},{"start":{},"end":{}}],"line":238},"12":{"loc":{"start":{"line":247,"column":4},"end":{"line":252,"column":5}},"type":"if","locations":[{"start":{"line":247,"column":4},"end":{"line":252,"column":5}},{"start":{},"end":{}}],"line":247}},"s":{"0":6,"1":6,"2":6,"3":6,"4":6,"5":6,"6":6,"7":6,"8":6,"9":6,"10":0,"11":0,"12":0,"13":0,"14":0,"15":0,"16":0,"17":0,"18":0,"19":0,"20":0,"21":0,"22":0,"23":0,"24":0,"25":0,"26":6,"27":0,"28":0,"29":0,"30":0,"31":0,"32":0,"33":0,"34":0,"35":0,"36":0,"37":0,"38":0,"39":0,"40":0,"41":0,"42":0,"43":0,"44":0,"45":6,"46":0,"47":0,"48":0,"49":0,"50":0,"51":0,"52":0,"53":0,"54":0,"55":6,"56":0,"57":0,"58":0,"59":0,"60":0,"61":0,"62":0,"63":0,"64":0,"65":0,"66":0,"67":0,"68":0,"69":0,"70":0,"71":0,"72":6,"73":0,"74":6},"f":{"0":0,"1":0,"2":0,"3":0,"4":0},"b":{"0":[0,0],"1":[0,0],"2":[0,0],"3":[0,0],"4":[0,0],"5":[0,0],"6":[0,0],"7":[0,0],"8":[0,0],"9":[0,0],"10":[0,0],"11":[0,0],"12":[0,0]},"_coverageSchema":"1a1c01bbd47fc00a2c39e90264f33305004495a9","hash":"816460f0090185f3ff58b185b856039d86da6734"}
,"/Users/danieldong/Documents/GitHub/gougegaoshu/backend/routes/profiles.js": {"path":"/Users/danieldong/Documents/GitHub/gougegaoshu/backend/routes/profiles.js","statementMap":{"0":{"start":{"line":1,"column":16},"end":{"line":1,"column":34}},"1":{"start":{"line":2,"column":12},"end":{"line":2,"column":26}},"2":{"start":{"line":3,"column":18},"end":{"line":3,"column":47}},"3":{"start":{"line":4,"column":51},"end":{"line":4,"column":80}},"4":{"start":{"line":6,"column":15},"end":{"line":6,"column":31}},"5":{"start":{"line":9,"column":0},"end":{"line":9,"column":30}},"6":{"start":{"line":10,"column":0},"end":{"line":10,"column":32}},"7":{"start":{"line":13,"column":22},"end":{"line":38,"column":2}},"8":{"start":{"line":41,"column":0},"end":{"line":102,"column":3}},"9":{"start":{"line":42,"column":2},"end":{"line":101,"column":3}},"10":{"start":{"line":43,"column":22},"end":{"line":43,"column":40}},"11":{"start":{"line":45,"column":21},"end":{"line":48,"column":5}},"12":{"start":{"line":50,"column":4},"end":{"line":58,"column":5}},"13":{"start":{"line":52,"column":6},"end":{"line":57,"column":9}},"14":{"start":{"line":60,"column":20},"end":{"line":60,"column":31}},"15":{"start":{"line":62,"column":4},"end":{"line":93,"column":7}},"16":{"start":{"line":96,"column":4},"end":{"line":96,"column":36}},"17":{"start":{"line":97,"column":4},"end":{"line":100,"column":7}},"18":{"start":{"line":105,"column":0},"end":{"line":235,"column":3}},"19":{"start":{"line":106,"column":2},"end":{"line":234,"column":3}},"20":{"start":{"line":108,"column":4},"end":{"line":113,"column":5}},"21":{"start":{"line":109,"column":6},"end":{"line":112,"column":9}},"22":{"start":{"line":115,"column":29},"end":{"line":115,"column":61}},"23":{"start":{"line":116,"column":4},"end":{"line":136,"column":5}},"24":{"start":{"line":118,"column":20},"end":{"line":118,"column":28}},"25":{"start":{"line":119,"column":24},"end":{"line":119,"column":45}},"26":{"start":{"line":120,"column":20},"end":{"line":120,"column":44}},"27":{"start":{"line":122,"column":6},"end":{"line":130,"column":7}},"28":{"start":{"line":123,"column":8},"end":{"line":123,"column":39}},"29":{"start":{"line":124,"column":13},"end":{"line":130,"column":7}},"30":{"start":{"line":125,"column":8},"end":{"line":125,"column":35}},"31":{"start":{"line":126,"column":13},"end":{"line":130,"column":7}},"32":{"start":{"line":127,"column":8},"end":{"line":127,"column":35}},"33":{"start":{"line":128,"column":13},"end":{"line":130,"column":7}},"34":{"start":{"line":129,"column":8},"end":{"line":129,"column":34}},"35":{"start":{"line":132,"column":6},"end":{"line":135,"column":9}},"36":{"start":{"line":138,"column":22},"end":{"line":138,"column":40}},"37":{"start":{"line":141,"column":29},"end":{"line":144,"column":5}},"38":{"start":{"line":146,"column":4},"end":{"line":151,"column":5}},"39":{"start":{"line":147,"column":6},"end":{"line":150,"column":9}},"40":{"start":{"line":154,"column":24},"end":{"line":181,"column":5}},"41":{"start":{"line":183,"column":4},"end":{"line":221,"column":5}},"42":{"start":{"line":185,"column":6},"end":{"line":201,"column":8}},"43":{"start":{"line":204,"column":6},"end":{"line":220,"column":8}},"44":{"start":{"line":223,"column":4},"end":{"line":226,"column":7}},"45":{"start":{"line":229,"column":4},"end":{"line":229,"column":36}},"46":{"start":{"line":230,"column":4},"end":{"line":233,"column":7}},"47":{"start":{"line":237,"column":0},"end":{"line":237,"column":24}}},"fnMap":{"0":{"name":"(anonymous_0)","decl":{"start":{"line":41,"column":16},"end":{"line":41,"column":17}},"loc":{"start":{"line":41,"column":36},"end":{"line":102,"column":1}},"line":41},"1":{"name":"(anonymous_1)","decl":{"start":{"line":105,"column":16},"end":{"line":105,"column":17}},"loc":{"start":{"line":105,"column":36},"end":{"line":235,"column":1}},"line":105}},"branchMap":{"0":{"loc":{"start":{"line":50,"column":4},"end":{"line":58,"column":5}},"type":"if","locations":[{"start":{"line":50,"column":4},"end":{"line":58,"column":5}},{"start":{},"end":{}}],"line":50},"1":{"loc":{"start":{"line":108,"column":4},"end":{"line":113,"column":5}},"type":"if","locations":[{"start":{"line":108,"column":4},"end":{"line":113,"column":5}},{"start":{},"end":{}}],"line":108},"2":{"loc":{"start":{"line":108,"column":8},"end":{"line":108,"column":55}},"type":"binary-expr","locations":[{"start":{"line":108,"column":8},"end":{"line":108,"column":17}},{"start":{"line":108,"column":21},"end":{"line":108,"column":55}}],"line":108},"3":{"loc":{"start":{"line":116,"column":4},"end":{"line":136,"column":5}},"type":"if","locations":[{"start":{"line":116,"column":4},"end":{"line":136,"column":5}},{"start":{},"end":{}}],"line":116},"4":{"loc":{"start":{"line":122,"column":6},"end":{"line":130,"column":7}},"type":"if","locations":[{"start":{"line":122,"column":6},"end":{"line":130,"column":7}},{"start":{"line":124,"column":13},"end":{"line":130,"column":7}}],"line":122},"5":{"loc":{"start":{"line":124,"column":13},"end":{"line":130,"column":7}},"type":"if","locations":[{"start":{"line":124,"column":13},"end":{"line":130,"column":7}},{"start":{"line":126,"column":13},"end":{"line":130,"column":7}}],"line":124},"6":{"loc":{"start":{"line":126,"column":13},"end":{"line":130,"column":7}},"type":"if","locations":[{"start":{"line":126,"column":13},"end":{"line":130,"column":7}},{"start":{"line":128,"column":13},"end":{"line":130,"column":7}}],"line":126},"7":{"loc":{"start":{"line":128,"column":13},"end":{"line":130,"column":7}},"type":"if","locations":[{"start":{"line":128,"column":13},"end":{"line":130,"column":7}},{"start":{},"end":{}}],"line":128},"8":{"loc":{"start":{"line":146,"column":4},"end":{"line":151,"column":5}},"type":"if","locations":[{"start":{"line":146,"column":4},"end":{"line":151,"column":5}},{"start":{},"end":{}}],"line":146},"9":{"loc":{"start":{"line":146,"column":8},"end":{"line":146,"column":79}},"type":"binary-expr","locations":[{"start":{"line":146,"column":8},"end":{"line":146,"column":35}},{"start":{"line":146,"column":39},"end":{"line":146,"column":79}}],"line":146},"10":{"loc":{"start":{"line":156,"column":14},"end":{"line":156,"column":32}},"type":"binary-expr","locations":[{"start":{"line":156,"column":14},"end":{"line":156,"column":26}},{"start":{"line":156,"column":30},"end":{"line":156,"column":32}}],"line":156},"11":{"loc":{"start":{"line":158,"column":20},"end":{"line":158,"column":43}},"type":"binary-expr","locations":[{"start":{"line":158,"column":20},"end":{"line":158,"column":37}},{"start":{"line":158,"column":41},"end":{"line":158,"column":43}}],"line":158},"12":{"loc":{"start":{"line":159,"column":26},"end":{"line":159,"column":54}},"type":"binary-expr","locations":[{"start":{"line":159,"column":26},"end":{"line":159,"column":48}},{"start":{"line":159,"column":52},"end":{"line":159,"column":54}}],"line":159},"13":{"loc":{"start":{"line":160,"column":17},"end":{"line":160,"column":37}},"type":"binary-expr","locations":[{"start":{"line":160,"column":17},"end":{"line":160,"column":31}},{"start":{"line":160,"column":35},"end":{"line":160,"column":37}}],"line":160},"14":{"loc":{"start":{"line":161,"column":23},"end":{"line":161,"column":48}},"type":"binary-expr","locations":[{"start":{"line":161,"column":23},"end":{"line":161,"column":42}},{"start":{"line":161,"column":46},"end":{"line":161,"column":48}}],"line":161},"15":{"loc":{"start":{"line":164,"column":19},"end":{"line":164,"column":44}},"type":"binary-expr","locations":[{"start":{"line":164,"column":19},"end":{"line":164,"column":35}},{"start":{"line":164,"column":39},"end":{"line":164,"column":44}}],"line":164},"16":{"loc":{"start":{"line":165,"column":23},"end":{"line":165,"column":49}},"type":"binary-expr","locations":[{"start":{"line":165,"column":23},"end":{"line":165,"column":43}},{"start":{"line":165,"column":47},"end":{"line":165,"column":49}}],"line":165},"17":{"loc":{"start":{"line":167,"column":22},"end":{"line":167,"column":49}},"type":"binary-expr","locations":[{"start":{"line":167,"column":22},"end":{"line":167,"column":40}},{"start":{"line":167,"column":44},"end":{"line":167,"column":49}}],"line":167},"18":{"loc":{"start":{"line":168,"column":26},"end":{"line":168,"column":54}},"type":"binary-expr","locations":[{"start":{"line":168,"column":26},"end":{"line":168,"column":48}},{"start":{"line":168,"column":52},"end":{"line":168,"column":54}}],"line":168},"19":{"loc":{"start":{"line":169,"column":23},"end":{"line":169,"column":48}},"type":"binary-expr","locations":[{"start":{"line":169,"column":23},"end":{"line":169,"column":42}},{"start":{"line":169,"column":46},"end":{"line":169,"column":48}}],"line":169},"20":{"loc":{"start":{"line":170,"column":27},"end":{"line":170,"column":57}},"type":"binary-expr","locations":[{"start":{"line":170,"column":27},"end":{"line":170,"column":49}},{"start":{"line":170,"column":53},"end":{"line":170,"column":57}}],"line":170},"21":{"loc":{"start":{"line":172,"column":20},"end":{"line":172,"column":44}},"type":"binary-expr","locations":[{"start":{"line":172,"column":20},"end":{"line":172,"column":37}},{"start":{"line":172,"column":41},"end":{"line":172,"column":44}}],"line":172},"22":{"loc":{"start":{"line":173,"column":25},"end":{"line":173,"column":55}},"type":"binary-expr","locations":[{"start":{"line":173,"column":25},"end":{"line":173,"column":46}},{"start":{"line":173,"column":50},"end":{"line":173,"column":55}}],"line":173},"23":{"loc":{"start":{"line":174,"column":29},"end":{"line":174,"column":60}},"type":"binary-expr","locations":[{"start":{"line":174,"column":29},"end":{"line":174,"column":54}},{"start":{"line":174,"column":58},"end":{"line":174,"column":60}}],"line":174},"24":{"loc":{"start":{"line":175,"column":26},"end":{"line":175,"column":54}},"type":"binary-expr","locations":[{"start":{"line":175,"column":26},"end":{"line":175,"column":48}},{"start":{"line":175,"column":52},"end":{"line":175,"column":54}}],"line":175},"25":{"loc":{"start":{"line":176,"column":30},"end":{"line":176,"column":64}},"type":"binary-expr","locations":[{"start":{"line":176,"column":30},"end":{"line":176,"column":55}},{"start":{"line":176,"column":59},"end":{"line":176,"column":64}}],"line":176},"26":{"loc":{"start":{"line":178,"column":23},"end":{"line":178,"column":49}},"type":"binary-expr","locations":[{"start":{"line":178,"column":23},"end":{"line":178,"column":43}},{"start":{"line":178,"column":47},"end":{"line":178,"column":49}}],"line":178},"27":{"loc":{"start":{"line":179,"column":13},"end":{"line":179,"column":30}},"type":"binary-expr","locations":[{"start":{"line":179,"column":13},"end":{"line":179,"column":24}},{"start":{"line":179,"column":28},"end":{"line":179,"column":30}}],"line":179},"28":{"loc":{"start":{"line":183,"column":4},"end":{"line":221,"column":5}},"type":"if","locations":[{"start":{"line":183,"column":4},"end":{"line":221,"column":5}},{"start":{"line":202,"column":11},"end":{"line":221,"column":5}}],"line":183}},"s":{"0":6,"1":6,"2":6,"3":6,"4":6,"5":6,"6":6,"7":6,"8":6,"9":0,"10":0,"11":0,"12":0,"13":0,"14":0,"15":0,"16":0,"17":0,"18":6,"19":0,"20":0,"21":0,"22":0,"23":0,"24":0,"25":0,"26":0,"27":0,"28":0,"29":0,"30":0,"31":0,"32":0,"33":0,"34":0,"35":0,"36":0,"37":0,"38":0,"39":0,"40":0,"41":0,"42":0,"43":0,"44":0,"45":0,"46":0,"47":6},"f":{"0":0,"1":0},"b":{"0":[0,0],"1":[0,0],"2":[0,0],"3":[0,0],"4":[0,0],"5":[0,0],"6":[0,0],"7":[0,0],"8":[0,0],"9":[0,0],"10":[0,0],"11":[0,0],"12":[0,0],"13":[0,0],"14":[0,0],"15":[0,0],"16":[0,0],"17":[0,0],"18":[0,0],"19":[0,0],"20":[0,0],"21":[0,0],"22":[0,0],"23":[0,0],"24":[0,0],"25":[0,0],"26":[0,0],"27":[0,0],"28":[0,0]},"_coverageSchema":"1a1c01bbd47fc00a2c39e90264f33305004495a9","hash":"83edadea64c9ff35e5b744e16232bdd9f7b78c75"}
,"/Users/danieldong/Documents/GitHub/gougegaoshu/backend/routes/tasks.js": {"path":"/Users/danieldong/Documents/GitHub/gougegaoshu/backend/routes/tasks.js","statementMap":{"0":{"start":{"line":1,"column":16},"end":{"line":1,"column":34}},"1":{"start":{"line":2,"column":12},"end":{"line":2,"column":26}},"2":{"start":{"line":3,"column":15},"end":{"line":3,"column":32}},"3":{"start":{"line":4,"column":31},"end":{"line":4,"column":60}},"4":{"start":{"line":5,"column":51},"end":{"line":5,"column":80}},"5":{"start":{"line":6,"column":59},"end":{"line":6,"column":101}},"6":{"start":{"line":8,"column":15},"end":{"line":8,"column":31}},"7":{"start":{"line":11,"column":0},"end":{"line":11,"column":30}},"8":{"start":{"line":12,"column":0},"end":{"line":12,"column":32}},"9":{"start":{"line":15,"column":0},"end":{"line":67,"column":3}},"10":{"start":{"line":16,"column":2},"end":{"line":66,"column":3}},"11":{"start":{"line":17,"column":35},"end":{"line":17,"column":44}},"12":{"start":{"line":18,"column":22},"end":{"line":18,"column":40}},"13":{"start":{"line":20,"column":14},"end":{"line":20,"column":56}},"14":{"start":{"line":21,"column":17},"end":{"line":21,"column":28}},"15":{"start":{"line":23,"column":4},"end":{"line":29,"column":5}},"16":{"start":{"line":24,"column":6},"end":{"line":24,"column":46}},"17":{"start":{"line":25,"column":6},"end":{"line":25,"column":38}},"18":{"start":{"line":26,"column":11},"end":{"line":29,"column":5}},"19":{"start":{"line":27,"column":6},"end":{"line":27,"column":35}},"20":{"start":{"line":28,"column":6},"end":{"line":28,"column":29}},"21":{"start":{"line":31,"column":4},"end":{"line":31,"column":53}},"22":{"start":{"line":33,"column":18},"end":{"line":33,"column":42}},"23":{"start":{"line":36,"column":24},"end":{"line":36,"column":26}},"24":{"start":{"line":37,"column":4},"end":{"line":53,"column":7}},"25":{"start":{"line":38,"column":22},"end":{"line":38,"column":65}},"26":{"start":{"line":39,"column":6},"end":{"line":41,"column":7}},"27":{"start":{"line":40,"column":8},"end":{"line":40,"column":34}},"28":{"start":{"line":42,"column":6},"end":{"line":52,"column":9}},"29":{"start":{"line":55,"column":4},"end":{"line":58,"column":7}},"30":{"start":{"line":61,"column":4},"end":{"line":61,"column":36}},"31":{"start":{"line":62,"column":4},"end":{"line":65,"column":7}},"32":{"start":{"line":70,"column":0},"end":{"line":145,"column":3}},"33":{"start":{"line":71,"column":2},"end":{"line":144,"column":3}},"34":{"start":{"line":72,"column":23},"end":{"line":72,"column":33}},"35":{"start":{"line":73,"column":75},"end":{"line":73,"column":83}},"36":{"start":{"line":74,"column":22},"end":{"line":74,"column":40}},"37":{"start":{"line":77,"column":18},"end":{"line":80,"column":5}},"38":{"start":{"line":82,"column":4},"end":{"line":87,"column":5}},"39":{"start":{"line":83,"column":6},"end":{"line":86,"column":9}},"40":{"start":{"line":90,"column":23},"end":{"line":90,"column":25}},"41":{"start":{"line":91,"column":23},"end":{"line":91,"column":25}},"42":{"start":{"line":93,"column":4},"end":{"line":96,"column":5}},"43":{"start":{"line":94,"column":6},"end":{"line":94,"column":41}},"44":{"start":{"line":95,"column":6},"end":{"line":95,"column":35}},"45":{"start":{"line":98,"column":4},"end":{"line":101,"column":5}},"46":{"start":{"line":99,"column":6},"end":{"line":99,"column":68}},"47":{"start":{"line":100,"column":6},"end":{"line":100,"column":66}},"48":{"start":{"line":103,"column":4},"end":{"line":106,"column":5}},"49":{"start":{"line":104,"column":6},"end":{"line":104,"column":43}},"50":{"start":{"line":105,"column":6},"end":{"line":105,"column":31}},"51":{"start":{"line":108,"column":4},"end":{"line":111,"column":5}},"52":{"start":{"line":109,"column":6},"end":{"line":109,"column":46}},"53":{"start":{"line":110,"column":6},"end":{"line":110,"column":40}},"54":{"start":{"line":113,"column":4},"end":{"line":116,"column":5}},"55":{"start":{"line":114,"column":6},"end":{"line":114,"column":46}},"56":{"start":{"line":115,"column":6},"end":{"line":115,"column":40}},"57":{"start":{"line":118,"column":4},"end":{"line":123,"column":5}},"58":{"start":{"line":119,"column":6},"end":{"line":122,"column":9}},"59":{"start":{"line":125,"column":4},"end":{"line":125,"column":41}},"60":{"start":{"line":127,"column":4},"end":{"line":131,"column":6}},"61":{"start":{"line":133,"column":4},"end":{"line":136,"column":7}},"62":{"start":{"line":139,"column":4},"end":{"line":139,"column":36}},"63":{"start":{"line":140,"column":4},"end":{"line":143,"column":7}},"64":{"start":{"line":148,"column":0},"end":{"line":211,"column":3}},"65":{"start":{"line":149,"column":2},"end":{"line":210,"column":3}},"66":{"start":{"line":150,"column":21},"end":{"line":150,"column":29}},"67":{"start":{"line":151,"column":22},"end":{"line":151,"column":40}},"68":{"start":{"line":153,"column":4},"end":{"line":158,"column":5}},"69":{"start":{"line":154,"column":6},"end":{"line":157,"column":9}},"70":{"start":{"line":162,"column":4},"end":{"line":193,"column":7}},"71":{"start":{"line":164,"column":30},"end":{"line":167,"column":7}},"72":{"start":{"line":169,"column":6},"end":{"line":171,"column":7}},"73":{"start":{"line":170,"column":8},"end":{"line":170,"column":36}},"74":{"start":{"line":174,"column":20},"end":{"line":174,"column":49}},"75":{"start":{"line":175,"column":6},"end":{"line":177,"column":7}},"76":{"start":{"line":176,"column":8},"end":{"line":176,"column":37}},"77":{"start":{"line":180,"column":6},"end":{"line":180,"column":72}},"78":{"start":{"line":183,"column":6},"end":{"line":186,"column":8}},"79":{"start":{"line":189,"column":6},"end":{"line":192,"column":8}},"80":{"start":{"line":195,"column":4},"end":{"line":202,"column":7}},"81":{"start":{"line":205,"column":4},"end":{"line":205,"column":36}},"82":{"start":{"line":206,"column":4},"end":{"line":209,"column":7}},"83":{"start":{"line":214,"column":0},"end":{"line":235,"column":3}},"84":{"start":{"line":215,"column":2},"end":{"line":234,"column":3}},"85":{"start":{"line":216,"column":22},"end":{"line":216,"column":40}},"86":{"start":{"line":218,"column":25},"end":{"line":221,"column":5}},"87":{"start":{"line":223,"column":4},"end":{"line":226,"column":7}},"88":{"start":{"line":229,"column":4},"end":{"line":229,"column":38}},"89":{"start":{"line":230,"column":4},"end":{"line":233,"column":7}},"90":{"start":{"line":238,"column":0},"end":{"line":283,"column":3}},"91":{"start":{"line":239,"column":2},"end":{"line":282,"column":3}},"92":{"start":{"line":240,"column":21},"end":{"line":240,"column":29}},"93":{"start":{"line":241,"column":22},"end":{"line":241,"column":40}},"94":{"start":{"line":243,"column":23},"end":{"line":243,"column":60}},"95":{"start":{"line":245,"column":4},"end":{"line":245,"column":68}},"96":{"start":{"line":248,"column":28},"end":{"line":254,"column":5}},"97":{"start":{"line":256,"column":4},"end":{"line":256,"column":71}},"98":{"start":{"line":258,"column":4},"end":{"line":263,"column":5}},"99":{"start":{"line":259,"column":6},"end":{"line":259,"column":64}},"100":{"start":{"line":260,"column":6},"end":{"line":260,"column":72}},"101":{"start":{"line":262,"column":6},"end":{"line":262,"column":51}},"102":{"start":{"line":265,"column":4},"end":{"line":274,"column":7}},"103":{"start":{"line":277,"column":4},"end":{"line":277,"column":43}},"104":{"start":{"line":278,"column":4},"end":{"line":281,"column":7}},"105":{"start":{"line":286,"column":0},"end":{"line":342,"column":3}},"106":{"start":{"line":287,"column":2},"end":{"line":341,"column":3}},"107":{"start":{"line":288,"column":22},"end":{"line":288,"column":40}},"108":{"start":{"line":289,"column":4},"end":{"line":289,"column":49}},"109":{"start":{"line":291,"column":4},"end":{"line":323,"column":7}},"110":{"start":{"line":293,"column":28},"end":{"line":296,"column":7}},"111":{"start":{"line":299,"column":26},"end":{"line":299,"column":45}},"112":{"start":{"line":300,"column":6},"end":{"line":311,"column":7}},"113":{"start":{"line":301,"column":8},"end":{"line":304,"column":10}},"114":{"start":{"line":306,"column":8},"end":{"line":310,"column":9}},"115":{"start":{"line":307,"column":10},"end":{"line":307,"column":62}},"116":{"start":{"line":309,"column":10},"end":{"line":309,"column":22}},"117":{"start":{"line":314,"column":28},"end":{"line":317,"column":7}},"118":{"start":{"line":319,"column":6},"end":{"line":319,"column":47}},"119":{"start":{"line":320,"column":6},"end":{"line":320,"column":64}},"120":{"start":{"line":321,"column":6},"end":{"line":321,"column":68}},"121":{"start":{"line":322,"column":6},"end":{"line":322,"column":62}},"122":{"start":{"line":325,"column":4},"end":{"line":333,"column":7}},"123":{"start":{"line":336,"column":4},"end":{"line":336,"column":40}},"124":{"start":{"line":337,"column":4},"end":{"line":340,"column":7}},"125":{"start":{"line":344,"column":0},"end":{"line":344,"column":24}}},"fnMap":{"0":{"name":"(anonymous_0)","decl":{"start":{"line":15,"column":16},"end":{"line":15,"column":17}},"loc":{"start":{"line":15,"column":36},"end":{"line":67,"column":1}},"line":15},"1":{"name":"(anonymous_1)","decl":{"start":{"line":37,"column":18},"end":{"line":37,"column":19}},"loc":{"start":{"line":37,"column":26},"end":{"line":53,"column":5}},"line":37},"2":{"name":"(anonymous_2)","decl":{"start":{"line":70,"column":23},"end":{"line":70,"column":24}},"loc":{"start":{"line":70,"column":43},"end":{"line":145,"column":1}},"line":70},"3":{"name":"(anonymous_3)","decl":{"start":{"line":148,"column":22},"end":{"line":148,"column":23}},"loc":{"start":{"line":148,"column":42},"end":{"line":211,"column":1}},"line":148},"4":{"name":"(anonymous_4)","decl":{"start":{"line":162,"column":22},"end":{"line":162,"column":23}},"loc":{"start":{"line":162,"column":44},"end":{"line":193,"column":5}},"line":162},"5":{"name":"(anonymous_5)","decl":{"start":{"line":214,"column":29},"end":{"line":214,"column":30}},"loc":{"start":{"line":214,"column":49},"end":{"line":235,"column":1}},"line":214},"6":{"name":"(anonymous_6)","decl":{"start":{"line":238,"column":33},"end":{"line":238,"column":34}},"loc":{"start":{"line":238,"column":53},"end":{"line":283,"column":1}},"line":238},"7":{"name":"(anonymous_7)","decl":{"start":{"line":286,"column":33},"end":{"line":286,"column":34}},"loc":{"start":{"line":286,"column":53},"end":{"line":342,"column":1}},"line":286},"8":{"name":"(anonymous_8)","decl":{"start":{"line":291,"column":22},"end":{"line":291,"column":23}},"loc":{"start":{"line":291,"column":44},"end":{"line":323,"column":5}},"line":291}},"branchMap":{"0":{"loc":{"start":{"line":23,"column":4},"end":{"line":29,"column":5}},"type":"if","locations":[{"start":{"line":23,"column":4},"end":{"line":29,"column":5}},{"start":{"line":26,"column":11},"end":{"line":29,"column":5}}],"line":23},"1":{"loc":{"start":{"line":23,"column":8},"end":{"line":23,"column":28}},"type":"binary-expr","locations":[{"start":{"line":23,"column":8},"end":{"line":23,"column":17}},{"start":{"line":23,"column":21},"end":{"line":23,"column":28}}],"line":23},"2":{"loc":{"start":{"line":26,"column":11},"end":{"line":29,"column":5}},"type":"if","locations":[{"start":{"line":26,"column":11},"end":{"line":29,"column":5}},{"start":{},"end":{}}],"line":26},"3":{"loc":{"start":{"line":39,"column":6},"end":{"line":41,"column":7}},"type":"if","locations":[{"start":{"line":39,"column":6},"end":{"line":41,"column":7}},{"start":{},"end":{}}],"line":39},"4":{"loc":{"start":{"line":47,"column":18},"end":{"line":50,"column":16}},"type":"cond-expr","locations":[{"start":{"line":47,"column":63},"end":{"line":50,"column":9}},{"start":{"line":50,"column":12},"end":{"line":50,"column":16}}],"line":47},"5":{"loc":{"start":{"line":47,"column":18},"end":{"line":47,"column":60}},"type":"binary-expr","locations":[{"start":{"line":47,"column":18},"end":{"line":47,"column":36}},{"start":{"line":47,"column":40},"end":{"line":47,"column":60}}],"line":47},"6":{"loc":{"start":{"line":48,"column":16},"end":{"line":48,"column":39}},"type":"binary-expr","locations":[{"start":{"line":48,"column":16},"end":{"line":48,"column":34}},{"start":{"line":48,"column":38},"end":{"line":48,"column":39}}],"line":48},"7":{"loc":{"start":{"line":49,"column":18},"end":{"line":49,"column":43}},"type":"binary-expr","locations":[{"start":{"line":49,"column":18},"end":{"line":49,"column":38}},{"start":{"line":49,"column":42},"end":{"line":49,"column":43}}],"line":49},"8":{"loc":{"start":{"line":82,"column":4},"end":{"line":87,"column":5}},"type":"if","locations":[{"start":{"line":82,"column":4},"end":{"line":87,"column":5}},{"start":{},"end":{}}],"line":82},"9":{"loc":{"start":{"line":93,"column":4},"end":{"line":96,"column":5}},"type":"if","locations":[{"start":{"line":93,"column":4},"end":{"line":96,"column":5}},{"start":{},"end":{}}],"line":93},"10":{"loc":{"start":{"line":98,"column":4},"end":{"line":101,"column":5}},"type":"if","locations":[{"start":{"line":98,"column":4},"end":{"line":101,"column":5}},{"start":{},"end":{}}],"line":98},"11":{"loc":{"start":{"line":100,"column":24},"end":{"line":100,"column":42}},"type":"binary-expr","locations":[{"start":{"line":100,"column":24},"end":{"line":100,"column":37}},{"start":{"line":100,"column":41},"end":{"line":100,"column":42}}],"line":100},"12":{"loc":{"start":{"line":100,"column":44},"end":{"line":100,"column":64}},"type":"binary-expr","locations":[{"start":{"line":100,"column":44},"end":{"line":100,"column":59}},{"start":{"line":100,"column":63},"end":{"line":100,"column":64}}],"line":100},"13":{"loc":{"start":{"line":103,"column":4},"end":{"line":106,"column":5}},"type":"if","locations":[{"start":{"line":103,"column":4},"end":{"line":106,"column":5}},{"start":{},"end":{}}],"line":103},"14":{"loc":{"start":{"line":108,"column":4},"end":{"line":111,"column":5}},"type":"if","locations":[{"start":{"line":108,"column":4},"end":{"line":111,"column":5}},{"start":{},"end":{}}],"line":108},"15":{"loc":{"start":{"line":113,"column":4},"end":{"line":116,"column":5}},"type":"if","locations":[{"start":{"line":113,"column":4},"end":{"line":116,"column":5}},{"start":{},"end":{}}],"line":113},"16":{"loc":{"start":{"line":118,"column":4},"end":{"line":123,"column":5}},"type":"if","locations":[{"start":{"line":118,"column":4},"end":{"line":123,"column":5}},{"start":{},"end":{}}],"line":118},"17":{"loc":{"start":{"line":153,"column":4},"end":{"line":158,"column":5}},"type":"if","locations":[{"start":{"line":153,"column":4},"end":{"line":158,"column":5}},{"start":{},"end":{}}],"line":153},"18":{"loc":{"start":{"line":169,"column":6},"end":{"line":171,"column":7}},"type":"if","locations":[{"start":{"line":169,"column":6},"end":{"line":171,"column":7}},{"start":{},"end":{}}],"line":169},"19":{"loc":{"start":{"line":175,"column":6},"end":{"line":177,"column":7}},"type":"if","locations":[{"start":{"line":175,"column":6},"end":{"line":177,"column":7}},{"start":{},"end":{}}],"line":175},"20":{"loc":{"start":{"line":208,"column":15},"end":{"line":208,"column":41}},"type":"binary-expr","locations":[{"start":{"line":208,"column":15},"end":{"line":208,"column":28}},{"start":{"line":208,"column":32},"end":{"line":208,"column":41}}],"line":208},"21":{"loc":{"start":{"line":243,"column":23},"end":{"line":243,"column":60}},"type":"binary-expr","locations":[{"start":{"line":243,"column":23},"end":{"line":243,"column":27}},{"start":{"line":243,"column":31},"end":{"line":243,"column":60}}],"line":243},"22":{"loc":{"start":{"line":258,"column":4},"end":{"line":263,"column":5}},"type":"if","locations":[{"start":{"line":258,"column":4},"end":{"line":263,"column":5}},{"start":{"line":261,"column":11},"end":{"line":263,"column":5}}],"line":258},"23":{"loc":{"start":{"line":280,"column":15},"end":{"line":280,"column":41}},"type":"binary-expr","locations":[{"start":{"line":280,"column
[...]
,"/Users/danieldong/Documents/GitHub/gougegaoshu/backend/scripts/insertAdmins.js": {"path":"/Users/danieldong/Documents/GitHub/gougegaoshu/backend/scripts/insertAdmins.js","statementMap":{"0":{"start":{"line":1,"column":15},"end":{"line":1,"column":32}},"1":{"start":{"line":2,"column":18},"end":{"line":2,"column":47}},"2":{"start":{"line":3,"column":0},"end":{"line":3,"column":27}},"3":{"start":{"line":6,"column":2},"end":{"line":38,"column":3}},"4":{"start":{"line":7,"column":4},"end":{"line":7,"column":35}},"5":{"start":{"line":10,"column":27},"end":{"line":10,"column":78}},"6":{"start":{"line":11,"column":4},"end":{"line":14,"column":5}},"7":{"start":{"line":12,"column":6},"end":{"line":12,"column":37}},"8":{"start":{"line":13,"column":6},"end":{"line":13,"column":13}},"9":{"start":{"line":17,"column":26},"end":{"line":17,"column":70}},"10":{"start":{"line":18,"column":32},"end":{"line":18,"column":68}},"11":{"start":{"line":21,"column":4},"end":{"line":25,"column":51}},"12":{"start":{"line":27,"column":4},"end":{"line":27,"column":31}},"13":{"start":{"line":28,"column":4},"end":{"line":28,"column":53}},"14":{"start":{"line":29,"column":4},"end":{"line":29,"column":46}},"15":{"start":{"line":32,"column":19},"end":{"line":32,"column":67}},"16":{"start":{"line":33,"column":4},"end":{"line":33,"column":39}},"17":{"start":{"line":36,"column":4},"end":{"line":36,"column":49}},"18":{"start":{"line":37,"column":4},"end":{"line":37,"column":16}},"19":{"start":{"line":42,"column":0},"end":{"line":52,"column":1}},"20":{"start":{"line":43,"column":2},"end":{"line":51,"column":7}},"21":{"start":{"line":45,"column":6},"end":{"line":45,"column":35}},"22":{"start":{"line":46,"column":6},"end":{"line":46,"column":22}},"23":{"start":{"line":49,"column":6},"end":{"line":49,"column":40}},"24":{"start":{"line":50,"column":6},"end":{"line":50,"column":22}},"25":{"start":{"line":54,"column":0},"end":{"line":54,"column":34}}},"fnMap":{"0":{"name":"insertAdmins","decl":{"start":{"line":5,"column":15},"end":{"line":5,"column":27}},"loc":{"start":{"line":5,"column":30},"end":{"line":39,"column":1}},"line":5},"1":{"name":"(anonymous_1)","decl":{"start":{"line":44,"column":10},"end":{"line":44,"column":11}},"loc":{"start":{"line":44,"column":16},"end":{"line":47,"column":5}},"line":44},"2":{"name":"(anonymous_2)","decl":{"start":{"line":48,"column":11},"end":{"line":48,"column":12}},"loc":{"start":{"line":48,"column":22},"end":{"line":51,"column":5}},"line":48}},"branchMap":{"0":{"loc":{"start":{"line":11,"column":4},"end":{"line":14,"column":5}},"type":"if","locations":[{"start":{"line":11,"column":4},"end":{"line":14,"column":5}},{"start":{},"end":{}}],"line":11},"1":{"loc":{"start":{"line":17,"column":26},"end":{"line":17,"column":70}},"type":"binary-expr","locations":[{"start":{"line":17,"column":26},"end":{"line":17,"column":52}},{"start":{"line":17,"column":56},"end":{"line":17,"column":70}}],"line":17},"2":{"loc":{"start":{"line":42,"column":0},"end":{"line":52,"column":1}},"type":"if","locations":[{"start":{"line":42,"column":0},"end":{"line":52,"column":1}},{"start":{},"end":{}}],"line":42}},"s":{"0":0,"1":0,"2":0,"3":0,"4":0,"5":0,"6":0,"7":0,"8":0,"9":0,"10":0,"11":0,"12":0,"13":0,"14":0,"15":0,"16":0,"17":0,"18":0,"19":0,"20":0,"21":0,"22":0,"23":0,"24":0,"25":0},"f":{"0":0,"1":0,"2":0},"b":{"0":[0,0],"1":[0,0],"2":[0,0]}}
,"/Users/danieldong/Documents/GitHub/gougegaoshu/backend/scripts/testAPI.js": {"path":"/Users/danieldong/Documents/GitHub/gougegaoshu/backend/scripts/testAPI.js","statementMap":{"0":{"start":{"line":1,"column":14},"end":{"line":1,"column":30}},"1":{"start":{"line":2,"column":0},"end":{"line":2,"column":27}},"2":{"start":{"line":4,"column":17},"end":{"line":4,"column":63}},"3":{"start":{"line":7,"column":19},"end":{"line":11,"column":1}},"4":{"start":{"line":13,"column":16},"end":{"line":13,"column":18}},"5":{"start":{"line":17,"column":2},"end":{"line":38,"column":3}},"6":{"start":{"line":18,"column":19},"end":{"line":25,"column":5}},"7":{"start":{"line":27,"column":4},"end":{"line":29,"column":5}},"8":{"start":{"line":28,"column":6},"end":{"line":28,"column":25}},"9":{"start":{"line":31,"column":21},"end":{"line":31,"column":40}},"10":{"start":{"line":32,"column":4},"end":{"line":32,"column":50}},"11":{"start":{"line":34,"column":4},"end":{"line":37,"column":6}},"12":{"start":{"line":43,"column":2},"end":{"line":43,"column":30}},"13":{"start":{"line":44,"column":17},"end":{"line":44,"column":52}},"14":{"start":{"line":46,"column":2},"end":{"line":51,"column":3}},"15":{"start":{"line":47,"column":4},"end":{"line":47,"column":28}},"16":{"start":{"line":48,"column":4},"end":{"line":48,"column":53}},"17":{"start":{"line":50,"column":4},"end":{"line":50,"column":43}},"18":{"start":{"line":53,"column":2},"end":{"line":53,"column":24}},"19":{"start":{"line":58,"column":2},"end":{"line":58,"column":31}},"20":{"start":{"line":59,"column":17},"end":{"line":59,"column":59}},"21":{"start":{"line":61,"column":2},"end":{"line":69,"column":3}},"22":{"start":{"line":62,"column":4},"end":{"line":62,"column":31}},"23":{"start":{"line":63,"column":4},"end":{"line":63,"column":57}},"24":{"start":{"line":64,"column":4},"end":{"line":64,"column":65}},"25":{"start":{"line":65,"column":4},"end":{"line":65,"column":65}},"26":{"start":{"line":66,"column":4},"end":{"line":66,"column":69}},"27":{"start":{"line":68,"column":4},"end":{"line":68,"column":46}},"28":{"start":{"line":71,"column":2},"end":{"line":71,"column":24}},"29":{"start":{"line":76,"column":2},"end":{"line":76,"column":30}},"30":{"start":{"line":77,"column":17},"end":{"line":80,"column":4}},"31":{"start":{"line":82,"column":2},"end":{"line":89,"column":3}},"32":{"start":{"line":83,"column":4},"end":{"line":83,"column":26}},"33":{"start":{"line":84,"column":4},"end":{"line":84,"column":39}},"34":{"start":{"line":85,"column":4},"end":{"line":85,"column":61}},"35":{"start":{"line":86,"column":4},"end":{"line":86,"column":78}},"36":{"start":{"line":88,"column":4},"end":{"line":88,"column":41}},"37":{"start":{"line":91,"column":2},"end":{"line":91,"column":24}},"38":{"start":{"line":96,"column":2},"end":{"line":96,"column":32}},"39":{"start":{"line":97,"column":17},"end":{"line":101,"column":4}},"40":{"start":{"line":103,"column":2},"end":{"line":107,"column":3}},"41":{"start":{"line":104,"column":4},"end":{"line":104,"column":30}},"42":{"start":{"line":106,"column":4},"end":{"line":106,"column":45}},"43":{"start":{"line":109,"column":2},"end":{"line":109,"column":24}},"44":{"start":{"line":114,"column":2},"end":{"line":114,"column":30}},"45":{"start":{"line":115,"column":17},"end":{"line":117,"column":4}},"46":{"start":{"line":119,"column":2},"end":{"line":125,"column":3}},"47":{"start":{"line":120,"column":4},"end":{"line":120,"column":28}},"48":{"start":{"line":121,"column":22},"end":{"line":121,"column":58}},"49":{"start":{"line":122,"column":4},"end":{"line":122,"column":43}},"50":{"start":{"line":124,"column":4},"end":{"line":124,"column":43}},"51":{"start":{"line":127,"column":2},"end":{"line":127,"column":24}},"52":{"start":{"line":132,"column":2},"end":{"line":132,"column":30}},"53":{"start":{"line":133,"column":17},"end":{"line":135,"column":4}},"54":{"start":{"line":137,"column":2},"end":{"line":142,"column":3}},"55":{"start":{"line":138,"column":4},"end":{"line":138,"column":28}},"56":{"start":{"line":139,"column":4},"end":{"line":139,"column":68}},"57":{"start":{"line":141,"column":4},"end":{"line":141,"column":43}},"58":{"start":{"line":144,"column":2},"end":{"line":144,"column":24}},"59":{"start":{"line":149,"column":2},"end":{"line":149,"column":33}},"60":{"start":{"line":150,"column":2},"end":{"line":150,"column":50}},"61":{"start":{"line":152,"column":16},"end":{"line":159,"column":3}},"62":{"start":{"line":161,"column":20},"end":{"line":161,"column":21}},"63":{"start":{"line":163,"column":2},"end":{"line":174,"column":3}},"64":{"start":{"line":164,"column":4},"end":{"line":173,"column":5}},"65":{"start":{"line":165,"column":21},"end":{"line":165,"column":36}},"66":{"start":{"line":166,"column":6},"end":{"line":168,"column":7}},"67":{"start":{"line":167,"column":8},"end":{"line":167,"column":22}},"68":{"start":{"line":169,"column":6},"end":{"line":169,"column":22}},"69":{"start":{"line":171,"column":6},"end":{"line":171,"column":57}},"70":{"start":{"line":172,"column":6},"end":{"line":172,"column":22}},"71":{"start":{"line":176,"column":2},"end":{"line":176,"column":50}},"72":{"start":{"line":177,"column":2},"end":{"line":177,"column":60}},"73":{"start":{"line":179,"column":2},"end":{"line":183,"column":3}},"74":{"start":{"line":180,"column":4},"end":{"line":180,"column":37}},"75":{"start":{"line":182,"column":4},"end":{"line":182,"column":37}},"76":{"start":{"line":185,"column":2},"end":{"line":185,"column":38}},"77":{"start":{"line":189,"column":0},"end":{"line":201,"column":1}},"78":{"start":{"line":191,"column":2},"end":{"line":200,"column":11}},"79":{"start":{"line":192,"column":4},"end":{"line":199,"column":9}},"80":{"start":{"line":194,"column":8},"end":{"line":194,"column":38}},"81":{"start":{"line":197,"column":8},"end":{"line":197,"column":42}},"82":{"start":{"line":198,"column":8},"end":{"line":198,"column":24}},"83":{"start":{"line":203,"column":0},"end":{"line":208,"column":2}}},"fnMap":{"0":{"name":"makeRequest","decl":{"start":{"line":16,"column":15},"end":{"line":16,"column":26}},"loc":{"start":{"line":16,"column":67},"end":{"line":39,"column":1}},"line":16},"1":{"name":"testHealth","decl":{"start":{"line":42,"column":15},"end":{"line":42,"column":25}},"loc":{"start":{"line":42,"column":28},"end":{"line":54,"column":1}},"line":42},"2":{"name":"testDatabaseStatus","decl":{"start":{"line":57,"column":15},"end":{"line":57,"column":33}},"loc":{"start":{"line":57,"column":36},"end":{"line":72,"column":1}},"line":57},"3":{"name":"testLogin","decl":{"start":{"line":75,"column":15},"end":{"line":75,"column":24}},"loc":{"start":{"line":75,"column":27},"end":{"line":92,"column":1}},"line":75},"4":{"name":"testForceChangePassword","decl":{"start":{"line":95,"column":15},"end":{"line":95,"column":38}},"loc":{"start":{"line":95,"column":41},"end":{"line":110,"column":1}},"line":95},"5":{"name":"testGetTasks","decl":{"start":{"line":113,"column":15},"end":{"line":113,"column":27}},"loc":{"start":{"line":113,"column":30},"end":{"line":128,"column":1}},"line":113},"6":{"name":"testGetProfile","decl":{"start":{"line":131,"column":15},"end":{"line":131,"column":29}},"loc":{"start":{"line":131,"column":32},"end":{"line":145,"column":1}},"line":131},"7":{"name":"runTests","decl":{"start":{"line":148,"column":15},"end":{"line":148,"column":23}},"loc":{"start":{"line":148,"column":26},"end":{"line":186,"column":1}},"line":148},"8":{"name":"(anonymous_8)","decl":{"start":{"line":191,"column":13},"end":{"line":191,"column":14}},"loc":{"start":{"line":191,"column":19},"end":{"line":200,"column":3}},"line":191},"9":{"name":"(anonymous_9)","decl":{"start":{"line":193,"column":12},"end":{"line":193,"column":13}},"loc":{"start":{"line":193,"column":25},"end":{"line":195,"column":7}},"line":193},"10":{"name":"(anonymous_10)","decl":{"start":{"line":196,"column":13},"end":{"line":196,"column":14}},"loc":{"start":{"line":196,"column":24},"end":{"line":199,"column":7}},"line":196}},"branchMap":{"0":{"loc":{"start":{"line":4,"column":37},"end":{"line":4,"column":61}},"type":"binary-expr","locations":[{"start":{"line":4,"column":37},"end":{"line":4,"column":53}},{"start":{"line":4,"column":57},"end":{"line":4,"column":61}}],"line":4},"1":{"loc":{"start":{"line":16,"column":40},"end":{"line":16,"column":51}},"type":"default-arg","locations":[{"start":{"line":16,"column":47},"end":{"line":16,"column":51}}],"line":16},"2":{"loc":{"start":{"line":16,"column":53},"end":{"line":16,"column":65}},"type":"default-arg","locations":[{"start":{"line":16,"column":63},"end":{"line":16,"column":65}}],"line":16},"3":{"loc":{"start":{"line":27,"column":4},"end":{"line":29,"column":5}},"type":"if","locations":[{"start":{"line":27,"column":4},"end":{"line":29,"column":5}},{"start":{},"end":{}}],"line":27},"4":{"loc":{"start":{"line":36,"column":13},"end":{"line":36,"column":50}},"type":"binary-expr","locations":[{"start":{"line":36,"column":13},"end":{"line":36,"column":33}},{"start":{"line":36,"column":37},"end":{"line":36,"column":50}}],"line":36},"5":{"loc":{"start":{"line":46,"column":2},"end":{"line":51,"column":3}},"type":"if","locations":[{"start":{"line":46,"column":2},"end":{"line":51,"column":3}},{"start":{"line":49,"column":9},"end":{"line":51,"column":3}}],"line":46},"6":{"loc":{"start":{"line":61,"column":2},"end":{"line":69,"column":3}},"type":"if","locations":[{"start":{"line":61,"column":2},"end":{"line":69,"column":3}},{"start":{"line":67,"column":9},"end":{"line":69,"column":3}}],"line":61},"7":{"loc":{"start":{"line":82,"column":2},"end":{"line":89,"column":3}},"type":"if","locations":[{"start":{"line":82,"column":2},"end":{"line":89,"column":3}},{"start":{"line":87,"column":9},"end":{"line":89,"column":3}}],"line":82},"8":{"loc":{"start":{"line":103,"column":2},"end":{"line":107,"column":3}},"type":"if","locations":[{"start":{"line":103,"column":2},"end":{"line":107,"column":3}},{"start":{"line":105,"column":9},"end":{"line":107,"column":3}}],"line":103},"9":{"loc":{"start":{"line":119,"column":2},"end":{"line":125,"column":3}},"type":"if","locations":[{"start":{"line":119,"column":2},"end":{"line":125,"column":3}},{"start":{"line":123,"column":9},"end":{"line":125,"column":3}}],"line":119},"10":{"loc":{"start":{"line":137,"column":2},"end":{"line":142,"column":3}},"type":"if","locations":[{"start":{"line":137,"column":2},"end":{"line":142,"column":3}},{"start":{"line":140,"column":9},"end":{"line":142,"column":3}}],"line":137},"11":{"loc":{"start":{"line":166,"column":6},"end":{"line":168,"column":7}},"type":"if","locations":[{"start":{"line":166,"column":6},"end":{"line":168,"column":7}},{"start":{},"end":{}}],"line":166},"12":{"loc":{"start":{"line":179,"column":2},"end":{"line":183,"column":3}},"type":"if","locations":[{"start":{"line":179,"column":2},"end":{"line":183,"column":3}},{"start":{"line":181,"column":9},"end":{"line":183,"column":3}}],"line":179},"13":{"loc":{"start":{"line":189,"column":0},"end":{"line":201,"column":1}},"type":"if","locations":[{"start":{"line":189,"column":0},"end":{"line":201,"column":1}},{"start":{},"end":{}}],"line":189},"14":{"loc":{"start":{"line":194,"column":21},"end":{"line":194,"column":36}},"type":"cond-expr","locations":[{"start":{"line":194,"column":31},"end":{"line":194,"column":32}},{"start":{"line":194,"column":35},"end":{"line":194,"column":36}}],"line":194}},"s":{"0":0,"1":0,"2":0,"3":0,"4":0,"5":0,"6":0,"7":0,"8":0,"9":0,"10":0,"11":0,"12":0,"13":0,"14":0,"15":0,"16":0,"17":0,"18":0,"19":0,"20":0,"21":0,"22":0,"23":0,"24":0,"25":0,"26":0,"27":0,"28":0,"29":0,"30":0,"31":0,"32":0,"33":0,"34":0,"35":0,"36":0,"37":0,"38":0,"39":0,"40":0,"41":0,"42":0,"43":0,"44":0,"45":0,"46":0,"47":0,"48":0,"49":0,"50":0,"51":0,"52":0,"53":0,"54":0,"55":0,"56":0,"57":0,"58":0,"59":0,"60":0,"61":0,"62":0,"63":0,"64":0,"65":0,"66":0,"67":0,"68":0,"69":0,"70":0,"71":0,"72":0,"73":0,"74":0,"75":0,"76":0,"77":0,"78":0,"79":0,"80":0,"81":0,"82":0,"83":0},"f":{"0":0,"1":0,"2":0,"3":0,"4":0,"5":0,"6":0,"7":0,"8":0,"9":0,"10":0},"b":{"0":[0,0],"1":[0],"2":[0],"3":[0,0],"4":[0,0],"5":[0,0],"6":[0,0],"7":[0,0],"8":[0,0],"9":[0,0],"10":[0,0],"11":[0,0],"12":[0,0],"13":[0,0],"14":[0,0]}}
,"/Users/danieldong/Documents/GitHub/gougegaoshu/backend/scripts/upgradeDatabase.js": {"path":"/Users/danieldong/Documents/GitHub/gougegaoshu/backend/scripts/upgradeDatabase.js","statementMap":{"0":{"start":{"line":1,"column":18},"end":{"line":1,"column":47}},"1":{"start":{"line":4,"column":2},"end":{"line":95,"column":3}},"2":{"start":{"line":5,"column":4},"end":{"line":5,"column":32}},"3":{"start":{"line":8,"column":25},"end":{"line":14,"column":5}},"4":{"start":{"line":16,"column":4},"end":{"line":27,"column":5}},"5":{"start":{"line":17,"column":6},"end":{"line":26,"column":7}},"6":{"start":{"line":18,"column":8},"end":{"line":18,"column":54}},"7":{"start":{"line":19,"column":8},"end":{"line":19,"column":58}},"8":{"start":{"line":21,"column":8},"end":{"line":25,"column":9}},"9":{"start":{"line":22,"column":10},"end":{"line":22,"column":62}},"10":{"start":{"line":24,"column":10},"end":{"line":24,"column":22}},"11":{"start":{"line":28,"column":4},"end":{"line":28,"column":34}},"12":{"start":{"line":31,"column":33},"end":{"line":43,"column":5}},"13":{"start":{"line":45,"column":4},"end":{"line":45,"column":38}},"14":{"start":{"line":46,"column":4},"end":{"line":46,"column":33}},"15":{"start":{"line":49,"column":36},"end":{"line":62,"column":5}},"16":{"start":{"line":64,"column":4},"end":{"line":64,"column":41}},"17":{"start":{"line":65,"column":4},"end":{"line":65,"column":33}},"18":{"start":{"line":68,"column":35},"end":{"line":72,"column":5}},"19":{"start":{"line":74,"column":4},"end":{"line":74,"column":40}},"20":{"start":{"line":75,"column":4},"end":{"line":75,"column":32}},"21":{"start":{"line":78,"column":35},"end":{"line":85,"column":5}},"22":{"start":{"line":87,"column":4},"end":{"line":87,"column":40}},"23":{"start":{"line":88,"column":4},"end":{"line":88,"column":30}},"24":{"start":{"line":90,"column":4},"end":{"line":90,"column":31}},"25":{"start":{"line":93,"column":4},"end":{"line":93,"column":39}},"26":{"start":{"line":94,"column":4},"end":{"line":94,"column":16}},"27":{"start":{"line":99,"column":0},"end":{"line":109,"column":1}},"28":{"start":{"line":100,"column":2},"end":{"line":108,"column":7}},"29":{"start":{"line":102,"column":6},"end":{"line":102,"column":30}},"30":{"start":{"line":103,"column":6},"end":{"line":103,"column":22}},"31":{"start":{"line":106,"column":6},"end":{"line":106,"column":40}},"32":{"start":{"line":107,"column":6},"end":{"line":107,"column":22}},"33":{"start":{"line":111,"column":0},"end":{"line":111,"column":37}}},"fnMap":{"0":{"name":"upgradeDatabase","decl":{"start":{"line":3,"column":15},"end":{"line":3,"column":30}},"loc":{"start":{"line":3,"column":33},"end":{"line":96,"column":1}},"line":3},"1":{"name":"(anonymous_1)","decl":{"start":{"line":101,"column":10},"end":{"line":101,"column":11}},"loc":{"start":{"line":101,"column":16},"end":{"line":104,"column":5}},"line":101},"2":{"name":"(anonymous_2)","decl":{"start":{"line":105,"column":11},"end":{"line":105,"column":12}},"loc":{"start":{"line":105,"column":22},"end":{"line":108,"column":5}},"line":105}},"branchMap":{"0":{"loc":{"start":{"line":21,"column":8},"end":{"line":25,"column":9}},"type":"if","locations":[{"start":{"line":21,"column":8},"end":{"line":25,"column":9}},{"start":{"line":23,"column":15},"end":{"line":25,"column":9}}],"line":21},"1":{"loc":{"start":{"line":99,"column":0},"end":{"line":109,"column":1}},"type":"if","locations":[{"start":{"line":99,"column":0},"end":{"line":109,"column":1}},{"start":{},"end":{}}],"line":99}},"s":{"0":0,"1":0,"2":0,"3":0,"4":0,"5":0,"6":0,"7":0,"8":0,"9":0,"10":0,"11":0,"12":0,"13":0,"14":0,"15":0,"16":0,"17":0,"18":0,"19":0,"20":0,"21":0,"22":0,"23":0,"24":0,"25":0,"26":0,"27":0,"28":0,"29":0,"30":0,"31":0,"32":0,"33":0},"f":{"0":0,"1":0,"2":0},"b":{"0":[0,0],"1":[0,0]}}
}
