TN:
SF:server.js
FN:46,(anonymous_0)
FN:69,(anonymous_1)
FN:88,(anonymous_2)
FN:109,(anonymous_3)
FN:117,(anonymous_4)
FN:130,startServer
FN:138,(anonymous_6)
FN:159,(anonymous_7)
FN:164,(anonymous_8)
FNF:9
FNH:0
FNDA:0,(anonymous_0)
FNDA:0,(anonymous_1)
FNDA:0,(anonymous_2)
FNDA:0,(anonymous_3)
FNDA:0,(anonymous_4)
FNDA:0,startServer
FNDA:0,(anonymous_6)
FNDA:0,(anonymous_7)
FNDA:0,(anonymous_8)
DA:1,1
DA:2,1
DA:3,1
DA:4,1
DA:5,1
DA:7,1
DA:8,1
DA:11,1
DA:12,1
DA:13,1
DA:14,1
DA:16,1
DA:17,1
DA:20,1
DA:23,1
DA:31,1
DA:39,1
DA:42,1
DA:43,1
DA:46,1
DA:47,0
DA:49,0
DA:51,0
DA:59,0
DA:69,1
DA:70,0
DA:71,0
DA:74,0
DA:82,0
DA:84,0
DA:88,0
DA:94,0
DA:103,1
DA:104,1
DA:105,1
DA:106,1
DA:109,1
DA:110,0
DA:117,1
DA:118,0
DA:120,0
DA:131,0
DA:132,0
DA:135,0
DA:136,0
DA:138,0
DA:139,0
DA:140,0
DA:141,0
DA:142,0
DA:143,0
DA:144,0
DA:145,0
DA:146,0
DA:147,0
DA:148,0
DA:149,0
DA:153,0
DA:154,0
DA:159,1
DA:160,0
DA:161,0
DA:164,1
DA:165,0
DA:166,0
DA:170,1
DA:171,0
DA:175,1
LF:68
LH:31
BRDA:17,0,0,1
BRDA:17,0,1,0
BRDA:24,1,0,0
BRDA:24,1,1,1
BRDA:54,2,0,0
BRDA:54,2,1,0
BRDA:56,3,0,0
BRDA:56,3,1,0
BRDA:79,4,0,0
BRDA:79,4,1,0
BRDA:87,5,0,0
BRDA:87,5,1,0
BRDA:120,6,0,0
BRDA:120,6,1,0
BRDA:122,7,0,0
BRDA:122,7,1,0
BRDA:125,8,0,0
BRDA:125,8,1,0
BRDA:142,9,0,0
BRDA:142,9,1,0
BRDA:170,10,0,0
BRDA:170,10,1,1
BRF:22
BRH:3
end_of_record
TN:
SF:config/database.js
FN:5,getDbConfig
FN:21,getPool
FN:36,createDatabaseIfNotExists
FN:55,testConnection
FN:72,query
FN:84,transaction
FN:102,(anonymous_6)
FNF:7
FNH:4
FNDA:1,getDbConfig
FNDA:63,getPool
FNDA:0,createDatabaseIfNotExists
FNDA:0,testConnection
FNDA:62,query
FNDA:0,transaction
FNDA:1,(anonymous_6)
DA:1,1
DA:2,1
DA:6,1
DA:19,1
DA:22,63
DA:23,1
DA:24,1
DA:25,1
DA:32,63
DA:37,0
DA:38,0
DA:39,0
DA:40,0
DA:42,0
DA:43,0
DA:44,0
DA:46,0
DA:47,0
DA:49,0
DA:50,0
DA:56,0
DA:58,0
DA:60,0
DA:61,0
DA:62,0
DA:63,0
DA:64,0
DA:66,0
DA:67,0
DA:73,62
DA:74,62
DA:75,62
DA:76,62
DA:78,0
DA:79,0
DA:85,0
DA:86,0
DA:87,0
DA:89,0
DA:90,0
DA:91,0
DA:92,0
DA:94,0
DA:95,0
DA:97,0
DA:101,1
DA:102,1
LF:47
LH:15
BRDA:7,0,0,1
BRDA:7,0,1,0
BRDA:8,1,0,1
BRDA:8,1,1,0
BRDA:9,2,0,1
BRDA:9,2,1,0
BRDA:10,3,0,1
BRDA:10,3,1,1
BRDA:11,4,0,1
BRDA:11,4,1,0
BRDA:22,5,0,1
BRDA:22,5,1,62
BRDA:72,6,0,24
BRF:13
BRH:9
end_of_record
TN:
SF:middleware/auth.js
FN:5,(anonymous_0)
FN:49,(anonymous_1)
FN:64,(anonymous_2)
FNF:3
FNH:1
FNDA:12,(anonymous_0)
FNDA:0,(anonymous_1)
FNDA:0,(anonymous_2)
DA:1,1
DA:2,1
DA:5,1
DA:6,12
DA:7,12
DA:9,12
DA:10,2
DA:16,10
DA:17,10
DA:20,7
DA:25,7
DA:26,0
DA:32,7
DA:38,7
DA:40,3
DA:41,3
DA:49,1
DA:51,0
DA:53,0
DA:54,0
DA:60,0
DA:64,1
DA:65,0
DA:66,0
DA:73,0
DA:76,1
LF:26
LH:18
BRDA:7,0,0,12
BRDA:7,0,1,10
BRDA:9,1,0,2
BRDA:9,1,1,10
BRDA:25,2,0,0
BRDA:25,2,1,7
BRDA:53,3,0,0
BRDA:53,3,1,0
BRDA:65,4,0,0
BRDA:65,4,1,0
BRDA:65,5,0,0
BRDA:65,5,1,0
BRF:12
BRH:5
end_of_record
TN:
SF:routes/admin.js
FN:15,(anonymous_0)
FN:36,(anonymous_1)
FN:81,(anonymous_2)
FN:121,(anonymous_3)
FN:184,(anonymous_4)
FN:204,(anonymous_5)
FN:241,(anonymous_6)
FN:265,(anonymous_7)
FN:288,(anonymous_8)
FNF:9
FNH:0
FNDA:0,(anonymous_0)
FNDA:0,(anonymous_1)
FNDA:0,(anonymous_2)
FNDA:0,(anonymous_3)
FNDA:0,(anonymous_4)
FNDA:0,(anonymous_5)
FNDA:0,(anonymous_6)
FNDA:0,(anonymous_7)
FNDA:0,(anonymous_8)
DA:1,1
DA:2,1
DA:3,1
DA:4,1
DA:5,1
DA:6,1
DA:8,1
DA:11,1
DA:12,1
DA:15,1
DA:16,0
DA:17,0
DA:21,0
DA:27,0
DA:28,0
DA:36,1
DA:37,0
DA:38,0
DA:40,0
DA:41,0
DA:48,0
DA:49,0
DA:50,0
DA:53,0
DA:54,0
DA:56,0
DA:61,0
DA:72,0
DA:73,0
DA:81,1
DA:82,0
DA:83,0
DA:86,0
DA:87,0
DA:88,0
DA:95,0
DA:96,0
DA:98,0
DA:103,0
DA:112,0
DA:113,0
DA:121,1
DA:122,0
DA:123,0
DA:126,0
DA:127,0
DA:128,0
DA:135,0
DA:137,0
DA:138,0
DA:140,0
DA:175,0
DA:176,0
DA:184,1
DA:185,0
DA:186,0
DA:188,0
DA:189,0
DA:195,0
DA:196,0
DA:198,0
DA:199,0
DA:201,0
DA:202,0
DA:204,0
DA:205,0
DA:207,0
DA:210,0
DA:211,0
DA:212,0
DA:213,0
DA:217,0
DA:218,0
DA:219,0
DA:220,0
DA:223,0
DA:233,0
DA:234,0
DA:241,0
DA:242,0
DA:243,0
DA:250,0
DA:256,0
DA:257,0
DA:265,1
DA:266,0
DA:267,0
DA:269,0
DA:270,0
DA:276,0
DA:286,0
DA:288,0
DA:304,0
DA:305,0
DA:312,1
LF:95
LH:16
BRDA:40,0,0,0
BRDA:40,0,1,0
BRDA:40,1,0,0
BRDA:40,1,1,0
BRDA:53,2,0,0
BRDA:53,2,1,0
BRDA:87,3,0,0
BRDA:87,3,1,0
BRDA:95,4,0,0
BRDA:95,4,1,0
BRDA:127,5,0,0
BRDA:127,5,1,0
BRDA:138,6,0,0
BRDA:138,6,1,0
BRDA:147,7,0,0
BRDA:147,7,1,0
BRDA:188,8,0,0
BRDA:188,8,1,0
BRDA:188,9,0,0
BRDA:188,9,1,0
BRDA:199,10,0,0
BRDA:199,10,1,0
BRDA:202,11,0,0
BRDA:202,11,1,0
BRDA:207,12,0,0
BRDA:207,12,1,0
BRDA:207,13,0,0
BRDA:207,13,1,0
BRDA:207,13,2,0
BRDA:211,14,0,0
BRDA:211,14,1,0
BRDA:218,15,0,0
BRDA:218,15,1,0
BRDA:233,16,0,0
BRDA:233,16,1,0
BRDA:269,17,0,0
BRDA:269,17,1,0
BRDA:295,18,0,0
BRDA:295,18,1,0
BRDA:295,19,0,0
BRDA:295,19,1,0
BRDA:296,20,0,0
BRDA:296,20,1,0
BRDA:297,21,0,0
BRDA:297,21,1,0
BRF:45
BRH:0
end_of_record
TN:
SF:routes/auth.js
FN:31,(anonymous_0)
FN:98,(anonymous_1)
FN:133,(anonymous_2)
FN:191,(anonymous_3)
FNF:4
FNH:4
FNDA:7,(anonymous_0)
FNDA:3,(anonymous_1)
FNDA:3,(anonymous_2)
FNDA:1,(anonymous_3)
DA:1,1
DA:2,1
DA:3,1
DA:4,1
DA:5,1
DA:6,1
DA:8,1
DA:11,1
DA:23,1
DA:31,1
DA:32,7
DA:34,7
DA:35,7
DA:36,2
DA:42,5
DA:45,5
DA:50,5
DA:51,1
DA:57,4
DA:60,4
DA:61,4
DA:62,1
DA:69,3
DA:75,3
DA:89,0
DA:90,0
DA:98,1
DA:99,3
DA:100,3
DA:102,3
DA:103,2
DA:110,1
DA:113,1
DA:118,1
DA:124,0
DA:125,0
DA:133,1
DA:134,3
DA:135,3
DA:136,3
DA:137,1
DA:143,2
DA:146,2
DA:151,2
DA:152,0
DA:159,2
DA:160,2
DA:161,1
DA:168,1
DA:171,1
DA:176,1
DA:182,0
DA:183,0
DA:191,1
DA:192,1
DA:200,1
LF:56
LH:49
BRDA:35,0,0,2
BRDA:35,0,1,5
BRDA:50,1,0,1
BRDA:50,1,1,4
BRDA:61,2,0,1
BRDA:61,2,1,3
BRDA:72,3,0,3
BRDA:72,3,1,0
BRDA:102,4,0,2
BRDA:102,4,1,1
BRDA:102,5,0,3
BRDA:102,5,1,2
BRDA:136,6,0,1
BRDA:136,6,1,2
BRDA:151,7,0,0
BRDA:151,7,1,2
BRDA:160,8,0,1
BRDA:160,8,1,1
BRF:18
BRH:16
end_of_record
TN:
SF:routes/profiles.js
FN:37,(anonymous_0)
FN:102,(anonymous_1)
FNF:2
FNH:0
FNDA:0,(anonymous_0)
FNDA:0,(anonymous_1)
DA:1,1
DA:2,1
DA:3,1
DA:4,1
DA:6,1
DA:9,1
DA:10,1
DA:13,1
DA:37,1
DA:38,0
DA:39,0
DA:41,0
DA:46,0
DA:48,0
DA:59,0
DA:61,0
DA:93,0
DA:94,0
DA:102,1
DA:103,0
DA:104,0
DA:105,0
DA:106,0
DA:112,0
DA:115,0
DA:120,0
DA:121,0
DA:128,0
DA:153,0
DA:155,0
DA:167,0
DA:187,0
DA:193,0
DA:194,0
DA:201,1
LF:35
LH:11
BRDA:46,0,0,0
BRDA:46,0,1,0
BRDA:105,1,0,0
BRDA:105,1,1,0
BRDA:120,2,0,0
BRDA:120,2,1,0
BRDA:120,3,0,0
BRDA:120,3,1,0
BRDA:130,4,0,0
BRDA:130,4,1,0
BRDA:132,5,0,0
BRDA:132,5,1,0
BRDA:133,6,0,0
BRDA:133,6,1,0
BRDA:134,7,0,0
BRDA:134,7,1,0
BRDA:135,8,0,0
BRDA:135,8,1,0
BRDA:138,9,0,0
BRDA:138,9,1,0
BRDA:139,10,0,0
BRDA:139,10,1,0
BRDA:141,11,0,0
BRDA:141,11,1,0
BRDA:142,12,0,0
BRDA:142,12,1,0
BRDA:144,13,0,0
BRDA:144,13,1,0
BRDA:145,14,0,0
BRDA:145,14,1,0
BRDA:146,15,0,0
BRDA:146,15,1,0
BRDA:148,16,0,0
BRDA:148,16,1,0
BRDA:149,17,0,0
BRDA:149,17,1,0
BRDA:153,18,0,0
BRDA:153,18,1,0
BRF:38
BRH:0
end_of_record
TN:
SF:routes/tasks.js
FN:14,(anonymous_0)
FN:36,(anonymous_1)
FN:69,(anonymous_2)
FN:137,(anonymous_3)
FN:149,(anonymous_4)
FN:205,(anonymous_5)
FNF:6
FNH:0
FNDA:0,(anonymous_0)
FNDA:0,(anonymous_1)
FNDA:0,(anonymous_2)
FNDA:0,(anonymous_3)
FNDA:0,(anonymous_4)
FNDA:0,(anonymous_5)
DA:1,1
DA:2,1
DA:3,1
DA:4,1
DA:5,1
DA:7,1
DA:10,1
DA:11,1
DA:14,1
DA:15,0
DA:16,0
DA:17,0
DA:19,0
DA:20,0
DA:22,0
DA:23,0
DA:24,0
DA:25,0
DA:26,0
DA:27,0
DA:30,0
DA:32,0
DA:35,0
DA:36,0
DA:37,0
DA:38,0
DA:39,0
DA:41,0
DA:54,0
DA:60,0
DA:61,0
DA:69,1
DA:70,0
DA:71,0
DA:72,0
DA:73,0
DA:76,0
DA:81,0
DA:82,0
DA:89,0
DA:90,0
DA:92,0
DA:93,0
DA:94,0
DA:97,0
DA:98,0
DA:99,0
DA:102,0
DA:103,0
DA:104,0
DA:107,0
DA:108,0
DA:114,0
DA:116,0
DA:122,0
DA:128,0
DA:129,0
DA:137,1
DA:138,0
DA:139,0
DA:140,0
DA:142,0
DA:143,0
DA:149,0
DA:151,0
DA:156,0
DA:157,0
DA:161,0
DA:167,0
DA:168,0
DA:175,0
DA:181,0
DA:190,0
DA:196,0
DA:197,0
DA:205,1
DA:206,0
DA:207,0
DA:209,0
DA:214,0
DA:220,0
DA:221,0
DA:228,1
LF:83
LH:13
BRDA:22,0,0,0
BRDA:22,0,1,0
BRDA:22,1,0,0
BRDA:22,1,1,0
BRDA:25,2,0,0
BRDA:25,2,1,0
BRDA:38,3,0,0
BRDA:38,3,1,0
BRDA:46,4,0,0
BRDA:46,4,1,0
BRDA:46,5,0,0
BRDA:46,5,1,0
BRDA:47,6,0,0
BRDA:47,6,1,0
BRDA:48,7,0,0
BRDA:48,7,1,0
BRDA:81,8,0,0
BRDA:81,8,1,0
BRDA:92,9,0,0
BRDA:92,9,1,0
BRDA:97,10,0,0
BRDA:97,10,1,0
BRDA:99,11,0,0
BRDA:99,11,1,0
BRDA:99,12,0,0
BRDA:99,12,1,0
BRDA:102,13,0,0
BRDA:102,13,1,0
BRDA:107,14,0,0
BRDA:107,14,1,0
BRDA:142,15,0,0
BRDA:142,15,1,0
BRDA:156,16,0,0
BRDA:156,16,1,0
BRDA:167,17,0,0
BRDA:167,17,1,0
BRDA:199,18,0,0
BRDA:199,18,1,0
BRF:38
BRH:0
end_of_record
TN:
SF:scripts/initDatabase.js
FN:92,insertInitialData
FN:130,createViews
FN:156,initializeDatabase
FN:195,(anonymous_3)
FN:199,(anonymous_4)
FNF:5
FNH:0
FNDA:0,insertInitialData
FNDA:0,createViews
FNDA:0,initializeDatabase
FNDA:0,(anonymous_3)
FNDA:0,(anonymous_4)
DA:1,1
DA:2,1
DA:3,1
DA:6,1
DA:93,0
DA:95,0
DA:96,0
DA:97,0
DA:98,0
DA:102,0
DA:103,0
DA:106,0
DA:113,0
DA:119,0
DA:120,0
DA:121,0
DA:124,0
DA:125,0
DA:131,0
DA:132,0
DA:147,0
DA:148,0
DA:150,0
DA:157,0
DA:158,0
DA:161,0
DA:162,0
DA:163,0
DA:167,0
DA:168,0
DA:169,0
DA:170,0
DA:171,0
DA:173,0
DA:176,0
DA:177,0
DA:180,0
DA:181,0
DA:183,0
DA:184,0
DA:187,0
DA:188,0
DA:193,1
DA:194,0
DA:196,0
DA:197,0
DA:200,0
DA:201,0
DA:205,1
LF:49
LH:6
BRDA:96,0,0,0
BRDA:96,0,1,0
BRDA:102,1,0,0
BRDA:102,1,1,0
BRDA:162,2,0,0
BRDA:162,2,1,0
BRDA:193,3,0,0
BRDA:193,3,1,1
BRF:8
BRH:1
end_of_record
TN:
SF:scripts/testAPI.js
FN:16,makeRequest
FN:42,testHealth
FN:57,testDatabaseStatus
FN:75,testLogin
FN:95,testForceChangePassword
FN:113,testGetTasks
FN:131,testGetProfile
FN:148,runTests
FN:191,(anonymous_8)
FN:193,(anonymous_9)
FN:196,(anonymous_10)
FNF:11
FNH:0
FNDA:0,makeRequest
FNDA:0,testHealth
FNDA:0,testDatabaseStatus
FNDA:0,testLogin
FNDA:0,testForceChangePassword
FNDA:0,testGetTasks
FNDA:0,testGetProfile
FNDA:0,runTests
FNDA:0,(anonymous_8)
FNDA:0,(anonymous_9)
FNDA:0,(anonymous_10)
DA:1,0
DA:2,0
DA:4,0
DA:7,0
DA:13,0
DA:17,0
DA:18,0
DA:27,0
DA:28,0
DA:31,0
DA:32,0
DA:34,0
DA:43,0
DA:44,0
DA:46,0
DA:47,0
DA:48,0
DA:50,0
DA:53,0
DA:58,0
DA:59,0
DA:61,0
DA:62,0
DA:63,0
DA:64,0
DA:65,0
DA:66,0
DA:68,0
DA:71,0
DA:76,0
DA:77,0
DA:82,0
DA:83,0
DA:84,0
DA:85,0
DA:86,0
DA:88,0
DA:91,0
DA:96,0
DA:97,0
DA:103,0
DA:104,0
DA:106,0
DA:109,0
DA:114,0
DA:115,0
DA:119,0
DA:120,0
DA:121,0
DA:122,0
DA:124,0
DA:127,0
DA:132,0
DA:133,0
DA:137,0
DA:138,0
DA:139,0
DA:141,0
DA:144,0
DA:149,0
DA:150,0
DA:152,0
DA:161,0
DA:163,0
DA:164,0
DA:165,0
DA:166,0
DA:167,0
DA:169,0
DA:171,0
DA:172,0
DA:176,0
DA:177,0
DA:179,0
DA:180,0
DA:182,0
DA:185,0
DA:189,0
DA:191,0
DA:192,0
DA:194,0
DA:197,0
DA:198,0
DA:203,0
LF:84
LH:0
BRDA:4,0,0,0
BRDA:4,0,1,0
BRDA:16,1,0,0
BRDA:16,2,0,0
BRDA:27,3,0,0
BRDA:27,3,1,0
BRDA:36,4,0,0
BRDA:36,4,1,0
BRDA:46,5,0,0
BRDA:46,5,1,0
BRDA:61,6,0,0
BRDA:61,6,1,0
BRDA:82,7,0,0
BRDA:82,7,1,0
BRDA:103,8,0,0
BRDA:103,8,1,0
BRDA:119,9,0,0
BRDA:119,9,1,0
BRDA:137,10,0,0
BRDA:137,10,1,0
BRDA:166,11,0,0
BRDA:166,11,1,0
BRDA:179,12,0,0
BRDA:179,12,1,0
BRDA:189,13,0,0
BRDA:189,13,1,0
BRDA:194,14,0,0
BRDA:194,14,1,0
BRF:28
BRH:0
end_of_record
