TN:
SF:server.js
FN:54,(anonymous_0)
FN:85,(anonymous_1)
FN:107,(anonymous_2)
FN:126,(anonymous_3)
FN:147,(anonymous_4)
FN:155,(anonymous_5)
FN:168,startServer
FN:181,(anonymous_7)
FN:202,(anonymous_8)
FN:207,(anonymous_9)
FNF:10
FNH:3
FNDA:11,(anonymous_0)
FNDA:8,(anonymous_1)
FNDA:3,(anonymous_2)
FNDA:0,(anonymous_3)
FNDA:0,(anonymous_4)
FNDA:0,(anonymous_5)
FNDA:0,startServer
FNDA:0,(anonymous_7)
FNDA:0,(anonymous_8)
FNDA:0,(anonymous_9)
DA:1,1
DA:2,1
DA:3,1
DA:4,1
DA:5,1
DA:7,1
DA:8,1
DA:9,1
DA:12,1
DA:13,1
DA:14,1
DA:15,1
DA:17,1
DA:18,1
DA:21,1
DA:24,1
DA:54,1
DA:55,11
DA:56,11
DA:57,11
DA:58,11
DA:61,11
DA:62,0
DA:63,0
DA:66,11
DA:70,1
DA:78,1
DA:81,1
DA:82,1
DA:85,1
DA:86,8
DA:89,8
DA:97,0
DA:107,1
DA:108,3
DA:109,3
DA:112,3
DA:120,0
DA:122,0
DA:126,0
DA:132,3
DA:141,1
DA:142,1
DA:143,1
DA:144,1
DA:147,1
DA:148,0
DA:155,1
DA:156,0
DA:158,0
DA:169,0
DA:170,0
DA:173,0
DA:174,0
DA:177,0
DA:178,0
DA:179,0
DA:181,0
DA:182,0
DA:183,0
DA:184,0
DA:185,0
DA:186,0
DA:187,0
DA:188,0
DA:189,0
DA:190,0
DA:191,0
DA:192,0
DA:196,0
DA:197,0
DA:202,1
DA:203,0
DA:204,0
DA:207,1
DA:208,0
DA:209,0
DA:213,1
DA:214,0
DA:218,1
LF:80
LH:45
BRDA:18,0,0,1
BRDA:18,0,1,0
BRDA:25,1,0,0
BRDA:25,1,1,1
BRDA:32,2,0,0
BRDA:32,2,1,0
BRDA:55,3,0,11
BRDA:55,3,1,11
BRDA:61,4,0,0
BRDA:61,4,1,11
BRDA:72,5,0,0
BRDA:72,5,1,1
BRDA:94,6,0,8
BRDA:94,6,1,0
BRDA:117,7,0,3
BRDA:117,7,1,0
BRDA:125,8,0,0
BRDA:125,8,1,0
BRDA:158,9,0,0
BRDA:158,9,1,0
BRDA:160,10,0,0
BRDA:160,10,1,0
BRDA:163,11,0,0
BRDA:163,11,1,0
BRDA:185,12,0,0
BRDA:185,12,1,0
BRDA:213,13,0,0
BRDA:213,13,1,1
BRF:28
BRH:9
end_of_record
TN:
SF:config/database.js
FN:6,getDbConfig
FN:21,getDatabase
FN:38,(anonymous_2)
FN:52,initializeTables
FN:53,(anonymous_4)
FN:106,(anonymous_5)
FN:119,testConnection
FN:125,(anonymous_7)
FN:126,(anonymous_8)
FN:143,query
FN:144,(anonymous_10)
FN:151,(anonymous_11)
FN:160,(anonymous_12)
FN:176,transaction
FN:177,(anonymous_14)
FN:180,(anonymous_15)
FN:181,(anonymous_16)
FN:189,(anonymous_17)
FN:190,(anonymous_18)
FN:191,(anonymous_19)
FN:197,(anonymous_20)
FN:198,(anonymous_21)
FN:199,(anonymous_22)
FN:205,(anonymous_23)
FN:206,(anonymous_24)
FN:207,(anonymous_25)
FN:216,(anonymous_26)
FN:217,(anonymous_27)
FN:226,(anonymous_28)
FN:227,(anonymous_29)
FN:237,resetDatabase
FN:239,(anonymous_31)
FN:250,closeDatabase
FN:251,(anonymous_33)
FN:253,(anonymous_34)
FN:270,(anonymous_35)
FNF:36
FNH:20
FNDA:1,getDbConfig
FNDA:305,getDatabase
FNDA:1,(anonymous_2)
FNDA:4,initializeTables
FNDA:4,(anonymous_4)
FNDA:4,(anonymous_5)
FNDA:4,testConnection
FNDA:4,(anonymous_7)
FNDA:4,(anonymous_8)
FNDA:296,query
FNDA:296,(anonymous_10)
FNDA:43,(anonymous_11)
FNDA:253,(anonymous_12)
FNDA:1,transaction
FNDA:1,(anonymous_14)
FNDA:1,(anonymous_15)
FNDA:1,(anonymous_16)
FNDA:0,(anonymous_17)
FNDA:0,(anonymous_18)
FNDA:0,(anonymous_19)
FNDA:0,(anonymous_20)
FNDA:0,(anonymous_21)
FNDA:0,(anonymous_22)
FNDA:0,(anonymous_23)
FNDA:0,(anonymous_24)
FNDA:0,(anonymous_25)
FNDA:0,(anonymous_26)
FNDA:0,(anonymous_27)
FNDA:1,(anonymous_28)
FNDA:1,(anonymous_29)
FNDA:1,resetDatabase
FNDA:0,(anonymous_31)
FNDA:0,closeDatabase
FNDA:0,(anonymous_33)
FNDA:0,(anonymous_34)
FNDA:0,(anonymous_35)
DA:1,1
DA:2,1
DA:3,1
DA:7,1
DA:8,1
DA:10,1
DA:18,1
DA:19,1
DA:22,305
DA:23,1
DA:26,1
DA:27,1
DA:28,1
DA:29,0
DA:33,1
DA:34,1
DA:35,1
DA:38,1
DA:39,1
DA:40,0
DA:42,1
DA:44,1
DA:48,305
DA:53,4
DA:54,4
DA:56,4
DA:106,4
DA:107,4
DA:108,0
DA:109,0
DA:111,4
DA:112,4
DA:120,4
DA:122,4
DA:124,4
DA:125,4
DA:126,4
DA:127,4
DA:128,0
DA:129,0
DA:131,4
DA:132,4
DA:137,0
DA:138,0
DA:144,296
DA:145,296
DA:148,296
DA:150,296
DA:151,43
DA:152,43
DA:153,25
DA:154,25
DA:156,18
DA:160,253
DA:161,253
DA:162,5
DA:163,5
DA:165,248
DA:177,1
DA:178,1
DA:180,1
DA:181,1
DA:182,1
DA:183,0
DA:184,0
DA:188,1
DA:190,0
DA:191,0
DA:192,0
DA:193,0
DA:198,0
DA:199,0
DA:200,0
DA:201,0
DA:206,0
DA:207,0
DA:208,0
DA:209,0
DA:215,1
DA:217,0
DA:218,0
DA:219,0
DA:220,0
DA:222,0
DA:227,1
DA:228,1
DA:238,1
DA:239,0
DA:240,0
DA:241,0
DA:244,0
DA:245,0
DA:251,0
DA:252,0
DA:253,0
DA:254,0
DA:255,0
DA:257,0
DA:259,0
DA:260,0
DA:261,0
DA:264,0
DA:269,1
DA:270,0
LF:104
LH:61
BRDA:8,0,0,1
BRDA:8,0,1,0
BRDA:22,1,0,1
BRDA:22,1,1,304
BRDA:28,2,0,0
BRDA:28,2,1,1
BRDA:33,3,0,1
BRDA:33,3,1,0
BRDA:39,4,0,0
BRDA:39,4,1,1
BRDA:107,5,0,0
BRDA:107,5,1,4
BRDA:127,6,0,0
BRDA:127,6,1,4
BRDA:143,7,0,158
BRDA:150,8,0,43
BRDA:150,8,1,253
BRDA:152,9,0,25
BRDA:152,9,1,18
BRDA:161,10,0,5
BRDA:161,10,1,248
BRDA:182,11,0,0
BRDA:182,11,1,1
BRDA:189,12,0,0
BRDA:192,13,0,0
BRDA:192,13,1,0
BRDA:197,14,0,0
BRDA:200,15,0,0
BRDA:200,15,1,0
BRDA:205,16,0,0
BRDA:208,17,0,0
BRDA:208,17,1,0
BRDA:218,18,0,0
BRDA:218,18,1,0
BRDA:238,19,0,0
BRDA:238,19,1,1
BRDA:240,20,0,0
BRDA:240,20,1,0
BRDA:252,21,0,0
BRDA:252,21,1,0
BRDA:254,22,0,0
BRDA:254,22,1,0
BRF:42
BRH:17
end_of_record
TN:
SF:middleware/auth.js
FN:5,(anonymous_0)
FN:99,(anonymous_1)
FNF:2
FNH:0
FNDA:0,(anonymous_0)
FNDA:0,(anonymous_1)
DA:1,1
DA:2,1
DA:5,1
DA:6,0
DA:9,0
DA:10,0
DA:17,0
DA:18,0
DA:25,0
DA:26,0
DA:32,0
DA:35,0
DA:36,0
DA:42,0
DA:43,0
DA:46,0
DA:48,0
DA:53,0
DA:54,0
DA:60,0
DA:69,0
DA:74,0
DA:75,0
DA:81,0
DA:88,0
DA:90,0
DA:91,0
DA:99,1
DA:101,0
DA:102,0
DA:108,0
DA:113,1
LF:32
LH:5
BRDA:9,0,0,0
BRDA:9,0,1,0
BRDA:17,1,0,0
BRDA:17,1,1,0
BRDA:25,2,0,0
BRDA:25,2,1,0
BRDA:35,3,0,0
BRDA:35,3,1,0
BRDA:35,4,0,0
BRDA:35,4,1,0
BRDA:46,5,0,0
BRDA:46,5,1,0
BRDA:53,6,0,0
BRDA:53,6,1,0
BRDA:74,7,0,0
BRDA:74,7,1,0
BRDA:101,8,0,0
BRDA:101,8,1,0
BRF:18
BRH:0
end_of_record
TN:
SF:routes/admin.js
FN:16,(anonymous_0)
FN:37,(anonymous_1)
FN:82,(anonymous_2)
FN:122,(anonymous_3)
FN:187,(anonymous_4)
FN:207,(anonymous_5)
FN:245,(anonymous_6)
FN:284,(anonymous_7)
FN:324,(anonymous_8)
FN:328,(anonymous_9)
FN:332,(anonymous_10)
FN:348,(anonymous_11)
FN:367,(anonymous_12)
FN:394,(anonymous_13)
FN:423,(anonymous_14)
FN:427,(anonymous_15)
FN:472,(anonymous_16)
FN:491,(anonymous_17)
FNF:18
FNH:0
FNDA:0,(anonymous_0)
FNDA:0,(anonymous_1)
FNDA:0,(anonymous_2)
FNDA:0,(anonymous_3)
FNDA:0,(anonymous_4)
FNDA:0,(anonymous_5)
FNDA:0,(anonymous_6)
FNDA:0,(anonymous_7)
FNDA:0,(anonymous_8)
FNDA:0,(anonymous_9)
FNDA:0,(anonymous_10)
FNDA:0,(anonymous_11)
FNDA:0,(anonymous_12)
FNDA:0,(anonymous_13)
FNDA:0,(anonymous_14)
FNDA:0,(anonymous_15)
FNDA:0,(anonymous_16)
FNDA:0,(anonymous_17)
DA:1,1
DA:2,1
DA:3,1
DA:4,1
DA:5,1
DA:6,1
DA:7,1
DA:9,1
DA:12,1
DA:13,1
DA:16,1
DA:17,0
DA:18,0
DA:22,0
DA:28,0
DA:29,0
DA:37,1
DA:38,0
DA:39,0
DA:41,0
DA:42,0
DA:49,0
DA:50,0
DA:51,0
DA:54,0
DA:55,0
DA:57,0
DA:62,0
DA:73,0
DA:74,0
DA:82,1
DA:83,0
DA:84,0
DA:87,0
DA:88,0
DA:89,0
DA:96,0
DA:97,0
DA:99,0
DA:104,0
DA:113,0
DA:114,0
DA:122,1
DA:123,0
DA:124,0
DA:127,0
DA:128,0
DA:129,0
DA:136,0
DA:138,0
DA:139,0
DA:141,0
DA:178,0
DA:179,0
DA:187,1
DA:188,0
DA:189,0
DA:191,0
DA:192,0
DA:198,0
DA:199,0
DA:201,0
DA:202,0
DA:204,0
DA:205,0
DA:207,0
DA:208,0
DA:210,0
DA:213,0
DA:214,0
DA:215,0
DA:216,0
DA:220,0
DA:221,0
DA:222,0
DA:223,0
DA:226,0
DA:236,0
DA:237,0
DA:244,0
DA:245,0
DA:246,0
DA:248,0
DA:254,0
DA:255,0
DA:259,0
DA:264,0
DA:275,0
DA:276,0
DA:284,1
DA:285,0
DA:286,0
DA:288,0
DA:289,0
DA:291,0
DA:293,0
DA:294,0
DA:295,0
DA:297,0
DA:298,0
DA:299,0
DA:301,0
DA:302,0
DA:303,0
DA:306,0
DA:307,0
DA:308,0
DA:312,0
DA:323,0
DA:324,0
DA:325,0
DA:328,0
DA:331,0
DA:332,0
DA:333,0
DA:334,0
DA:341,0
DA:342,0
DA:343,0
DA:348,0
DA:349,0
DA:354,0
DA:367,0
DA:385,0
DA:386,0
DA:394,1
DA:395,0
DA:396,0
DA:398,0
DA:399,0
DA:405,0
DA:407,0
DA:414,0
DA:415,0
DA:423,1
DA:424,0
DA:425,0
DA:427,0
DA:429,0
DA:432,0
DA:433,0
DA:434,0
DA:436,0
DA:437,0
DA:439,0
DA:444,0
DA:446,0
DA:447,0
DA:448,0
DA:449,0
DA:452,0
DA:463,0
DA:464,0
DA:472,1
DA:473,0
DA:474,0
DA:476,0
DA:482,0
DA:483,0
DA:491,1
DA:492,0
DA:493,0
DA:496,0
DA:497,0
DA:498,0
DA:500,0
DA:501,0
DA:503,0
DA:507,0
DA:508,0
DA:509,0
DA:511,0
DA:512,0
DA:514,0
DA:518,0
DA:537,0
DA:540,0
DA:555,0
DA:558,0
DA:566,0
DA:569,0
DA:570,0
DA:572,0
DA:574,0
DA:580,0
DA:581,0
DA:588,1
LF:187
LH:21
BRDA:41,0,0,0
BRDA:41,0,1,0
BRDA:41,1,0,0
BRDA:41,1,1,0
BRDA:54,2,0,0
BRDA:54,2,1,0
BRDA:88,3,0,0
BRDA:88,3,1,0
BRDA:96,4,0,0
BRDA:96,4,1,0
BRDA:128,5,0,0
BRDA:128,5,1,0
BRDA:139,6,0,0
BRDA:139,6,1,0
BRDA:150,7,0,0
BRDA:150,7,1,0
BRDA:191,8,0,0
BRDA:191,8,1,0
BRDA:191,9,0,0
BRDA:191,9,1,0
BRDA:202,10,0,0
BRDA:202,10,1,0
BRDA:205,11,0,0
BRDA:205,11,1,0
BRDA:210,12,0,0
BRDA:210,12,1,0
BRDA:210,13,0,0
BRDA:210,13,1,0
BRDA:210,13,2,0
BRDA:214,14,0,0
BRDA:214,14,1,0
BRDA:221,15,0,0
BRDA:221,15,1,0
BRDA:236,16,0,0
BRDA:236,16,1,0
BRDA:254,17,0,0
BRDA:254,17,1,0
BRDA:291,18,0,0
BRDA:291,18,1,0
BRDA:295,19,0,0
BRDA:295,19,1,0
BRDA:295,20,0,0
BRDA:295,20,1,0
BRDA:299,21,0,0
BRDA:299,21,1,0
BRDA:325,22,0,0
BRDA:325,22,1,0
BRDA:333,23,0,0
BRDA:333,23,1,0
BRDA:342,24,0,0
BRDA:342,24,1,0
BRDA:349,25,0,0
BRDA:349,25,1,0
BRDA:373,26,0,0
BRDA:373,26,1,0
BRDA:375,27,0,0
BRDA:375,27,1,0
BRDA:375,28,0,0
BRDA:375,28,1,0
BRDA:376,29,0,0
BRDA:376,29,1,0
BRDA:377,30,0,0
BRDA:377,30,1,0
BRDA:398,31,0,0
BRDA:398,31,1,0
BRDA:398,32,0,0
BRDA:398,32,1,0
BRDA:409,33,0,0
BRDA:409,33,1,0
BRDA:436,34,0,0
BRDA:436,34,1,0
BRDA:466,35,0,0
BRDA:466,35,1,0
BRDA:500,36,0,0
BRDA:500,36,1,0
BRDA:511,37,0,0
BRDA:511,37,1,0
BRF:77
BRH:0
end_of_record
TN:
SF:routes/auth.js
FN:18,(anonymous_0)
FN:50,(anonymous_1)
FN:155,(anonymous_2)
FN:338,(anonymous_3)
FN:375,(anonymous_4)
FN:433,(anonymous_5)
FNF:6
FNH:0
FNDA:0,(anonymous_0)
FNDA:0,(anonymous_1)
FNDA:0,(anonymous_2)
FNDA:0,(anonymous_3)
FNDA:0,(anonymous_4)
FNDA:0,(anonymous_5)
DA:1,1
DA:2,1
DA:3,1
DA:4,1
DA:5,1
DA:6,1
DA:8,1
DA:11,1
DA:20,0
DA:21,0
DA:24,0
DA:25,0
DA:27,0
DA:33,1
DA:41,1
DA:50,1
DA:51,0
DA:52,0
DA:55,0
DA:56,0
DA:57,0
DA:58,0
DA:64,0
DA:65,0
DA:68,0
DA:73,0
DA:79,0
DA:80,0
DA:81,0
DA:87,0
DA:88,0
DA:91,0
DA:92,0
DA:93,0
DA:95,0
DA:96,0
DA:97,0
DA:103,0
DA:106,0
DA:107,0
DA:108,0
DA:112,0
DA:113,0
DA:115,0
DA:126,0
DA:129,0
DA:130,0
DA:143,0
DA:146,0
DA:147,0
DA:155,1
DA:156,0
DA:157,0
DA:160,0
DA:161,0
DA:162,0
DA:168,0
DA:169,0
DA:172,0
DA:173,0
DA:176,0
DA:181,0
DA:187,0
DA:188,0
DA:189,0
DA:195,0
DA:196,0
DA:199,0
DA:200,0
DA:201,0
DA:203,0
DA:204,0
DA:205,0
DA:211,0
DA:214,0
DA:225,0
DA:228,0
DA:243,0
DA:246,0
DA:251,0
DA:257,0
DA:258,0
DA:259,0
DA:265,0
DA:266,0
DA:269,0
DA:270,0
DA:271,0
DA:273,0
DA:274,0
DA:275,0
DA:281,0
DA:284,0
DA:290,0
DA:301,0
DA:304,0
DA:320,0
DA:328,0
DA:329,0
DA:338,1
DA:339,0
DA:340,0
DA:341,0
DA:342,0
DA:348,0
DA:349,0
DA:352,0
DA:355,0
DA:360,0
DA:366,0
DA:367,0
DA:375,1
DA:376,0
DA:377,0
DA:378,0
DA:379,0
DA:385,0
DA:388,0
DA:393,0
DA:394,0
DA:401,0
DA:402,0
DA:403,0
DA:410,0
DA:413,0
DA:418,0
DA:424,0
DA:425,0
DA:433,1
DA:434,0
DA:442,1
LF:131
LH:16
BRDA:20,0,0,0
BRDA:20,0,1,0
BRDA:20,1,0,0
BRDA:20,1,1,0
BRDA:24,2,0,0
BRDA:24,2,1,0
BRDA:24,3,0,0
BRDA:24,3,1,0
BRDA:56,4,0,0
BRDA:56,4,1,0
BRDA:79,5,0,0
BRDA:79,5,1,0
BRDA:95,6,0,0
BRDA:95,6,1,0
BRDA:106,7,0,0
BRDA:106,7,1,0
BRDA:161,8,0,0
BRDA:161,8,1,0
BRDA:172,9,0,0
BRDA:172,9,1,0
BRDA:187,10,0,0
BRDA:187,10,1,0
BRDA:203,11,0,0
BRDA:203,11,1,0
BRDA:257,12,0,0
BRDA:257,12,1,0
BRDA:273,13,0,0
BRDA:273,13,1,0
BRDA:298,14,0,0
BRDA:298,14,1,0
BRDA:328,15,0,0
BRDA:328,15,1,0
BRDA:341,16,0,0
BRDA:341,16,1,0
BRDA:349,17,0,0
BRDA:349,17,1,0
BRDA:378,18,0,0
BRDA:378,18,1,0
BRDA:393,19,0,0
BRDA:393,19,1,0
BRDA:402,20,0,0
BRDA:402,20,1,0
BRF:42
BRH:0
end_of_record
TN:
SF:routes/profiles.js
FN:40,(anonymous_0)
FN:104,(anonymous_1)
FNF:2
FNH:0
FNDA:0,(anonymous_0)
FNDA:0,(anonymous_1)
DA:1,1
DA:2,1
DA:3,1
DA:4,1
DA:6,1
DA:9,1
DA:12,1
DA:40,1
DA:41,0
DA:42,0
DA:44,0
DA:49,0
DA:51,0
DA:59,0
DA:61,0
DA:95,0
DA:96,0
DA:104,1
DA:105,0
DA:107,0
DA:108,0
DA:114,0
DA:115,0
DA:117,0
DA:118,0
DA:119,0
DA:121,0
DA:122,0
DA:123,0
DA:124,0
DA:125,0
DA:126,0
DA:127,0
DA:128,0
DA:131,0
DA:137,0
DA:140,0
DA:145,0
DA:146,0
DA:153,0
DA:182,0
DA:184,0
DA:203,0
DA:222,0
DA:228,0
DA:229,0
DA:236,1
LF:47
LH:10
BRDA:49,0,0,0
BRDA:49,0,1,0
BRDA:107,1,0,0
BRDA:107,1,1,0
BRDA:107,2,0,0
BRDA:107,2,1,0
BRDA:115,3,0,0
BRDA:115,3,1,0
BRDA:121,4,0,0
BRDA:121,4,1,0
BRDA:123,5,0,0
BRDA:123,5,1,0
BRDA:125,6,0,0
BRDA:125,6,1,0
BRDA:127,7,0,0
BRDA:127,7,1,0
BRDA:145,8,0,0
BRDA:145,8,1,0
BRDA:145,9,0,0
BRDA:145,9,1,0
BRDA:155,10,0,0
BRDA:155,10,1,0
BRDA:157,11,0,0
BRDA:157,11,1,0
BRDA:158,12,0,0
BRDA:158,12,1,0
BRDA:159,13,0,0
BRDA:159,13,1,0
BRDA:160,14,0,0
BRDA:160,14,1,0
BRDA:163,15,0,0
BRDA:163,15,1,0
BRDA:164,16,0,0
BRDA:164,16,1,0
BRDA:166,17,0,0
BRDA:166,17,1,0
BRDA:167,18,0,0
BRDA:167,18,1,0
BRDA:168,19,0,0
BRDA:168,19,1,0
BRDA:169,20,0,0
BRDA:169,20,1,0
BRDA:171,21,0,0
BRDA:171,21,1,0
BRDA:172,22,0,0
BRDA:172,22,1,0
BRDA:173,23,0,0
BRDA:173,23,1,0
BRDA:174,24,0,0
BRDA:174,24,1,0
BRDA:175,25,0,0
BRDA:175,25,1,0
BRDA:177,26,0,0
BRDA:177,26,1,0
BRDA:178,27,0,0
BRDA:178,27,1,0
BRDA:182,28,0,0
BRDA:182,28,1,0
BRF:58
BRH:0
end_of_record
TN:
SF:routes/tasks.js
FN:14,(anonymous_0)
FN:45,(anonymous_1)
FN:98,(anonymous_2)
FN:134,(anonymous_3)
FN:212,(anonymous_4)
FN:226,(anonymous_5)
FN:278,(anonymous_6)
FN:302,(anonymous_7)
FN:395,(anonymous_8)
FN:400,(anonymous_9)
FNF:10
FNH:0
FNDA:0,(anonymous_0)
FNDA:0,(anonymous_1)
FNDA:0,(anonymous_2)
FNDA:0,(anonymous_3)
FNDA:0,(anonymous_4)
FNDA:0,(anonymous_5)
FNDA:0,(anonymous_6)
FNDA:0,(anonymous_7)
FNDA:0,(anonymous_8)
FNDA:0,(anonymous_9)
DA:1,1
DA:2,1
DA:3,1
DA:4,1
DA:5,1
DA:6,1
DA:8,1
DA:11,1
DA:14,1
DA:15,0
DA:16,0
DA:17,0
DA:19,0
DA:25,0
DA:27,0
DA:28,0
DA:29,0
DA:30,0
DA:31,0
DA:32,0
DA:35,0
DA:37,0
DA:40,0
DA:42,0
DA:43,0
DA:45,0
DA:47,0
DA:48,0
DA:51,0
DA:52,0
DA:54,0
DA:69,0
DA:70,0
DA:76,0
DA:77,0
DA:78,0
DA:80,0
DA:90,0
DA:97,0
DA:98,0
DA:100,0
DA:102,0
DA:103,0
DA:105,0
DA:118,0
DA:125,0
DA:126,0
DA:134,1
DA:135,0
DA:136,0
DA:137,0
DA:138,0
DA:141,0
DA:146,0
DA:147,0
DA:154,0
DA:155,0
DA:157,0
DA:158,0
DA:159,0
DA:162,0
DA:163,0
DA:164,0
DA:167,0
DA:168,0
DA:169,0
DA:172,0
DA:173,0
DA:174,0
DA:177,0
DA:178,0
DA:179,0
DA:182,0
DA:183,0
DA:189,0
DA:191,0
DA:197,0
DA:203,0
DA:204,0
DA:212,1
DA:213,0
DA:214,0
DA:215,0
DA:217,0
DA:218,0
DA:226,0
DA:228,0
DA:233,0
DA:234,0
DA:238,0
DA:239,0
DA:240,0
DA:244,0
DA:247,0
DA:253,0
DA:259,0
DA:269,0
DA:270,0
DA:278,1
DA:279,0
DA:280,0
DA:282,0
DA:287,0
DA:293,0
DA:294,0
DA:302,1
DA:303,0
DA:304,0
DA:305,0
DA:307,0
DA:309,0
DA:312,0
DA:319,0
DA:320,0
DA:321,0
DA:324,0
DA:325,0
DA:326,0
DA:340,0
DA:348,0
DA:350,0
DA:351,0
DA:352,0
DA:355,0
DA:371,0
DA:374,0
DA:386,0
DA:387,0
DA:395,1
DA:396,0
DA:397,0
DA:398,0
DA:400,0
DA:402,0
DA:408,0
DA:409,0
DA:410,0
DA:415,0
DA:416,0
DA:418,0
DA:423,0
DA:428,0
DA:429,0
DA:430,0
DA:431,0
DA:434,0
DA:445,0
DA:446,0
DA:453,1
LF:149
LH:15
BRDA:27,0,0,0
BRDA:27,0,1,0
BRDA:27,1,0,0
BRDA:27,1,1,0
BRDA:30,2,0,0
BRDA:30,2,1,0
BRDA:40,3,0,0
BRDA:40,3,1,0
BRDA:51,4,0,0
BRDA:51,4,1,0
BRDA:59,5,0,0
BRDA:59,5,1,0
BRDA:59,6,0,0
BRDA:59,6,1,0
BRDA:60,7,0,0
BRDA:60,7,1,0
BRDA:61,8,0,0
BRDA:61,8,1,0
BRDA:69,9,0,0
BRDA:69,9,1,0
BRDA:77,10,0,0
BRDA:77,10,1,0
BRDA:102,11,0,0
BRDA:102,11,1,0
BRDA:110,12,0,0
BRDA:110,12,1,0
BRDA:110,13,0,0
BRDA:110,13,1,0
BRDA:111,14,0,0
BRDA:111,14,1,0
BRDA:112,15,0,0
BRDA:112,15,1,0
BRDA:146,16,0,0
BRDA:146,16,1,0
BRDA:157,17,0,0
BRDA:157,17,1,0
BRDA:162,18,0,0
BRDA:162,18,1,0
BRDA:164,19,0,0
BRDA:164,19,1,0
BRDA:164,20,0,0
BRDA:164,20,1,0
BRDA:167,21,0,0
BRDA:167,21,1,0
BRDA:172,22,0,0
BRDA:172,22,1,0
BRDA:177,23,0,0
BRDA:177,23,1,0
BRDA:182,24,0,0
BRDA:182,24,1,0
BRDA:217,25,0,0
BRDA:217,25,1,0
BRDA:233,26,0,0
BRDA:233,26,1,0
BRDA:239,27,0,0
BRDA:239,27,1,0
BRDA:272,28,0,0
BRDA:272,28,1,0
BRDA:307,29,0,0
BRDA:307,29,1,0
BRDA:319,30,0,0
BRDA:319,30,1,0
BRDA:324,31,0,0
BRDA:324,31,1,0
BRDA:350,32,0,0
BRDA:350,32,1,0
BRDA:389,33,0,0
BRDA:389,33,1,0
BRDA:415,34,0,0
BRDA:415,34,1,0
BRDA:448,35,0,0
BRDA:448,35,1,0
BRF:72
BRH:0
end_of_record
TN:
SF:scripts/cleanDuplicateTasks.js
FN:3,cleanDuplicateTasks
FN:59,(anonymous_1)
FN:63,(anonymous_2)
FNF:3
FNH:0
FNDA:0,cleanDuplicateTasks
FNDA:0,(anonymous_1)
FNDA:0,(anonymous_2)
DA:1,0
DA:4,0
DA:5,0
DA:8,0
DA:16,0
DA:18,0
DA:19,0
DA:20,0
DA:24,0
DA:25,0
DA:28,0
DA:36,0
DA:38,0
DA:39,0
DA:40,0
DA:44,0
DA:47,0
DA:48,0
DA:51,0
DA:52,0
DA:57,0
DA:58,0
DA:60,0
DA:61,0
DA:64,0
DA:65,0
DA:69,0
LF:27
LH:0
BRDA:18,0,0,0
BRDA:18,0,1,0
BRDA:57,1,0,0
BRDA:57,1,1,0
BRF:4
BRH:0
end_of_record
TN:
SF:scripts/fix_schedule_logic.js
FN:4,fixScheduleLogic
FN:36,comprehensiveFix
FN:40,(anonymous_2)
FN:89,(anonymous_3)
FN:108,verifyFix
FN:158,(anonymous_5)
FN:162,(anonymous_6)
FNF:7
FNH:0
FNDA:0,fixScheduleLogic
FNDA:0,comprehensiveFix
FNDA:0,(anonymous_2)
FNDA:0,(anonymous_3)
FNDA:0,verifyFix
FNDA:0,(anonymous_5)
FNDA:0,(anonymous_6)
DA:2,0
DA:5,0
DA:6,0
DA:9,0
DA:10,0
DA:11,0
DA:14,0
DA:15,0
DA:16,0
DA:19,0
DA:20,0
DA:22,0
DA:23,0
DA:24,0
DA:25,0
DA:28,0
DA:31,0
DA:32,0
DA:37,0
DA:38,0
DA:40,0
DA:42,0
DA:43,0
DA:48,0
DA:51,0
DA:54,0
DA:58,0
DA:59,0
DA:69,0
DA:72,0
DA:74,0
DA:85,0
DA:87,0
DA:88,0
DA:89,0
DA:90,0
DA:91,0
DA:92,0
DA:97,0
DA:100,0
DA:103,0
DA:104,0
DA:109,0
DA:110,0
DA:113,0
DA:114,0
DA:115,0
DA:116,0
DA:117,0
DA:118,0
DA:119,0
DA:123,0
DA:124,0
DA:126,0
DA:127,0
DA:135,0
DA:136,0
DA:137,0
DA:139,0
DA:141,0
DA:142,0
DA:144,0
DA:150,0
DA:151,0
DA:156,0
DA:157,0
DA:159,0
DA:160,0
DA:163,0
DA:164,0
DA:168,0
LF:71
LH:0
BRDA:58,0,0,0
BRDA:58,0,1,0
BRDA:87,1,0,0
BRDA:87,1,1,0
BRDA:114,2,0,0
BRDA:114,2,1,0
BRDA:135,3,0,0
BRDA:135,3,1,0
BRDA:141,4,0,0
BRDA:141,4,1,0
BRDA:156,5,0,0
BRDA:156,5,1,0
BRF:12
BRH:0
end_of_record
TN:
SF:scripts/initDatabase.js
FN:104,insertInitialData
FN:154,createViews
FN:180,initializeDatabase
FN:219,(anonymous_3)
FN:223,(anonymous_4)
FNF:5
FNH:0
FNDA:0,insertInitialData
FNDA:0,createViews
FNDA:0,initializeDatabase
FNDA:0,(anonymous_3)
FNDA:0,(anonymous_4)
DA:1,0
DA:2,0
DA:3,0
DA:6,0
DA:105,0
DA:107,0
DA:108,0
DA:109,0
DA:110,0
DA:114,0
DA:115,0
DA:118,0
DA:125,0
DA:126,0
DA:129,0
DA:135,0
DA:141,0
DA:142,0
DA:143,0
DA:144,0
DA:145,0
DA:148,0
DA:149,0
DA:155,0
DA:156,0
DA:171,0
DA:172,0
DA:174,0
DA:181,0
DA:182,0
DA:185,0
DA:186,0
DA:187,0
DA:191,0
DA:192,0
DA:193,0
DA:194,0
DA:195,0
DA:197,0
DA:200,0
DA:201,0
DA:204,0
DA:205,0
DA:207,0
DA:208,0
DA:211,0
DA:212,0
DA:217,0
DA:218,0
DA:220,0
DA:221,0
DA:224,0
DA:225,0
DA:229,0
LF:54
LH:0
BRDA:108,0,0,0
BRDA:108,0,1,0
BRDA:114,1,0,0
BRDA:114,1,1,0
BRDA:125,2,0,0
BRDA:125,2,1,0
BRDA:186,3,0,0
BRDA:186,3,1,0
BRDA:217,4,0,0
BRDA:217,4,1,0
BRF:10
BRH:0
end_of_record
TN:
SF:scripts/initSQLiteDatabase.js
FN:4,initializeDatabase
FN:39,createDefaultAdmin
FN:63,createTestStudents
FN:107,(anonymous_3)
FN:111,(anonymous_4)
FNF:5
FNH:0
FNDA:0,initializeDatabase
FNDA:0,createDefaultAdmin
FNDA:0,createTestStudents
FNDA:0,(anonymous_3)
FNDA:0,(anonymous_4)
DA:1,1
DA:2,1
DA:5,0
DA:7,0
DA:9,0
DA:10,0
DA:11,0
DA:12,0
DA:16,0
DA:17,0
DA:20,0
DA:21,0
DA:24,0
DA:25,0
DA:27,0
DA:28,0
DA:29,0
DA:30,0
DA:31,0
DA:34,0
DA:35,0
DA:40,0
DA:42,0
DA:44,0
DA:45,0
DA:46,0
DA:50,0
DA:51,0
DA:56,0
DA:58,0
DA:59,0
DA:64,0
DA:69,0
DA:70,0
DA:72,0
DA:74,0
DA:75,0
DA:76,0
DA:80,0
DA:81,0
DA:96,0
DA:98,0
DA:99,0
DA:105,1
DA:106,0
DA:108,0
DA:109,0
DA:112,0
DA:113,0
DA:117,1
LF:50
LH:4
BRDA:11,0,0,0
BRDA:11,0,1,0
BRDA:44,1,0,0
BRDA:44,1,1,0
BRDA:74,2,0,0
BRDA:74,2,1,0
BRDA:105,3,0,0
BRDA:105,3,1,1
BRF:8
BRH:1
end_of_record
TN:
SF:scripts/insertAdmins.js
FN:5,insertAdmins
FN:43,(anonymous_1)
FN:47,(anonymous_2)
FNF:3
FNH:0
FNDA:0,insertAdmins
FNDA:0,(anonymous_1)
FNDA:0,(anonymous_2)
DA:1,0
DA:2,0
DA:3,0
DA:6,0
DA:7,0
DA:10,0
DA:11,0
DA:12,0
DA:13,0
DA:17,0
DA:18,0
DA:21,0
DA:26,0
DA:27,0
DA:28,0
DA:31,0
DA:32,0
DA:35,0
DA:36,0
DA:41,0
DA:42,0
DA:44,0
DA:45,0
DA:48,0
DA:49,0
DA:53,0
LF:26
LH:0
BRDA:11,0,0,0
BRDA:11,0,1,0
BRDA:17,1,0,0
BRDA:17,1,1,0
BRDA:41,2,0,0
BRDA:41,2,1,0
BRF:6
BRH:0
end_of_record
TN:
SF:scripts/removeAdmin001.js
FN:4,removeAdmin001
FN:53,(anonymous_1)
FN:57,(anonymous_2)
FNF:3
FNH:0
FNDA:0,removeAdmin001
FNDA:0,(anonymous_1)
FNDA:0,(anonymous_2)
DA:1,0
DA:2,0
DA:5,0
DA:6,0
DA:9,0
DA:10,0
DA:11,0
DA:12,0
DA:15,0
DA:18,0
DA:20,0
DA:21,0
DA:22,0
DA:24,0
DA:28,0
DA:29,0
DA:30,0
DA:32,0
DA:35,0
DA:37,0
DA:41,0
DA:42,0
DA:45,0
DA:46,0
DA:51,0
DA:52,0
DA:54,0
DA:55,0
DA:58,0
DA:59,0
DA:63,0
LF:31
LH:0
BRDA:10,0,0,0
BRDA:10,0,1,0
BRDA:20,1,0,0
BRDA:20,1,1,0
BRDA:29,2,0,0
BRDA:29,2,1,0
BRDA:51,3,0,0
BRDA:51,3,1,0
BRF:8
BRH:0
end_of_record
TN:
SF:scripts/renameAdminAccount.js
FN:4,renameAdminAccount
FN:68,(anonymous_1)
FN:72,(anonymous_2)
FNF:3
FNH:0
FNDA:0,renameAdminAccount
FNDA:0,(anonymous_1)
FNDA:0,(anonymous_2)
DA:1,0
DA:2,0
DA:5,0
DA:6,0
DA:9,0
DA:10,0
DA:11,0
DA:12,0
DA:15,0
DA:18,0
DA:19,0
DA:20,0
DA:21,0
DA:25,0
DA:28,0
DA:41,0
DA:44,0
DA:45,0
DA:48,0
DA:49,0
DA:50,0
DA:52,0
DA:56,0
DA:57,0
DA:60,0
DA:61,0
DA:66,0
DA:67,0
DA:69,0
DA:70,0
DA:73,0
DA:74,0
DA:78,0
LF:33
LH:0
BRDA:10,0,0,0
BRDA:10,0,1,0
BRDA:19,1,0,0
BRDA:19,1,1,0
BRDA:49,2,0,0
BRDA:49,2,1,0
BRDA:66,3,0,0
BRDA:66,3,1,0
BRF:8
BRH:0
end_of_record
TN:
SF:scripts/resetAdminPassword.js
FN:5,resetAdminPassword
FN:47,(anonymous_1)
FN:51,(anonymous_2)
FNF:3
FNH:0
FNDA:0,resetAdminPassword
FNDA:0,(anonymous_1)
FNDA:0,(anonymous_2)
DA:1,0
DA:2,0
DA:3,0
DA:6,0
DA:7,0
DA:10,0
DA:11,0
DA:14,0
DA:15,0
DA:18,0
DA:23,0
DA:24,0
DA:27,0
DA:28,0
DA:31,0
DA:32,0
DA:33,0
DA:34,0
DA:35,0
DA:39,0
DA:40,0
DA:45,0
DA:46,0
DA:48,0
DA:49,0
DA:52,0
DA:53,0
DA:57,0
LF:28
LH:0
BRDA:10,0,0,0
BRDA:10,0,1,0
BRDA:33,1,0,0
BRDA:33,1,1,0
BRDA:35,2,0,0
BRDA:35,2,1,0
BRDA:45,3,0,0
BRDA:45,3,1,0
BRF:8
BRH:0
end_of_record
TN:
SF:scripts/restore_tasks.js
FN:4,restoreDeferredTasks
FN:27,(anonymous_1)
FN:42,(anonymous_2)
FN:44,(anonymous_3)
FN:58,restoreSpecificDates
FN:108,(anonymous_5)
FN:122,(anonymous_6)
FN:126,(anonymous_7)
FN:135,restoreOverDeferredTasks
FN:207,(anonymous_9)
FN:228,findNearestWorkDate
FN:243,verifyRestoreResult
FN:271,(anonymous_12)
FNF:13
FNH:0
FNDA:0,restoreDeferredTasks
FNDA:0,(anonymous_1)
FNDA:0,(anonymous_2)
FNDA:0,(anonymous_3)
FNDA:0,restoreSpecificDates
FNDA:0,(anonymous_5)
FNDA:0,(anonymous_6)
FNDA:0,(anonymous_7)
FNDA:0,restoreOverDeferredTasks
FNDA:0,(anonymous_9)
FNDA:0,findNearestWorkDate
FNDA:0,verifyRestoreResult
FNDA:0,(anonymous_12)
DA:2,0
DA:5,0
DA:6,0
DA:9,0
DA:10,0
DA:17,0
DA:19,0
DA:20,0
DA:21,0
DA:25,0
DA:26,0
DA:27,0
DA:28,0
DA:29,0
DA:31,0
DA:32,0
DA:34,0
DA:42,0
DA:43,0
DA:44,0
DA:45,0
DA:50,0
DA:53,0
DA:54,0
DA:59,0
DA:60,0
DA:62,0
DA:63,0
DA:66,0
DA:74,0
DA:75,0
DA:76,0
DA:79,0
DA:82,0
DA:83,0
DA:91,0
DA:95,0
DA:98,0
DA:99,0
DA:100,0
DA:107,0
DA:108,0
DA:109,0
DA:114,0
DA:115,0
DA:120,0
DA:121,0
DA:123,0
DA:124,0
DA:127,0
DA:128,0
DA:136,0
DA:137,0
DA:140,0
DA:153,0
DA:155,0
DA:156,0
DA:157,0
DA:161,0
DA:162,0
DA:164,0
DA:165,0
DA:166,0
DA:167,0
DA:169,0
DA:173,0
DA:175,0
DA:177,0
DA:180,0
DA:183,0
DA:194,0
DA:195,0
DA:197,0
DA:198,0
DA:200,0
DA:201,0
DA:207,0
DA:210,0
DA:211,0
DA:214,0
DA:217,0
DA:220,0
DA:221,0
DA:229,0
DA:232,0
DA:233,0
DA:237,0
DA:244,0
DA:245,0
DA:248,0
DA:257,0
DA:260,0
DA:270,0
DA:271,0
DA:272,0
DA:273,0
DA:277,0
DA:278,0
DA:282,0
LF:99
LH:0
BRDA:19,0,0,0
BRDA:19,0,1,0
BRDA:31,1,0,0
BRDA:31,1,1,0
BRDA:74,2,0,0
BRDA:74,2,1,0
BRDA:120,3,0,0
BRDA:120,3,1,0
BRDA:155,4,0,0
BRDA:155,4,1,0
BRDA:175,5,0,0
BRDA:175,5,1,0
BRDA:232,6,0,0
BRDA:232,6,1,0
BRF:14
BRH:0
end_of_record
TN:
SF:scripts/setup-test-db.js
FN:9,setupTestDatabase
FN:66,(anonymous_1)
FN:70,(anonymous_2)
FNF:3
FNH:0
FNDA:0,setupTestDatabase
FNDA:0,(anonymous_1)
FNDA:0,(anonymous_2)
DA:6,0
DA:7,0
DA:10,0
DA:12,0
DA:14,0
DA:22,0
DA:25,0
DA:26,0
DA:29,0
DA:31,0
DA:34,0
DA:36,0
DA:40,0
DA:44,0
DA:48,0
DA:49,0
DA:51,0
DA:54,0
DA:55,0
DA:57,0
DA:58,0
DA:64,0
DA:65,0
DA:67,0
DA:68,0
DA:71,0
DA:72,0
DA:76,0
LF:28
LH:0
BRDA:15,0,0,0
BRDA:15,0,1,0
BRDA:16,1,0,0
BRDA:16,1,1,0
BRDA:18,2,0,0
BRDA:18,2,1,0
BRDA:57,3,0,0
BRDA:57,3,1,0
BRDA:64,4,0,0
BRDA:64,4,1,0
BRF:10
BRH:0
end_of_record
TN:
SF:scripts/testAPI.js
FN:16,makeRequest
FN:42,testHealth
FN:57,testDatabaseStatus
FN:75,testLogin
FN:95,testForceChangePassword
FN:113,testGetTasks
FN:131,testGetProfile
FN:148,runTests
FN:191,(anonymous_8)
FN:193,(anonymous_9)
FN:196,(anonymous_10)
FNF:11
FNH:0
FNDA:0,makeRequest
FNDA:0,testHealth
FNDA:0,testDatabaseStatus
FNDA:0,testLogin
FNDA:0,testForceChangePassword
FNDA:0,testGetTasks
FNDA:0,testGetProfile
FNDA:0,runTests
FNDA:0,(anonymous_8)
FNDA:0,(anonymous_9)
FNDA:0,(anonymous_10)
DA:1,0
DA:2,0
DA:4,0
DA:7,0
DA:13,0
DA:17,0
DA:18,0
DA:27,0
DA:28,0
DA:31,0
DA:32,0
DA:34,0
DA:43,0
DA:44,0
DA:46,0
DA:47,0
DA:48,0
DA:50,0
DA:53,0
DA:58,0
DA:59,0
DA:61,0
DA:62,0
DA:63,0
DA:64,0
DA:65,0
DA:66,0
DA:68,0
DA:71,0
DA:76,0
DA:77,0
DA:82,0
DA:83,0
DA:84,0
DA:85,0
DA:86,0
DA:88,0
DA:91,0
DA:96,0
DA:97,0
DA:103,0
DA:104,0
DA:106,0
DA:109,0
DA:114,0
DA:115,0
DA:119,0
DA:120,0
DA:121,0
DA:122,0
DA:124,0
DA:127,0
DA:132,0
DA:133,0
DA:137,0
DA:138,0
DA:139,0
DA:141,0
DA:144,0
DA:149,0
DA:150,0
DA:152,0
DA:161,0
DA:163,0
DA:164,0
DA:165,0
DA:166,0
DA:167,0
DA:169,0
DA:171,0
DA:172,0
DA:176,0
DA:177,0
DA:179,0
DA:180,0
DA:182,0
DA:185,0
DA:189,0
DA:191,0
DA:192,0
DA:194,0
DA:197,0
DA:198,0
DA:203,0
LF:84
LH:0
BRDA:4,0,0,0
BRDA:4,0,1,0
BRDA:16,1,0,0
BRDA:16,2,0,0
BRDA:27,3,0,0
BRDA:27,3,1,0
BRDA:36,4,0,0
BRDA:36,4,1,0
BRDA:46,5,0,0
BRDA:46,5,1,0
BRDA:61,6,0,0
BRDA:61,6,1,0
BRDA:82,7,0,0
BRDA:82,7,1,0
BRDA:103,8,0,0
BRDA:103,8,1,0
BRDA:119,9,0,0
BRDA:119,9,1,0
BRDA:137,10,0,0
BRDA:137,10,1,0
BRDA:166,11,0,0
BRDA:166,11,1,0
BRDA:179,12,0,0
BRDA:179,12,1,0
BRDA:189,13,0,0
BRDA:189,13,1,0
BRDA:194,14,0,0
BRDA:194,14,1,0
BRF:28
BRH:0
end_of_record
TN:
SF:scripts/test_correct_defer_logic.js
FN:5,testCorrectDeferLogic
FN:29,cleanupTestEnvironment
FN:55,createTestData
FN:88,simulateMidnightProcessing
FN:110,verifyResults
FN:127,(anonymous_5)
FN:146,(anonymous_6)
FN:174,(anonymous_7)
FN:178,(anonymous_8)
FNF:9
FNH:0
FNDA:0,testCorrectDeferLogic
FNDA:0,cleanupTestEnvironment
FNDA:0,createTestData
FNDA:0,simulateMidnightProcessing
FNDA:0,verifyResults
FNDA:0,(anonymous_5)
FNDA:0,(anonymous_6)
FNDA:0,(anonymous_7)
FNDA:0,(anonymous_8)
DA:2,0
DA:3,0
DA:6,0
DA:7,0
DA:10,0
DA:13,0
DA:16,0
DA:19,0
DA:21,0
DA:24,0
DA:25,0
DA:30,0
DA:31,0
DA:34,0
DA:41,0
DA:47,0
DA:50,0
DA:51,0
DA:56,0
DA:57,0
DA:60,0
DA:66,0
DA:67,0
DA:68,0
DA:69,0
DA:71,0
DA:73,0
DA:79,0
DA:83,0
DA:84,0
DA:89,0
DA:90,0
DA:93,0
DA:94,0
DA:95,0
DA:96,0
DA:97,0
DA:98,0
DA:100,0
DA:102,0
DA:105,0
DA:106,0
DA:111,0
DA:112,0
DA:115,0
DA:126,0
DA:127,0
DA:128,0
DA:129,0
DA:130,0
DA:134,0
DA:136,0
DA:143,0
DA:145,0
DA:146,0
DA:147,0
DA:149,0
DA:151,0
DA:152,0
DA:154,0
DA:155,0
DA:159,0
DA:160,0
DA:162,0
DA:166,0
DA:167,0
DA:172,0
DA:173,0
DA:175,0
DA:176,0
DA:179,0
DA:180,0
DA:184,0
LF:73
LH:0
BRDA:149,0,0,0
BRDA:149,0,1,0
BRDA:151,1,0,0
BRDA:151,1,1,0
BRDA:154,2,0,0
BRDA:154,2,1,0
BRDA:159,3,0,0
BRDA:159,3,1,0
BRDA:172,4,0,0
BRDA:172,4,1,0
BRF:10
BRH:0
end_of_record
TN:
SF:scripts/test_recursive_defer.js
FN:5,testRecursiveDeferLogic
FN:32,cleanupTestData
FN:47,createTestData
FN:91,(anonymous_3)
FN:102,testRecursiveFunction
FN:116,(anonymous_5)
FN:117,(anonymous_6)
FN:120,(anonymous_7)
FN:133,testMidnightProcessing
FN:162,verifyResults
FN:177,(anonymous_10)
FN:184,(anonymous_11)
FN:190,(anonymous_12)
FN:206,(anonymous_13)
FN:222,(anonymous_14)
FN:226,(anonymous_15)
FNF:16
FNH:0
FNDA:0,testRecursiveDeferLogic
FNDA:0,cleanupTestData
FNDA:0,createTestData
FNDA:0,(anonymous_3)
FNDA:0,testRecursiveFunction
FNDA:0,(anonymous_5)
FNDA:0,(anonymous_6)
FNDA:0,(anonymous_7)
FNDA:0,testMidnightProcessing
FNDA:0,verifyResults
FNDA:0,(anonymous_10)
FNDA:0,(anonymous_11)
FNDA:0,(anonymous_12)
FNDA:0,(anonymous_13)
FNDA:0,(anonymous_14)
FNDA:0,(anonymous_15)
DA:2,0
DA:3,0
DA:6,0
DA:7,0
DA:10,0
DA:13,0
DA:16,0
DA:19,0
DA:22,0
DA:24,0
DA:27,0
DA:28,0
DA:33,0
DA:34,0
DA:36,0
DA:37,0
DA:39,0
DA:42,0
DA:43,0
DA:48,0
DA:49,0
DA:52,0
DA:69,0
DA:70,0
DA:71,0
DA:73,0
DA:79,0
DA:82,0
DA:90,0
DA:91,0
DA:92,0
DA:93,0
DA:97,0
DA:98,0
DA:103,0
DA:104,0
DA:107,0
DA:113,0
DA:116,0
DA:117,0
DA:120,0
DA:121,0
DA:122,0
DA:125,0
DA:128,0
DA:129,0
DA:134,0
DA:135,0
DA:138,0
DA:141,0
DA:147,0
DA:149,0
DA:150,0
DA:151,0
DA:153,0
DA:157,0
DA:158,0
DA:163,0
DA:164,0
DA:167,0
DA:176,0
DA:177,0
DA:178,0
DA:179,0
DA:180,0
DA:184,0
DA:185,0
DA:188,0
DA:189,0
DA:190,0
DA:191,0
DA:192,0
DA:195,0
DA:199,0
DA:206,0
DA:207,0
DA:208,0
DA:210,0
DA:214,0
DA:215,0
DA:220,0
DA:221,0
DA:223,0
DA:224,0
DA:227,0
DA:228,0
DA:232,0
LF:87
LH:0
BRDA:149,0,0,0
BRDA:149,0,1,0
BRDA:188,1,0,0
BRDA:188,1,1,0
BRDA:207,2,0,0
BRDA:207,2,1,0
BRDA:220,3,0,0
BRDA:220,3,1,0
BRF:8
BRH:0
end_of_record
TN:
SF:scripts/test_schedule_logic.js
FN:4,testScheduleLogic
FN:28,testCarryOverThreshold
FN:47,(anonymous_2)
FN:63,testLeaveHandling
FN:71,(anonymous_4)
FN:91,(anonymous_5)
FN:106,(anonymous_6)
FN:118,testMidnightProcessing
FN:133,(anonymous_8)
FN:174,verifyTaskDistribution
FN:232,(anonymous_10)
FN:236,(anonymous_11)
FNF:12
FNH:0
FNDA:0,testScheduleLogic
FNDA:0,testCarryOverThreshold
FNDA:0,(anonymous_2)
FNDA:0,testLeaveHandling
FNDA:0,(anonymous_4)
FNDA:0,(anonymous_5)
FNDA:0,(anonymous_6)
FNDA:0,testMidnightProcessing
FNDA:0,(anonymous_8)
FNDA:0,verifyTaskDistribution
FNDA:0,(anonymous_10)
FNDA:0,(anonymous_11)
DA:2,0
DA:5,0
DA:6,0
DA:9,0
DA:12,0
DA:15,0
DA:18,0
DA:20,0
DA:23,0
DA:24,0
DA:29,0
DA:30,0
DA:33,0
DA:34,0
DA:36,0
DA:39,0
DA:46,0
DA:47,0
DA:48,0
DA:49,0
DA:51,0
DA:52,0
DA:54,0
DA:58,0
DA:59,0
DA:64,0
DA:65,0
DA:68,0
DA:70,0
DA:71,0
DA:72,0
DA:73,0
DA:77,0
DA:78,0
DA:79,0
DA:81,0
DA:84,0
DA:91,0
DA:92,0
DA:96,0
DA:105,0
DA:106,0
DA:107,0
DA:108,0
DA:113,0
DA:114,0
DA:119,0
DA:120,0
DA:123,0
DA:131,0
DA:132,0
DA:133,0
DA:134,0
DA:135,0
DA:138,0
DA:142,0
DA:143,0
DA:145,0
DA:153,0
DA:154,0
DA:155,0
DA:157,0
DA:159,0
DA:160,0
DA:162,0
DA:165,0
DA:169,0
DA:170,0
DA:175,0
DA:176,0
DA:179,0
DA:192,0
DA:193,0
DA:194,0
DA:195,0
DA:196,0
DA:197,0
DA:198,0
DA:199,0
DA:200,0
DA:204,0
DA:214,0
DA:215,0
DA:216,0
DA:217,0
DA:218,0
DA:220,0
DA:224,0
DA:225,0
DA:230,0
DA:231,0
DA:233,0
DA:234,0
DA:237,0
DA:238,0
DA:242,0
LF:96
LH:0
BRDA:51,0,0,0
BRDA:51,0,1,0
BRDA:52,1,0,0
BRDA:52,1,1,0
BRDA:77,2,0,0
BRDA:77,2,1,0
BRDA:131,3,0,0
BRDA:131,3,1,0
BRDA:153,4,0,0
BRDA:153,4,1,0
BRDA:153,5,0,0
BRDA:153,5,1,0
BRDA:157,6,0,0
BRDA:157,6,1,0
BRDA:159,7,0,0
BRDA:159,7,1,0
BRDA:159,8,0,0
BRDA:159,8,1,0
BRDA:162,9,0,0
BRDA:162,9,1,0
BRDA:192,10,0,0
BRDA:192,10,1,0
BRDA:214,11,0,0
BRDA:214,11,1,0
BRDA:214,12,0,0
BRDA:214,12,1,0
BRDA:230,13,0,0
BRDA:230,13,1,0
BRF:28
BRH:0
end_of_record
TN:
SF:scripts/upgradeDatabase.js
FN:3,upgradeDatabase
FN:101,(anonymous_1)
FN:105,(anonymous_2)
FNF:3
FNH:0
FNDA:0,upgradeDatabase
FNDA:0,(anonymous_1)
FNDA:0,(anonymous_2)
DA:1,0
DA:4,0
DA:5,0
DA:8,0
DA:16,0
DA:17,0
DA:18,0
DA:19,0
DA:21,0
DA:22,0
DA:24,0
DA:28,0
DA:31,0
DA:45,0
DA:46,0
DA:49,0
DA:64,0
DA:65,0
DA:68,0
DA:74,0
DA:75,0
DA:78,0
DA:87,0
DA:88,0
DA:90,0
DA:93,0
DA:94,0
DA:99,0
DA:100,0
DA:102,0
DA:103,0
DA:106,0
DA:107,0
DA:111,0
LF:34
LH:0
BRDA:21,0,0,0
BRDA:21,0,1,0
BRDA:99,1,0,0
BRDA:99,1,1,0
BRF:4
BRH:0
end_of_record
