TN:
SF:server.js
FN:47,(anonymous_0)
FN:70,(anonymous_1)
FN:89,(anonymous_2)
FN:110,(anonymous_3)
FN:118,(anonymous_4)
FN:131,startServer
FN:144,(anonymous_6)
FN:165,(anonymous_7)
FN:170,(anonymous_8)
FNF:9
FNH:0
FNDA:0,(anonymous_0)
FNDA:0,(anonymous_1)
FNDA:0,(anonymous_2)
FNDA:0,(anonymous_3)
FNDA:0,(anonymous_4)
FNDA:0,startServer
FNDA:0,(anonymous_6)
FNDA:0,(anonymous_7)
FNDA:0,(anonymous_8)
DA:1,6
DA:2,6
DA:3,6
DA:4,6
DA:5,6
DA:7,6
DA:8,6
DA:9,6
DA:12,6
DA:13,6
DA:14,6
DA:15,6
DA:17,6
DA:18,6
DA:21,6
DA:24,6
DA:32,6
DA:40,6
DA:43,6
DA:44,6
DA:47,6
DA:48,0
DA:50,0
DA:52,0
DA:60,0
DA:70,6
DA:71,0
DA:72,0
DA:75,0
DA:83,0
DA:85,0
DA:89,0
DA:95,0
DA:104,6
DA:105,6
DA:106,6
DA:107,6
DA:110,6
DA:111,0
DA:118,6
DA:119,0
DA:121,0
DA:132,0
DA:133,0
DA:136,0
DA:137,0
DA:140,0
DA:141,0
DA:142,0
DA:144,0
DA:145,0
DA:146,0
DA:147,0
DA:148,0
DA:149,0
DA:150,0
DA:151,0
DA:152,0
DA:153,0
DA:154,0
DA:155,0
DA:159,0
DA:160,0
DA:165,6
DA:166,0
DA:167,0
DA:170,6
DA:171,0
DA:172,0
DA:176,6
DA:177,0
DA:181,6
LF:72
LH:32
BRDA:18,0,0,6
BRDA:18,0,1,0
BRDA:25,1,0,0
BRDA:25,1,1,6
BRDA:34,2,0,0
BRDA:34,2,1,6
BRDA:55,3,0,0
BRDA:55,3,1,0
BRDA:57,4,0,0
BRDA:57,4,1,0
BRDA:80,5,0,0
BRDA:80,5,1,0
BRDA:88,6,0,0
BRDA:88,6,1,0
BRDA:121,7,0,0
BRDA:121,7,1,0
BRDA:123,8,0,0
BRDA:123,8,1,0
BRDA:126,9,0,0
BRDA:126,9,1,0
BRDA:148,10,0,0
BRDA:148,10,1,0
BRDA:176,11,0,0
BRDA:176,11,1,6
BRF:24
BRH:4
end_of_record
TN:
SF:config/database.js
FN:5,getDbConfig
FN:21,getPool
FN:36,createDatabaseIfNotExists
FN:55,testConnection
FN:72,query
FN:84,transaction
FN:102,resetPool
FN:110,closePool
FN:118,(anonymous_8)
FNF:9
FNH:6
FNDA:1,getDbConfig
FNDA:37,getPool
FNDA:0,createDatabaseIfNotExists
FNDA:0,testConnection
FNDA:34,query
FNDA:2,transaction
FNDA:6,resetPool
FNDA:0,closePool
FNDA:1,(anonymous_8)
DA:1,6
DA:2,6
DA:6,1
DA:19,6
DA:22,37
DA:23,1
DA:24,1
DA:25,1
DA:32,37
DA:37,0
DA:38,0
DA:39,0
DA:40,0
DA:42,0
DA:43,0
DA:44,0
DA:46,0
DA:47,0
DA:49,0
DA:50,0
DA:56,0
DA:58,0
DA:60,0
DA:61,0
DA:62,0
DA:63,0
DA:64,0
DA:66,0
DA:67,0
DA:73,34
DA:74,34
DA:75,34
DA:76,34
DA:78,0
DA:79,0
DA:85,2
DA:86,2
DA:87,2
DA:89,2
DA:90,2
DA:91,2
DA:92,2
DA:94,0
DA:95,0
DA:97,2
DA:103,6
DA:104,0
DA:105,0
DA:111,0
DA:112,0
DA:113,0
DA:117,6
DA:118,1
LF:53
LH:24
BRDA:7,0,0,1
BRDA:7,0,1,0
BRDA:8,1,0,1
BRDA:8,1,1,0
BRDA:9,2,0,1
BRDA:9,2,1,0
BRDA:10,3,0,1
BRDA:10,3,1,1
BRDA:11,4,0,1
BRDA:11,4,1,0
BRDA:22,5,0,1
BRDA:22,5,1,36
BRDA:72,6,0,23
BRDA:103,7,0,0
BRDA:103,7,1,6
BRDA:111,8,0,0
BRDA:111,8,1,0
BRF:17
BRH:10
end_of_record
TN:
SF:middleware/auth.js
FN:5,(anonymous_0)
FN:101,(anonymous_1)
FN:116,(anonymous_2)
FNF:3
FNH:2
FNDA:4,(anonymous_0)
FNDA:0,(anonymous_1)
FNDA:2,(anonymous_2)
DA:1,6
DA:2,6
DA:5,6
DA:6,4
DA:9,4
DA:10,1
DA:17,3
DA:18,0
DA:25,3
DA:26,0
DA:32,3
DA:35,3
DA:36,0
DA:42,3
DA:43,3
DA:46,2
DA:48,0
DA:53,0
DA:54,0
DA:60,0
DA:70,2
DA:75,2
DA:76,0
DA:82,2
DA:90,2
DA:92,1
DA:93,1
DA:101,6
DA:103,0
DA:105,0
DA:106,0
DA:112,0
DA:116,6
DA:117,2
DA:120,0
DA:127,2
DA:130,6
LF:37
LH:24
BRDA:9,0,0,1
BRDA:9,0,1,3
BRDA:17,1,0,0
BRDA:17,1,1,3
BRDA:25,2,0,0
BRDA:25,2,1,3
BRDA:35,3,0,0
BRDA:35,3,1,3
BRDA:35,4,0,3
BRDA:35,4,1,3
BRDA:46,5,0,0
BRDA:46,5,1,2
BRDA:53,6,0,0
BRDA:53,6,1,0
BRDA:66,7,0,0
BRDA:66,7,1,0
BRDA:75,8,0,0
BRDA:75,8,1,2
BRDA:105,9,0,0
BRDA:105,9,1,0
BRDA:117,10,0,0
BRDA:117,10,1,2
BRDA:117,11,0,2
BRDA:117,11,1,0
BRDA:117,11,2,0
BRF:25
BRH:11
end_of_record
TN:
SF:routes/admin.js
FN:16,(anonymous_0)
FN:37,(anonymous_1)
FN:82,(anonymous_2)
FN:122,(anonymous_3)
FN:187,(anonymous_4)
FN:207,(anonymous_5)
FN:245,(anonymous_6)
FN:284,(anonymous_7)
FN:307,(anonymous_8)
FN:332,(anonymous_9)
FN:361,(anonymous_10)
FNF:11
FNH:0
FNDA:0,(anonymous_0)
FNDA:0,(anonymous_1)
FNDA:0,(anonymous_2)
FNDA:0,(anonymous_3)
FNDA:0,(anonymous_4)
FNDA:0,(anonymous_5)
FNDA:0,(anonymous_6)
FNDA:0,(anonymous_7)
FNDA:0,(anonymous_8)
FNDA:0,(anonymous_9)
FNDA:0,(anonymous_10)
DA:1,6
DA:2,6
DA:3,6
DA:4,6
DA:5,6
DA:6,6
DA:7,6
DA:9,6
DA:12,6
DA:13,6
DA:16,6
DA:17,0
DA:18,0
DA:22,0
DA:28,0
DA:29,0
DA:37,6
DA:38,0
DA:39,0
DA:41,0
DA:42,0
DA:49,0
DA:50,0
DA:51,0
DA:54,0
DA:55,0
DA:57,0
DA:62,0
DA:73,0
DA:74,0
DA:82,6
DA:83,0
DA:84,0
DA:87,0
DA:88,0
DA:89,0
DA:96,0
DA:97,0
DA:99,0
DA:104,0
DA:113,0
DA:114,0
DA:122,6
DA:123,0
DA:124,0
DA:127,0
DA:128,0
DA:129,0
DA:136,0
DA:138,0
DA:139,0
DA:141,0
DA:178,0
DA:179,0
DA:187,6
DA:188,0
DA:189,0
DA:191,0
DA:192,0
DA:198,0
DA:199,0
DA:201,0
DA:202,0
DA:204,0
DA:205,0
DA:207,0
DA:208,0
DA:210,0
DA:213,0
DA:214,0
DA:215,0
DA:216,0
DA:220,0
DA:221,0
DA:222,0
DA:223,0
DA:226,0
DA:236,0
DA:237,0
DA:244,0
DA:245,0
DA:246,0
DA:248,0
DA:254,0
DA:255,0
DA:259,0
DA:264,0
DA:275,0
DA:276,0
DA:284,6
DA:285,0
DA:286,0
DA:288,0
DA:289,0
DA:295,0
DA:305,0
DA:307,0
DA:323,0
DA:324,0
DA:332,6
DA:333,0
DA:334,0
DA:336,0
DA:337,0
DA:343,0
DA:345,0
DA:352,0
DA:353,0
DA:361,6
DA:362,0
DA:363,0
DA:365,0
DA:371,0
DA:372,0
DA:379,6
LF:115
LH:19
BRDA:41,0,0,0
BRDA:41,0,1,0
BRDA:41,1,0,0
BRDA:41,1,1,0
BRDA:54,2,0,0
BRDA:54,2,1,0
BRDA:88,3,0,0
BRDA:88,3,1,0
BRDA:96,4,0,0
BRDA:96,4,1,0
BRDA:128,5,0,0
BRDA:128,5,1,0
BRDA:139,6,0,0
BRDA:139,6,1,0
BRDA:150,7,0,0
BRDA:150,7,1,0
BRDA:191,8,0,0
BRDA:191,8,1,0
BRDA:191,9,0,0
BRDA:191,9,1,0
BRDA:202,10,0,0
BRDA:202,10,1,0
BRDA:205,11,0,0
BRDA:205,11,1,0
BRDA:210,12,0,0
BRDA:210,12,1,0
BRDA:210,13,0,0
BRDA:210,13,1,0
BRDA:210,13,2,0
BRDA:214,14,0,0
BRDA:214,14,1,0
BRDA:221,15,0,0
BRDA:221,15,1,0
BRDA:236,16,0,0
BRDA:236,16,1,0
BRDA:254,17,0,0
BRDA:254,17,1,0
BRDA:288,18,0,0
BRDA:288,18,1,0
BRDA:314,19,0,0
BRDA:314,19,1,0
BRDA:314,20,0,0
BRDA:314,20,1,0
BRDA:315,21,0,0
BRDA:315,21,1,0
BRDA:316,22,0,0
BRDA:316,22,1,0
BRDA:336,23,0,0
BRDA:336,23,1,0
BRDA:336,24,0,0
BRDA:336,24,1,0
BRDA:347,25,0,0
BRDA:347,25,1,0
BRF:53
BRH:0
end_of_record
TN:
SF:routes/auth.js
FN:31,(anonymous_0)
FN:105,(anonymous_1)
FN:185,(anonymous_2)
FN:220,(anonymous_3)
FN:278,(anonymous_4)
FNF:5
FNH:0
FNDA:0,(anonymous_0)
FNDA:0,(anonymous_1)
FNDA:0,(anonymous_2)
FNDA:0,(anonymous_3)
FNDA:0,(anonymous_4)
DA:1,6
DA:2,6
DA:3,6
DA:4,6
DA:5,6
DA:6,6
DA:8,6
DA:11,6
DA:23,6
DA:31,6
DA:32,0
DA:34,0
DA:35,0
DA:36,0
DA:42,0
DA:45,0
DA:50,0
DA:51,0
DA:57,0
DA:60,0
DA:61,0
DA:62,0
DA:69,0
DA:81,0
DA:96,0
DA:97,0
DA:105,6
DA:106,0
DA:108,0
DA:109,0
DA:110,0
DA:116,0
DA:119,0
DA:120,0
DA:127,0
DA:132,0
DA:133,0
DA:139,0
DA:142,0
DA:143,0
DA:144,0
DA:151,0
DA:162,0
DA:176,0
DA:177,0
DA:185,6
DA:186,0
DA:187,0
DA:189,0
DA:190,0
DA:197,0
DA:200,0
DA:205,0
DA:211,0
DA:212,0
DA:220,6
DA:221,0
DA:222,0
DA:223,0
DA:224,0
DA:230,0
DA:233,0
DA:238,0
DA:239,0
DA:246,0
DA:247,0
DA:248,0
DA:255,0
DA:258,0
DA:263,0
DA:269,0
DA:270,0
DA:278,6
DA:279,0
DA:287,6
LF:75
LH:15
BRDA:35,0,0,0
BRDA:35,0,1,0
BRDA:50,1,0,0
BRDA:50,1,1,0
BRDA:61,2,0,0
BRDA:61,2,1,0
BRDA:109,3,0,0
BRDA:109,3,1,0
BRDA:119,4,0,0
BRDA:119,4,1,0
BRDA:132,5,0,0
BRDA:132,5,1,0
BRDA:143,6,0,0
BRDA:143,6,1,0
BRDA:159,7,0,0
BRDA:159,7,1,0
BRDA:189,8,0,0
BRDA:189,8,1,0
BRDA:189,9,0,0
BRDA:189,9,1,0
BRDA:223,10,0,0
BRDA:223,10,1,0
BRDA:238,11,0,0
BRDA:238,11,1,0
BRDA:247,12,0,0
BRDA:247,12,1,0
BRF:26
BRH:0
end_of_record
TN:
SF:routes/profiles.js
FN:41,(anonymous_0)
FN:105,(anonymous_1)
FNF:2
FNH:0
FNDA:0,(anonymous_0)
FNDA:0,(anonymous_1)
DA:1,6
DA:2,6
DA:3,6
DA:4,6
DA:6,6
DA:9,6
DA:10,6
DA:13,6
DA:41,6
DA:42,0
DA:43,0
DA:45,0
DA:50,0
DA:52,0
DA:60,0
DA:62,0
DA:96,0
DA:97,0
DA:105,6
DA:106,0
DA:108,0
DA:109,0
DA:115,0
DA:116,0
DA:118,0
DA:119,0
DA:120,0
DA:122,0
DA:123,0
DA:124,0
DA:125,0
DA:126,0
DA:127,0
DA:128,0
DA:129,0
DA:132,0
DA:138,0
DA:141,0
DA:146,0
DA:147,0
DA:154,0
DA:183,0
DA:185,0
DA:204,0
DA:223,0
DA:229,0
DA:230,0
DA:237,6
LF:48
LH:11
BRDA:50,0,0,0
BRDA:50,0,1,0
BRDA:108,1,0,0
BRDA:108,1,1,0
BRDA:108,2,0,0
BRDA:108,2,1,0
BRDA:116,3,0,0
BRDA:116,3,1,0
BRDA:122,4,0,0
BRDA:122,4,1,0
BRDA:124,5,0,0
BRDA:124,5,1,0
BRDA:126,6,0,0
BRDA:126,6,1,0
BRDA:128,7,0,0
BRDA:128,7,1,0
BRDA:146,8,0,0
BRDA:146,8,1,0
BRDA:146,9,0,0
BRDA:146,9,1,0
BRDA:156,10,0,0
BRDA:156,10,1,0
BRDA:158,11,0,0
BRDA:158,11,1,0
BRDA:159,12,0,0
BRDA:159,12,1,0
BRDA:160,13,0,0
BRDA:160,13,1,0
BRDA:161,14,0,0
BRDA:161,14,1,0
BRDA:164,15,0,0
BRDA:164,15,1,0
BRDA:165,16,0,0
BRDA:165,16,1,0
BRDA:167,17,0,0
BRDA:167,17,1,0
BRDA:168,18,0,0
BRDA:168,18,1,0
BRDA:169,19,0,0
BRDA:169,19,1,0
BRDA:170,20,0,0
BRDA:170,20,1,0
BRDA:172,21,0,0
BRDA:172,21,1,0
BRDA:173,22,0,0
BRDA:173,22,1,0
BRDA:174,23,0,0
BRDA:174,23,1,0
BRDA:175,24,0,0
BRDA:175,24,1,0
BRDA:176,25,0,0
BRDA:176,25,1,0
BRDA:178,26,0,0
BRDA:178,26,1,0
BRDA:179,27,0,0
BRDA:179,27,1,0
BRDA:183,28,0,0
BRDA:183,28,1,0
BRF:58
BRH:0
end_of_record
TN:
SF:routes/tasks.js
FN:15,(anonymous_0)
FN:37,(anonymous_1)
FN:70,(anonymous_2)
FN:148,(anonymous_3)
FN:162,(anonymous_4)
FN:214,(anonymous_5)
FN:238,(anonymous_6)
FN:286,(anonymous_7)
FN:291,(anonymous_8)
FNF:9
FNH:2
FNDA:0,(anonymous_0)
FNDA:0,(anonymous_1)
FNDA:0,(anonymous_2)
FNDA:0,(anonymous_3)
FNDA:0,(anonymous_4)
FNDA:0,(anonymous_5)
FNDA:0,(anonymous_6)
FNDA:2,(anonymous_7)
FNDA:2,(anonymous_8)
DA:1,6
DA:2,6
DA:3,6
DA:4,6
DA:5,6
DA:6,6
DA:8,6
DA:11,6
DA:12,6
DA:15,6
DA:16,0
DA:17,0
DA:18,0
DA:20,0
DA:21,0
DA:23,0
DA:24,0
DA:25,0
DA:26,0
DA:27,0
DA:28,0
DA:31,0
DA:33,0
DA:36,0
DA:37,0
DA:38,0
DA:39,0
DA:40,0
DA:42,0
DA:55,0
DA:61,0
DA:62,0
DA:70,6
DA:71,0
DA:72,0
DA:73,0
DA:74,0
DA:77,0
DA:82,0
DA:83,0
DA:90,0
DA:91,0
DA:93,0
DA:94,0
DA:95,0
DA:98,0
DA:99,0
DA:100,0
DA:103,0
DA:104,0
DA:105,0
DA:108,0
DA:109,0
DA:110,0
DA:113,0
DA:114,0
DA:115,0
DA:118,0
DA:119,0
DA:125,0
DA:127,0
DA:133,0
DA:139,0
DA:140,0
DA:148,6
DA:149,0
DA:150,0
DA:151,0
DA:153,0
DA:154,0
DA:162,0
DA:164,0
DA:169,0
DA:170,0
DA:174,0
DA:175,0
DA:176,0
DA:180,0
DA:183,0
DA:189,0
DA:195,0
DA:205,0
DA:206,0
DA:214,6
DA:215,0
DA:216,0
DA:218,0
DA:223,0
DA:229,0
DA:230,0
DA:238,6
DA:239,0
DA:240,0
DA:241,0
DA:243,0
DA:245,0
DA:248,0
DA:256,0
DA:258,0
DA:259,0
DA:260,0
DA:262,0
DA:265,0
DA:277,0
DA:278,0
DA:286,6
DA:287,2
DA:288,2
DA:289,2
DA:291,2
DA:293,2
DA:299,2
DA:300,2
DA:301,2
DA:306,2
DA:307,2
DA:309,0
DA:314,2
DA:319,2
DA:320,2
DA:321,2
DA:322,2
DA:325,2
DA:336,0
DA:337,0
DA:344,6
LF:126
LH:32
BRDA:23,0,0,0
BRDA:23,0,1,0
BRDA:23,1,0,0
BRDA:23,1,1,0
BRDA:26,2,0,0
BRDA:26,2,1,0
BRDA:39,3,0,0
BRDA:39,3,1,0
BRDA:47,4,0,0
BRDA:47,4,1,0
BRDA:47,5,0,0
BRDA:47,5,1,0
BRDA:48,6,0,0
BRDA:48,6,1,0
BRDA:49,7,0,0
BRDA:49,7,1,0
BRDA:82,8,0,0
BRDA:82,8,1,0
BRDA:93,9,0,0
BRDA:93,9,1,0
BRDA:98,10,0,0
BRDA:98,10,1,0
BRDA:100,11,0,0
BRDA:100,11,1,0
BRDA:100,12,0,0
BRDA:100,12,1,0
BRDA:103,13,0,0
BRDA:103,13,1,0
BRDA:108,14,0,0
BRDA:108,14,1,0
BRDA:113,15,0,0
BRDA:113,15,1,0
BRDA:118,16,0,0
BRDA:118,16,1,0
BRDA:153,17,0,0
BRDA:153,17,1,0
BRDA:169,18,0,0
BRDA:169,18,1,0
BRDA:175,19,0,0
BRDA:175,19,1,0
BRDA:208,20,0,0
BRDA:208,20,1,0
BRDA:243,21,0,0
BRDA:243,21,1,0
BRDA:258,22,0,0
BRDA:258,22,1,0
BRDA:280,23,0,0
BRDA:280,23,1,0
BRDA:306,24,0,2
BRDA:306,24,1,0
BRDA:339,25,0,0
BRDA:339,25,1,0
BRF:52
BRH:1
end_of_record
TN:
SF:scripts/cleanDuplicateTasks.js
FN:3,cleanDuplicateTasks
FN:59,(anonymous_1)
FN:63,(anonymous_2)
FNF:3
FNH:0
FNDA:0,cleanDuplicateTasks
FNDA:0,(anonymous_1)
FNDA:0,(anonymous_2)
DA:1,0
DA:4,0
DA:5,0
DA:8,0
DA:16,0
DA:18,0
DA:19,0
DA:20,0
DA:24,0
DA:25,0
DA:28,0
DA:36,0
DA:38,0
DA:39,0
DA:40,0
DA:44,0
DA:47,0
DA:48,0
DA:51,0
DA:52,0
DA:57,0
DA:58,0
DA:60,0
DA:61,0
DA:64,0
DA:65,0
DA:69,0
LF:27
LH:0
BRDA:18,0,0,0
BRDA:18,0,1,0
BRDA:57,1,0,0
BRDA:57,1,1,0
BRF:4
BRH:0
end_of_record
TN:
SF:scripts/initDatabase.js
FN:104,insertInitialData
FN:155,createViews
FN:181,initializeDatabase
FN:220,(anonymous_3)
FN:224,(anonymous_4)
FNF:5
FNH:0
FNDA:0,insertInitialData
FNDA:0,createViews
FNDA:0,initializeDatabase
FNDA:0,(anonymous_3)
FNDA:0,(anonymous_4)
DA:1,6
DA:2,6
DA:3,6
DA:6,6
DA:105,0
DA:107,0
DA:108,0
DA:109,0
DA:110,0
DA:114,0
DA:115,0
DA:118,0
DA:125,0
DA:126,0
DA:129,0
DA:136,0
DA:142,0
DA:143,0
DA:144,0
DA:145,0
DA:146,0
DA:149,0
DA:150,0
DA:156,0
DA:157,0
DA:172,0
DA:173,0
DA:175,0
DA:182,0
DA:183,0
DA:186,0
DA:187,0
DA:188,0
DA:192,0
DA:193,0
DA:194,0
DA:195,0
DA:196,0
DA:198,0
DA:201,0
DA:202,0
DA:205,0
DA:206,0
DA:208,0
DA:209,0
DA:212,0
DA:213,0
DA:218,6
DA:219,0
DA:221,0
DA:222,0
DA:225,0
DA:226,0
DA:230,6
LF:54
LH:6
BRDA:108,0,0,0
BRDA:108,0,1,0
BRDA:114,1,0,0
BRDA:114,1,1,0
BRDA:125,2,0,0
BRDA:125,2,1,0
BRDA:187,3,0,0
BRDA:187,3,1,0
BRDA:218,4,0,0
BRDA:218,4,1,6
BRF:10
BRH:1
end_of_record
TN:
SF:scripts/insertAdmins.js
FN:5,insertAdmins
FN:44,(anonymous_1)
FN:48,(anonymous_2)
FNF:3
FNH:0
FNDA:0,insertAdmins
FNDA:0,(anonymous_1)
FNDA:0,(anonymous_2)
DA:1,0
DA:2,0
DA:3,0
DA:6,0
DA:7,0
DA:10,0
DA:11,0
DA:12,0
DA:13,0
DA:17,0
DA:18,0
DA:21,0
DA:27,0
DA:28,0
DA:29,0
DA:32,0
DA:33,0
DA:36,0
DA:37,0
DA:42,0
DA:43,0
DA:45,0
DA:46,0
DA:49,0
DA:50,0
DA:54,0
LF:26
LH:0
BRDA:11,0,0,0
BRDA:11,0,1,0
BRDA:17,1,0,0
BRDA:17,1,1,0
BRDA:42,2,0,0
BRDA:42,2,1,0
BRF:6
BRH:0
end_of_record
TN:
SF:scripts/testAPI.js
FN:16,makeRequest
FN:42,testHealth
FN:57,testDatabaseStatus
FN:75,testLogin
FN:95,testForceChangePassword
FN:113,testGetTasks
FN:131,testGetProfile
FN:148,runTests
FN:191,(anonymous_8)
FN:193,(anonymous_9)
FN:196,(anonymous_10)
FNF:11
FNH:0
FNDA:0,makeRequest
FNDA:0,testHealth
FNDA:0,testDatabaseStatus
FNDA:0,testLogin
FNDA:0,testForceChangePassword
FNDA:0,testGetTasks
FNDA:0,testGetProfile
FNDA:0,runTests
FNDA:0,(anonymous_8)
FNDA:0,(anonymous_9)
FNDA:0,(anonymous_10)
DA:1,0
DA:2,0
DA:4,0
DA:7,0
DA:13,0
DA:17,0
DA:18,0
DA:27,0
DA:28,0
DA:31,0
DA:32,0
DA:34,0
DA:43,0
DA:44,0
DA:46,0
DA:47,0
DA:48,0
DA:50,0
DA:53,0
DA:58,0
DA:59,0
DA:61,0
DA:62,0
DA:63,0
DA:64,0
DA:65,0
DA:66,0
DA:68,0
DA:71,0
DA:76,0
DA:77,0
DA:82,0
DA:83,0
DA:84,0
DA:85,0
DA:86,0
DA:88,0
DA:91,0
DA:96,0
DA:97,0
DA:103,0
DA:104,0
DA:106,0
DA:109,0
DA:114,0
DA:115,0
DA:119,0
DA:120,0
DA:121,0
DA:122,0
DA:124,0
DA:127,0
DA:132,0
DA:133,0
DA:137,0
DA:138,0
DA:139,0
DA:141,0
DA:144,0
DA:149,0
DA:150,0
DA:152,0
DA:161,0
DA:163,0
DA:164,0
DA:165,0
DA:166,0
DA:167,0
DA:169,0
DA:171,0
DA:172,0
DA:176,0
DA:177,0
DA:179,0
DA:180,0
DA:182,0
DA:185,0
DA:189,0
DA:191,0
DA:192,0
DA:194,0
DA:197,0
DA:198,0
DA:203,0
LF:84
LH:0
BRDA:4,0,0,0
BRDA:4,0,1,0
BRDA:16,1,0,0
BRDA:16,2,0,0
BRDA:27,3,0,0
BRDA:27,3,1,0
BRDA:36,4,0,0
BRDA:36,4,1,0
BRDA:46,5,0,0
BRDA:46,5,1,0
BRDA:61,6,0,0
BRDA:61,6,1,0
BRDA:82,7,0,0
BRDA:82,7,1,0
BRDA:103,8,0,0
BRDA:103,8,1,0
BRDA:119,9,0,0
BRDA:119,9,1,0
BRDA:137,10,0,0
BRDA:137,10,1,0
BRDA:166,11,0,0
BRDA:166,11,1,0
BRDA:179,12,0,0
BRDA:179,12,1,0
BRDA:189,13,0,0
BRDA:189,13,1,0
BRDA:194,14,0,0
BRDA:194,14,1,0
BRF:28
BRH:0
end_of_record
TN:
SF:scripts/upgradeDatabase.js
FN:3,upgradeDatabase
FN:101,(anonymous_1)
FN:105,(anonymous_2)
FNF:3
FNH:0
FNDA:0,upgradeDatabase
FNDA:0,(anonymous_1)
FNDA:0,(anonymous_2)
DA:1,0
DA:4,0
DA:5,0
DA:8,0
DA:16,0
DA:17,0
DA:18,0
DA:19,0
DA:21,0
DA:22,0
DA:24,0
DA:28,0
DA:31,0
DA:45,0
DA:46,0
DA:49,0
DA:64,0
DA:65,0
DA:68,0
DA:74,0
DA:75,0
DA:78,0
DA:87,0
DA:88,0
DA:90,0
DA:93,0
DA:94,0
DA:99,0
DA:100,0
DA:102,0
DA:103,0
DA:106,0
DA:107,0
DA:111,0
LF:34
LH:0
BRDA:21,0,0,0
BRDA:21,0,1,0
BRDA:99,1,0,0
BRDA:99,1,1,0
BRF:4
BRH:0
end_of_record
